#
# A fatal error has been detected by the Java Runtime Environment:
#
#  EXCEPTION_ACCESS_VIOLATION (0xc0000005) at pc=0x00007ffefce9faad, pid=12788, tid=13324
#
# JRE version: Java(TM) SE Runtime Environment (19.0.1+10) (build 19.0.1+10-21)
# Java VM: Java HotSpot(TM) 64-Bit Server VM (19.0.1+10-21, mixed mode, sharing, tiered, compressed oops, compressed class ptrs, g1 gc, windows-amd64)
# Problematic frame:
# C  [ntdll.dll+0x2faad]
#
# No core dump will be written. Minidumps are not enabled by default on client versions of Windows
#
# If you would like to submit a bug report, please visit:
#   https://bugreport.java.com/bugreport/crash.jsp
#

---------------  S U M M A R Y ------------

Command Line: -Djava.library.path=D:\OpenCV\opencv\build\java\x64 -javaagent:C:\Program Files\JetBrains\IntelliJ IDEA 2022.3.1\lib\idea_rt.jar=55440:C:\Program Files\JetBrains\IntelliJ IDEA 2022.3.1\bin -Dfile.encoding=UTF-8 -Dsun.stdout.encoding=UTF-8 -Dsun.stderr.encoding=UTF-8 org.example.AddNewUser

Host: Intel(R) Core(TM) i7-4600U CPU @ 2.10GHz, 4 cores, 7G,  Windows 10 , 64 bit Build 19041 (10.0.19041.2364)
Time: Tue Jan 31 23:14:10 2023 India Standard Time elapsed time: 1962.915792 seconds (0d 0h 32m 42s)

---------------  T H R E A D  ---------------

Current thread (0x0000014c62634050):  VMThread "VM Thread" [stack: 0x000000234f500000,0x000000234f600000] [id=13324]

Stack: [0x000000234f500000,0x000000234f600000],  sp=0x000000234f5fed30,  free space=1019k
Native frames: (J=compiled Java code, j=interpreted, Vv=VM code, C=native code)
C  [ntdll.dll+0x2faad]
C  [igdrcl64.dll+0x904e9]


siginfo: EXCEPTION_ACCESS_VIOLATION (0xc0000005), writing address 0x0000000000000018


Registers:
RAX=0x000000234eb1b000, RBX=0x000000234f5fedb8, RCX=0x0000000000000010, RDX=0x0000000000000010
RSP=0x000000234f5fed30, RBP=0x000000234f5ff2e0, RSI=0x00000000ffffffff, RDI=0x0000014c6802f7d0
R8 =0x000000000000003a, R9 =0x000000000000003a, R10=0x0000000000000038, R11=0x000000234f5fedd0
R12=0x0000014c67ea2100, R13=0x0000000000000040, R14=0x0000014c67ea2838, R15=0x000000234f5fef90
RIP=0x00007ffefce9faad, EFLAGS=0x0000000000010206


Register to memory mapping:

RIP=0x00007ffefce9faad ntdll.dll
RAX=0x000000234eb1b000 points into unknown readable memory: 0x0000000000000000 | 00 00 00 00 00 00 00 00
RBX=0x000000234f5fedb8 points into unknown readable memory: 0x0000000000000010 | 10 00 00 00 00 00 00 00
RCX=0x0000000000000010 is an unknown value
RDX=0x0000000000000010 is an unknown value
RSP=0x000000234f5fed30 points into unknown readable memory: 0x0000000000000000 | 00 00 00 00 00 00 00 00
RBP=0x000000234f5ff2e0 points into unknown readable memory: 0x000000234f5ff429 | 29 f4 5f 4f 23 00 00 00
RSI=0x00000000ffffffff points into unknown readable memory: 00
RDI=0x0000014c6802f7d0 points into unknown readable memory: 0x00007ffe889b4e00 | 00 4e 9b 88 fe 7f 00 00
R8 =0x000000000000003a is an unknown value
R9 =0x000000000000003a is an unknown value
R10=0x0000000000000038 is an unknown value
R11=0x000000234f5fedd0 points into unknown readable memory: 0x0000014c6fa24f20 | 20 4f a2 6f 4c 01 00 00
R12=0x0000014c67ea2100 points into unknown readable memory: 0xfff4076bce6f4e50 | 50 4e 6f ce 6b 07 f4 ff
R13=0x0000000000000040 is an unknown value
R14=0x0000014c67ea2838 points into unknown readable memory: 0x00005148698f4e53 | 53 4e 8f 69 48 51 00 00
R15=0x000000234f5fef90 points into unknown readable memory: 0x000000234f5fefb0 | b0 ef 5f 4f 23 00 00 00


Top of Stack: (sp=0x000000234f5fed30)
0x000000234f5fed30:   0000000000000000 0000000000000000
0x000000234f5fed40:   0000000000000000 0000000000000000
0x000000234f5fed50:   0000000000000000 00007ffe885a04e9
0x000000234f5fed60:   0000000000000000 0000000000000000
0x000000234f5fed70:   0000000000000000 0000000000000000
0x000000234f5fed80:   0000000000000000 00007ffe88588868
0x000000234f5fed90:   0000000000000000 0000000000000000
0x000000234f5feda0:   0000000000000000 0000000000000000
0x000000234f5fedb0:   fffffffffffffffe 0000000000000010
0x000000234f5fedc0:   0000516b26d0a201 0000000000000000
0x000000234f5fedd0:   0000014c6fa24f20 00007ffe88582455
0x000000234f5fede0:   0000000000000000 0000014c6802f7d0
0x000000234f5fedf0:   0000014c6748ec70 0000000000000005
0x000000234f5fee00:   0000014c6748ec70 00007ffe89ff00be
0x000000234f5fee10:   0000014c6fa247a0 0000000000000000
0x000000234f5fee20:   0000014c424b0000 0000000000000000 

Instructions: (pc=0x00007ffefce9faad)
0x00007ffefce9f9ad:   48 b8 7f 7f 7f 7f 7f 7f 7f 7f 41 8b c8 48 0b cb
0x00007ffefce9f9bd:   48 23 c8 83 e6 1f 49 89 8c f4 40 a5 16 00 48 81
0x00007ffefce9f9cd:   c4 98 00 00 00 41 5f 41 5e 41 5d 41 5c 5f 5e 5b
0x00007ffefce9f9dd:   5d c3 cc 33 d2 41 8b c6 41 f7 f0 44 8b c8 e9 d6
0x00007ffefce9f9ed:   fc ff ff 41 8d 57 ff 41 85 d7 0f 84 93 38 08 00
0x00007ffefce9f9fd:   41 b8 00 10 00 00 41 b9 ff ff 00 00 e9 bc 38 08
0x00007ffefce9fa0d:   00 cc cc cc cc cc cc 48 8b c4 48 89 58 08 48 89
0x00007ffefce9fa1d:   68 10 48 89 70 18 48 89 78 20 41 56 48 83 ec 20
0x00007ffefce9fa2d:   40 8a ea 4c 8d 35 99 d1 13 00 48 8b f1 33 db 48
0x00007ffefce9fa3d:   8d 0d 9d d1 13 00 e8 58 00 00 00 4c 8b 05 81 d1
0x00007ffefce9fa4d:   13 00 4d 3b c6 0f 85 88 3b 08 00 48 85 db 75 33
0x00007ffefce9fa5d:   48 8d 0d 7c d1 13 00 e8 c7 f7 ff ff 48 85 db 0f
0x00007ffefce9fa6d:   85 a3 3b 08 00 33 c0 48 8b 5c 24 30 48 8b 6c 24
0x00007ffefce9fa7d:   38 48 8b 74 24 40 48 8b 7c 24 48 48 83 c4 20 41
0x00007ffefce9fa8d:   5e c3 cc f0 ff 43 3c eb c7 cc cc cc cc cc cc cc
0x00007ffefce9fa9d:   cc cc cc 48 83 ec 28 65 48 8b 04 25 30 00 00 00
0x00007ffefce9faad:   f0 0f ba 71 08 00 48 8b 40 48 73 13 48 89 41 10
0x00007ffefce9fabd:   33 c0 c7 41 0c 01 00 00 00 48 83 c4 28 c3 cc 48
0x00007ffefce9facd:   39 41 10 75 0b ff 41 0c 33 c0 48 83 c4 28 c3 cc
0x00007ffefce9fadd:   e8 0e 00 00 00 eb e2 cc cc cc cc cc cc cc cc cc
0x00007ffefce9faed:   cc cc cc 48 89 5c 24 18 55 56 57 41 54 41 55 41
0x00007ffefce9fafd:   56 41 57 48 83 ec 20 8b 41 20 48 8b f1 48 0f ba
0x00007ffefce9fb0d:   e0 1a 0f 82 df 01 00 00 33 ff 40 32 ed 66 83 3c
0x00007ffefce9fb1d:   25 6a 03 fe 7f 01 76 19 48 8b 7e 20 48 8b c7 81
0x00007ffefce9fb2d:   e7 ff ff ff 00 25 00 00 00 02 48 85 c0 40 0f 95
0x00007ffefce9fb3d:   c5 45 32 ff b0 01 45 32 e4 41 bd 01 00 00 00 45
0x00007ffefce9fb4d:   33 c0 ba 6a 03 fe 7f 84 c0 0f 84 14 01 00 00 8b
0x00007ffefce9fb5d:   46 08 4c 8d 4e 08 45 84 e4 41 be 03 00 00 00 45
0x00007ffefce9fb6d:   0f 44 f5 41 84 c5 0f 85 e2 00 00 00 8d 0c bf 03
0x00007ffefce9fb7d:   c9 66 44 39 2a 0f 86 e8 00 00 00 4d 85 c9 74 0e
0x00007ffefce9fb8d:   80 3c 25 97 02 fe 7f 00 0f 85 a9 3a 08 00 0f b7
0x00007ffefce9fb9d:   1c 25 d6 02 fe 7f 83 fb 0c 0f 85 a2 00 00 00 b8 


Stack slot to memory mapping:
stack at sp + 0 slots: 0x0 is NULL
stack at sp + 1 slots: 0x0 is NULL
stack at sp + 2 slots: 0x0 is NULL
stack at sp + 3 slots: 0x0 is NULL
stack at sp + 4 slots: 0x0 is NULL
stack at sp + 5 slots: 0x00007ffe885a04e9 igdrcl64.dll
stack at sp + 6 slots: 0x0 is NULL
stack at sp + 7 slots: 0x0 is NULL

VM_Operation (0x000000234edff480): Exit, mode: safepoint, requested by thread 0x0000014c67639d80


---------------  P R O C E S S  ---------------

Threads class SMR info:
_java_thread_list=0x0000014c703575c0, length=21, elements={
0x0000014c62651730, 0x0000014c626524c0, 0x0000014c62658680, 0x0000014c62659750,
0x0000014c6265bcb0, 0x0000014c626619a0, 0x0000014c62664c60, 0x0000014c62670e90,
0x0000014c62624b60, 0x0000014c670a3780, 0x0000014c670a3cc0, 0x0000014c67bfc940,
0x0000014c67d06fc0, 0x0000014c67d68da0, 0x0000014c67e40030, 0x0000014c67e3db00,
0x0000014c67e3f590, 0x0000014c67e3d060, 0x0000014c67e3e5a0, 0x0000014c67e3d5b0,
0x0000014c67639d80
}

Java Threads: ( => current thread )
  0x0000014c62651730 JavaThread "Reference Handler" daemon [_thread_blocked, id=9468, stack(0x000000234f600000,0x000000234f700000)]
  0x0000014c626524c0 JavaThread "Finalizer" daemon [_thread_blocked, id=13972, stack(0x000000234f700000,0x000000234f800000)]
  0x0000014c62658680 JavaThread "Attach Listener" daemon [_thread_blocked, id=1256, stack(0x000000234f900000,0x000000234fa00000)]
  0x0000014c62659750 JavaThread "Service Thread" daemon [_thread_blocked, id=10328, stack(0x000000234fa00000,0x000000234fb00000)]
  0x0000014c6265bcb0 JavaThread "Monitor Deflation Thread" daemon [_thread_blocked, id=10160, stack(0x000000234fb00000,0x000000234fc00000)]
  0x0000014c626619a0 JavaThread "C2 CompilerThread0" daemon [_thread_blocked, id=1532, stack(0x000000234fc00000,0x000000234fd00000)]
  0x0000014c62664c60 JavaThread "C1 CompilerThread0" daemon [_thread_blocked, id=6364, stack(0x000000234fd00000,0x000000234fe00000)]
  0x0000014c62670e90 JavaThread "Sweeper thread" daemon [_thread_blocked, id=12276, stack(0x000000234fe00000,0x000000234ff00000)]
  0x0000014c62624b60 JavaThread "Common-Cleaner" daemon [_thread_blocked, id=10888, stack(0x000000234ff00000,0x0000002350000000)]
  0x0000014c670a3780 JavaThread "Monitor Ctrl-Break" daemon [_thread_in_native, id=12072, stack(0x0000002350000000,0x0000002350100000)]
  0x0000014c670a3cc0 JavaThread "Notification Thread" daemon [_thread_blocked, id=5960, stack(0x0000002350100000,0x0000002350200000)]
  0x0000014c67bfc940 JavaThread "Gax-1" daemon [_thread_blocked, id=13084, stack(0x0000002350300000,0x0000002350400000)]
  0x0000014c67d06fc0 JavaThread "Java2D Disposer" daemon [_thread_blocked, id=7692, stack(0x0000002350700000,0x0000002350800000)]
  0x0000014c67d68da0 JavaThread "AWT-Shutdown" [_thread_blocked, id=14168, stack(0x0000002350800000,0x0000002350900000)]
  0x0000014c67e40030 JavaThread "AWT-EventQueue-0" [_thread_blocked, id=2328, stack(0x0000002350a00000,0x0000002350b00000)]
  0x0000014c67e3db00 JavaThread "DestroyJavaVM" [_thread_blocked, id=1600, stack(0x000000234ef00000,0x000000234f000000)]
  0x0000014c67e3f590 JavaThread "TimerQueue" daemon [_thread_blocked, id=12368, stack(0x0000002350e00000,0x0000002350f00000)]
  0x0000014c67e3d060 JavaThread "Gax-2" daemon [_thread_blocked, id=11696, stack(0x0000002350f00000,0x0000002351000000)]
  0x0000014c67e3e5a0 JavaThread "Gax-3" daemon [_thread_blocked, id=10396, stack(0x0000002351000000,0x0000002351100000)]
  0x0000014c67e3d5b0 JavaThread "Gax-4" daemon [_thread_blocked, id=11228, stack(0x0000002351100000,0x0000002351200000)]
  0x0000014c67639d80 JavaThread "SIGINT handler" daemon [_thread_blocked, id=11788, stack(0x000000234ed00000,0x000000234ee00000)]

Other Threads:
=>0x0000014c62634050 VMThread "VM Thread" [stack: 0x000000234f500000,0x000000234f600000] [id=13324]
  0x0000014c4470a4d0 WorkerThread "GC Thread#0" [stack: 0x000000234f000000,0x000000234f100000] [id=13820]
  0x0000014c675252b0 WorkerThread "GC Thread#1" [stack: 0x0000002350400000,0x0000002350500000] [id=13140]
  0x0000014c67663d10 WorkerThread "GC Thread#2" [stack: 0x0000002350500000,0x0000002350600000] [id=10764]
  0x0000014c674c3f10 WorkerThread "GC Thread#3" [stack: 0x0000002350600000,0x0000002350700000] [id=10596]
  0x0000014c4471b390 ConcurrentGCThread "G1 Main Marker" terminated
  0x0000014c4471c560 WorkerThread "G1 Conc#0" [stack: 0x000000234f200000,0x000000234f300000] [id=13108]
  0x0000014c624f2550 ConcurrentGCThread "G1 Refine#0" terminated
  0x0000014c624f2d40 ConcurrentGCThread "G1 Service" terminated

Threads with active compile tasks:

VM state: at safepoint (shutting down)

VM Mutex/Monitor currently owned by a thread:  ([mutex/lock_event])
[0x0000014c446a6480] Threads_lock - owner thread: 0x0000014c62634050
[0x0000014c446a6870] Heap_lock - owner thread: 0x0000014c67639d80

Heap address: 0x0000000081200000, size: 2030 MB, Compressed Oops mode: 32-bit

CDS archive(s) mapped at: [0x0000000800000000-0x0000000800c40000-0x0000000800c40000), size 12845056, SharedBaseAddress: 0x0000000800000000, ArchiveRelocationMode: 0.
Compressed class space mapped at: 0x0000000801000000-0x0000000841000000, reserved size: 1073741824
Narrow klass base: 0x0000000800000000, Narrow klass shift: 0, Narrow klass range: 0x100000000

GC Precious Log:
 CardTable entry size: 512
 Card Set container configuration: InlinePtr #cards 5 size 8 Array Of Cards #cards 12 size 40 Howl #buckets 4 coarsen threshold 1843 Howl Bitmap #cards 512 size 80 coarsen threshold 460 Card regions per heap region 1 cards per card region 2048
 CPUs: 4 total, 4 available
 Memory: 8113M
 Large Page Support: Disabled
 NUMA Support: Disabled
 Compressed Oops: Enabled (32-bit)
 Heap Region Size: 1M
 Heap Min Capacity: 8M
 Heap Initial Capacity: 128M
 Heap Max Capacity: 2030M
 Pre-touch: Disabled
 Parallel Workers: 4
 Concurrent Workers: 1
 Concurrent Refinement Workers: 4
 Periodic GC: Disabled

Heap:
 garbage-first heap   total 128000K, used 40848K [0x0000000081200000, 0x0000000100000000)
  region size 1024K, 13 young (13312K), 1 survivors (1024K)
 Metaspace       used 25917K, committed 26176K, reserved 1114112K
  class space    used 2816K, committed 2944K, reserved 1048576K

Heap Regions: E=young(eden), S=young(survivor), O=old, HS=humongous(starts), HC=humongous(continues), CS=collection set, F=free, OA=open archive, CA=closed archive, TAMS=top-at-mark-start (previous, next)
|   0|0x0000000081200000, 0x0000000081300000, 0x0000000081300000|100%|HS|  |TAMS 0x0000000081300000, 0x0000000081300000| Complete 
|   1|0x0000000081300000, 0x0000000081400000, 0x0000000081400000|100%| O|  |TAMS 0x0000000081400000, 0x0000000081400000| Untracked 
|   2|0x0000000081400000, 0x0000000081500000, 0x0000000081500000|100%| O|  |TAMS 0x0000000081500000, 0x0000000081500000| Untracked 
|   3|0x0000000081500000, 0x0000000081600000, 0x0000000081600000|100%| O|  |TAMS 0x0000000081600000, 0x0000000081600000| Untracked 
|   4|0x0000000081600000, 0x0000000081700000, 0x0000000081700000|100%| O|  |TAMS 0x0000000081700000, 0x0000000081700000| Untracked 
|   5|0x0000000081700000, 0x0000000081800000, 0x0000000081800000|100%|HS|  |TAMS 0x0000000081700000, 0x0000000081700000| Complete 
|   6|0x0000000081800000, 0x0000000081900000, 0x0000000081900000|100%|HC|  |TAMS 0x0000000081800000, 0x0000000081800000| Complete 
|   7|0x0000000081900000, 0x000000008198a400, 0x0000000081a00000| 54%| O|  |TAMS 0x0000000081900000, 0x0000000081989a00| Untracked 
|   8|0x0000000081a00000, 0x0000000081a00000, 0x0000000081b00000|  0%| F|  |TAMS 0x0000000081a00000, 0x0000000081a00000| Untracked 
|   9|0x0000000081b00000, 0x0000000081c00000, 0x0000000081c00000|100%|HS|  |TAMS 0x0000000081c00000, 0x0000000081c00000| Complete 
|  10|0x0000000081c00000, 0x0000000081d00000, 0x0000000081d00000|100%|HC|  |TAMS 0x0000000081d00000, 0x0000000081d00000| Complete 
|  11|0x0000000081d00000, 0x0000000081e00000, 0x0000000081e00000|100%|HS|  |TAMS 0x0000000081d00000, 0x0000000081d00000| Complete 
|  12|0x0000000081e00000, 0x0000000081f00000, 0x0000000081f00000|100%|HC|  |TAMS 0x0000000081e00000, 0x0000000081e00000| Complete 
|  13|0x0000000081f00000, 0x0000000082000000, 0x0000000082000000|100%|HS|  |TAMS 0x0000000081f00000, 0x0000000081f00000| Complete 
|  14|0x0000000082000000, 0x0000000082100000, 0x0000000082100000|100%|HC|  |TAMS 0x0000000082000000, 0x0000000082000000| Complete 
|  15|0x0000000082100000, 0x0000000082200000, 0x0000000082200000|100%|HS|  |TAMS 0x0000000082100000, 0x0000000082100000| Complete 
|  16|0x0000000082200000, 0x0000000082300000, 0x0000000082300000|100%|HC|  |TAMS 0x0000000082200000, 0x0000000082200000| Complete 
|  17|0x0000000082300000, 0x0000000082400000, 0x0000000082400000|100%|HS|  |TAMS 0x0000000082300000, 0x0000000082300000| Complete 
|  18|0x0000000082400000, 0x0000000082500000, 0x0000000082500000|100%|HC|  |TAMS 0x0000000082400000, 0x0000000082400000| Complete 
|  19|0x0000000082500000, 0x0000000082600000, 0x0000000082600000|100%|HS|  |TAMS 0x0000000082500000, 0x0000000082500000| Complete 
|  20|0x0000000082600000, 0x0000000082700000, 0x0000000082700000|100%|HC|  |TAMS 0x0000000082600000, 0x0000000082600000| Complete 
|  21|0x0000000082700000, 0x0000000082800000, 0x0000000082800000|100%|HS|  |TAMS 0x0000000082700000, 0x0000000082700000| Complete 
|  22|0x0000000082800000, 0x0000000082900000, 0x0000000082900000|100%|HC|  |TAMS 0x0000000082800000, 0x0000000082800000| Complete 
|  23|0x0000000082900000, 0x0000000082900000, 0x0000000082a00000|  0%| F|  |TAMS 0x0000000082900000, 0x0000000082900000| Untracked 
|  24|0x0000000082a00000, 0x0000000082a00000, 0x0000000082b00000|  0%| F|  |TAMS 0x0000000082a00000, 0x0000000082a00000| Untracked 
|  25|0x0000000082b00000, 0x0000000082b00000, 0x0000000082c00000|  0%| F|  |TAMS 0x0000000082b00000, 0x0000000082b00000| Untracked 
|  26|0x0000000082c00000, 0x0000000082c00000, 0x0000000082d00000|  0%| F|  |TAMS 0x0000000082c00000, 0x0000000082c00000| Untracked 
|  27|0x0000000082d00000, 0x0000000082d00000, 0x0000000082e00000|  0%| F|  |TAMS 0x0000000082d00000, 0x0000000082d00000| Untracked 
|  28|0x0000000082e00000, 0x0000000082f00000, 0x0000000082f00000|100%| O|  |TAMS 0x0000000082eb1800, 0x0000000082f00000| Untracked 
|  29|0x0000000082f00000, 0x0000000082f00000, 0x0000000083000000|  0%| F|  |TAMS 0x0000000082f00000, 0x0000000082f00000| Untracked 
|  30|0x0000000083000000, 0x0000000083000000, 0x0000000083100000|  0%| F|  |TAMS 0x0000000083000000, 0x0000000083000000| Untracked 
|  31|0x0000000083100000, 0x0000000083100000, 0x0000000083200000|  0%| F|  |TAMS 0x0000000083100000, 0x0000000083100000| Untracked 
|  32|0x0000000083200000, 0x0000000083200000, 0x0000000083300000|  0%| F|  |TAMS 0x0000000083200000, 0x0000000083200000| Untracked 
|  33|0x0000000083300000, 0x0000000083300000, 0x0000000083400000|  0%| F|  |TAMS 0x0000000083300000, 0x0000000083300000| Untracked 
|  34|0x0000000083400000, 0x0000000083400000, 0x0000000083500000|  0%| F|  |TAMS 0x0000000083400000, 0x0000000083400000| Untracked 
|  35|0x0000000083500000, 0x0000000083500000, 0x0000000083600000|  0%| F|  |TAMS 0x0000000083500000, 0x0000000083500000| Untracked 
|  36|0x0000000083600000, 0x0000000083600000, 0x0000000083700000|  0%| F|  |TAMS 0x0000000083600000, 0x0000000083600000| Untracked 
|  37|0x0000000083700000, 0x0000000083700000, 0x0000000083800000|  0%| F|  |TAMS 0x0000000083700000, 0x0000000083700000| Untracked 
|  38|0x0000000083800000, 0x0000000083800000, 0x0000000083900000|  0%| F|  |TAMS 0x0000000083800000, 0x0000000083800000| Untracked 
|  39|0x0000000083900000, 0x0000000083900000, 0x0000000083a00000|  0%| F|  |TAMS 0x0000000083900000, 0x0000000083900000| Untracked 
|  40|0x0000000083a00000, 0x0000000083a00000, 0x0000000083b00000|  0%| F|  |TAMS 0x0000000083a00000, 0x0000000083a00000| Untracked 
|  41|0x0000000083b00000, 0x0000000083b00000, 0x0000000083c00000|  0%| F|  |TAMS 0x0000000083b00000, 0x0000000083b00000| Untracked 
|  42|0x0000000083c00000, 0x0000000083c00000, 0x0000000083d00000|  0%| F|  |TAMS 0x0000000083c00000, 0x0000000083c00000| Untracked 
|  43|0x0000000083d00000, 0x0000000083d00000, 0x0000000083e00000|  0%| F|  |TAMS 0x0000000083d00000, 0x0000000083d00000| Untracked 
|  44|0x0000000083e00000, 0x0000000083e00000, 0x0000000083f00000|  0%| F|  |TAMS 0x0000000083e00000, 0x0000000083e00000| Untracked 
|  45|0x0000000083f00000, 0x0000000083f00000, 0x0000000084000000|  0%| F|  |TAMS 0x0000000083f00000, 0x0000000083f00000| Untracked 
|  46|0x0000000084000000, 0x0000000084000000, 0x0000000084100000|  0%| F|  |TAMS 0x0000000084000000, 0x0000000084000000| Untracked 
|  47|0x0000000084100000, 0x0000000084100000, 0x0000000084200000|  0%| F|  |TAMS 0x0000000084100000, 0x0000000084100000| Untracked 
|  48|0x0000000084200000, 0x0000000084200000, 0x0000000084300000|  0%| F|  |TAMS 0x0000000084200000, 0x0000000084200000| Untracked 
|  49|0x0000000084300000, 0x0000000084300000, 0x0000000084400000|  0%| F|  |TAMS 0x0000000084300000, 0x0000000084300000| Untracked 
|  50|0x0000000084400000, 0x0000000084400000, 0x0000000084500000|  0%| F|  |TAMS 0x0000000084400000, 0x0000000084400000| Untracked 
|  51|0x0000000084500000, 0x0000000084600000, 0x0000000084600000|100%|HS|  |TAMS 0x0000000084500000, 0x0000000084600000| Complete 
|  52|0x0000000084600000, 0x0000000084700000, 0x0000000084700000|100%|HC|  |TAMS 0x0000000084600000, 0x0000000084700000| Complete 
|  53|0x0000000084700000, 0x0000000084700000, 0x0000000084800000|  0%| F|  |TAMS 0x0000000084700000, 0x0000000084700000| Untracked 
|  54|0x0000000084800000, 0x0000000084800000, 0x0000000084900000|  0%| F|  |TAMS 0x0000000084800000, 0x0000000084800000| Untracked 
|  55|0x0000000084900000, 0x0000000084900000, 0x0000000084a00000|  0%| F|  |TAMS 0x0000000084900000, 0x0000000084900000| Untracked 
|  56|0x0000000084a00000, 0x0000000084a00000, 0x0000000084b00000|  0%| F|  |TAMS 0x0000000084a00000, 0x0000000084a00000| Untracked 
|  57|0x0000000084b00000, 0x0000000084b00000, 0x0000000084c00000|  0%| F|  |TAMS 0x0000000084b00000, 0x0000000084b00000| Untracked 
|  58|0x0000000084c00000, 0x0000000084c00000, 0x0000000084d00000|  0%| F|  |TAMS 0x0000000084c00000, 0x0000000084c00000| Untracked 
|  59|0x0000000084d00000, 0x0000000084d00000, 0x0000000084e00000|  0%| F|  |TAMS 0x0000000084d00000, 0x0000000084d00000| Untracked 
|  60|0x0000000084e00000, 0x0000000084e00000, 0x0000000084f00000|  0%| F|  |TAMS 0x0000000084e00000, 0x0000000084e00000| Untracked 
|  61|0x0000000084f00000, 0x0000000084f00000, 0x0000000085000000|  0%| F|  |TAMS 0x0000000084f00000, 0x0000000084f00000| Untracked 
|  62|0x0000000085000000, 0x0000000085000000, 0x0000000085100000|  0%| F|  |TAMS 0x0000000085000000, 0x0000000085000000| Untracked 
|  63|0x0000000085100000, 0x0000000085100000, 0x0000000085200000|  0%| F|  |TAMS 0x0000000085100000, 0x0000000085100000| Untracked 
|  64|0x0000000085200000, 0x0000000085200000, 0x0000000085300000|  0%| F|  |TAMS 0x0000000085200000, 0x0000000085200000| Untracked 
|  65|0x0000000085300000, 0x0000000085300000, 0x0000000085400000|  0%| F|  |TAMS 0x0000000085300000, 0x0000000085300000| Untracked 
|  66|0x0000000085400000, 0x0000000085400000, 0x0000000085500000|  0%| F|  |TAMS 0x0000000085400000, 0x0000000085400000| Untracked 
|  67|0x0000000085500000, 0x0000000085500000, 0x0000000085600000|  0%| F|  |TAMS 0x0000000085500000, 0x0000000085500000| Untracked 
|  68|0x0000000085600000, 0x0000000085600000, 0x0000000085700000|  0%| F|  |TAMS 0x0000000085600000, 0x0000000085600000| Untracked 
|  69|0x0000000085700000, 0x0000000085700000, 0x0000000085800000|  0%| F|  |TAMS 0x0000000085700000, 0x0000000085700000| Untracked 
|  70|0x0000000085800000, 0x0000000085800000, 0x0000000085900000|  0%| F|  |TAMS 0x0000000085800000, 0x0000000085800000| Untracked 
|  71|0x0000000085900000, 0x0000000085900000, 0x0000000085a00000|  0%| F|  |TAMS 0x0000000085900000, 0x0000000085900000| Untracked 
|  72|0x0000000085a00000, 0x0000000085a00000, 0x0000000085b00000|  0%| F|  |TAMS 0x0000000085a00000, 0x0000000085a00000| Untracked 
|  73|0x0000000085b00000, 0x0000000085b00000, 0x0000000085c00000|  0%| F|  |TAMS 0x0000000085b00000, 0x0000000085b00000| Untracked 
|  74|0x0000000085c00000, 0x0000000085c00000, 0x0000000085d00000|  0%| F|  |TAMS 0x0000000085c00000, 0x0000000085c00000| Untracked 
|  75|0x0000000085d00000, 0x0000000085d00000, 0x0000000085e00000|  0%| F|  |TAMS 0x0000000085d00000, 0x0000000085d00000| Untracked 
|  76|0x0000000085e00000, 0x0000000085e00000, 0x0000000085f00000|  0%| F|  |TAMS 0x0000000085e00000, 0x0000000085e00000| Untracked 
|  77|0x0000000085f00000, 0x0000000085f00000, 0x0000000086000000|  0%| F|  |TAMS 0x0000000085f00000, 0x0000000085f00000| Untracked 
|  78|0x0000000086000000, 0x0000000086000000, 0x0000000086100000|  0%| F|  |TAMS 0x0000000086000000, 0x0000000086000000| Untracked 
|  79|0x0000000086100000, 0x0000000086100000, 0x0000000086200000|  0%| F|  |TAMS 0x0000000086100000, 0x0000000086100000| Untracked 
|  80|0x0000000086200000, 0x0000000086200000, 0x0000000086300000|  0%| F|  |TAMS 0x0000000086200000, 0x0000000086200000| Untracked 
|  81|0x0000000086300000, 0x0000000086300000, 0x0000000086400000|  0%| F|  |TAMS 0x0000000086300000, 0x0000000086300000| Untracked 
|  82|0x0000000086400000, 0x0000000086400000, 0x0000000086500000|  0%| F|  |TAMS 0x0000000086400000, 0x0000000086400000| Untracked 
|  83|0x0000000086500000, 0x0000000086500000, 0x0000000086600000|  0%| F|  |TAMS 0x0000000086500000, 0x0000000086500000| Untracked 
|  84|0x0000000086600000, 0x0000000086600000, 0x0000000086700000|  0%| F|  |TAMS 0x0000000086600000, 0x0000000086600000| Untracked 
|  85|0x0000000086700000, 0x0000000086700000, 0x0000000086800000|  0%| F|  |TAMS 0x0000000086700000, 0x0000000086700000| Untracked 
|  86|0x0000000086800000, 0x0000000086800000, 0x0000000086900000|  0%| F|  |TAMS 0x0000000086800000, 0x0000000086800000| Untracked 
|  87|0x0000000086900000, 0x0000000086900000, 0x0000000086a00000|  0%| F|  |TAMS 0x0000000086900000, 0x0000000086900000| Untracked 
|  88|0x0000000086a00000, 0x0000000086a00000, 0x0000000086b00000|  0%| F|  |TAMS 0x0000000086a00000, 0x0000000086a00000| Untracked 
|  89|0x0000000086b00000, 0x0000000086b00000, 0x0000000086c00000|  0%| F|  |TAMS 0x0000000086b00000, 0x0000000086b00000| Untracked 
|  90|0x0000000086c00000, 0x0000000086c00000, 0x0000000086d00000|  0%| F|  |TAMS 0x0000000086c00000, 0x0000000086c00000| Untracked 
|  91|0x0000000086d00000, 0x0000000086d00000, 0x0000000086e00000|  0%| F|  |TAMS 0x0000000086d00000, 0x0000000086d00000| Untracked 
|  92|0x0000000086e00000, 0x0000000086e59e38, 0x0000000086f00000| 35%| S|CS|TAMS 0x0000000086e00000, 0x0000000086e00000| Complete 
|  93|0x0000000086f00000, 0x0000000086f00000, 0x0000000087000000|  0%| F|  |TAMS 0x0000000086f00000, 0x0000000086f00000| Untracked 
|  94|0x0000000087000000, 0x0000000087000000, 0x0000000087100000|  0%| F|  |TAMS 0x0000000087000000, 0x0000000087000000| Untracked 
|  95|0x0000000087100000, 0x0000000087100000, 0x0000000087200000|  0%| F|  |TAMS 0x0000000087100000, 0x0000000087100000| Untracked 
|  96|0x0000000087200000, 0x0000000087200000, 0x0000000087300000|  0%| F|  |TAMS 0x0000000087200000, 0x0000000087200000| Untracked 
|  97|0x0000000087300000, 0x0000000087300000, 0x0000000087400000|  0%| F|  |TAMS 0x0000000087300000, 0x0000000087300000| Untracked 
|  98|0x0000000087400000, 0x0000000087400000, 0x0000000087500000|  0%| F|  |TAMS 0x0000000087400000, 0x0000000087400000| Untracked 
|  99|0x0000000087500000, 0x0000000087500000, 0x0000000087600000|  0%| F|  |TAMS 0x0000000087500000, 0x0000000087500000| Untracked 
| 100|0x0000000087600000, 0x0000000087600000, 0x0000000087700000|  0%| F|  |TAMS 0x0000000087600000, 0x0000000087600000| Untracked 
| 101|0x0000000087700000, 0x0000000087700000, 0x0000000087800000|  0%| F|  |TAMS 0x0000000087700000, 0x0000000087700000| Untracked 
| 102|0x0000000087800000, 0x0000000087800000, 0x0000000087900000|  0%| F|  |TAMS 0x0000000087800000, 0x0000000087800000| Untracked 
| 103|0x0000000087900000, 0x0000000087900000, 0x0000000087a00000|  0%| F|  |TAMS 0x0000000087900000, 0x0000000087900000| Untracked 
| 104|0x0000000087a00000, 0x0000000087a00000, 0x0000000087b00000|  0%| F|  |TAMS 0x0000000087a00000, 0x0000000087a00000| Untracked 
| 105|0x0000000087b00000, 0x0000000087b00000, 0x0000000087c00000|  0%| F|  |TAMS 0x0000000087b00000, 0x0000000087b00000| Untracked 
| 106|0x0000000087c00000, 0x0000000087c00000, 0x0000000087d00000|  0%| F|  |TAMS 0x0000000087c00000, 0x0000000087c00000| Untracked 
| 107|0x0000000087d00000, 0x0000000087d00000, 0x0000000087e00000|  0%| F|  |TAMS 0x0000000087d00000, 0x0000000087d00000| Untracked 
| 108|0x0000000087e00000, 0x0000000087e00000, 0x0000000087f00000|  0%| F|  |TAMS 0x0000000087e00000, 0x0000000087e00000| Untracked 
| 109|0x0000000087f00000, 0x0000000088000000, 0x0000000088000000|100%| E|  |TAMS 0x0000000087f00000, 0x0000000087f00000| Complete 
| 110|0x0000000088000000, 0x0000000088100000, 0x0000000088100000|100%| E|CS|TAMS 0x0000000088000000, 0x0000000088000000| Complete 
| 111|0x0000000088100000, 0x0000000088200000, 0x0000000088200000|100%| E|CS|TAMS 0x0000000088100000, 0x0000000088100000| Complete 
| 112|0x0000000088200000, 0x0000000088300000, 0x0000000088300000|100%| E|CS|TAMS 0x0000000088200000, 0x0000000088200000| Complete 
| 113|0x0000000088300000, 0x0000000088400000, 0x0000000088400000|100%| E|CS|TAMS 0x0000000088300000, 0x0000000088300000| Complete 
| 114|0x0000000088400000, 0x0000000088500000, 0x0000000088500000|100%| E|CS|TAMS 0x0000000088400000, 0x0000000088400000| Complete 
| 122|0x0000000088c00000, 0x0000000088d00000, 0x0000000088d00000|100%| E|CS|TAMS 0x0000000088c00000, 0x0000000088c00000| Complete 
| 123|0x0000000088d00000, 0x0000000088e00000, 0x0000000088e00000|100%| E|CS|TAMS 0x0000000088d00000, 0x0000000088d00000| Complete 
| 124|0x0000000088e00000, 0x0000000088f00000, 0x0000000088f00000|100%| E|CS|TAMS 0x0000000088e00000, 0x0000000088e00000| Complete 
| 125|0x0000000088f00000, 0x0000000089000000, 0x0000000089000000|100%| E|CS|TAMS 0x0000000088f00000, 0x0000000088f00000| Complete 
| 126|0x0000000089000000, 0x0000000089100000, 0x0000000089100000|100%| E|CS|TAMS 0x0000000089000000, 0x0000000089000000| Complete 
| 127|0x0000000089100000, 0x0000000089200000, 0x0000000089200000|100%| E|CS|TAMS 0x0000000089100000, 0x0000000089100000| Complete 
|2026|0x00000000ffc00000, 0x00000000ffd00000, 0x00000000ffd00000|100%| O|  |TAMS 0x00000000ffd00000, 0x00000000ffd00000| Untracked 
|2027|0x00000000ffd00000, 0x00000000ffe00000, 0x00000000ffe00000|100%| O|  |TAMS 0x00000000ffe00000, 0x00000000ffe00000| Untracked 
|2028|0x00000000ffe00000, 0x00000000fff00000, 0x00000000fff00000|100%| O|  |TAMS 0x00000000fff00000, 0x00000000fff00000| Untracked 
|2029|0x00000000fff00000, 0x0000000100000000, 0x0000000100000000|100%| O|  |TAMS 0x0000000100000000, 0x0000000100000000| Untracked 

Card table byte_map: [0x0000014c5ba00000,0x0000014c5be00000] _byte_map_base: 0x0000014c5b5f7000

Marking Bits (Prev, Next): (CMBitMap*) 0x0000014c4470ab00, (CMBitMap*) 0x0000014c4470ab40
 Prev Bits: [0x0000014c5c200000, 0x0000014c5e1b8000)
 Next Bits: [0x0000014c5e1c0000, 0x0000014c60178000)

Polling page: 0x0000014c42500000

Metaspace:

Usage:
  Non-class:     22.56 MB used.
      Class:      2.75 MB used.
       Both:     25.31 MB used.

Virtual space:
  Non-class space:       64.00 MB reserved,      22.69 MB ( 35%) committed,  1 nodes.
      Class space:        1.00 GB reserved,       2.88 MB ( <1%) committed,  1 nodes.
             Both:        1.06 GB reserved,      25.56 MB (  2%) committed. 

Chunk freelists:
   Non-Class:  800.00 KB
       Class:  1.09 MB
        Both:  1.87 MB

MaxMetaspaceSize: unlimited
CompressedClassSpaceSize: 1.00 GB
Initial GC threshold: 21.00 MB
Current GC threshold: 42.12 MB
CDS: on
MetaspaceReclaimPolicy: balanced
 - commit_granule_bytes: 65536.
 - commit_granule_words: 8192.
 - virtual_space_node_default_size: 8388608.
 - enlarge_chunks_in_place: 1.
 - new_chunks_are_fully_committed: 0.
 - uncommit_free_chunks: 1.
 - use_allocation_guard: 0.


Internal statistics:

num_allocs_failed_limit: 3.
num_arena_births: 240.
num_arena_deaths: 0.
num_vsnodes_births: 2.
num_vsnodes_deaths: 0.
num_space_committed: 409.
num_space_uncommitted: 0.
num_chunks_returned_to_freelist: 3.
num_chunks_taken_from_freelist: 662.
num_chunk_merges: 0.
num_chunk_splits: 497.
num_chunks_enlarged: 411.
num_inconsistent_stats: 0.

CodeHeap 'non-profiled nmethods': size=120000Kb used=859Kb max_used=859Kb free=119140Kb
 bounds [0x0000014c540d0000, 0x0000014c54340000, 0x0000014c5b600000]
CodeHeap 'profiled nmethods': size=120000Kb used=4832Kb max_used=4832Kb free=115167Kb
 bounds [0x0000014c4c600000, 0x0000014c4cac0000, 0x0000014c53b30000]
CodeHeap 'non-nmethods': size=5760Kb used=1696Kb max_used=1711Kb free=4064Kb
 bounds [0x0000014c53b30000, 0x0000014c53da0000, 0x0000014c540d0000]
 total_blobs=3596 nmethods=2559 adapters=947
 compilation: enabled
              stopped_count=0, restarted_count=0
 full_count=0

Compilation events (20 events):
Event: 1957.954 Thread 0x0000014c62664c60 2550       3       javax.swing.text.View::getDocument (10 bytes)
Event: 1957.954 Thread 0x0000014c62664c60 nmethod 2550 0x0000014c4cab5e10 code [0x0000014c4cab5fc0, 0x0000014c4cab61b8]
Event: 1957.954 Thread 0x0000014c62664c60 2551       3       java.awt.Insets::set (22 bytes)
Event: 1957.955 Thread 0x0000014c62664c60 nmethod 2551 0x0000014c4cab6290 code [0x0000014c4cab6420, 0x0000014c4cab6538]
Event: 1957.955 Thread 0x0000014c62664c60 2552       1       javax.swing.text.DefaultCaret::getMark (5 bytes)
Event: 1957.955 Thread 0x0000014c62664c60 nmethod 2552 0x0000014c541a5c10 code [0x0000014c541a5da0, 0x0000014c541a5e58]
Event: 1957.956 Thread 0x0000014c62664c60 2553       1       sun.util.locale.LanguageTag::getLanguage (5 bytes)
Event: 1957.956 Thread 0x0000014c62664c60 nmethod 2553 0x0000014c541a5f10 code [0x0000014c541a60a0, 0x0000014c541a6158]
Event: 1957.956 Thread 0x0000014c62664c60 2554       1       sun.util.locale.LanguageTag::getScript (5 bytes)
Event: 1957.956 Thread 0x0000014c62664c60 nmethod 2554 0x0000014c541a6210 code [0x0000014c541a63a0, 0x0000014c541a6458]
Event: 1957.956 Thread 0x0000014c62664c60 2555       1       sun.util.locale.LanguageTag::getRegion (5 bytes)
Event: 1957.956 Thread 0x0000014c62664c60 nmethod 2555 0x0000014c541a6510 code [0x0000014c541a66a0, 0x0000014c541a6758]
Event: 1957.956 Thread 0x0000014c62664c60 2556       1       sun.util.locale.LanguageTag::getPrivateuse (5 bytes)
Event: 1957.956 Thread 0x0000014c62664c60 nmethod 2556 0x0000014c541a6810 code [0x0000014c541a69a0, 0x0000014c541a6a58]
Event: 1957.956 Thread 0x0000014c62664c60 2557       3       java.util.AbstractList::listIterator (6 bytes)
Event: 1957.957 Thread 0x0000014c62664c60 nmethod 2557 0x0000014c4cab6610 code [0x0000014c4cab67c0, 0x0000014c4cab6988]
Event: 1957.957 Thread 0x0000014c62664c60 2558       3       javax.swing.plaf.metal.MetalLookAndFeel::getCurrentTheme (88 bytes)
Event: 1957.958 Thread 0x0000014c62664c60 nmethod 2558 0x0000014c4cab6a10 code [0x0000014c4cab6d20, 0x0000014c4cab7db8]
Event: 1962.094 Thread 0x0000014c62664c60 2559       1       java.util.concurrent.CopyOnWriteArrayList::getArray (5 bytes)
Event: 1962.094 Thread 0x0000014c62664c60 nmethod 2559 0x0000014c541a6b10 code [0x0000014c541a6ca0, 0x0000014c541a6d58]

GC Heap History (20 events):
Event: 46.411 GC heap before
{Heap before GC invocations=13 (full 0):
 garbage-first heap   total 128000K, used 83641K [0x0000000081200000, 0x0000000100000000)
  region size 1024K, 27 young (27648K), 1 survivors (1024K)
 Metaspace       used 25516K, committed 25856K, reserved 1114112K
  class space    used 2799K, committed 2944K, reserved 1048576K
}
Event: 46.413 GC heap after
{Heap after GC invocations=14 (full 0):
 garbage-first heap   total 128000K, used 56019K [0x0000000081200000, 0x0000000100000000)
  region size 1024K, 1 young (1024K), 1 survivors (1024K)
 Metaspace       used 25516K, committed 25856K, reserved 1114112K
  class space    used 2799K, committed 2944K, reserved 1048576K
}
Event: 46.447 GC heap before
{Heap before GC invocations=14 (full 0):
 garbage-first heap   total 128000K, used 60115K [0x0000000081200000, 0x0000000100000000)
  region size 1024K, 4 young (4096K), 1 survivors (1024K)
 Metaspace       used 25517K, committed 25856K, reserved 1114112K
  class space    used 2799K, committed 2944K, reserved 1048576K
}
Event: 46.449 GC heap after
{Heap after GC invocations=15 (full 0):
 garbage-first heap   total 128000K, used 17103K [0x0000000081200000, 0x0000000100000000)
  region size 1024K, 1 young (1024K), 1 survivors (1024K)
 Metaspace       used 25517K, committed 25856K, reserved 1114112K
  class space    used 2799K, committed 2944K, reserved 1048576K
}
Event: 47.093 GC heap before
{Heap before GC invocations=15 (full 0):
 garbage-first heap   total 128000K, used 84687K [0x0000000081200000, 0x0000000100000000)
  region size 1024K, 28 young (28672K), 1 survivors (1024K)
 Metaspace       used 25566K, committed 25856K, reserved 1114112K
  class space    used 2799K, committed 2944K, reserved 1048576K
}
Event: 47.096 GC heap after
{Heap after GC invocations=16 (full 0):
 garbage-first heap   total 128000K, used 56107K [0x0000000081200000, 0x0000000100000000)
  region size 1024K, 1 young (1024K), 1 survivors (1024K)
 Metaspace       used 25566K, committed 25856K, reserved 1114112K
  class space    used 2799K, committed 2944K, reserved 1048576K
}
Event: 47.130 GC heap before
{Heap before GC invocations=16 (full 0):
 garbage-first heap   total 128000K, used 59179K [0x0000000081200000, 0x0000000100000000)
  region size 1024K, 3 young (3072K), 1 survivors (1024K)
 Metaspace       used 25566K, committed 25856K, reserved 1114112K
  class space    used 2799K, committed 2944K, reserved 1048576K
}
Event: 47.133 GC heap after
{Heap after GC invocations=17 (full 0):
 garbage-first heap   total 128000K, used 17113K [0x0000000081200000, 0x0000000100000000)
  region size 1024K, 1 young (1024K), 1 survivors (1024K)
 Metaspace       used 25566K, committed 25856K, reserved 1114112K
  class space    used 2799K, committed 2944K, reserved 1048576K
}
Event: 49.370 GC heap before
{Heap before GC invocations=17 (full 0):
 garbage-first heap   total 128000K, used 84697K [0x0000000081200000, 0x0000000100000000)
  region size 1024K, 28 young (28672K), 1 survivors (1024K)
 Metaspace       used 25638K, committed 25920K, reserved 1114112K
  class space    used 2807K, committed 2944K, reserved 1048576K
}
Event: 49.371 GC heap after
{Heap after GC invocations=18 (full 0):
 garbage-first heap   total 128000K, used 56046K [0x0000000081200000, 0x0000000100000000)
  region size 1024K, 1 young (1024K), 1 survivors (1024K)
 Metaspace       used 25638K, committed 25920K, reserved 1114112K
  class space    used 2807K, committed 2944K, reserved 1048576K
}
Event: 49.484 GC heap before
{Heap before GC invocations=18 (full 0):
 garbage-first heap   total 128000K, used 60142K [0x0000000081200000, 0x0000000100000000)
  region size 1024K, 4 young (4096K), 1 survivors (1024K)
 Metaspace       used 25638K, committed 25920K, reserved 1114112K
  class space    used 2807K, committed 2944K, reserved 1048576K
}
Event: 49.485 GC heap after
{Heap after GC invocations=19 (full 0):
 garbage-first heap   total 128000K, used 17128K [0x0000000081200000, 0x0000000100000000)
  region size 1024K, 1 young (1024K), 1 survivors (1024K)
 Metaspace       used 25638K, committed 25920K, reserved 1114112K
  class space    used 2807K, committed 2944K, reserved 1048576K
}
Event: 51.218 GC heap before
{Heap before GC invocations=19 (full 0):
 garbage-first heap   total 128000K, used 83688K [0x0000000081200000, 0x0000000100000000)
  region size 1024K, 28 young (28672K), 1 survivors (1024K)
 Metaspace       used 25850K, committed 26112K, reserved 1114112K
  class space    used 2813K, committed 2944K, reserved 1048576K
}
Event: 51.222 GC heap after
{Heap after GC invocations=20 (full 0):
 garbage-first heap   total 128000K, used 41881K [0x0000000081200000, 0x0000000100000000)
  region size 1024K, 1 young (1024K), 1 survivors (1024K)
 Metaspace       used 25850K, committed 26112K, reserved 1114112K
  class space    used 2813K, committed 2944K, reserved 1048576K
}
Event: 51.439 GC heap before
{Heap before GC invocations=20 (full 0):
 garbage-first heap   total 128000K, used 68505K [0x0000000081200000, 0x0000000100000000)
  region size 1024K, 12 young (12288K), 1 survivors (1024K)
 Metaspace       used 25852K, committed 26112K, reserved 1114112K
  class space    used 2813K, committed 2944K, reserved 1048576K
}
Event: 51.440 GC heap after
{Heap after GC invocations=21 (full 0):
 garbage-first heap   total 128000K, used 15252K [0x0000000081200000, 0x0000000100000000)
  region size 1024K, 1 young (1024K), 1 survivors (1024K)
 Metaspace       used 25852K, committed 26112K, reserved 1114112K
  class space    used 2813K, committed 2944K, reserved 1048576K
}
Event: 52.345 GC heap before
{Heap before GC invocations=21 (full 0):
 garbage-first heap   total 128000K, used 85908K [0x0000000081200000, 0x0000000100000000)
  region size 1024K, 29 young (29696K), 1 survivors (1024K)
 Metaspace       used 25863K, committed 26176K, reserved 1114112K
  class space    used 2813K, committed 2944K, reserved 1048576K
}
Event: 52.349 GC heap after
{Heap after GC invocations=22 (full 0):
 garbage-first heap   total 128000K, used 15250K [0x0000000081200000, 0x0000000100000000)
  region size 1024K, 1 young (1024K), 1 survivors (1024K)
 Metaspace       used 25863K, committed 26176K, reserved 1114112K
  class space    used 2813K, committed 2944K, reserved 1048576K
}
Event: 53.139 GC heap before
{Heap before GC invocations=22 (full 0):
 garbage-first heap   total 128000K, used 85906K [0x0000000081200000, 0x0000000100000000)
  region size 1024K, 29 young (29696K), 1 survivors (1024K)
 Metaspace       used 25867K, committed 26176K, reserved 1114112K
  class space    used 2813K, committed 2944K, reserved 1048576K
}
Event: 53.140 GC heap after
{Heap after GC invocations=23 (full 0):
 garbage-first heap   total 128000K, used 15248K [0x0000000081200000, 0x0000000100000000)
  region size 1024K, 1 young (1024K), 1 survivors (1024K)
 Metaspace       used 25867K, committed 26176K, reserved 1114112K
  class space    used 2813K, committed 2944K, reserved 1048576K
}

Dll operation events (19 events):
Event: 0.011 Loaded shared library C:\Program Files\Java\jdk-19\bin\java.dll
Event: 0.026 Loaded shared library C:\Program Files\Java\jdk-19\bin\jsvml.dll
Event: 0.243 Loaded shared library C:\Program Files\Java\jdk-19\bin\zip.dll
Event: 0.247 Loaded shared library C:\Program Files\Java\jdk-19\bin\instrument.dll
Event: 0.255 Loaded shared library C:\Program Files\Java\jdk-19\bin\net.dll
Event: 0.257 Loaded shared library C:\Program Files\Java\jdk-19\bin\nio.dll
Event: 0.264 Loaded shared library C:\Program Files\Java\jdk-19\bin\zip.dll
Event: 0.500 Loaded shared library C:\Program Files\JetBrains\IntelliJ IDEA 2022.3.1\bin\breakgen64.dll
Event: 0.512 Loaded shared library C:\Program Files\Java\jdk-19\bin\extnet.dll
Event: 0.567 Loaded shared library C:\Program Files\Java\jdk-19\bin\jimage.dll
Event: 1.070 Loaded shared library C:\Program Files\Java\jdk-19\bin\management.dll
Event: 1.075 Loaded shared library C:\Program Files\Java\jdk-19\bin\management_ext.dll
Event: 1.164 Loaded shared library C:\Program Files\Java\jdk-19\bin\sunmscapi.dll
Event: 1.501 Loaded shared library C:\Users\neera\AppData\Local\Temp\io_grpc_netty_shaded_netty_tcnative_windows_x86_641722871304630407490.dll
Event: 2.108 Loaded shared library C:\Program Files\Java\jdk-19\bin\awt.dll
Event: 2.286 Loaded shared library D:\OpenCV\opencv\build\java\x64\opencv_java460.dll
Event: 2.317 Loaded shared library C:\Program Files\Java\jdk-19\bin\javajpeg.dll
Event: 2.427 Loaded shared library C:\Program Files\Java\jdk-19\bin\freetype.dll
Event: 2.428 Loaded shared library C:\Program Files\Java\jdk-19\bin\fontmanager.dll

Deoptimization events (20 events):
Event: 10.807 Thread 0x0000014c67e40030 DEOPT PACKING pc=0x0000014c540e08bc sp=0x0000002350afe200
Event: 10.807 Thread 0x0000014c67e40030 DEOPT UNPACKING pc=0x0000014c53b96da3 sp=0x0000002350afe1a8 mode 2
Event: 10.807 Thread 0x0000014c67e40030 Uncommon trap: trap_request=0xffffffde fr.pc=0x0000014c540e08bc relative=0x000000000000019c
Event: 10.807 Thread 0x0000014c67e40030 Uncommon trap: reason=class_check action=maybe_recompile pc=0x0000014c540e08bc method=java.lang.String.equals(Ljava/lang/Object;)Z @ 8 c2
Event: 10.807 Thread 0x0000014c67e40030 DEOPT PACKING pc=0x0000014c540e08bc sp=0x0000002350afe200
Event: 10.807 Thread 0x0000014c67e40030 DEOPT UNPACKING pc=0x0000014c53b96da3 sp=0x0000002350afe1a8 mode 2
Event: 50.885 Thread 0x0000014c67e3e050 DEOPT PACKING pc=0x0000014c4c8ebcd8 sp=0x00000023512fe050
Event: 50.885 Thread 0x0000014c67e3e050 DEOPT UNPACKING pc=0x0000014c53b97543 sp=0x00000023512fd528 mode 0
Event: 50.885 Thread 0x0000014c67e3e050 DEOPT PACKING pc=0x0000014c4c8ebcd8 sp=0x00000023512fe050
Event: 50.885 Thread 0x0000014c67e3e050 DEOPT UNPACKING pc=0x0000014c53b97543 sp=0x00000023512fd528 mode 0
Event: 50.886 Thread 0x0000014c67e3e050 Uncommon trap: trap_request=0xffffff45 fr.pc=0x0000014c541993ec relative=0x00000000000002cc
Event: 50.886 Thread 0x0000014c67e3e050 Uncommon trap: reason=unstable_if action=reinterpret pc=0x0000014c541993ec method=java.io.ByteArrayInputStream.read([BII)I @ 16 c2
Event: 50.886 Thread 0x0000014c67e3e050 DEOPT PACKING pc=0x0000014c541993ec sp=0x00000023512fdef0
Event: 50.886 Thread 0x0000014c67e3e050 DEOPT UNPACKING pc=0x0000014c53b96da3 sp=0x00000023512fdeb0 mode 2
Event: 50.886 Thread 0x0000014c67e3e050 DEOPT PACKING pc=0x0000014c4c8ebcd8 sp=0x00000023512fe050
Event: 50.886 Thread 0x0000014c67e3e050 DEOPT UNPACKING pc=0x0000014c53b97543 sp=0x00000023512fd528 mode 0
Event: 50.886 Thread 0x0000014c67e3e050 DEOPT PACKING pc=0x0000014c4c8ebcd8 sp=0x00000023512fe050
Event: 50.886 Thread 0x0000014c67e3e050 DEOPT UNPACKING pc=0x0000014c53b97543 sp=0x00000023512fd528 mode 0
Event: 50.886 Thread 0x0000014c67e3e050 DEOPT PACKING pc=0x0000014c4c8ebcd8 sp=0x00000023512fe050
Event: 50.886 Thread 0x0000014c67e3e050 DEOPT UNPACKING pc=0x0000014c53b97543 sp=0x00000023512fd528 mode 0

Classes loaded (20 events):
Event: 17.643 Loading class java/awt/LightweightDispatcher$2
Event: 17.643 Loading class java/awt/LightweightDispatcher$2 done
Event: 19.757 Loading class java/awt/KeyboardFocusManager$2
Event: 19.757 Loading class java/awt/KeyboardFocusManager$2 done
Event: 19.757 Loading class sun/awt/SunToolkit$1
Event: 19.757 Loading class sun/awt/SunToolkit$1 done
Event: 19.766 Loading class java/awt/Window$1DisposeAction
Event: 19.766 Loading class java/awt/Window$1DisposeAction done
Event: 44.413 Loading class sun/awt/image/JPEGImageDecoder
Event: 44.413 Loading class sun/awt/image/JPEGImageDecoder done
Event: 44.413 Loading class sun/awt/image/JPEGImageDecoder$1
Event: 44.414 Loading class sun/awt/image/JPEGImageDecoder$1 done
Event: 53.714 Loading class jdk/internal/event/ThreadSleepEvent
Event: 53.714 Loading class jdk/internal/event/ThreadSleepEvent done
Event: 1962.089 Loading class jdk/internal/misc/Signal$1
Event: 1962.089 Loading class jdk/internal/misc/Signal$1 done
Event: 1962.095 Loading class java/util/WeakHashMap$KeyIterator
Event: 1962.095 Loading class java/util/WeakHashMap$HashIterator
Event: 1962.095 Loading class java/util/WeakHashMap$HashIterator done
Event: 1962.095 Loading class java/util/WeakHashMap$KeyIterator done

Classes unloaded (0 events):
No events

Classes redefined (0 events):
No events

Internal exceptions (20 events):
Event: 48.570 Thread 0x0000014c67e3e050 Exception <a 'java/lang/ArrayIndexOutOfBoundsException'{0x000000008822c6a0}: Index 0 out of bounds for length 0> (0x000000008822c6a0) 
thrown [s\open\src\hotspot\share\interpreter\interpreterRuntime.cpp, line 432]
Event: 48.688 Thread 0x0000014c67e3e050 Exception <a 'java/lang/ArrayIndexOutOfBoundsException'{0x000000008822ce30}: Index 0 out of bounds for length 0> (0x000000008822ce30) 
thrown [s\open\src\hotspot\share\interpreter\interpreterRuntime.cpp, line 432]
Event: 48.798 Thread 0x0000014c67e3e050 Exception <a 'java/lang/ArrayIndexOutOfBoundsException'{0x000000008822d5c0}: Index 0 out of bounds for length 0> (0x000000008822d5c0) 
thrown [s\open\src\hotspot\share\interpreter\interpreterRuntime.cpp, line 432]
Event: 48.911 Thread 0x0000014c67e3e050 Exception <a 'java/lang/ArrayIndexOutOfBoundsException'{0x000000008822dd50}: Index 0 out of bounds for length 0> (0x000000008822dd50) 
thrown [s\open\src\hotspot\share\interpreter\interpreterRuntime.cpp, line 432]
Event: 49.027 Thread 0x0000014c67e3e050 Exception <a 'java/lang/ArrayIndexOutOfBoundsException'{0x000000008822e4e0}: Index 0 out of bounds for length 0> (0x000000008822e4e0) 
thrown [s\open\src\hotspot\share\interpreter\interpreterRuntime.cpp, line 432]
Event: 49.139 Thread 0x0000014c67e3e050 Exception <a 'java/lang/ArrayIndexOutOfBoundsException'{0x000000008822ec70}: Index 0 out of bounds for length 0> (0x000000008822ec70) 
thrown [s\open\src\hotspot\share\interpreter\interpreterRuntime.cpp, line 432]
Event: 49.250 Thread 0x0000014c67e3e050 Exception <a 'java/lang/ArrayIndexOutOfBoundsException'{0x000000008822f400}: Index 0 out of bounds for length 0> (0x000000008822f400) 
thrown [s\open\src\hotspot\share\interpreter\interpreterRuntime.cpp, line 432]
Event: 49.361 Thread 0x0000014c67e3e050 Exception <a 'java/lang/ArrayIndexOutOfBoundsException'{0x000000008822fb90}: Index 0 out of bounds for length 0> (0x000000008822fb90) 
thrown [s\open\src\hotspot\share\interpreter\interpreterRuntime.cpp, line 432]
Event: 49.476 Thread 0x0000014c67e3e050 Exception <a 'java/lang/ArrayIndexOutOfBoundsException'{0x0000000088f80c58}: Index 0 out of bounds for length 0> (0x0000000088f80c58) 
thrown [s\open\src\hotspot\share\interpreter\interpreterRuntime.cpp, line 432]
Event: 49.585 Thread 0x0000014c67e3e050 Exception <a 'java/lang/ArrayIndexOutOfBoundsException'{0x0000000089080c58}: Index 0 out of bounds for length 0> (0x0000000089080c58) 
thrown [s\open\src\hotspot\share\interpreter\interpreterRuntime.cpp, line 432]
Event: 49.693 Thread 0x0000014c67e3e050 Exception <a 'java/lang/ArrayIndexOutOfBoundsException'{0x0000000089095820}: Index 0 out of bounds for length 0> (0x0000000089095820) 
thrown [s\open\src\hotspot\share\interpreter\interpreterRuntime.cpp, line 432]
Event: 49.804 Thread 0x0000014c67e3e050 Exception <a 'java/lang/ArrayIndexOutOfBoundsException'{0x0000000089095fb0}: Index 0 out of bounds for length 0> (0x0000000089095fb0) 
thrown [s\open\src\hotspot\share\interpreter\interpreterRuntime.cpp, line 432]
Event: 49.914 Thread 0x0000014c67e3e050 Exception <a 'java/lang/ArrayIndexOutOfBoundsException'{0x0000000089096740}: Index 0 out of bounds for length 0> (0x0000000089096740) 
thrown [s\open\src\hotspot\share\interpreter\interpreterRuntime.cpp, line 432]
Event: 50.030 Thread 0x0000014c67e3e050 Exception <a 'java/lang/ArrayIndexOutOfBoundsException'{0x0000000089096ed0}: Index 0 out of bounds for length 0> (0x0000000089096ed0) 
thrown [s\open\src\hotspot\share\interpreter\interpreterRuntime.cpp, line 432]
Event: 50.146 Thread 0x0000014c67e3e050 Exception <a 'java/lang/ArrayIndexOutOfBoundsException'{0x0000000089097660}: Index 0 out of bounds for length 0> (0x0000000089097660) 
thrown [s\open\src\hotspot\share\interpreter\interpreterRuntime.cpp, line 432]
Event: 50.264 Thread 0x0000014c67e3e050 Exception <a 'java/lang/ArrayIndexOutOfBoundsException'{0x0000000089097df0}: Index 0 out of bounds for length 0> (0x0000000089097df0) 
thrown [s\open\src\hotspot\share\interpreter\interpreterRuntime.cpp, line 432]
Event: 50.379 Thread 0x0000014c67e3e050 Exception <a 'java/lang/ArrayIndexOutOfBoundsException'{0x0000000089098580}: Index 0 out of bounds for length 0> (0x0000000089098580) 
thrown [s\open\src\hotspot\share\interpreter\interpreterRuntime.cpp, line 432]
Event: 50.497 Thread 0x0000014c67e3e050 Exception <a 'java/lang/ArrayIndexOutOfBoundsException'{0x0000000089098d10}: Index 0 out of bounds for length 0> (0x0000000089098d10) 
thrown [s\open\src\hotspot\share\interpreter\interpreterRuntime.cpp, line 432]
Event: 50.609 Thread 0x0000014c67e3e050 Exception <a 'java/lang/ArrayIndexOutOfBoundsException'{0x00000000890994a0}: Index 0 out of bounds for length 0> (0x00000000890994a0) 
thrown [s\open\src\hotspot\share\interpreter\interpreterRuntime.cpp, line 432]
Event: 50.724 Thread 0x0000014c67e3e050 Exception <a 'java/lang/ArrayIndexOutOfBoundsException'{0x0000000089099c30}: Index 0 out of bounds for length 0> (0x0000000089099c30) 
thrown [s\open\src\hotspot\share\interpreter\interpreterRuntime.cpp, line 432]

VM Operations (20 events):
Event: 49.371 Executing VM operation: G1TryInitiateConcMark done
Event: 49.484 Executing VM operation: G1TryInitiateConcMark
Event: 49.485 Executing VM operation: G1TryInitiateConcMark done
Event: 50.493 Executing VM operation: Cleanup
Event: 50.493 Executing VM operation: Cleanup done
Event: 51.217 Executing VM operation: G1TryInitiateConcMark
Event: 51.222 Executing VM operation: G1TryInitiateConcMark done
Event: 51.439 Executing VM operation: G1TryInitiateConcMark
Event: 51.440 Executing VM operation: G1TryInitiateConcMark done
Event: 52.345 Executing VM operation: G1TryInitiateConcMark
Event: 52.350 Executing VM operation: G1TryInitiateConcMark done
Event: 53.139 Executing VM operation: G1TryInitiateConcMark
Event: 53.140 Executing VM operation: G1TryInitiateConcMark done
Event: 54.148 Executing VM operation: Cleanup
Event: 54.148 Executing VM operation: Cleanup done
Event: 63.224 Executing VM operation: Cleanup
Event: 63.224 Executing VM operation: Cleanup done
Event: 68.261 Executing VM operation: Cleanup
Event: 68.262 Executing VM operation: Cleanup done
Event: 1962.202 Executing VM operation: Exit

Events (20 events):
Event: 11.957 Thread 0x0000014c67e3d060 Thread added: 0x0000014c67e3d060
Event: 16.410 Thread 0x0000014c67e3d5b0 Thread added: 0x0000014c67e3d5b0
Event: 21.419 Thread 0x0000014c67e3d5b0 Thread exited: 0x0000014c67e3d5b0
Event: 21.950 Thread 0x0000014c67e3e5a0 Thread added: 0x0000014c67e3e5a0
Event: 31.948 Thread 0x0000014c67e3d5b0 Thread added: 0x0000014c67e3d5b0
Event: 42.359 Thread 0x0000014c67e3e050 Thread added: 0x0000014c67e3e050
Event: 44.412 Thread 0x0000014c6763f280 Thread added: 0x0000014c6763f280
Event: 53.392 Thread 0x0000014c67e3e050 Thread exited: 0x0000014c67e3e050
Event: 58.399 Thread 0x0000014c6763f280 Thread exited: 0x0000014c6763f280
Event: 1962.090 Thread 0x0000014c67639d80 Thread added: 0x0000014c67639d80
Event: 1962.090 Thread 0x0000014c6763a2d0 Thread added: 0x0000014c6763a2d0
Event: 1962.090 Thread 0x0000014c6763e290 Thread added: 0x0000014c6763e290
Event: 1962.090 Thread 0x0000014c6763f7d0 Thread added: 0x0000014c6763f7d0
Event: 1962.090 Thread 0x0000014c6763a820 Thread added: 0x0000014c6763a820
Event: 1962.096 Thread 0x0000014c6763e290 Thread exited: 0x0000014c6763e290
Event: 1962.098 Thread 0x0000014c6763a820 Thread exited: 0x0000014c6763a820
Event: 1962.099 Thread 0x0000014c6763a2d0 Thread exited: 0x0000014c6763a2d0
Event: 1962.109 Thread 0x0000014c67e40580 Thread exited: 0x0000014c67e40580
Event: 1962.201 Thread 0x0000014c6763f7d0 Thread exited: 0x0000014c6763f7d0
Event: 1962.202 Thread 0x0000014c62656ba0 Thread exited: 0x0000014c62656ba0


Dynamic libraries:
0x00007ff774870000 - 0x00007ff774880000 	C:\Program Files\Java\jdk-19\bin\java.exe
0x00007ffefce70000 - 0x00007ffefd068000 	C:\WINDOWS\SYSTEM32\ntdll.dll
0x00007ffefbb90000 - 0x00007ffefbc4f000 	C:\WINDOWS\System32\KERNEL32.DLL
0x00007ffefa900000 - 0x00007ffefabd2000 	C:\WINDOWS\System32\KERNELBASE.dll
0x00007ffefac10000 - 0x00007ffefad10000 	C:\WINDOWS\System32\ucrtbase.dll
0x00007ffef5ef0000 - 0x00007ffef5f08000 	C:\Program Files\Java\jdk-19\bin\jli.dll
0x00007ffef6060000 - 0x00007ffef607b000 	C:\Program Files\Java\jdk-19\bin\VCRUNTIME140.dll
0x00007ffefb0a0000 - 0x00007ffefb14e000 	C:\WINDOWS\System32\ADVAPI32.dll
0x00007ffefc010000 - 0x00007ffefc0ae000 	C:\WINDOWS\System32\msvcrt.dll
0x00007ffefccc0000 - 0x00007ffefcd5c000 	C:\WINDOWS\System32\sechost.dll
0x00007ffefc0b0000 - 0x00007ffefc1d5000 	C:\WINDOWS\System32\RPCRT4.dll
0x00007ffefb9e0000 - 0x00007ffefbb81000 	C:\WINDOWS\System32\USER32.dll
0x00007ffefabe0000 - 0x00007ffefac02000 	C:\WINDOWS\System32\win32u.dll
0x00007ffefbef0000 - 0x00007ffefbf1b000 	C:\WINDOWS\System32\GDI32.dll
0x00007ffeec210000 - 0x00007ffeec4aa000 	C:\WINDOWS\WinSxS\amd64_microsoft.windows.common-controls_6595b64144ccf1df_6.0.19041.1110_none_60b5254171f9507e\COMCTL32.dll
0x00007ffefa600000 - 0x00007ffefa70f000 	C:\WINDOWS\System32\gdi32full.dll
0x00007ffefa560000 - 0x00007ffefa5fd000 	C:\WINDOWS\System32\msvcp_win.dll
0x00007ffee9960000 - 0x00007ffee996a000 	C:\WINDOWS\SYSTEM32\VERSION.dll
0x00007ffefcd60000 - 0x00007ffefcd92000 	C:\WINDOWS\System32\IMM32.DLL
0x00007ffef7d20000 - 0x00007ffef7d2c000 	C:\Program Files\Java\jdk-19\bin\vcruntime140_1.dll
0x00007ffee7ad0000 - 0x00007ffee7b5e000 	C:\Program Files\Java\jdk-19\bin\msvcp140.dll
0x00007ffece070000 - 0x00007ffeced30000 	C:\Program Files\Java\jdk-19\bin\server\jvm.dll
0x00007ffef2d80000 - 0x00007ffef2d89000 	C:\WINDOWS\SYSTEM32\WSOCK32.dll
0x00007ffeeea00000 - 0x00007ffeeea27000 	C:\WINDOWS\SYSTEM32\WINMM.dll
0x00007ffefc1e0000 - 0x00007ffefc24b000 	C:\WINDOWS\System32\WS2_32.dll
0x00007ffef8300000 - 0x00007ffef8312000 	C:\WINDOWS\SYSTEM32\kernel.appcore.dll
0x00007ffef7d00000 - 0x00007ffef7d0a000 	C:\Program Files\Java\jdk-19\bin\jimage.dll
0x00007ffee83b0000 - 0x00007ffee8594000 	C:\WINDOWS\SYSTEM32\DBGHELP.DLL
0x00007ffee99c0000 - 0x00007ffee99f5000 	C:\WINDOWS\SYSTEM32\dbgcore.DLL
0x00007ffefa710000 - 0x00007ffefa792000 	C:\WINDOWS\System32\bcryptPrimitives.dll
0x00007ffef6050000 - 0x00007ffef605e000 	C:\Program Files\Java\jdk-19\bin\instrument.dll
0x00007ffef12d0000 - 0x00007ffef12f6000 	C:\Program Files\Java\jdk-19\bin\java.dll
0x00007ffee0070000 - 0x00007ffee0147000 	C:\Program Files\Java\jdk-19\bin\jsvml.dll
0x00007ffefc250000 - 0x00007ffefc994000 	C:\WINDOWS\System32\SHELL32.dll
0x00007ffef85e0000 - 0x00007ffef8d72000 	C:\WINDOWS\SYSTEM32\windows.storage.dll
0x00007ffefb5c0000 - 0x00007ffefb915000 	C:\WINDOWS\System32\combase.dll
0x00007ffef9e00000 - 0x00007ffef9e30000 	C:\WINDOWS\SYSTEM32\Wldp.dll
0x00007ffefbd30000 - 0x00007ffefbddd000 	C:\WINDOWS\System32\SHCORE.dll
0x00007ffefb920000 - 0x00007ffefb975000 	C:\WINDOWS\System32\shlwapi.dll
0x00007ffefa4a0000 - 0x00007ffefa4bf000 	C:\WINDOWS\SYSTEM32\profapi.dll
0x00007ffef11a0000 - 0x00007ffef11b8000 	C:\Program Files\Java\jdk-19\bin\zip.dll
0x00007ffef5690000 - 0x00007ffef56a3000 	C:\Program Files\Java\jdk-19\bin\net.dll
0x00007ffef2320000 - 0x00007ffef242c000 	C:\WINDOWS\SYSTEM32\WINHTTP.dll
0x00007ffef9be0000 - 0x00007ffef9c4a000 	C:\WINDOWS\system32\mswsock.dll
0x00007ffef12b0000 - 0x00007ffef12c6000 	C:\Program Files\Java\jdk-19\bin\nio.dll
0x00007ffef0630000 - 0x00007ffef064a000 	C:\Program Files\JetBrains\IntelliJ IDEA 2022.3.1\bin\breakgen64.dll
0x00007ffef0620000 - 0x00007ffef0628000 	C:\Program Files\Java\jdk-19\bin\extnet.dll
0x00007ffef12a0000 - 0x00007ffef12aa000 	C:\Program Files\Java\jdk-19\bin\management.dll
0x00007ffef1190000 - 0x00007ffef119b000 	C:\Program Files\Java\jdk-19\bin\management_ext.dll
0x00007ffefb080000 - 0x00007ffefb088000 	C:\WINDOWS\System32\PSAPI.DLL
0x00007ffef0650000 - 0x00007ffef065e000 	C:\Program Files\Java\jdk-19\bin\sunmscapi.dll
0x00007ffefa7a0000 - 0x00007ffefa8f6000 	C:\WINDOWS\System32\CRYPT32.dll
0x00007ffef9f50000 - 0x00007ffef9f77000 	C:\WINDOWS\SYSTEM32\ncrypt.dll
0x00007ffef9f10000 - 0x00007ffef9f4b000 	C:\WINDOWS\SYSTEM32\NTASN1.dll
0x00007ffedadb0000 - 0x00007ffedadb7000 	C:\WINDOWS\system32\wshunix.dll
0x00007ffef9e40000 - 0x00007ffef9e58000 	C:\WINDOWS\SYSTEM32\CRYPTSP.dll
0x00007ffef9520000 - 0x00007ffef9554000 	C:\WINDOWS\system32\rsaenh.dll
0x00007ffefadc0000 - 0x00007ffefade7000 	C:\WINDOWS\System32\bcrypt.dll
0x00007ffefa420000 - 0x00007ffefa44e000 	C:\WINDOWS\SYSTEM32\USERENV.dll
0x00007ffef9d70000 - 0x00007ffef9d7c000 	C:\WINDOWS\SYSTEM32\CRYPTBASE.dll
0x00007ffef98f0000 - 0x00007ffef992b000 	C:\WINDOWS\SYSTEM32\IPHLPAPI.DLL
0x00007ffefbfa0000 - 0x00007ffefbfa8000 	C:\WINDOWS\System32\NSI.dll
0x00007ffef4450000 - 0x00007ffef4467000 	C:\WINDOWS\SYSTEM32\dhcpcsvc6.DLL
0x00007ffef4430000 - 0x00007ffef444d000 	C:\WINDOWS\SYSTEM32\dhcpcsvc.DLL
0x00007ffef9930000 - 0x00007ffef99fa000 	C:\WINDOWS\SYSTEM32\DNSAPI.dll
0x00007ffecef40000 - 0x00007ffecf208000 	C:\Users\neera\AppData\Local\Temp\io_grpc_netty_shaded_netty_tcnative_windows_x86_641722871304630407490.dll
0x00007ffecfa40000 - 0x00007ffecfbd1000 	C:\Program Files\Java\jdk-19\bin\awt.dll
0x00007ffefcbf0000 - 0x00007ffefccbd000 	C:\WINDOWS\System32\OLEAUT32.dll
0x00007ffef7d60000 - 0x00007ffef7df1000 	C:\WINDOWS\SYSTEM32\apphelp.dll
0x00007ffef82d0000 - 0x00007ffef82ff000 	C:\WINDOWS\system32\DWMAPI.DLL
0x00007ffef7f10000 - 0x00007ffef7fae000 	C:\WINDOWS\system32\uxtheme.dll
0x00007ffed9710000 - 0x00007ffed9835000 	C:\WINDOWS\system32\opengl32.dll
0x00007ffeda260000 - 0x00007ffeda28c000 	C:\WINDOWS\SYSTEM32\GLU32.dll
0x00007ffefc9a0000 - 0x00007ffefcab5000 	C:\WINDOWS\System32\MSCTF.dll
0x00007ffefcac0000 - 0x00007ffefcbea000 	C:\WINDOWS\System32\ole32.dll
0x00007ffe889e0000 - 0x00007ffe8bc11000 	D:\OpenCV\opencv\build\java\x64\opencv_java460.dll
0x00007ffedb890000 - 0x00007ffedb914000 	C:\WINDOWS\SYSTEM32\MF.dll
0x00007ffef4bb0000 - 0x00007ffef4d6c000 	C:\WINDOWS\SYSTEM32\MFPlat.DLL
0x00007ffecff70000 - 0x00007ffed007a000 	C:\WINDOWS\SYSTEM32\MFReadWrite.dll
0x00007ffefae60000 - 0x00007ffefaeae000 	C:\WINDOWS\System32\cfgmgr32.dll
0x00007ffecd7a0000 - 0x00007ffecdc2e000 	C:\WINDOWS\SYSTEM32\MFCORE.DLL
0x00007ffefa3d0000 - 0x00007ffefa41b000 	C:\WINDOWS\SYSTEM32\powrprof.dll
0x00007ffef5680000 - 0x00007ffef5689000 	C:\WINDOWS\SYSTEM32\ksuser.dll
0x00007ffef4af0000 - 0x00007ffef4b24000 	C:\WINDOWS\SYSTEM32\RTWorkQ.DLL
0x00007ffefa3b0000 - 0x00007ffefa3c2000 	C:\WINDOWS\SYSTEM32\UMPDC.dll
0x00007ffeec830000 - 0x00007ffeec85e000 	C:\Program Files\Java\jdk-19\bin\javajpeg.dll
0x00007ffed03e0000 - 0x00007ffed0466000 	C:\Program Files\Java\jdk-19\bin\freetype.dll
0x00007ffecd6d0000 - 0x00007ffecd795000 	C:\Program Files\Java\jdk-19\bin\fontmanager.dll
0x00007ffefbde0000 - 0x00007ffefbe8f000 	C:\WINDOWS\System32\clbcatq.dll
0x00007ffef3ce0000 - 0x00007ffef3e94000 	C:\WINDOWS\SYSTEM32\WindowsCodecs.dll
0x00007ffed8840000 - 0x00007ffed887e000 	C:\WINDOWS\system32\dataexchange.dll
0x00007ffef6200000 - 0x00007ffef6463000 	C:\WINDOWS\system32\d3d11.dll
0x00007ffef7140000 - 0x00007ffef7323000 	C:\WINDOWS\system32\dcomp.dll
0x00007ffef8de0000 - 0x00007ffef8ed3000 	C:\WINDOWS\system32\dxgi.dll
0x00007ffef3f80000 - 0x00007ffef4180000 	C:\WINDOWS\system32\twinapi.appcore.dll
0x00007ffeefce0000 - 0x00007ffeefdd9000 	C:\WINDOWS\SYSTEM32\textinputframework.dll
0x00007ffef7a10000 - 0x00007ffef7b02000 	C:\WINDOWS\System32\CoreMessaging.dll
0x00007ffef76b0000 - 0x00007ffef7a0e000 	C:\WINDOWS\System32\CoreUIComponents.dll
0x00007ffef9640000 - 0x00007ffef9673000 	C:\WINDOWS\SYSTEM32\ntmarta.dll
0x00007ffef6e90000 - 0x00007ffef6fe4000 	C:\WINDOWS\SYSTEM32\wintypes.dll
0x00007ffef35a0000 - 0x00007ffef35d7000 	C:\WINDOWS\SYSTEM32\CompPkgSup.DLL
0x00007ffe99a60000 - 0x00007ffe9a186000 	C:\Windows\System32\Windows.Media.dll
0x00007ffed1030000 - 0x00007ffed109d000 	C:\Windows\System32\FrameServerClient.dll
0x00007ffed02f0000 - 0x00007ffed0357000 	C:\Windows\System32\MFSENSORGROUP.dll
0x00007ffef2430000 - 0x00007ffef2516000 	C:\Windows\System32\Windows.ApplicationModel.dll
0x00007ffef4960000 - 0x00007ffef496a000 	C:\WINDOWS\SYSTEM32\AVRT.dll
0x00007ffef41e0000 - 0x00007ffef42d7000 	C:\Windows\System32\AppXDeploymentClient.dll
0x00007ffeeb7c0000 - 0x00007ffeeb7cd000 	C:\Windows\System32\vidcap.ax
0x00007ffee36c0000 - 0x00007ffee36e7000 	C:\Windows\System32\kswdmcap.ax
0x00007ffe8c680000 - 0x00007ffe8c7ec000 	C:\Windows\System32\MFC42.dll
0x00007ffee0700000 - 0x00007ffee0846000 	C:\Windows\System32\Windows.StateRepositoryPS.dll
0x00007ffe8c4e0000 - 0x00007ffe8c680000 	C:\Program Files\Intel\Media SDK\mfx_mft_mjpgvd_64.dll
0x00007ffef6080000 - 0x00007ffef6176000 	C:\WINDOWS\SYSTEM32\PROPSYS.dll
0x00007ffee6060000 - 0x00007ffee610c000 	C:\WINDOWS\SYSTEM32\TextShaping.dll
0x00007ffef02f0000 - 0x00007ffef032b000 	C:\WINDOWS\SYSTEM32\dxcore.dll
0x00007ffee38c0000 - 0x00007ffee38dd000 	C:\Windows\System32\mfmjpegdec.dll
0x00007ffeb3450000 - 0x00007ffeb357d000 	C:\Windows\System32\mfperfhelper.dll
0x00007ffeb2f10000 - 0x00007ffeb3070000 	C:\WINDOWS\System32\msvproc.dll
0x00007ffee36a0000 - 0x00007ffee36ba000 	C:\WINDOWS\SYSTEM32\OpenCL.dll
0x00007ffeceed0000 - 0x00007ffecef37000 	C:\WINDOWS\SYSTEM32\IntelOpenCL64.dll
0x00007ffe8c310000 - 0x00007ffe8c4d2000 	C:\Program Files (x86)\Common Files\Intel\OpenCL\bin\x64\intelocl64.dll
0x00007ffe8c270000 - 0x00007ffe8c30d000 	C:\Program Files (x86)\Common Files\Intel\OpenCL\bin\x64\task_executor64.dll
0x00007ffe8c190000 - 0x00007ffe8c268000 	C:\Program Files (x86)\Common Files\Intel\OpenCL\bin\x64\cpu_device64.dll
0x00007ffe88510000 - 0x00007ffe889d1000 	C:\WINDOWS\SYSTEM32\igdrcl64.dll
0x00007ffed9140000 - 0x00007ffed9183000 	C:\WINDOWS\SYSTEM32\igdfcl64.dll
0x00007ffe87f90000 - 0x00007ffe88506000 	C:\WINDOWS\SYSTEM32\igdmcl64.dll
0x00007ffe8f1e0000 - 0x00007ffe8f24d000 	C:\WINDOWS\SYSTEM32\igdbcl64.dll
0x00007ffeecbb0000 - 0x00007ffeed5ef000 	C:\WINDOWS\SYSTEM32\igdusc64.dll

dbghelp: loaded successfully - version: 4.0.5 - missing functions: none
symbol engine: initialized successfully - sym options: 0x614 - pdb path: .;C:\Program Files\Java\jdk-19\bin;C:\WINDOWS\SYSTEM32;C:\WINDOWS\WinSxS\amd64_microsoft.windows.common-controls_6595b64144ccf1df_6.0.19041.1110_none_60b5254171f9507e;C:\Program Files\Java\jdk-19\bin\server;C:\Program Files\JetBrains\IntelliJ IDEA 2022.3.1\bin;C:\Users\neera\AppData\Local\Temp;D:\OpenCV\opencv\build\java\x64;C:\Program Files\Intel\Media SDK;C:\Program Files (x86)\Common Files\Intel\OpenCL\bin\x64

VM Arguments:
jvm_args: -Djava.library.path=D:\OpenCV\opencv\build\java\x64 -javaagent:C:\Program Files\JetBrains\IntelliJ IDEA 2022.3.1\lib\idea_rt.jar=55440:C:\Program Files\JetBrains\IntelliJ IDEA 2022.3.1\bin -Dfile.encoding=UTF-8 -Dsun.stdout.encoding=UTF-8 -Dsun.stderr.encoding=UTF-8 
java_command: org.example.AddNewUser
java_class_path (initial): C:\Users\neera\IdeaProjects\charAll\target\classes;C:\Users\neera\.m2\repository\com\google\firebase\firebase-admin\9.1.1\firebase-admin-9.1.1.jar;C:\Users\neera\.m2\repository\com\google\api-client\google-api-client\2.0.0\google-api-client-2.0.0.jar;C:\Users\neera\.m2\repository\com\google\oauth-client\google-oauth-client\1.34.1\google-oauth-client-1.34.1.jar;C:\Users\neera\.m2\repository\com\google\http-client\google-http-client-gson\1.42.1\google-http-client-gson-1.42.1.jar;C:\Users\neera\.m2\repository\com\google\http-client\google-http-client-apache-v2\1.42.1\google-http-client-apache-v2-1.42.1.jar;C:\Users\neera\.m2\repository\org\apache\httpcomponents\httpcore\4.4.15\httpcore-4.4.15.jar;C:\Users\neera\.m2\repository\org\apache\httpcomponents\httpclient\4.5.13\httpclient-4.5.13.jar;C:\Users\neera\.m2\repository\com\google\api-client\google-api-client-gson\2.0.0\google-api-client-gson-2.0.0.jar;C:\Users\neera\.m2\repository\com\google\http-client\google-http-client\1.42.2\google-http-client-1.42.2.jar;C:\Users\neera\.m2\repository\com\google\code\findbugs\jsr305\3.0.2\jsr305-3.0.2.jar;C:\Users\neera\.m2\repository\com\google\j2objc\j2objc-annotations\1.3\j2objc-annotations-1.3.jar;C:\Users\neera\.m2\repository\io\opencensus\opencensus-api\0.31.1\opencensus-api-0.31.1.jar;C:\Users\neera\.m2\repository\io\opencensus\opencensus-contrib-http-util\0.31.1\opencensus-contrib-http-util-0.31.1.jar;C:\Users\neera\.m2\repository\com\google\api\api-common\2.2.1\api-common-2.2.1.jar;C:\Users\neera\.m2\repository\javax\annotation\javax.annotation-api\1.3.2\javax.annotation-api-1.3.2.jar;C:\Users\neera\.m2\repository\com\google\auto\value\auto-value-annotations\1.9\auto-value-annotations-1.9.jar;C:\Users\neera\.m2\repository\com\google\auth\google-auth-library-oauth2-http\1.12.1\google-auth-library-oauth2-http-1.12.1.jar;C:\Users\neera\.m2\repository\com\google\auth\google-auth-library-credentials\1.12.1\google-auth-library-credentials-1.12.1.jar;C:\Users\neera\.m2\repository\com\google\cloud\google-cloud-storage\2.14.0\google-cloud-storage-2.14.0.jar;C:\Users\neera\.m2\repository\com\google\guava\failureaccess\1.0.1\failureaccess-1.0.1.jar;C:\Users\neera\.m2\repository\com\google\guava\listenablefuture\9999.0-empty-to-avoid-conflict-with-guava\listenablefuture-9999.0-empty-to-avoid-conflict-with-guava.jar;C:\Users\neera\.m2\repository\com\google\http-client\google-http-client-jackson2\1.42.2\google-http-client-jackson2-1.42.2.jar;C:\Users\neera\.m2\repository\com\google\apis\google-api-services-storage\v1-rev20220705-2.0.0\google-api-services-storage-v1-rev20220705-2.0.0.jar;C:\Users\neera\.m2\repository\com\google\code\gson\gson\2.9.1\gson-2.9.1.jar;C:\Users\neera\.m2\repository\com\google\cloud\google-cloud-core\2.8.22\google-cloud-core-2.8.22.jar;C:\Users\neera\.m2\repository\com\google\cloud\google-cloud-core-http\2.8.22\google-cloud-core-http-2.8.22.jar;C:\Users\neera\.m2\repository\com\google\http-client\google-http-client-appengine\1.42.2\google-http-client-appengine-1.42.2.jar;C:\Users\neera\.m2\repository\com\google\api\gax-httpjson\0.104.4\gax-httpjson-0.104.4.jar;C:\Users\neera\.m2\repository\com\google\cloud\google-cloud-core-grpc\2.8.22\google-cloud-core-grpc-2.8.22.jar;C:\Users\neera\.m2\repository\io\grpc\grpc-core\1.50.1\grpc-core-1.50.1.jar;C:\Users\neera\.m2\repository\com\google\android\annotations\4.1.1.4\annotations-4.1.1.4.jar;C:\Users\neera\.m2\repository\org\codehaus\mojo\animal-sniffer-annotations\1.22\animal-sniffer-annotations-1.22.jar;C:\Users\neera\.m2\repository\com\google\api\gax\2.19.4\gax-2.19.4.jar;C:\Users\neera\.m2\repository\com\google\api\gax-grpc\2.19.4\gax-grpc-2.19.4.jar;C:\Users\neera\.m2\repository\io\grpc\grpc-alts\1.50.1\grpc-alts-1.50.1.jar;C:\Users\neera\.m2\repository\io\grpc\grpc-grpclb\1.50.1\grpc-grpclb-1.50.1.jar;C:\Users\neera\.m2\repository\org\conscrypt\conscrypt-openjdk-uber\2.5.2\conscrypt-openjdk-uber-2.5.2.jar;C:\Users\neera\.m2\repository\io\grpc\grpc-context\1.50.1\grpc-context-1.50.1.jar;C:\Users\neera\.m2\repository\com\google\api\grpc\proto-google-iam-v1\1.6.4\proto-google-iam-v1-1.6.4.jar;C:\Users\neera\.m2\repository\com\google\protobuf\protobuf-java\3.21.8\protobuf-java-3.21.8.jar;C:\Users\neera\.m2\repository\com\google\protobuf\protobuf-java-util\3.21.8\protobuf-java-util-3.21.8.jar;C:\Users\neera\.m2\repository\com\google\api\grpc\proto-google-common-protos\2.9.6\proto-google-common-protos-2.9.6.jar;C:\Users\neera\.m2\repository\org\threeten\threetenbp\1.6.3\threetenbp-1.6.3.jar;C:\Users\neera\.m2\repository\com\google\api\grpc\proto-google-cloud-storage-v2\2.14.0-alpha\proto-google-cloud-storage-v2-2.14.0-alpha.jar;C:\Users\neera\.m2\repository\com\google\api\grpc\grpc-google-cloud-storage-v2\2.14.0-alpha\grpc-google-cloud-storage-v2-2.14.0-alpha.jar;C:\Users\neera\.m2\repository\io\grpc\grpc-protobuf\1.50.1\grpc-protobuf-1.50.1.jar;C:\Users\neera\.m2\repository\com\google\api\grpc\gapic-google-cloud-storage-v2\2.14.0-alpha\gapic-google-cloud-storage-v2-2.14.0-alpha.jar;C:\Users\neera\.m2\repository\com\fasterxml\jackson\core\jackson-core\2.13.4\jackson-core-2.13.4.jar;C:\Users\neera\.m2\repository\io\grpc\grpc-api\1.50.1\grpc-api-1.50.1.jar;C:\Users\neera\.m2\repository\io\grpc\grpc-netty-shaded\1.50.1\grpc-netty-shaded-1.50.1.jar;C:\Users\neera\.m2\repository\io\perfmark\perfmark-api\0.25.0\perfmark-api-0.25.0.jar;C:\Users\neera\.m2\repository\io\grpc\grpc-auth\1.50.1\grpc-auth-1.50.1.jar;C:\Users\neera\.m2\repository\io\grpc\grpc-stub\1.50.1\grpc-stub-1.50.1.jar;C:\Users\neera\.m2\repository\io\grpc\grpc-googleapis\1.50.1\grpc-googleapis-1.50.1.jar;C:\Users\neera\.m2\repository\org\checkerframework\checker-qual\3.26.0\checker-qual-3.26.0.jar;C:\Users\neera\.m2\repository\io\grpc\grpc-xds\1.50.1\grpc-xds-1.50.1.jar;C:\Users\neera\.m2\repository\io\opencensus\opencensus-proto\0.2.0\opencensus-proto-0.2.0.jar;C:\Users\neera\.m2\repository\io\grpc\grpc-services\1.50.1\grpc-services-1.50.1.jar;C:\Users\neera\.m2\repository\com\google\re2j\re2j\1.6\re2j-1.6.jar;C:\Users\neera\.m2\repository\com\google\api\grpc\grpc-google-iam-v1\1.6.4\grpc-google-iam-v1-1.6.4.jar;C:\Users\neera\.m2\repository\io\grpc\grpc-protobuf-lite\1.50.1\grpc-protobuf-lite-1.50.1.jar;C:\Users\neera\.m2\repository\com\google\cloud\google-cloud-firestore\3.7.0\google-cloud-firestore-3.7.0.jar;C:\Users\neera\.m2\repository\commons-logging\commons-logging\1.2\commons-logging-1.2.jar;C:\Users\neera\.m2\repository\commons-codec\commons-codec\1.15\commons-codec-1.15.jar;C:\Users\neera\.m2\repository\com\google\api\grpc\proto-google-cloud-firestore-v1\3.7.0\proto-google-cloud-firestore-v1-3.7.0.jar;C:\Users\neera\.m2\repository\com\google\cloud\proto-google-cloud-firestore-bundle-v1\3.7.0\proto-google-cloud-firestore-bundle-v1-3.7.0.jar;C:\Users\neera\.m2\repository\io\opencensus\opencensus-contrib-grpc-util\0.31.1\opencensus-contrib-grpc-util-0.31.1.jar;C:\Users\neera\.m2\repository\com\google\errorprone\error_prone_annotations\2.16\error_prone_annotations-2.16.jar;C:\Users\neera\.m2\repository\com\google\guava\guava\31.1-jre\guava-31.1-jre.jar;C:\Users\neera\.m2\repository\org\slf4j\slf4j-api\2.0.3\slf4j-api-2.0.3.jar;C:\Users\neera\.m2\repository\io\netty\netty-codec-http\4.1.84.Final\netty-codec-http-4.1.84.Final.jar;C:\Users\neera\.m2\repository\io\netty\netty-common\4.1.84.Final\netty-common-4.1.84.Final.jar;C:\Users\neera\.m2\repository\io\netty\netty-buffer\4.1.84.Final\netty-buffer-4.1.84.Final.jar;C:\Users\neera\.m2\repository\io\netty\netty-codec\4.1.84.Final\netty-codec-4.1.84.Final.jar;C:\Users\neera\.m2\repository\io\netty\netty-handler\4.1.84.Final\netty-handler-4.1.84.Final.jar;C:\Users\neera\.m2\repository\io\netty\netty-resolver\4.1.84.Final\netty-resolver-4.1.84.Final.jar;C:\Users\neera\.m2\repository\io\netty\netty-transport-native-unix-common\4.1.84.Final\netty-transport-native-unix-common-4.1.84.Final.jar;C:\Users\neera\.m2\repository\io\netty\netty-transport\4.1.84.Final\netty-transport-4.1.84.Final.jar;C:\Users\neera\.m2\repository\org\bytedeco\javacv-platform\1.3.3\javacv-platform-1.3.3.jar;C:\Users\neera\.m2\repository\org\bytedeco\javacpp\1.3.3\javacpp-1.3.3.jar;C:\Users\neera\.m2\repository\org\bytedeco\javacv\1.3.3\javacv-1.3.3.jar;C:\Users\neera\.m2\repository\org\bytedeco\javacpp-presets\opencv\3.2.0-1.3\opencv-3.2.0-1.3.jar;C:\Users\neera\.m2\repository\org\bytedeco\javacpp-presets\ffmpeg\3.2.1-1.3\ffmpeg-3.2.1-1.3.jar;C:\Users\neera\.m2\repository\org\bytedeco\javacpp-presets\flycapture\2.9.3.43-1.3\flycapture-2.9.3.43-1.3.jar;C:\Users\neera\.m2\repository\org\bytedeco\javacpp-presets\libdc1394\2.2.4-1.3\libdc1394-2.2.4-1.3.jar;C:\Users\neera\.m2\repository\org\bytedeco\javacpp-presets\libfreenect\0.5.3-1.3\libfreenect-0.5.3-1.3.jar;C:\Users\neera\.m2\repository\org\bytedeco\javacpp-presets\libfreenect2\0.2.0-1.3\libfreenect2-0.2.0-1.3.jar;C:\Users\neera\.m2\repository\org\bytedeco\javacpp-presets\librealsense\1.9.6-1.3\librealsense-1.9.6-1.3.jar;C:\Users\neera\.m2\repository\org\bytedeco\javacpp-presets\videoinput\0.200-1.3\videoinput-0.200-1.3.jar;C:\Users\neera\.m2\repository\org\bytedeco\javacpp-presets\artoolkitplus\2.3.1-1.3\artoolkitplus-2.3.1-1.3.jar;C:\Users\neera\.m2\repository\org\bytedeco\javacpp-presets\flandmark\1.07-1.3\flandmark-1.07-1.3.jar;C:\Users\neera\.m2\repository\org\bytedeco\javacpp-presets\opencv-platform\3.2.0-1.3\opencv-platform-3.2.0-1.3.jar;C:\Users\neera\.m2\repository\org\bytedeco\javacpp-presets\opencv\3.2.0-1.3\opencv-3.2.0-1.3-android-arm.jar;C:\Users\neera\.m2\repository\org\bytedeco\javacpp-presets\opencv\3.2.0-1.3\opencv-3.2.0-1.3-android-x86.jar;C:\Users\neera\.m2\repository\org\bytedeco\javacpp-presets\opencv\3.2.0-1.3\opencv-3.2.0-1.3-linux-x86.jar;C:\Users\neera\.m2\repository\org\bytedeco\javacpp-presets\opencv\3.2.0-1.3\opencv-3.2.0-1.3-linux-x86_64.jar;C:\Users\neera\.m2\repository\org\bytedeco\javacpp-presets\opencv\3.2.0-1.3\opencv-3.2.0-1.3-linux-armhf.jar;C:\Users\neera\.m2\repository\org\bytedeco\javacpp-presets\opencv\3.2.0-1.3\opencv-3.2.0-1.3-linux-ppc64le.jar;C:\Users\neera\.m2\repository\org\bytedeco\javacpp-presets\opencv\3.2.0-1.3\opencv-3.2.0-1.3-macosx-x86_64.jar;C:\Users\neera\.m2\repository\org\bytedeco\javacpp-presets\opencv\3.2.0-1.3\opencv-3.2.0-1.3-windows-x86.jar;C:\Users\neera\.m2\repository\org\bytedeco\javacpp-presets\opencv\3.2.0-1.3\opencv-3.2.0-1.3-windows-x86_64.jar;C:\Users\neera\.m2\repository\org\bytedeco\javacpp-presets\ffmpeg-platform\3.2.1-1.3\ffmpeg-platform-3.2.1-1.3.jar;C:\Users\neera\.m2\repository\org\bytedeco\javacpp-presets\ffmpeg\3.2.1-1.3\ffmpeg-3.2.1-1.3-android-arm.jar;C:\Users\neera\.m2\repository\org\bytedeco\javacpp-presets\ffmpeg\3.2.1-1.3\ffmpeg-3.2.1-1.3-android-x86.jar;C:\Users\neera\.m2\repository\org\bytedeco\javacpp-presets\ffmpeg\3.2.1-1.3\ffmpeg-3.2.1-1.3-linux-x86.jar;C:\Users\neera\.m2\repository\org\bytedeco\javacpp-presets\ffmpeg\3.2.1-1.3\ffmpeg-3.2.1-1.3-linux-x86_64.jar;C:\Users\neera\.m2\repository\org\bytedeco\javacpp-presets\ffmpeg\3.2.1-1.3\ffmpeg-3.2.1-1.3-linux-armhf.jar;C:\Users\neera\.m2\repository\org\bytedeco\javacpp-presets\ffmpeg\3.2.1-1.3\ffmpeg-3.2.1-1.3-linux-ppc64le.jar;C:\Users\neera\.m2\repository\org\bytedeco\javacpp-presets\ffmpeg\3.2.1-1.3\ffmpeg-3.2.1-1.3-macosx-x86_64.jar;C:\Users\neera\.m2\repository\org\bytedeco\javacpp-presets\ffmpeg\3.2.1-1.3\ffmpeg-3.2.1-1.3-windows-x86.jar;C:\Users\neera\.m2\repository\org\bytedeco\javacpp-presets\ffmpeg\3.2.1-1.3\ffmpeg-3.2.1-1.3-windows-x86_64.jar;C:\Users\neera\.m2\repository\org\bytedeco\javacpp-presets\flycapture-platform\2.9.3.43-1.3\flycapture-platform-2.9.3.43-1.3.jar;C:\Users\neera\.m2\repository\org\bytedeco\javacpp-presets\flycapture\2.9.3.43-1.3\flycapture-2.9.3.43-1.3-linux-x86.jar;C:\Users\neera\.m2\repository\org\bytedeco\javacpp-presets\flycapture\2.9.3.43-1.3\flycapture-2.9.3.43-1.3-linux-x86_64.jar;C:\Users\neera\.m2\repository\org\bytedeco\javacpp-presets\flycapture\2.9.3.43-1.3\flycapture-2.9.3.43-1.3-linux-armhf.jar;C:\Users\neera\.m2\repository\org\bytedeco\javacpp-presets\flycapture\2.9.3.43-1.3\flycapture-2.9.3.43-1.3-windows-x86.jar;C:\Users\neera\.m2\repository\org\bytedeco\javacpp-presets\flycapture\2.9.3.43-1.3\flycapture-2.9.3.43-1.3-windows-x86_64.jar;C:\Users\neera\.m2\repository\org\bytedeco\javacpp-presets\libdc1394-platform\2.2.4-1.3\libdc1394-platform-2.2.4-1.3.jar;C:\Users\neera\.m2\repository\org\bytedeco\javacpp-presets\libdc1394\2.2.4-1.3\libdc1394-2.2.4-1.3-linux-x86.jar;C:\Users\neera\.m2\repository\org\bytedeco\javacpp-presets\libdc1394\2.2.4-1.3\libdc1394-2.2.4-1.3-linux-x86_64.jar;C:\Users\neera\.m2\repository\org\bytedeco\javacpp-presets\libdc1394\2.2.4-1.3\libdc1394-2.2.4-1.3-linux-armhf.jar;C:\Users\neera\.m2\repository\org\bytedeco\javacpp-presets\libdc1394\2.2.4-1.3\libdc1394-2.2.4-1.3-linux-ppc64le.jar;C:\Users\neera\.m2\repository\org\bytedeco\javacpp-presets\libdc1394\2.2.4-1.3\libdc1394-2.2.4-1.3-macosx-x86_64.jar;C:\Users\neera\.m2\repository\org\bytedeco\javacpp-presets\libdc1394\2.2.4-1.3\libdc1394-2.2.4-1.3-windows-x86.jar;C:\Users\neera\.m2\repository\org\bytedeco\javacpp-presets\libdc1394\2.2.4-1.3\libdc1394-2.2.4-1.3-windows-x86_64.jar;C:\Users\neera\.m2\repository\org\bytedeco\javacpp-presets\libfreenect-platform\0.5.3-1.3\libfreenect-platform-0.5.3-1.3.jar;C:\Users\neera\.m2\repository\org\bytedeco\javacpp-presets\libfreenect\0.5.3-1.3\libfreenect-0.5.3-1.3-linux-x86.jar;C:\Users\neera\.m2\repository\org\bytedeco\javacpp-presets\libfreenect\0.5.3-1.3\libfreenect-0.5.3-1.3-linux-x86_64.jar;C:\Users\neera\.m2\repository\org\bytedeco\javacpp-presets\libfreenect\0.5.3-1.3\libfreenect-0.5.3-1.3-linux-armhf.jar;C:\Users\neera\.m2\repository\org\bytedeco\javacpp-presets\libfreenect\0.5.3-1.3\libfreenect-0.5.3-1.3-linux-ppc64le.jar;C:\Users\neera\.m2\repository\org\bytedeco\javacpp-presets\libfreenect\0.5.3-1.3\libfreenect-0.5.3-1.3-macosx-x86_64.jar;C:\Users\neera\.m2\repository\org\bytedeco\javacpp-presets\libfreenect\0.5.3-1.3\libfreenect-0.5.3-1.3-windows-x86.jar;C:\Users\neera\.m2\repository\org\bytedeco\javacpp-presets\libfreenect\0.5.3-1.3\libfreenect-0.5.3-1.3-windows-x86_64.jar;C:\Users\neera\.m2\repository\org\bytedeco\javacpp-presets\libfreenect2-platform\0.2.0-1.3\libfreenect2-platform-0.2.0-1.3.jar;C:\Users\neera\.m2\repository\org\bytedeco\javacpp-presets\libfreenect2\0.2.0-1.3\libfreenect2-0.2.0-1.3-linux-x86.jar;C:\Users\neera\.m2\repository\org\bytedeco\javacpp-presets\libfreenect2\0.2.0-1.3\libfreenect2-0.2.0-1.3-linux-x86_64.jar;C:\Users\neera\.m2\repository\org\bytedeco\javacpp-presets\librealsense-platform\1.9.6-1.3\librealsense-platform-1.9.6-1.3.jar;C:\Users\neera\.m2\repository\org\bytedeco\javacpp-presets\librealsense\1.9.6-1.3\librealsense-1.9.6-1.3-linux-x86.jar;C:\Users\neera\.m2\repository\org\bytedeco\javacpp-presets\librealsense\1.9.6-1.3\librealsense-1.9.6-1.3-linux-x86_64.jar;C:\Users\neera\.m2\repository\org\bytedeco\javacpp-presets\videoinput-platform\0.200-1.3\videoinput-platform-0.200-1.3.jar;C:\Users\neera\.m2\repository\org\bytedeco\javacpp-presets\videoinput\0.200-1.3\videoinput-0.200-1.3-windows-x86.jar;C:\Users\neera\.m2\repository\org\bytedeco\javacpp-presets\videoinput\0.200-1.3\videoinput-0.200-1.3-windows-x86_64.jar;C:\Users\neera\.m2\repository\org\bytedeco\javacpp-presets\artoolkitplus-platform\2.3.1-1.3\artoolkitplus-platform-2.3.1-1.3.jar;C:\Users\neera\.m2\repository\org\bytedeco\javacpp-presets\artoolkitplus\2.3.1-1.3\artoolkitplus-2.3.1-1.3-android-arm.jar;C:\Users\neera\.m2\repository\org\bytedeco\javacpp-presets\artoolkitplus\2.3.1-1.3\artoolkitplus-2.3.1-1.3-android-x86.jar;C:\Users\neera\.m2\repository\org\bytedeco\javacpp-presets\artoolkitplus\2.3.1-1.3\artoolkitplus-2.3.1-1.3-linux-x86.jar;C:\Users\neera\.m2\repository\org\bytedeco\javacpp-presets\artoolkitplus\2.3.1-1.3\artoolkitplus-2.3.1-1.3-linux-x86_64.jar;C:\Users\neera\.m2\repository\org\bytedeco\javacpp-presets\artoolkitplus\2.3.1-1.3\artoolkitplus-2.3.1-1.3-linux-armhf.jar;C:\Users\neera\.m2\repository\org\bytedeco\javacpp-presets\artoolkitplus\2.3.1-1.3\artoolkitplus-2.3.1-1.3-linux-ppc64le.jar;C:\Users\neera\.m2\repository\org\bytedeco\javacpp-presets\artoolkitplus\2.3.1-1.3\artoolkitplus-2.3.1-1.3-macosx-x86_64.jar;C:\Users\neera\.m2\repository\org\bytedeco\javacpp-presets\artoolkitplus\2.3.1-1.3\artoolkitplus-2.3.1-1.3-windows-x86.jar;C:\Users\neera\.m2\repository\org\bytedeco\javacpp-presets\artoolkitplus\2.3.1-1.3\artoolkitplus-2.3.1-1.3-windows-x86_64.jar;C:\Users\neera\.m2\repository\org\bytedeco\javacpp-presets\flandmark-platform\1.07-1.3\flandmark-platform-1.07-1.3.jar;C:\Users\neera\.m2\repository\org\bytedeco\javacpp-presets\flandmark\1.07-1.3\flandmark-1.07-1.3-android-arm.jar;C:\Users\neera\.m2\repository\org\bytedeco\javacpp-presets\flandmark\1.07-1.3\flandmark-1.07-1.3-android-x86.jar;C:\Users\neera\.m2\repository\org\bytedeco\javacpp-presets\flandmark\1.07-1.3\flandmark-1.07-1.3-linux-x86.jar;C:\Users\neera\.m2\repository\org\bytedeco\javacpp-presets\flandmark\1.07-1.3\flandmark-1.07-1.3-linux-x86_64.jar;C:\Users\neera\.m2\repository\org\bytedeco\javacpp-presets\flandmark\1.07-1.3\flandmark-1.07-1.3-linux-armhf.jar;C:\Users\neera\.m2\repository\org\bytedeco\javacpp-presets\flandmark\1.07-1.3\flandmark-1.07-1.3-linux-ppc64le.jar;C:\Users\neera\.m2\repository\org\bytedeco\javacpp-presets\flandmark\1.07-1.3\flandmark-1.07-1.3-macosx-x86_64.jar;C:\Users\neera\.m2\repository\org\bytedeco\javacpp-presets\flandmark\1.07-1.3\flandmark-1.07-1.3-windows-x86.jar;C:\Users\neera\.m2\repository\org\bytedeco\javacpp-presets\flandmark\1.07-1.3\flandmark-1.07-1.3-windows-x86_64.jar;D:\OpenCV\opencv\build\java\opencv-460.jar
Launcher Type: SUN_STANDARD

[Global flags]
     intx CICompilerCount                          = 3                                         {product} {ergonomic}
     uint ConcGCThreads                            = 1                                         {product} {ergonomic}
     uint G1ConcRefinementThreads                  = 4                                         {product} {ergonomic}
   size_t G1HeapRegionSize                         = 1048576                                   {product} {ergonomic}
    uintx GCDrainStackTargetSize                   = 64                                        {product} {ergonomic}
   size_t InitialHeapSize                          = 134217728                                 {product} {ergonomic}
   size_t MarkStackSize                            = 4194304                                   {product} {ergonomic}
   size_t MaxHeapSize                              = 2128609280                                {product} {ergonomic}
   size_t MaxNewSize                               = 1277165568                                {product} {ergonomic}
   size_t MinHeapDeltaBytes                        = 1048576                                   {product} {ergonomic}
   size_t MinHeapSize                              = 8388608                                   {product} {ergonomic}
    uintx NonNMethodCodeHeapSize                   = 5832780                                {pd product} {ergonomic}
    uintx NonProfiledCodeHeapSize                  = 122912730                              {pd product} {ergonomic}
    uintx ProfiledCodeHeapSize                     = 122912730                              {pd product} {ergonomic}
    uintx ReservedCodeCacheSize                    = 251658240                              {pd product} {ergonomic}
     bool SegmentedCodeCache                       = true                                      {product} {ergonomic}
   size_t SoftMaxHeapSize                          = 2128609280                             {manageable} {ergonomic}
     bool UseCompressedClassPointers               = true                           {product lp64_product} {ergonomic}
     bool UseCompressedOops                        = true                           {product lp64_product} {ergonomic}
     bool UseG1GC                                  = true                                      {product} {ergonomic}
     bool UseLargePagesIndividualAllocation        = false                                  {pd product} {ergonomic}

Logging:
Log output configuration:
 #0: stdout all=off uptime,level,tags foldmultilines=false
 #1: stderr all=off uptime,level,tags foldmultilines=false

Environment Variables:
JAVA_HOME=C:\Program Files\Java\jdk1.8.0_202
PATH=C:\Program Files\Common Files\Oracle\Java\javapath;C:\Program Files (x86)\Common Files\Oracle\Java\javapath;C:\WINDOWS\system32;C:\WINDOWS;C:\WINDOWS\System32\Wbem;C:\WINDOWS\System32\WindowsPowerShell\v1.0\;C:\WINDOWS\System32\OpenSSH\;C:\Program Files\Git\cmd;D:\opencv\opencv\build\bin;C:\Program Files\nodejs\;C:\Users\neera\AppData\Local\Programs\Python\Python38;D:\com\googlecode\javacv\cpp\windows-x86_64;D:\OpenCV\opencv\build\java\x64;C:\Program Files\Java\jdk1.8.0_202\bin;C:\Program Files\Java\jdk-11.0.16.1\bin;C:\Program Files\Java\jdk-19\bin;C:\Program Files\Java\jre1.8.0_351\bin;;C:\Program Files\Docker\Docker\resources\bin;C:\Program Files\Java\jdk1.8.0_202/bin;C:\Program Files\Common Files\Oracle\Java\javapath;C:\Program Files (x86)\Common Files\Oracle\Java\javapath;C:\WINDOWS\system32;C:\WINDOWS;C:\WINDOWS\System32\Wbem;C:\WINDOWS\System32\WindowsPowerShell\v1.0\;C:\WINDOWS\System32\OpenSSH\;C:\Program Files\Git\cmd;D:\opencv\opencv\build\bin;C:\Program Files\nodejs\;C:\Users\neera\AppData\Local\Programs\Python\Python38;D:\com\googlecode\javacv\cpp\windows-x86_64;D:\OpenCV\opencv\build\java\x64;C:\Program Files\Java\jdk1.8.0_202\bin;C:\Program Files\Java\jdk-11.0.16.1\bin;C:\Program Files\Java\jdk-19\bin;C:\Program Files\Java\jre1.8.0_351\bin;;C:\Program Files\Docker\Docker\resources\bin
USERNAME=neera
OS=Windows_NT
PROCESSOR_IDENTIFIER=Intel64 Family 6 Model 69 Stepping 1, GenuineIntel
TMP=C:\Users\neera\AppData\Local\Temp
TEMP=C:\Users\neera\AppData\Local\Temp



---------------  S Y S T E M  ---------------

OS:
 Windows 10 , 64 bit Build 19041 (10.0.19041.2364)
OS uptime: 0 days 14:07 hours
Hyper-V role detected

CPU: total 4 (initial active 4) (2 cores per cpu, 2 threads per core) family 6 model 69 stepping 1 microcode 0x25, cx8, cmov, fxsr, ht, mmx, sse, sse2, sse3, ssse3, sse4.1, sse4.2, popcnt, lzcnt, tsc, tscinvbit, avx, avx2, aes, erms, clmul, bmi1, bmi2, fma, vzeroupper, clflush, hv, rdtscp

Memory: 4k page, system-wide physical 8113M (1550M free)
TotalPageFile size 11697M (AvailPageFile size 1977M)
current process WorkingSet (physical memory assigned to process): 195M, peak: 566M
current process commit charge ("private bytes"): 273M, peak: 646M

vm_info: Java HotSpot(TM) 64-Bit Server VM (19.0.1+10-21) for windows-amd64 JRE (19.0.1+10-21), built on 2022-09-14T12:45:06Z by "mach5one" with MS VC++ 17.1 (VS2022)

END.
