#
# A fatal error has been detected by the Java Runtime Environment:
#
#  EXCEPTION_ACCESS_VIOLATION (0xc0000005) at pc=0x00007ffefce9faad, pid=13600, tid=10952
#
# JRE version: Java(TM) SE Runtime Environment (19.0.1+10) (build 19.0.1+10-21)
# Java VM: Java HotSpot(TM) 64-Bit Server VM (19.0.1+10-21, mixed mode, sharing, tiered, compressed oops, compressed class ptrs, g1 gc, windows-amd64)
# Problematic frame:
# C  [ntdll.dll+0x2faad]
#
# No core dump will be written. Minidumps are not enabled by default on client versions of Windows
#
# If you would like to submit a bug report, please visit:
#   https://bugreport.java.com/bugreport/crash.jsp
#

---------------  S U M M A R Y ------------

Command Line: -Djava.library.path=D:\OpenCV\opencv\build\java\x64 -javaagent:C:\Program Files\JetBrains\IntelliJ IDEA 2022.3.1\lib\idea_rt.jar=52081:C:\Program Files\JetBrains\IntelliJ IDEA 2022.3.1\bin -Dfile.encoding=UTF-8 -Dsun.stdout.encoding=UTF-8 -Dsun.stderr.encoding=UTF-8 org.example.AddNewUser

Host: Intel(R) Core(TM) i7-4600U CPU @ 2.10GHz, 4 cores, 7G,  Windows 10 , 64 bit Build 19041 (10.0.19041.2364)
Time: Tue Jan 31 19:25:45 2023 India Standard Time elapsed time: 144.823247 seconds (0d 0h 2m 24s)

---------------  T H R E A D  ---------------

Current thread (0x0000021cfefe3190):  VMThread "VM Thread" [stack: 0x0000004eb3500000,0x0000004eb3600000] [id=10952]

Stack: [0x0000004eb3500000,0x0000004eb3600000],  sp=0x0000004eb35fece0,  free space=1019k
Native frames: (J=compiled Java code, j=interpreted, Vv=VM code, C=native code)
C  [ntdll.dll+0x2faad]
C  [igdrcl64.dll+0x904e9]


siginfo: EXCEPTION_ACCESS_VIOLATION (0xc0000005), writing address 0x0000000000000018


Registers:
RAX=0x0000004eb2a95000, RBX=0x0000004eb35fed68, RCX=0x0000000000000010, RDX=0x0000000000000010
RSP=0x0000004eb35fece0, RBP=0x0000004eb35ff290, RSI=0x00000000ffffffff, RDI=0x0000021c95113ad0
R8 =0x000000000000003a, R9 =0x000000000000003a, R10=0x0000000000000038, R11=0x0000004eb35fed80
R12=0x0000021c95b5c040, R13=0x0000000000000040, R14=0x0000021c95b5c778, R15=0x0000004eb35fef40
RIP=0x00007ffefce9faad, EFLAGS=0x0000000000010202


Register to memory mapping:

RIP=0x00007ffefce9faad ntdll.dll
RAX=0x0000004eb2a95000 points into unknown readable memory: 0x0000000000000000 | 00 00 00 00 00 00 00 00
RBX=0x0000004eb35fed68 points into unknown readable memory: 0x0000000000000010 | 10 00 00 00 00 00 00 00
RCX=0x0000000000000010 is an unknown value
RDX=0x0000000000000010 is an unknown value
RSP=0x0000004eb35fece0 points into unknown readable memory: 0x0000000000000000 | 00 00 00 00 00 00 00 00
RBP=0x0000004eb35ff290 points into unknown readable memory: 0x0000004eb35ff3d9 | d9 f3 5f b3 4e 00 00 00
RSI=0x00000000ffffffff is pointing into object: Ljava.internal.vm.FillerArray; 
{0x00000000ffffffe0} - klass: {type array int}
 - length: 4
RDI=0x0000021c95113ad0 points into unknown readable memory: 0x00007ffea9304e00 | 00 4e 30 a9 fe 7f 00 00
R8 =0x000000000000003a is an unknown value
R9 =0x000000000000003a is an unknown value
R10=0x0000000000000038 is an unknown value
R11=0x0000004eb35fed80 points into unknown readable memory: 0x0000021c95f66e90 | 90 6e f6 95 1c 02 00 00
R12=0x0000021c95b5c040 points into unknown readable memory: 0xe9f8b5bde8ce1a9f | 9f 1a ce e8 bd b5 f8 e9
R13=0x0000000000000040 is an unknown value
R14=0x0000021c95b5c778 points into unknown readable memory: 0x0000b5bd17333fb1 | b1 3f 33 17 bd b5 00 00
R15=0x0000004eb35fef40 points into unknown readable memory: 0x0000004eb35fef60 | 60 ef 5f b3 4e 00 00 00


Top of Stack: (sp=0x0000004eb35fece0)
0x0000004eb35fece0:   0000000000000000 0000000000000000
0x0000004eb35fecf0:   0000000000000000 0000000000000000
0x0000004eb35fed00:   0000000000000000 00007ffea8ef04e9
0x0000004eb35fed10:   0000000000000000 0000000000000000
0x0000004eb35fed20:   0000000000000000 0000000000000000
0x0000004eb35fed30:   0000000000000000 00007ffea8ed8868
0x0000004eb35fed40:   0000000000000000 0000000000000000
0x0000004eb35fed50:   0000000000000000 0000000000000000
0x0000004eb35fed60:   fffffffffffffffe 0000000000000010
0x0000004eb35fed70:   0000b5f3a46cd301 0000000000000000
0x0000004eb35fed80:   0000021c95f66e90 00007ffea8ed2455
0x0000004eb35fed90:   0000000000000000 0000021c95113ad0
0x0000004eb35feda0:   0000021c9d73e530 0000000000000004
0x0000004eb35fedb0:   0000021c9d73e530 00007ffe91d200be
0x0000004eb35fedc0:   0000021c95f66f50 0000000000000000
0x0000004eb35fedd0:   0000021cf0010000 0000000000000000 

Instructions: (pc=0x00007ffefce9faad)
0x00007ffefce9f9ad:   48 b8 7f 7f 7f 7f 7f 7f 7f 7f 41 8b c8 48 0b cb
0x00007ffefce9f9bd:   48 23 c8 83 e6 1f 49 89 8c f4 40 a5 16 00 48 81
0x00007ffefce9f9cd:   c4 98 00 00 00 41 5f 41 5e 41 5d 41 5c 5f 5e 5b
0x00007ffefce9f9dd:   5d c3 cc 33 d2 41 8b c6 41 f7 f0 44 8b c8 e9 d6
0x00007ffefce9f9ed:   fc ff ff 41 8d 57 ff 41 85 d7 0f 84 93 38 08 00
0x00007ffefce9f9fd:   41 b8 00 10 00 00 41 b9 ff ff 00 00 e9 bc 38 08
0x00007ffefce9fa0d:   00 cc cc cc cc cc cc 48 8b c4 48 89 58 08 48 89
0x00007ffefce9fa1d:   68 10 48 89 70 18 48 89 78 20 41 56 48 83 ec 20
0x00007ffefce9fa2d:   40 8a ea 4c 8d 35 99 d1 13 00 48 8b f1 33 db 48
0x00007ffefce9fa3d:   8d 0d 9d d1 13 00 e8 58 00 00 00 4c 8b 05 81 d1
0x00007ffefce9fa4d:   13 00 4d 3b c6 0f 85 88 3b 08 00 48 85 db 75 33
0x00007ffefce9fa5d:   48 8d 0d 7c d1 13 00 e8 c7 f7 ff ff 48 85 db 0f
0x00007ffefce9fa6d:   85 a3 3b 08 00 33 c0 48 8b 5c 24 30 48 8b 6c 24
0x00007ffefce9fa7d:   38 48 8b 74 24 40 48 8b 7c 24 48 48 83 c4 20 41
0x00007ffefce9fa8d:   5e c3 cc f0 ff 43 3c eb c7 cc cc cc cc cc cc cc
0x00007ffefce9fa9d:   cc cc cc 48 83 ec 28 65 48 8b 04 25 30 00 00 00
0x00007ffefce9faad:   f0 0f ba 71 08 00 48 8b 40 48 73 13 48 89 41 10
0x00007ffefce9fabd:   33 c0 c7 41 0c 01 00 00 00 48 83 c4 28 c3 cc 48
0x00007ffefce9facd:   39 41 10 75 0b ff 41 0c 33 c0 48 83 c4 28 c3 cc
0x00007ffefce9fadd:   e8 0e 00 00 00 eb e2 cc cc cc cc cc cc cc cc cc
0x00007ffefce9faed:   cc cc cc 48 89 5c 24 18 55 56 57 41 54 41 55 41
0x00007ffefce9fafd:   56 41 57 48 83 ec 20 8b 41 20 48 8b f1 48 0f ba
0x00007ffefce9fb0d:   e0 1a 0f 82 df 01 00 00 33 ff 40 32 ed 66 83 3c
0x00007ffefce9fb1d:   25 6a 03 fe 7f 01 76 19 48 8b 7e 20 48 8b c7 81
0x00007ffefce9fb2d:   e7 ff ff ff 00 25 00 00 00 02 48 85 c0 40 0f 95
0x00007ffefce9fb3d:   c5 45 32 ff b0 01 45 32 e4 41 bd 01 00 00 00 45
0x00007ffefce9fb4d:   33 c0 ba 6a 03 fe 7f 84 c0 0f 84 14 01 00 00 8b
0x00007ffefce9fb5d:   46 08 4c 8d 4e 08 45 84 e4 41 be 03 00 00 00 45
0x00007ffefce9fb6d:   0f 44 f5 41 84 c5 0f 85 e2 00 00 00 8d 0c bf 03
0x00007ffefce9fb7d:   c9 66 44 39 2a 0f 86 e8 00 00 00 4d 85 c9 74 0e
0x00007ffefce9fb8d:   80 3c 25 97 02 fe 7f 00 0f 85 a9 3a 08 00 0f b7
0x00007ffefce9fb9d:   1c 25 d6 02 fe 7f 83 fb 0c 0f 85 a2 00 00 00 b8 


Stack slot to memory mapping:
stack at sp + 0 slots: 0x0 is NULL
stack at sp + 1 slots: 0x0 is NULL
stack at sp + 2 slots: 0x0 is NULL
stack at sp + 3 slots: 0x0 is NULL
stack at sp + 4 slots: 0x0 is NULL
stack at sp + 5 slots: 0x00007ffea8ef04e9 igdrcl64.dll
stack at sp + 6 slots: 0x0 is NULL
stack at sp + 7 slots: 0x0 is NULL

VM_Operation (0x0000004eb2cff1d0): Exit, mode: safepoint, requested by thread 0x0000021c95c15e60


---------------  P R O C E S S  ---------------

Threads class SMR info:
_java_thread_list=0x0000021cfefe5ec0, length=22, elements={
0x0000021cfefff9d0, 0x0000021cff000500, 0x0000021cff006890, 0x0000021cff0071c0,
0x0000021cff008290, 0x0000021cff00eaf0, 0x0000021cff0150a0, 0x0000021cff013380,
0x0000021cff0215f0, 0x0000021cff309ed0, 0x0000021cff308990, 0x0000021cff30b960,
0x0000021cff30aec0, 0x0000021cff30b410, 0x0000021cff30beb0, 0x0000021c95c13930,
0x0000021c95c1ae10, 0x0000021c95c19e20, 0x0000021c95c188e0, 0x0000021c95c16900,
0x0000021c95c18e30, 0x0000021c95c15e60
}

Java Threads: ( => current thread )
  0x0000021cfefff9d0 JavaThread "Reference Handler" daemon [_thread_blocked, id=12184, stack(0x0000004eb3600000,0x0000004eb3700000)]
  0x0000021cff000500 JavaThread "Finalizer" daemon [_thread_blocked, id=12432, stack(0x0000004eb3700000,0x0000004eb3800000)]
  0x0000021cff006890 JavaThread "Signal Dispatcher" daemon [_thread_blocked, id=12764, stack(0x0000004eb3800000,0x0000004eb3900000)]
  0x0000021cff0071c0 JavaThread "Attach Listener" daemon [_thread_blocked, id=244, stack(0x0000004eb3900000,0x0000004eb3a00000)]
  0x0000021cff008290 JavaThread "Service Thread" daemon [_thread_blocked, id=236, stack(0x0000004eb3a00000,0x0000004eb3b00000)]
  0x0000021cff00eaf0 JavaThread "Monitor Deflation Thread" daemon [_thread_blocked, id=1296, stack(0x0000004eb3b00000,0x0000004eb3c00000)]
  0x0000021cff0150a0 JavaThread "C2 CompilerThread0" daemon [_thread_blocked, id=1120, stack(0x0000004eb3c00000,0x0000004eb3d00000)]
  0x0000021cff013380 JavaThread "C1 CompilerThread0" daemon [_thread_blocked, id=14036, stack(0x0000004eb3d00000,0x0000004eb3e00000)]
  0x0000021cff0215f0 JavaThread "Sweeper thread" daemon [_thread_blocked, id=9920, stack(0x0000004eb3e00000,0x0000004eb3f00000)]
  0x0000021cff309ed0 JavaThread "Common-Cleaner" daemon [_thread_blocked, id=4040, stack(0x0000004eb3f00000,0x0000004eb4000000)]
  0x0000021cff308990 JavaThread "Monitor Ctrl-Break" daemon [_thread_in_native, id=13416, stack(0x0000004eb4100000,0x0000004eb4200000)]
  0x0000021cff30b960 JavaThread "Notification Thread" daemon [_thread_blocked, id=6624, stack(0x0000004eb4200000,0x0000004eb4300000)]
  0x0000021cff30aec0 JavaThread "Gax-1" daemon [_thread_blocked, id=3304, stack(0x0000004eb4000000,0x0000004eb4100000)]
  0x0000021cff30b410 JavaThread "Java2D Disposer" daemon [_thread_blocked, id=13180, stack(0x0000004eb4700000,0x0000004eb4800000)]
  0x0000021cff30beb0 JavaThread "AWT-Shutdown" [_thread_blocked, id=11280, stack(0x0000004eb4800000,0x0000004eb4900000)]
  0x0000021c95c13930 JavaThread "AWT-EventQueue-0" [_thread_blocked, id=13352, stack(0x0000004eb4a00000,0x0000004eb4b00000)]
  0x0000021c95c1ae10 JavaThread "DestroyJavaVM" [_thread_blocked, id=12480, stack(0x0000004eb2f00000,0x0000004eb3000000)]
  0x0000021c95c19e20 JavaThread "TimerQueue" daemon [_thread_blocked, id=12696, stack(0x0000004eb4e00000,0x0000004eb4f00000)]
  0x0000021c95c188e0 JavaThread "Gax-2" daemon [_thread_blocked, id=11940, stack(0x0000004eb6200000,0x0000004eb6300000)]
  0x0000021c95c16900 JavaThread "Gax-3" daemon [_thread_blocked, id=6552, stack(0x0000004eb4f00000,0x0000004eb5000000)]
  0x0000021c95c18e30 JavaThread "Gax-4" daemon [_thread_blocked, id=13940, stack(0x0000004eb5000000,0x0000004eb5100000)]
  0x0000021c95c15e60 JavaThread "SIGINT handler" daemon [_thread_blocked, id=12436, stack(0x0000004eb2c00000,0x0000004eb2d00000)]

Other Threads:
=>0x0000021cfefe3190 VMThread "VM Thread" [stack: 0x0000004eb3500000,0x0000004eb3600000] [id=10952]
  0x0000021cf20ba4d0 WorkerThread "GC Thread#0" [stack: 0x0000004eb3000000,0x0000004eb3100000] [id=10160]
  0x0000021c955496d0 WorkerThread "GC Thread#1" [stack: 0x0000004eb4400000,0x0000004eb4500000] [id=14168]
  0x0000021cffb72a20 WorkerThread "GC Thread#2" [stack: 0x0000004eb4500000,0x0000004eb4600000] [id=3292]
  0x0000021cffb734d0 WorkerThread "GC Thread#3" [stack: 0x0000004eb4600000,0x0000004eb4700000] [id=7184]
  0x0000021cf20cb390 ConcurrentGCThread "G1 Main Marker" terminated
  0x0000021cf20cc560 WorkerThread "G1 Conc#0" [stack: 0x0000004eb3200000,0x0000004eb3300000] [id=4244]
  0x0000021cf210e4d0 ConcurrentGCThread "G1 Refine#0" terminated
  0x0000021cfeea12a0 ConcurrentGCThread "G1 Service" terminated

Threads with active compile tasks:

VM state: at safepoint (shutting down)

VM Mutex/Monitor currently owned by a thread:  ([mutex/lock_event])
[0x0000021cf2056480] Threads_lock - owner thread: 0x0000021cfefe3190
[0x0000021cf2056630] Heap_lock - owner thread: 0x0000021c95c15e60

Heap address: 0x0000000081200000, size: 2030 MB, Compressed Oops mode: 32-bit

CDS archive(s) mapped at: [0x0000000800000000-0x0000000800c40000-0x0000000800c40000), size 12845056, SharedBaseAddress: 0x0000000800000000, ArchiveRelocationMode: 0.
Compressed class space mapped at: 0x0000000801000000-0x0000000841000000, reserved size: 1073741824
Narrow klass base: 0x0000000800000000, Narrow klass shift: 0, Narrow klass range: 0x100000000

GC Precious Log:
 CardTable entry size: 512
 Card Set container configuration: InlinePtr #cards 5 size 8 Array Of Cards #cards 12 size 40 Howl #buckets 4 coarsen threshold 1843 Howl Bitmap #cards 512 size 80 coarsen threshold 460 Card regions per heap region 1 cards per card region 2048
 CPUs: 4 total, 4 available
 Memory: 8113M
 Large Page Support: Disabled
 NUMA Support: Disabled
 Compressed Oops: Enabled (32-bit)
 Heap Region Size: 1M
 Heap Min Capacity: 8M
 Heap Initial Capacity: 128M
 Heap Max Capacity: 2030M
 Pre-touch: Disabled
 Parallel Workers: 4
 Concurrent Workers: 1
 Concurrent Refinement Workers: 4
 Periodic GC: Disabled

Heap:
 garbage-first heap   total 114688K, used 55192K [0x0000000081200000, 0x0000000100000000)
  region size 1024K, 17 young (17408K), 1 survivors (1024K)
 Metaspace       used 25275K, committed 25536K, reserved 1114112K
  class space    used 2742K, committed 2880K, reserved 1048576K

Heap Regions: E=young(eden), S=young(survivor), O=old, HS=humongous(starts), HC=humongous(continues), CS=collection set, F=free, OA=open archive, CA=closed archive, TAMS=top-at-mark-start (previous, next)
|   0|0x0000000081200000, 0x0000000081300000, 0x0000000081300000|100%|HS|  |TAMS 0x0000000081300000, 0x0000000081300000| Complete 
|   1|0x0000000081300000, 0x0000000081400000, 0x0000000081400000|100%| O|  |TAMS 0x0000000081400000, 0x0000000081400000| Untracked 
|   2|0x0000000081400000, 0x0000000081500000, 0x0000000081500000|100%| O|  |TAMS 0x0000000081500000, 0x0000000081500000| Untracked 
|   3|0x0000000081500000, 0x0000000081600000, 0x0000000081600000|100%| O|  |TAMS 0x0000000081600000, 0x0000000081600000| Untracked 
|   4|0x0000000081600000, 0x0000000081700000, 0x0000000081700000|100%| O|  |TAMS 0x0000000081700000, 0x0000000081700000| Untracked 
|   5|0x0000000081700000, 0x0000000081800000, 0x0000000081800000|100%|HS|  |TAMS 0x0000000081700000, 0x0000000081700000| Complete 
|   6|0x0000000081800000, 0x0000000081900000, 0x0000000081900000|100%|HC|  |TAMS 0x0000000081800000, 0x0000000081800000| Complete 
|   7|0x0000000081900000, 0x0000000081a00000, 0x0000000081a00000|100%|HS|  |TAMS 0x0000000081900000, 0x0000000081900000| Complete 
|   8|0x0000000081a00000, 0x0000000081b00000, 0x0000000081b00000|100%|HC|  |TAMS 0x0000000081a00000, 0x0000000081a00000| Complete 
|   9|0x0000000081b00000, 0x0000000081c00000, 0x0000000081c00000|100%|HS|  |TAMS 0x0000000081b00000, 0x0000000081c00000| Complete 
|  10|0x0000000081c00000, 0x0000000081d00000, 0x0000000081d00000|100%|HC|  |TAMS 0x0000000081c00000, 0x0000000081d00000| Complete 
|  11|0x0000000081d00000, 0x0000000081e00000, 0x0000000081e00000|100%|HS|  |TAMS 0x0000000081d00000, 0x0000000081d00000| Complete 
|  12|0x0000000081e00000, 0x0000000081f00000, 0x0000000081f00000|100%|HC|  |TAMS 0x0000000081e00000, 0x0000000081e00000| Complete 
|  13|0x0000000081f00000, 0x0000000082000000, 0x0000000082000000|100%|HS|  |TAMS 0x0000000081f00000, 0x0000000081f00000| Complete 
|  14|0x0000000082000000, 0x0000000082100000, 0x0000000082100000|100%|HC|  |TAMS 0x0000000082000000, 0x0000000082000000| Complete 
|  15|0x0000000082100000, 0x0000000082200000, 0x0000000082200000|100%|HS|  |TAMS 0x0000000082100000, 0x0000000082100000| Complete 
|  16|0x0000000082200000, 0x0000000082300000, 0x0000000082300000|100%|HC|  |TAMS 0x0000000082200000, 0x0000000082200000| Complete 
|  17|0x0000000082300000, 0x0000000082400000, 0x0000000082400000|100%|HS|  |TAMS 0x0000000082300000, 0x0000000082300000| Complete 
|  18|0x0000000082400000, 0x0000000082500000, 0x0000000082500000|100%|HC|  |TAMS 0x0000000082400000, 0x0000000082400000| Complete 
|  19|0x0000000082500000, 0x0000000082600000, 0x0000000082600000|100%|HS|  |TAMS 0x0000000082500000, 0x0000000082500000| Complete 
|  20|0x0000000082600000, 0x0000000082700000, 0x0000000082700000|100%|HC|  |TAMS 0x0000000082600000, 0x0000000082600000| Complete 
|  21|0x0000000082700000, 0x0000000082800000, 0x0000000082800000|100%|HS|  |TAMS 0x0000000082700000, 0x0000000082700000| Complete 
|  22|0x0000000082800000, 0x0000000082900000, 0x0000000082900000|100%|HC|  |TAMS 0x0000000082800000, 0x0000000082800000| Complete 
|  23|0x0000000082900000, 0x0000000082a00000, 0x0000000082a00000|100%|HS|  |TAMS 0x0000000082900000, 0x0000000082900000| Complete 
|  24|0x0000000082a00000, 0x0000000082b00000, 0x0000000082b00000|100%|HC|  |TAMS 0x0000000082a00000, 0x0000000082a00000| Complete 
|  25|0x0000000082b00000, 0x0000000082c00000, 0x0000000082c00000|100%|HS|  |TAMS 0x0000000082b00000, 0x0000000082b00000| Complete 
|  26|0x0000000082c00000, 0x0000000082d00000, 0x0000000082d00000|100%|HC|  |TAMS 0x0000000082c00000, 0x0000000082c00000| Complete 
|  27|0x0000000082d00000, 0x0000000082e00000, 0x0000000082e00000|100%| O|  |TAMS 0x0000000082d00000, 0x0000000082e00000| Untracked 
|  28|0x0000000082e00000, 0x0000000082e8c200, 0x0000000082f00000| 54%| O|  |TAMS 0x0000000082e00000, 0x0000000082e8c200| Untracked 
|  29|0x0000000082f00000, 0x0000000082f00000, 0x0000000083000000|  0%| F|  |TAMS 0x0000000082f00000, 0x0000000082f00000| Untracked 
|  30|0x0000000083000000, 0x0000000083000000, 0x0000000083100000|  0%| F|  |TAMS 0x0000000083000000, 0x0000000083000000| Untracked 
|  31|0x0000000083100000, 0x0000000083100000, 0x0000000083200000|  0%| F|  |TAMS 0x0000000083100000, 0x0000000083100000| Untracked 
|  32|0x0000000083200000, 0x0000000083200000, 0x0000000083300000|  0%| F|  |TAMS 0x0000000083200000, 0x0000000083200000| Untracked 
|  33|0x0000000083300000, 0x0000000083300000, 0x0000000083400000|  0%| F|  |TAMS 0x0000000083300000, 0x0000000083300000| Untracked 
|  34|0x0000000083400000, 0x0000000083400000, 0x0000000083500000|  0%| F|  |TAMS 0x0000000083400000, 0x0000000083400000| Untracked 
|  35|0x0000000083500000, 0x0000000083500000, 0x0000000083600000|  0%| F|  |TAMS 0x0000000083500000, 0x0000000083500000| Untracked 
|  36|0x0000000083600000, 0x0000000083600000, 0x0000000083700000|  0%| F|  |TAMS 0x0000000083600000, 0x0000000083600000| Untracked 
|  37|0x0000000083700000, 0x0000000083700000, 0x0000000083800000|  0%| F|  |TAMS 0x0000000083700000, 0x0000000083700000| Untracked 
|  38|0x0000000083800000, 0x0000000083800000, 0x0000000083900000|  0%| F|  |TAMS 0x0000000083800000, 0x0000000083800000| Untracked 
|  39|0x0000000083900000, 0x0000000083a00000, 0x0000000083a00000|100%|HS|  |TAMS 0x0000000083900000, 0x0000000083a00000| Complete 
|  40|0x0000000083a00000, 0x0000000083b00000, 0x0000000083b00000|100%|HC|  |TAMS 0x0000000083a00000, 0x0000000083b00000| Complete 
|  41|0x0000000083b00000, 0x0000000083c00000, 0x0000000083c00000|100%|HS|  |TAMS 0x0000000083b00000, 0x0000000083c00000| Complete 
|  42|0x0000000083c00000, 0x0000000083d00000, 0x0000000083d00000|100%|HC|  |TAMS 0x0000000083c00000, 0x0000000083d00000| Complete 
|  43|0x0000000083d00000, 0x0000000083e00000, 0x0000000083e00000|100%|HS|  |TAMS 0x0000000083d00000, 0x0000000083e00000| Complete 
|  44|0x0000000083e00000, 0x0000000083f00000, 0x0000000083f00000|100%|HC|  |TAMS 0x0000000083e00000, 0x0000000083f00000| Complete 
|  45|0x0000000083f00000, 0x0000000083f00000, 0x0000000084000000|  0%| F|  |TAMS 0x0000000083f00000, 0x0000000083f00000| Untracked 
|  46|0x0000000084000000, 0x0000000084000000, 0x0000000084100000|  0%| F|  |TAMS 0x0000000084000000, 0x0000000084000000| Untracked 
|  47|0x0000000084100000, 0x0000000084100000, 0x0000000084200000|  0%| F|  |TAMS 0x0000000084100000, 0x0000000084100000| Untracked 
|  48|0x0000000084200000, 0x0000000084200000, 0x0000000084300000|  0%| F|  |TAMS 0x0000000084200000, 0x0000000084200000| Untracked 
|  49|0x0000000084300000, 0x0000000084300000, 0x0000000084400000|  0%| F|  |TAMS 0x0000000084300000, 0x0000000084300000| Untracked 
|  50|0x0000000084400000, 0x0000000084400000, 0x0000000084500000|  0%| F|  |TAMS 0x0000000084400000, 0x0000000084400000| Untracked 
|  51|0x0000000084500000, 0x0000000084500000, 0x0000000084600000|  0%| F|  |TAMS 0x0000000084500000, 0x0000000084500000| Untracked 
|  52|0x0000000084600000, 0x0000000084600000, 0x0000000084700000|  0%| F|  |TAMS 0x0000000084600000, 0x0000000084600000| Untracked 
|  53|0x0000000084700000, 0x0000000084700000, 0x0000000084800000|  0%| F|  |TAMS 0x0000000084700000, 0x0000000084700000| Untracked 
|  54|0x0000000084800000, 0x0000000084800000, 0x0000000084900000|  0%| F|  |TAMS 0x0000000084800000, 0x0000000084800000| Untracked 
|  55|0x0000000084900000, 0x0000000084900000, 0x0000000084a00000|  0%| F|  |TAMS 0x0000000084900000, 0x0000000084900000| Untracked 
|  56|0x0000000084a00000, 0x0000000084a00000, 0x0000000084b00000|  0%| F|  |TAMS 0x0000000084a00000, 0x0000000084a00000| Untracked 
|  57|0x0000000084b00000, 0x0000000084b00000, 0x0000000084c00000|  0%| F|  |TAMS 0x0000000084b00000, 0x0000000084b00000| Untracked 
|  58|0x0000000084c00000, 0x0000000084c00000, 0x0000000084d00000|  0%| F|  |TAMS 0x0000000084c00000, 0x0000000084c00000| Untracked 
|  59|0x0000000084d00000, 0x0000000084d00000, 0x0000000084e00000|  0%| F|  |TAMS 0x0000000084d00000, 0x0000000084d00000| Untracked 
|  60|0x0000000084e00000, 0x0000000084e00000, 0x0000000084f00000|  0%| F|  |TAMS 0x0000000084e00000, 0x0000000084e00000| Untracked 
|  61|0x0000000084f00000, 0x0000000084f00000, 0x0000000085000000|  0%| F|  |TAMS 0x0000000084f00000, 0x0000000084f00000| Untracked 
|  62|0x0000000085000000, 0x0000000085000000, 0x0000000085100000|  0%| F|  |TAMS 0x0000000085000000, 0x0000000085000000| Untracked 
|  63|0x0000000085100000, 0x0000000085100000, 0x0000000085200000|  0%| F|  |TAMS 0x0000000085100000, 0x0000000085100000| Untracked 
|  64|0x0000000085200000, 0x0000000085200000, 0x0000000085300000|  0%| F|  |TAMS 0x0000000085200000, 0x0000000085200000| Untracked 
|  65|0x0000000085300000, 0x0000000085300000, 0x0000000085400000|  0%| F|  |TAMS 0x0000000085300000, 0x0000000085300000| Untracked 
|  66|0x0000000085400000, 0x0000000085400000, 0x0000000085500000|  0%| F|  |TAMS 0x0000000085400000, 0x0000000085400000| Untracked 
|  67|0x0000000085500000, 0x0000000085500000, 0x0000000085600000|  0%| F|  |TAMS 0x0000000085500000, 0x0000000085500000| Untracked 
|  68|0x0000000085600000, 0x0000000085600000, 0x0000000085700000|  0%| F|  |TAMS 0x0000000085600000, 0x0000000085600000| Untracked 
|  69|0x0000000085700000, 0x0000000085700000, 0x0000000085800000|  0%| F|  |TAMS 0x0000000085700000, 0x0000000085700000| Untracked 
|  70|0x0000000085800000, 0x0000000085800000, 0x0000000085900000|  0%| F|  |TAMS 0x0000000085800000, 0x0000000085800000| Untracked 
|  71|0x0000000085900000, 0x0000000085900000, 0x0000000085a00000|  0%| F|  |TAMS 0x0000000085900000, 0x0000000085900000| Untracked 
|  72|0x0000000085a00000, 0x0000000085a00000, 0x0000000085b00000|  0%| F|  |TAMS 0x0000000085a00000, 0x0000000085a00000| Untracked 
|  73|0x0000000085b00000, 0x0000000085b00000, 0x0000000085c00000|  0%| F|  |TAMS 0x0000000085b00000, 0x0000000085b00000| Untracked 
|  74|0x0000000085c00000, 0x0000000085c00000, 0x0000000085d00000|  0%| F|  |TAMS 0x0000000085c00000, 0x0000000085c00000| Untracked 
|  75|0x0000000085d00000, 0x0000000085d00000, 0x0000000085e00000|  0%| F|  |TAMS 0x0000000085d00000, 0x0000000085d00000| Untracked 
|  76|0x0000000085e00000, 0x0000000085e00000, 0x0000000085f00000|  0%| F|  |TAMS 0x0000000085e00000, 0x0000000085e00000| Untracked 
|  77|0x0000000085f00000, 0x0000000085f00000, 0x0000000086000000|  0%| F|  |TAMS 0x0000000085f00000, 0x0000000085f00000| Untracked 
|  78|0x0000000086000000, 0x0000000086000000, 0x0000000086100000|  0%| F|  |TAMS 0x0000000086000000, 0x0000000086000000| Untracked 
|  79|0x0000000086100000, 0x0000000086100000, 0x0000000086200000|  0%| F|  |TAMS 0x0000000086100000, 0x0000000086100000| Untracked 
|  80|0x0000000086200000, 0x0000000086200000, 0x0000000086300000|  0%| F|  |TAMS 0x0000000086200000, 0x0000000086200000| Untracked 
|  81|0x0000000086300000, 0x0000000086300000, 0x0000000086400000|  0%| F|  |TAMS 0x0000000086300000, 0x0000000086300000| Untracked 
|  82|0x0000000086400000, 0x0000000086400000, 0x0000000086500000|  0%| F|  |TAMS 0x0000000086400000, 0x0000000086400000| Untracked 
|  83|0x0000000086500000, 0x0000000086500000, 0x0000000086600000|  0%| F|  |TAMS 0x0000000086500000, 0x0000000086500000| Untracked 
|  84|0x0000000086600000, 0x0000000086600000, 0x0000000086700000|  0%| F|  |TAMS 0x0000000086600000, 0x0000000086600000| Untracked 
|  85|0x0000000086700000, 0x000000008675a128, 0x0000000086800000| 35%| S|CS|TAMS 0x0000000086700000, 0x0000000086700000| Complete 
|  86|0x0000000086800000, 0x0000000086800000, 0x0000000086900000|  0%| F|  |TAMS 0x0000000086800000, 0x0000000086800000| Untracked 
|  87|0x0000000086900000, 0x0000000086900000, 0x0000000086a00000|  0%| F|  |TAMS 0x0000000086900000, 0x0000000086900000| Untracked 
|  88|0x0000000086a00000, 0x0000000086a00000, 0x0000000086b00000|  0%| F|  |TAMS 0x0000000086a00000, 0x0000000086a00000| Untracked 
|  89|0x0000000086b00000, 0x0000000086b00000, 0x0000000086c00000|  0%| F|  |TAMS 0x0000000086b00000, 0x0000000086b00000| Untracked 
|  90|0x0000000086c00000, 0x0000000086c00000, 0x0000000086d00000|  0%| F|  |TAMS 0x0000000086c00000, 0x0000000086c00000| Untracked 
|  91|0x0000000086d00000, 0x0000000086d00000, 0x0000000086e00000|  0%| F|  |TAMS 0x0000000086d00000, 0x0000000086d00000| Untracked 
|  92|0x0000000086e00000, 0x0000000086ea9778, 0x0000000086f00000| 66%| E|  |TAMS 0x0000000086e00000, 0x0000000086e00000| Complete 
|  93|0x0000000086f00000, 0x0000000087000000, 0x0000000087000000|100%| E|CS|TAMS 0x0000000086f00000, 0x0000000086f00000| Complete 
|  94|0x0000000087000000, 0x0000000087100000, 0x0000000087100000|100%| E|CS|TAMS 0x0000000087000000, 0x0000000087000000| Complete 
|  95|0x0000000087100000, 0x0000000087200000, 0x0000000087200000|100%| E|CS|TAMS 0x0000000087100000, 0x0000000087100000| Complete 
|  96|0x0000000087200000, 0x0000000087300000, 0x0000000087300000|100%| E|CS|TAMS 0x0000000087200000, 0x0000000087200000| Complete 
|  97|0x0000000087300000, 0x0000000087400000, 0x0000000087400000|100%| E|CS|TAMS 0x0000000087300000, 0x0000000087300000| Complete 
|  98|0x0000000087400000, 0x0000000087500000, 0x0000000087500000|100%| E|CS|TAMS 0x0000000087400000, 0x0000000087400000| Complete 
|  99|0x0000000087500000, 0x0000000087600000, 0x0000000087600000|100%| E|CS|TAMS 0x0000000087500000, 0x0000000087500000| Complete 
| 100|0x0000000087600000, 0x0000000087700000, 0x0000000087700000|100%| E|CS|TAMS 0x0000000087600000, 0x0000000087600000| Complete 
| 101|0x0000000087700000, 0x0000000087800000, 0x0000000087800000|100%| E|CS|TAMS 0x0000000087700000, 0x0000000087700000| Complete 
| 122|0x0000000088c00000, 0x0000000088d00000, 0x0000000088d00000|100%| E|CS|TAMS 0x0000000088c00000, 0x0000000088c00000| Complete 
| 123|0x0000000088d00000, 0x0000000088e00000, 0x0000000088e00000|100%| E|CS|TAMS 0x0000000088d00000, 0x0000000088d00000| Complete 
| 124|0x0000000088e00000, 0x0000000088f00000, 0x0000000088f00000|100%| E|CS|TAMS 0x0000000088e00000, 0x0000000088e00000| Complete 
| 125|0x0000000088f00000, 0x0000000089000000, 0x0000000089000000|100%| E|CS|TAMS 0x0000000088f00000, 0x0000000088f00000| Complete 
| 126|0x0000000089000000, 0x0000000089100000, 0x0000000089100000|100%| E|CS|TAMS 0x0000000089000000, 0x0000000089000000| Complete 
| 127|0x0000000089100000, 0x0000000089200000, 0x0000000089200000|100%| E|CS|TAMS 0x0000000089100000, 0x0000000089100000| Complete 
|2026|0x00000000ffc00000, 0x00000000ffd00000, 0x00000000ffd00000|100%| O|  |TAMS 0x00000000ffc00000, 0x00000000ffd00000| Untracked 
|2027|0x00000000ffd00000, 0x00000000ffe00000, 0x00000000ffe00000|100%| O|  |TAMS 0x00000000ffd00000, 0x00000000ffe00000| Untracked 
|2028|0x00000000ffe00000, 0x00000000fff00000, 0x00000000fff00000|100%| O|  |TAMS 0x00000000ffe00000, 0x00000000fff00000| Untracked 
|2029|0x00000000fff00000, 0x0000000100000000, 0x0000000100000000|100%| O|  |TAMS 0x00000000fff00000, 0x0000000100000000| Untracked 

Card table byte_map: [0x0000021cfa3b0000,0x0000021cfa7b0000] _byte_map_base: 0x0000021cf9fa7000

Marking Bits (Prev, Next): (CMBitMap*) 0x0000021cf20bab40, (CMBitMap*) 0x0000021cf20bab00
 Prev Bits: [0x0000021cfcb70000, 0x0000021cfeb28000)
 Next Bits: [0x0000021cfabb0000, 0x0000021cfcb68000)

Polling page: 0x0000021cf1810000

Metaspace:

Usage:
  Non-class:     22.00 MB used.
      Class:      2.68 MB used.
       Both:     24.68 MB used.

Virtual space:
  Non-class space:       64.00 MB reserved,      22.12 MB ( 35%) committed,  1 nodes.
      Class space:        1.00 GB reserved,       2.81 MB ( <1%) committed,  1 nodes.
             Both:        1.06 GB reserved,      24.94 MB (  2%) committed. 

Chunk freelists:
   Non-Class:  1.00 MB
       Class:  1.20 MB
        Both:  2.20 MB

MaxMetaspaceSize: unlimited
CompressedClassSpaceSize: 1.00 GB
Initial GC threshold: 21.00 MB
Current GC threshold: 35.31 MB
CDS: on
MetaspaceReclaimPolicy: balanced
 - commit_granule_bytes: 65536.
 - commit_granule_words: 8192.
 - virtual_space_node_default_size: 8388608.
 - enlarge_chunks_in_place: 1.
 - new_chunks_are_fully_committed: 0.
 - uncommit_free_chunks: 1.
 - use_allocation_guard: 0.


Internal statistics:

num_allocs_failed_limit: 3.
num_arena_births: 234.
num_arena_deaths: 0.
num_vsnodes_births: 2.
num_vsnodes_deaths: 0.
num_space_committed: 399.
num_space_uncommitted: 0.
num_chunks_returned_to_freelist: 3.
num_chunks_taken_from_freelist: 655.
num_chunk_merges: 0.
num_chunk_splits: 492.
num_chunks_enlarged: 412.
num_inconsistent_stats: 0.

CodeHeap 'non-profiled nmethods': size=120000Kb used=830Kb max_used=830Kb free=119170Kb
 bounds [0x0000021c87ad0000, 0x0000021c87d40000, 0x0000021c8f000000]
CodeHeap 'profiled nmethods': size=120000Kb used=4351Kb max_used=4351Kb free=115648Kb
 bounds [0x0000021c80000000, 0x0000021c80440000, 0x0000021c87530000]
CodeHeap 'non-nmethods': size=5760Kb used=1690Kb max_used=1706Kb free=4070Kb
 bounds [0x0000021c87530000, 0x0000021c877a0000, 0x0000021c87ad0000]
 total_blobs=3405 nmethods=2375 adapters=940
 compilation: enabled
              stopped_count=0, restarted_count=0
 full_count=0

Compilation events (20 events):
Event: 29.946 Thread 0x0000021cff013380 2367       3       java.awt.geom.Rectangle2D::intersects (85 bytes)
Event: 29.946 Thread 0x0000021cff013380 nmethod 2367 0x0000021c8043c910 code [0x0000021c8043cb20, 0x0000021c8043d328]
Event: 29.946 Thread 0x0000021cff013380 2366       3       java.awt.Graphics2D::<init> (5 bytes)
Event: 29.946 Thread 0x0000021cff013380 nmethod 2366 0x0000021c8043d510 code [0x0000021c8043d6c0, 0x0000021c8043d898]
Event: 29.954 Thread 0x0000021cff013380 2368       3       java.util.IdentityHashMap$KeyIterator::next (13 bytes)
Event: 29.954 Thread 0x0000021cff013380 nmethod 2368 0x0000021c8043d990 code [0x0000021c8043db40, 0x0000021c8043dde8]
Event: 29.954 Thread 0x0000021cff013380 2369       3       java.util.IdentityHashMap::unmaskNull (13 bytes)
Event: 29.955 Thread 0x0000021cff013380 nmethod 2369 0x0000021c8043df10 code [0x0000021c8043e0a0, 0x0000021c8043e1f8]
Event: 29.955 Thread 0x0000021cff013380 2370       3       sun.java2d.SunGraphics2D::getClipBounds (21 bytes)
Event: 29.955 Thread 0x0000021cff013380 nmethod 2370 0x0000021c8043e290 code [0x0000021c8043e460, 0x0000021c8043e6b8]
Event: 29.964 Thread 0x0000021cff013380 2371       3       java.util.IdentityHashMap$KeySet::iterator (12 bytes)
Event: 29.964 Thread 0x0000021cff013380 nmethod 2371 0x0000021c8043e790 code [0x0000021c8043e940, 0x0000021c8043eb48]
Event: 29.964 Thread 0x0000021cff013380 2372       3       java.util.IdentityHashMap$KeyIterator::<init> (6 bytes)
Event: 29.965 Thread 0x0000021cff013380 nmethod 2372 0x0000021c8043ec10 code [0x0000021c8043edc0, 0x0000021c8043ef08]
Event: 29.965 Thread 0x0000021cff013380 2373       3       sun.java2d.SunGraphics2D::setClip (14 bytes)
Event: 29.965 Thread 0x0000021cff013380 nmethod 2373 0x0000021c8043ef90 code [0x0000021c8043f140, 0x0000021c8043f318]
Event: 30.276 Thread 0x0000021cff013380 2374       3       java.awt.Window::dispatchEventImpl (23 bytes)
Event: 30.276 Thread 0x0000021cff013380 nmethod 2374 0x0000021c8043f410 code [0x0000021c8043f600, 0x0000021c8043fd38]
Event: 144.137 Thread 0x0000021cff013380 2375       1       java.util.concurrent.CopyOnWriteArrayList::getArray (5 bytes)
Event: 144.137 Thread 0x0000021cff013380 nmethod 2375 0x0000021c87b9f510 code [0x0000021c87b9f6a0, 0x0000021c87b9f758]

GC Heap History (20 events):
Event: 9.787 GC heap before
{Heap before GC invocations=14 (full 0):
 garbage-first heap   total 114688K, used 52938K [0x0000000081200000, 0x0000000100000000)
  region size 1024K, 3 young (3072K), 1 survivors (1024K)
 Metaspace       used 24717K, committed 25024K, reserved 1114112K
  class space    used 2724K, committed 2880K, reserved 1048576K
}
Event: 9.788 GC heap after
{Heap after GC invocations=15 (full 0):
 garbage-first heap   total 114688K, used 21191K [0x0000000081200000, 0x0000000100000000)
  region size 1024K, 1 young (1024K), 1 survivors (1024K)
 Metaspace       used 24717K, committed 25024K, reserved 1114112K
  class space    used 2724K, committed 2880K, reserved 1048576K
}
Event: 10.923 GC heap before
{Heap before GC invocations=15 (full 0):
 garbage-first heap   total 114688K, used 71367K [0x0000000081200000, 0x0000000100000000)
  region size 1024K, 21 young (21504K), 1 survivors (1024K)
 Metaspace       used 24796K, committed 25152K, reserved 1114112K
  class space    used 2731K, committed 2880K, reserved 1048576K
}
Event: 10.924 GC heap after
{Heap after GC invocations=16 (full 0):
 garbage-first heap   total 114688K, used 49891K [0x0000000081200000, 0x0000000100000000)
  region size 1024K, 1 young (1024K), 1 survivors (1024K)
 Metaspace       used 24796K, committed 25152K, reserved 1114112K
  class space    used 2731K, committed 2880K, reserved 1048576K
}
Event: 11.054 GC heap before
{Heap before GC invocations=16 (full 0):
 garbage-first heap   total 114688K, used 53987K [0x0000000081200000, 0x0000000100000000)
  region size 1024K, 4 young (4096K), 1 survivors (1024K)
 Metaspace       used 24797K, committed 25152K, reserved 1114112K
  class space    used 2731K, committed 2880K, reserved 1048576K
}
Event: 11.055 GC heap after
{Heap after GC invocations=17 (full 0):
 garbage-first heap   total 114688K, used 21219K [0x0000000081200000, 0x0000000100000000)
  region size 1024K, 1 young (1024K), 1 survivors (1024K)
 Metaspace       used 24797K, committed 25152K, reserved 1114112K
  class space    used 2731K, committed 2880K, reserved 1048576K
}
Event: 12.912 GC heap before
{Heap before GC invocations=17 (full 0):
 garbage-first heap   total 114688K, used 72419K [0x0000000081200000, 0x0000000100000000)
  region size 1024K, 22 young (22528K), 1 survivors (1024K)
 Metaspace       used 24837K, committed 25152K, reserved 1114112K
  class space    used 2731K, committed 2880K, reserved 1048576K
}
Event: 12.913 GC heap after
{Heap after GC invocations=18 (full 0):
 garbage-first heap   total 114688K, used 49892K [0x0000000081200000, 0x0000000100000000)
  region size 1024K, 1 young (1024K), 1 survivors (1024K)
 Metaspace       used 24837K, committed 25152K, reserved 1114112K
  class space    used 2731K, committed 2880K, reserved 1048576K
}
Event: 13.040 GC heap before
{Heap before GC invocations=18 (full 0):
 garbage-first heap   total 114688K, used 52964K [0x0000000081200000, 0x0000000100000000)
  region size 1024K, 3 young (3072K), 1 survivors (1024K)
 Metaspace       used 24837K, committed 25152K, reserved 1114112K
  class space    used 2731K, committed 2880K, reserved 1048576K
}
Event: 13.041 GC heap after
{Heap after GC invocations=19 (full 0):
 garbage-first heap   total 114688K, used 21214K [0x0000000081200000, 0x0000000100000000)
  region size 1024K, 1 young (1024K), 1 survivors (1024K)
 Metaspace       used 24837K, committed 25152K, reserved 1114112K
  class space    used 2731K, committed 2880K, reserved 1048576K
}
Event: 13.850 GC heap before
{Heap before GC invocations=19 (full 0):
 garbage-first heap   total 114688K, used 72414K [0x0000000081200000, 0x0000000100000000)
  region size 1024K, 22 young (22528K), 1 survivors (1024K)
 Metaspace       used 25067K, committed 25344K, reserved 1114112K
  class space    used 2738K, committed 2880K, reserved 1048576K
}
Event: 13.851 GC heap after
{Heap after GC invocations=20 (full 0):
 garbage-first heap   total 114688K, used 25484K [0x0000000081200000, 0x0000000100000000)
  region size 1024K, 1 young (1024K), 1 survivors (1024K)
 Metaspace       used 25067K, committed 25344K, reserved 1114112K
  class space    used 2738K, committed 2880K, reserved 1048576K
}
Event: 14.282 GC heap before
{Heap before GC invocations=20 (full 0):
 garbage-first heap   total 114688K, used 69516K [0x0000000081200000, 0x0000000100000000)
  region size 1024K, 19 young (19456K), 1 survivors (1024K)
 Metaspace       used 25070K, committed 25344K, reserved 1114112K
  class space    used 2738K, committed 2880K, reserved 1048576K
}
Event: 14.284 GC heap after
{Heap after GC invocations=21 (full 0):
 garbage-first heap   total 114688K, used 19334K [0x0000000081200000, 0x0000000100000000)
  region size 1024K, 1 young (1024K), 1 survivors (1024K)
 Metaspace       used 25070K, committed 25344K, reserved 1114112K
  class space    used 2738K, committed 2880K, reserved 1048576K
}
Event: 14.810 GC heap before
{Heap before GC invocations=21 (full 0):
 garbage-first heap   total 114688K, used 72582K [0x0000000081200000, 0x0000000100000000)
  region size 1024K, 22 young (22528K), 1 survivors (1024K)
 Metaspace       used 25079K, committed 25344K, reserved 1114112K
  class space    used 2738K, committed 2880K, reserved 1048576K
}
Event: 14.812 GC heap after
{Heap after GC invocations=22 (full 0):
 garbage-first heap   total 114688K, used 19332K [0x0000000081200000, 0x0000000100000000)
  region size 1024K, 1 young (1024K), 1 survivors (1024K)
 Metaspace       used 25079K, committed 25344K, reserved 1114112K
  class space    used 2738K, committed 2880K, reserved 1048576K
}
Event: 15.355 GC heap before
{Heap before GC invocations=22 (full 0):
 garbage-first heap   total 114688K, used 72580K [0x0000000081200000, 0x0000000100000000)
  region size 1024K, 22 young (22528K), 1 survivors (1024K)
 Metaspace       used 25097K, committed 25344K, reserved 1114112K
  class space    used 2738K, committed 2880K, reserved 1048576K
}
Event: 15.356 GC heap after
{Heap after GC invocations=23 (full 0):
 garbage-first heap   total 114688K, used 19337K [0x0000000081200000, 0x0000000100000000)
  region size 1024K, 1 young (1024K), 1 survivors (1024K)
 Metaspace       used 25097K, committed 25344K, reserved 1114112K
  class space    used 2738K, committed 2880K, reserved 1048576K
}
Event: 15.885 GC heap before
{Heap before GC invocations=23 (full 0):
 garbage-first heap   total 114688K, used 72585K [0x0000000081200000, 0x0000000100000000)
  region size 1024K, 22 young (22528K), 1 survivors (1024K)
 Metaspace       used 25108K, committed 25344K, reserved 1114112K
  class space    used 2738K, committed 2880K, reserved 1048576K
}
Event: 15.886 GC heap after
{Heap after GC invocations=24 (full 0):
 garbage-first heap   total 114688K, used 19352K [0x0000000081200000, 0x0000000100000000)
  region size 1024K, 1 young (1024K), 1 survivors (1024K)
 Metaspace       used 25108K, committed 25344K, reserved 1114112K
  class space    used 2738K, committed 2880K, reserved 1048576K
}

Dll operation events (19 events):
Event: 0.051 Loaded shared library C:\Program Files\Java\jdk-19\bin\java.dll
Event: 0.065 Loaded shared library C:\Program Files\Java\jdk-19\bin\jsvml.dll
Event: 0.298 Loaded shared library C:\Program Files\Java\jdk-19\bin\zip.dll
Event: 0.301 Loaded shared library C:\Program Files\Java\jdk-19\bin\instrument.dll
Event: 0.310 Loaded shared library C:\Program Files\Java\jdk-19\bin\net.dll
Event: 0.312 Loaded shared library C:\Program Files\Java\jdk-19\bin\nio.dll
Event: 0.319 Loaded shared library C:\Program Files\Java\jdk-19\bin\zip.dll
Event: 0.614 Loaded shared library C:\Program Files\JetBrains\IntelliJ IDEA 2022.3.1\bin\breakgen64.dll
Event: 0.627 Loaded shared library C:\Program Files\Java\jdk-19\bin\extnet.dll
Event: 0.698 Loaded shared library C:\Program Files\Java\jdk-19\bin\jimage.dll
Event: 1.220 Loaded shared library C:\Program Files\Java\jdk-19\bin\management.dll
Event: 1.225 Loaded shared library C:\Program Files\Java\jdk-19\bin\management_ext.dll
Event: 1.300 Loaded shared library C:\Program Files\Java\jdk-19\bin\sunmscapi.dll
Event: 1.631 Loaded shared library C:\Users\neera\AppData\Local\Temp\io_grpc_netty_shaded_netty_tcnative_windows_x86_6415935626656979188122.dll
Event: 2.370 Loaded shared library C:\Program Files\Java\jdk-19\bin\awt.dll
Event: 2.602 Loaded shared library D:\OpenCV\opencv\build\java\x64\opencv_java460.dll
Event: 2.649 Loaded shared library C:\Program Files\Java\jdk-19\bin\javajpeg.dll
Event: 2.786 Loaded shared library C:\Program Files\Java\jdk-19\bin\freetype.dll
Event: 2.788 Loaded shared library C:\Program Files\Java\jdk-19\bin\fontmanager.dll

Deoptimization events (20 events):
Event: 13.413 Thread 0x0000021c95c15e60 DEOPT PACKING pc=0x0000021c87b939ec sp=0x0000004eb4ffe1a0
Event: 13.413 Thread 0x0000021c95c15e60 DEOPT UNPACKING pc=0x0000021c87596da3 sp=0x0000004eb4ffe160 mode 2
Event: 13.413 Thread 0x0000021c95c15e60 DEOPT PACKING pc=0x0000021c802fa4d8 sp=0x0000004eb4ffe300
Event: 13.413 Thread 0x0000021c95c15e60 DEOPT UNPACKING pc=0x0000021c87597543 sp=0x0000004eb4ffd7d8 mode 0
Event: 13.413 Thread 0x0000021c95c15e60 DEOPT PACKING pc=0x0000021c802fa4d8 sp=0x0000004eb4ffe300
Event: 13.413 Thread 0x0000021c95c15e60 DEOPT UNPACKING pc=0x0000021c87597543 sp=0x0000004eb4ffd7d8 mode 0
Event: 13.414 Thread 0x0000021c95c15e60 DEOPT PACKING pc=0x0000021c802fa4d8 sp=0x0000004eb4ffe300
Event: 13.414 Thread 0x0000021c95c15e60 DEOPT UNPACKING pc=0x0000021c87597543 sp=0x0000004eb4ffd7d8 mode 0
Event: 13.445 Thread 0x0000021c95c178f0 Uncommon trap: trap_request=0xffffffde fr.pc=0x0000021c87b85324 relative=0x00000000000001c4
Event: 13.445 Thread 0x0000021c95c178f0 Uncommon trap: reason=class_check action=maybe_recompile pc=0x0000021c87b85324 method=sun.awt.image.ImageWatched.newInfo(Ljava/awt/Image;IIIII)V @ 13 c2
Event: 13.445 Thread 0x0000021c95c178f0 DEOPT PACKING pc=0x0000021c87b85324 sp=0x0000004eb59fe0e0
Event: 13.445 Thread 0x0000021c95c178f0 DEOPT UNPACKING pc=0x0000021c87596da3 sp=0x0000004eb59fe0b0 mode 2
Event: 15.010 Thread 0x0000021c95c178f0 Uncommon trap: trap_request=0xffffffde fr.pc=0x0000021c87b85324 relative=0x00000000000001c4
Event: 15.010 Thread 0x0000021c95c178f0 Uncommon trap: reason=class_check action=maybe_recompile pc=0x0000021c87b85324 method=sun.awt.image.ImageWatched.newInfo(Ljava/awt/Image;IIIII)V @ 13 c2
Event: 15.010 Thread 0x0000021c95c178f0 DEOPT PACKING pc=0x0000021c87b85324 sp=0x0000004eb59fe0e0
Event: 15.010 Thread 0x0000021c95c178f0 DEOPT UNPACKING pc=0x0000021c87596da3 sp=0x0000004eb59fe0b0 mode 2
Event: 15.010 Thread 0x0000021c95c178f0 Uncommon trap: trap_request=0xffffffde fr.pc=0x0000021c87b85324 relative=0x00000000000001c4
Event: 15.010 Thread 0x0000021c95c178f0 Uncommon trap: reason=class_check action=maybe_recompile pc=0x0000021c87b85324 method=sun.awt.image.ImageWatched.newInfo(Ljava/awt/Image;IIIII)V @ 13 c2
Event: 15.010 Thread 0x0000021c95c178f0 DEOPT PACKING pc=0x0000021c87b85324 sp=0x0000004eb59fe0f0
Event: 15.010 Thread 0x0000021c95c178f0 DEOPT UNPACKING pc=0x0000021c87596da3 sp=0x0000004eb59fe0c0 mode 2

Classes loaded (20 events):
Event: 8.155 Loading class sun/awt/image/JPEGImageDecoder
Event: 8.155 Loading class sun/awt/image/ImageDecoder
Event: 8.155 Loading class sun/awt/image/ImageDecoder done
Event: 8.155 Loading class sun/awt/image/JPEGImageDecoder done
Event: 8.155 Loading class sun/awt/image/JPEGImageDecoder$1
Event: 8.155 Loading class sun/awt/image/JPEGImageDecoder$1 done
Event: 13.397 Loading class java/awt/KeyboardFocusManager$2
Event: 13.397 Loading class java/awt/KeyboardFocusManager$2 done
Event: 13.397 Loading class sun/awt/SunToolkit$1
Event: 13.397 Loading class sun/awt/SunToolkit$1 done
Event: 16.173 Loading class java/awt/Window$1DisposeAction
Event: 16.173 Loading class java/awt/Window$1DisposeAction done
Event: 16.565 Loading class jdk/internal/event/ThreadSleepEvent
Event: 16.566 Loading class jdk/internal/event/ThreadSleepEvent done
Event: 144.135 Loading class jdk/internal/misc/Signal$1
Event: 144.136 Loading class jdk/internal/misc/Signal$1 done
Event: 144.137 Loading class java/util/WeakHashMap$KeyIterator
Event: 144.137 Loading class java/util/WeakHashMap$HashIterator
Event: 144.137 Loading class java/util/WeakHashMap$HashIterator done
Event: 144.137 Loading class java/util/WeakHashMap$KeyIterator done

Classes unloaded (0 events):
No events

Classes redefined (0 events):
No events

Internal exceptions (20 events):
Event: 10.792 Thread 0x0000021c95c15e60 Exception <a 'java/lang/ArrayIndexOutOfBoundsException'{0x0000000086f3a4f0}: Index 0 out of bounds for length 0> (0x0000000086f3a4f0) 
thrown [s\open\src\hotspot\share\interpreter\interpreterRuntime.cpp, line 432]
Event: 10.916 Thread 0x0000021c95c15e60 Exception <a 'java/lang/ArrayIndexOutOfBoundsException'{0x0000000086f3ac80}: Index 0 out of bounds for length 0> (0x0000000086f3ac80) 
thrown [s\open\src\hotspot\share\interpreter\interpreterRuntime.cpp, line 432]
Event: 11.046 Thread 0x0000021c95c15e60 Exception <a 'java/lang/ArrayIndexOutOfBoundsException'{0x0000000088f80c58}: Index 0 out of bounds for length 0> (0x0000000088f80c58) 
thrown [s\open\src\hotspot\share\interpreter\interpreterRuntime.cpp, line 432]
Event: 11.167 Thread 0x0000021c95c15e60 Exception <a 'java/lang/ArrayIndexOutOfBoundsException'{0x0000000089080c58}: Index 0 out of bounds for length 0> (0x0000000089080c58) 
thrown [s\open\src\hotspot\share\interpreter\interpreterRuntime.cpp, line 432]
Event: 11.292 Thread 0x0000021c95c15e60 Exception <a 'java/lang/ArrayIndexOutOfBoundsException'{0x00000000890942f0}: Index 0 out of bounds for length 0> (0x00000000890942f0) 
thrown [s\open\src\hotspot\share\interpreter\interpreterRuntime.cpp, line 432]
Event: 11.415 Thread 0x0000021c95c15e60 Exception <a 'java/lang/ArrayIndexOutOfBoundsException'{0x0000000089094a80}: Index 0 out of bounds for length 0> (0x0000000089094a80) 
thrown [s\open\src\hotspot\share\interpreter\interpreterRuntime.cpp, line 432]
Event: 11.541 Thread 0x0000021c95c15e60 Exception <a 'java/lang/ArrayIndexOutOfBoundsException'{0x0000000089095210}: Index 0 out of bounds for length 0> (0x0000000089095210) 
thrown [s\open\src\hotspot\share\interpreter\interpreterRuntime.cpp, line 432]
Event: 11.668 Thread 0x0000021c95c15e60 Exception <a 'java/lang/ArrayIndexOutOfBoundsException'{0x00000000890959a0}: Index 0 out of bounds for length 0> (0x00000000890959a0) 
thrown [s\open\src\hotspot\share\interpreter\interpreterRuntime.cpp, line 432]
Event: 11.787 Thread 0x0000021c95c15e60 Exception <a 'java/lang/ArrayIndexOutOfBoundsException'{0x0000000089096130}: Index 0 out of bounds for length 0> (0x0000000089096130) 
thrown [s\open\src\hotspot\share\interpreter\interpreterRuntime.cpp, line 432]
Event: 11.906 Thread 0x0000021c95c15e60 Exception <a 'java/lang/ArrayIndexOutOfBoundsException'{0x00000000890968c0}: Index 0 out of bounds for length 0> (0x00000000890968c0) 
thrown [s\open\src\hotspot\share\interpreter\interpreterRuntime.cpp, line 432]
Event: 12.033 Thread 0x0000021c95c15e60 Exception <a 'java/lang/ArrayIndexOutOfBoundsException'{0x0000000089097050}: Index 0 out of bounds for length 0> (0x0000000089097050) 
thrown [s\open\src\hotspot\share\interpreter\interpreterRuntime.cpp, line 432]
Event: 12.157 Thread 0x0000021c95c15e60 Exception <a 'java/lang/ArrayIndexOutOfBoundsException'{0x00000000890977e0}: Index 0 out of bounds for length 0> (0x00000000890977e0) 
thrown [s\open\src\hotspot\share\interpreter\interpreterRuntime.cpp, line 432]
Event: 12.282 Thread 0x0000021c95c15e60 Exception <a 'java/lang/ArrayIndexOutOfBoundsException'{0x0000000089097f70}: Index 0 out of bounds for length 0> (0x0000000089097f70) 
thrown [s\open\src\hotspot\share\interpreter\interpreterRuntime.cpp, line 432]
Event: 12.409 Thread 0x0000021c95c15e60 Exception <a 'java/lang/ArrayIndexOutOfBoundsException'{0x0000000089098700}: Index 0 out of bounds for length 0> (0x0000000089098700) 
thrown [s\open\src\hotspot\share\interpreter\interpreterRuntime.cpp, line 432]
Event: 12.534 Thread 0x0000021c95c15e60 Exception <a 'java/lang/ArrayIndexOutOfBoundsException'{0x0000000089098e90}: Index 0 out of bounds for length 0> (0x0000000089098e90) 
thrown [s\open\src\hotspot\share\interpreter\interpreterRuntime.cpp, line 432]
Event: 12.659 Thread 0x0000021c95c15e60 Exception <a 'java/lang/ArrayIndexOutOfBoundsException'{0x0000000089099620}: Index 0 out of bounds for length 0> (0x0000000089099620) 
thrown [s\open\src\hotspot\share\interpreter\interpreterRuntime.cpp, line 432]
Event: 12.782 Thread 0x0000021c95c15e60 Exception <a 'java/lang/ArrayIndexOutOfBoundsException'{0x0000000089099db0}: Index 0 out of bounds for length 0> (0x0000000089099db0) 
thrown [s\open\src\hotspot\share\interpreter\interpreterRuntime.cpp, line 432]
Event: 12.905 Thread 0x0000021c95c15e60 Exception <a 'java/lang/ArrayIndexOutOfBoundsException'{0x000000008909a540}: Index 0 out of bounds for length 0> (0x000000008909a540) 
thrown [s\open\src\hotspot\share\interpreter\interpreterRuntime.cpp, line 432]
Event: 13.031 Thread 0x0000021c95c15e60 Exception <a 'java/lang/ArrayIndexOutOfBoundsException'{0x0000000089080c58}: Index 0 out of bounds for length 0> (0x0000000089080c58) 
thrown [s\open\src\hotspot\share\interpreter\interpreterRuntime.cpp, line 432]
Event: 13.247 Thread 0x0000021c95c15e60 Exception <a 'java/lang/ArrayIndexOutOfBoundsException'{0x0000000089080c58}: Index 0 out of bounds for length 0> (0x0000000089080c58) 
thrown [s\open\src\hotspot\share\interpreter\interpreterRuntime.cpp, line 432]

VM Operations (20 events):
Event: 13.851 Executing VM operation: G1TryInitiateConcMark done
Event: 14.282 Executing VM operation: G1TryInitiateConcMark
Event: 14.284 Executing VM operation: G1TryInitiateConcMark done
Event: 14.810 Executing VM operation: G1TryInitiateConcMark
Event: 14.812 Executing VM operation: G1TryInitiateConcMark done
Event: 15.355 Executing VM operation: G1TryInitiateConcMark
Event: 15.356 Executing VM operation: G1TryInitiateConcMark done
Event: 15.884 Executing VM operation: G1TryInitiateConcMark
Event: 15.886 Executing VM operation: G1TryInitiateConcMark done
Event: 17.908 Executing VM operation: Cleanup
Event: 17.908 Executing VM operation: Cleanup done
Event: 28.044 Executing VM operation: Cleanup
Event: 28.044 Executing VM operation: Cleanup done
Event: 29.055 Executing VM operation: Cleanup
Event: 29.055 Executing VM operation: Cleanup done
Event: 30.069 Executing VM operation: Cleanup
Event: 30.069 Executing VM operation: Cleanup done
Event: 36.133 Executing VM operation: Cleanup
Event: 36.133 Executing VM operation: Cleanup done
Event: 144.240 Executing VM operation: Exit

Events (20 events):
Event: 2.912 Thread 0x0000021cf205a5f0 Thread exited: 0x0000021cf205a5f0
Event: 2.913 Thread 0x0000021c95c1ae10 Thread added: 0x0000021c95c1ae10
Event: 2.966 Thread 0x0000021c95c19e20 Thread added: 0x0000021c95c19e20
Event: 6.328 Thread 0x0000021c95c15e60 Thread added: 0x0000021c95c15e60
Event: 8.154 Thread 0x0000021c95c178f0 Thread added: 0x0000021c95c178f0
Event: 12.236 Thread 0x0000021c95c188e0 Thread added: 0x0000021c95c188e0
Event: 16.196 Thread 0x0000021c95c15e60 Thread exited: 0x0000021c95c15e60
Event: 21.199 Thread 0x0000021c95c178f0 Thread exited: 0x0000021c95c178f0
Event: 22.215 Thread 0x0000021c95c16900 Thread added: 0x0000021c95c16900
Event: 32.221 Thread 0x0000021c95c18e30 Thread added: 0x0000021c95c18e30
Event: 144.136 Thread 0x0000021c95c15e60 Thread added: 0x0000021c95c15e60
Event: 144.136 Thread 0x0000021c95c14920 Thread added: 0x0000021c95c14920
Event: 144.136 Thread 0x0000021c95c178f0 Thread added: 0x0000021c95c178f0
Event: 144.136 Thread 0x0000021c95c163b0 Thread added: 0x0000021c95c163b0
Event: 144.136 Thread 0x0000021c95c16e50 Thread added: 0x0000021c95c16e50
Event: 144.137 Thread 0x0000021c95c178f0 Thread exited: 0x0000021c95c178f0
Event: 144.137 Thread 0x0000021c95c14920 Thread exited: 0x0000021c95c14920
Event: 144.137 Thread 0x0000021c95c16e50 Thread exited: 0x0000021c95c16e50
Event: 144.146 Thread 0x0000021cff309430 Thread exited: 0x0000021cff309430
Event: 144.239 Thread 0x0000021c95c163b0 Thread exited: 0x0000021c95c163b0


Dynamic libraries:
0x00007ff774870000 - 0x00007ff774880000 	C:\Program Files\Java\jdk-19\bin\java.exe
0x00007ffefce70000 - 0x00007ffefd068000 	C:\WINDOWS\SYSTEM32\ntdll.dll
0x00007ffefbb90000 - 0x00007ffefbc4f000 	C:\WINDOWS\System32\KERNEL32.DLL
0x00007ffefa900000 - 0x00007ffefabd2000 	C:\WINDOWS\System32\KERNELBASE.dll
0x00007ffefac10000 - 0x00007ffefad10000 	C:\WINDOWS\System32\ucrtbase.dll
0x00007ffef5ef0000 - 0x00007ffef5f08000 	C:\Program Files\Java\jdk-19\bin\jli.dll
0x00007ffefb0a0000 - 0x00007ffefb14e000 	C:\WINDOWS\System32\ADVAPI32.dll
0x00007ffef6060000 - 0x00007ffef607b000 	C:\Program Files\Java\jdk-19\bin\VCRUNTIME140.dll
0x00007ffefc010000 - 0x00007ffefc0ae000 	C:\WINDOWS\System32\msvcrt.dll
0x00007ffefccc0000 - 0x00007ffefcd5c000 	C:\WINDOWS\System32\sechost.dll
0x00007ffefc0b0000 - 0x00007ffefc1d5000 	C:\WINDOWS\System32\RPCRT4.dll
0x00007ffefb9e0000 - 0x00007ffefbb81000 	C:\WINDOWS\System32\USER32.dll
0x00007ffefabe0000 - 0x00007ffefac02000 	C:\WINDOWS\System32\win32u.dll
0x00007ffefbef0000 - 0x00007ffefbf1b000 	C:\WINDOWS\System32\GDI32.dll
0x00007ffefa600000 - 0x00007ffefa70f000 	C:\WINDOWS\System32\gdi32full.dll
0x00007ffefa560000 - 0x00007ffefa5fd000 	C:\WINDOWS\System32\msvcp_win.dll
0x00007ffeec210000 - 0x00007ffeec4aa000 	C:\WINDOWS\WinSxS\amd64_microsoft.windows.common-controls_6595b64144ccf1df_6.0.19041.1110_none_60b5254171f9507e\COMCTL32.dll
0x00007ffee9960000 - 0x00007ffee996a000 	C:\WINDOWS\SYSTEM32\VERSION.dll
0x00007ffefcd60000 - 0x00007ffefcd92000 	C:\WINDOWS\System32\IMM32.DLL
0x00007ffef7d20000 - 0x00007ffef7d2c000 	C:\Program Files\Java\jdk-19\bin\vcruntime140_1.dll
0x00007ffee7ad0000 - 0x00007ffee7b5e000 	C:\Program Files\Java\jdk-19\bin\msvcp140.dll
0x00007ffecdfd0000 - 0x00007ffecec90000 	C:\Program Files\Java\jdk-19\bin\server\jvm.dll
0x00007ffef2d80000 - 0x00007ffef2d89000 	C:\WINDOWS\SYSTEM32\WSOCK32.dll
0x00007ffeeea00000 - 0x00007ffeeea27000 	C:\WINDOWS\SYSTEM32\WINMM.dll
0x00007ffefc1e0000 - 0x00007ffefc24b000 	C:\WINDOWS\System32\WS2_32.dll
0x00007ffef8300000 - 0x00007ffef8312000 	C:\WINDOWS\SYSTEM32\kernel.appcore.dll
0x00007ffef7d00000 - 0x00007ffef7d0a000 	C:\Program Files\Java\jdk-19\bin\jimage.dll
0x00007ffee83b0000 - 0x00007ffee8594000 	C:\WINDOWS\SYSTEM32\DBGHELP.DLL
0x00007ffee99c0000 - 0x00007ffee99f5000 	C:\WINDOWS\SYSTEM32\dbgcore.DLL
0x00007ffefa710000 - 0x00007ffefa792000 	C:\WINDOWS\System32\bcryptPrimitives.dll
0x00007ffef4f70000 - 0x00007ffef4f7e000 	C:\Program Files\Java\jdk-19\bin\instrument.dll
0x00007ffef12d0000 - 0x00007ffef12f6000 	C:\Program Files\Java\jdk-19\bin\java.dll
0x00007ffee0070000 - 0x00007ffee0147000 	C:\Program Files\Java\jdk-19\bin\jsvml.dll
0x00007ffefc250000 - 0x00007ffefc994000 	C:\WINDOWS\System32\SHELL32.dll
0x00007ffef85e0000 - 0x00007ffef8d72000 	C:\WINDOWS\SYSTEM32\windows.storage.dll
0x00007ffefb5c0000 - 0x00007ffefb915000 	C:\WINDOWS\System32\combase.dll
0x00007ffef9e00000 - 0x00007ffef9e30000 	C:\WINDOWS\SYSTEM32\Wldp.dll
0x00007ffefbd30000 - 0x00007ffefbddd000 	C:\WINDOWS\System32\SHCORE.dll
0x00007ffefb920000 - 0x00007ffefb975000 	C:\WINDOWS\System32\shlwapi.dll
0x00007ffefa4a0000 - 0x00007ffefa4bf000 	C:\WINDOWS\SYSTEM32\profapi.dll
0x00007ffef11a0000 - 0x00007ffef11b8000 	C:\Program Files\Java\jdk-19\bin\zip.dll
0x00007ffef5690000 - 0x00007ffef56a3000 	C:\Program Files\Java\jdk-19\bin\net.dll
0x00007ffef2320000 - 0x00007ffef242c000 	C:\WINDOWS\SYSTEM32\WINHTTP.dll
0x00007ffef9be0000 - 0x00007ffef9c4a000 	C:\WINDOWS\system32\mswsock.dll
0x00007ffef12b0000 - 0x00007ffef12c6000 	C:\Program Files\Java\jdk-19\bin\nio.dll
0x00007ffee9ae0000 - 0x00007ffee9afa000 	C:\Program Files\JetBrains\IntelliJ IDEA 2022.3.1\bin\breakgen64.dll
0x00007ffeec830000 - 0x00007ffeec838000 	C:\Program Files\Java\jdk-19\bin\extnet.dll
0x00007ffef1190000 - 0x00007ffef119a000 	C:\Program Files\Java\jdk-19\bin\management.dll
0x00007ffeec850000 - 0x00007ffeec85b000 	C:\Program Files\Java\jdk-19\bin\management_ext.dll
0x00007ffefb080000 - 0x00007ffefb088000 	C:\WINDOWS\System32\PSAPI.DLL
0x00007ffeec840000 - 0x00007ffeec84e000 	C:\Program Files\Java\jdk-19\bin\sunmscapi.dll
0x00007ffefa7a0000 - 0x00007ffefa8f6000 	C:\WINDOWS\System32\CRYPT32.dll
0x00007ffef9f50000 - 0x00007ffef9f77000 	C:\WINDOWS\SYSTEM32\ncrypt.dll
0x00007ffef9f10000 - 0x00007ffef9f4b000 	C:\WINDOWS\SYSTEM32\NTASN1.dll
0x00007ffedadb0000 - 0x00007ffedadb7000 	C:\WINDOWS\system32\wshunix.dll
0x00007ffef9e40000 - 0x00007ffef9e58000 	C:\WINDOWS\SYSTEM32\CRYPTSP.dll
0x00007ffef9520000 - 0x00007ffef9554000 	C:\WINDOWS\system32\rsaenh.dll
0x00007ffefadc0000 - 0x00007ffefade7000 	C:\WINDOWS\System32\bcrypt.dll
0x00007ffefa420000 - 0x00007ffefa44e000 	C:\WINDOWS\SYSTEM32\USERENV.dll
0x00007ffef9d70000 - 0x00007ffef9d7c000 	C:\WINDOWS\SYSTEM32\CRYPTBASE.dll
0x00007ffef98f0000 - 0x00007ffef992b000 	C:\WINDOWS\SYSTEM32\IPHLPAPI.DLL
0x00007ffefbfa0000 - 0x00007ffefbfa8000 	C:\WINDOWS\System32\NSI.dll
0x00007ffef4450000 - 0x00007ffef4467000 	C:\WINDOWS\SYSTEM32\dhcpcsvc6.DLL
0x00007ffef4430000 - 0x00007ffef444d000 	C:\WINDOWS\SYSTEM32\dhcpcsvc.DLL
0x00007ffef9930000 - 0x00007ffef99fa000 	C:\WINDOWS\SYSTEM32\DNSAPI.dll
0x00007ffea9530000 - 0x00007ffea97f8000 	C:\Users\neera\AppData\Local\Temp\io_grpc_netty_shaded_netty_tcnative_windows_x86_6415935626656979188122.dll
0x00007ffed0360000 - 0x00007ffed04f1000 	C:\Program Files\Java\jdk-19\bin\awt.dll
0x00007ffefcbf0000 - 0x00007ffefccbd000 	C:\WINDOWS\System32\OLEAUT32.dll
0x00007ffef7d60000 - 0x00007ffef7df1000 	C:\WINDOWS\SYSTEM32\apphelp.dll
0x00007ffef82d0000 - 0x00007ffef82ff000 	C:\WINDOWS\system32\DWMAPI.DLL
0x00007ffef7f10000 - 0x00007ffef7fae000 	C:\WINDOWS\system32\uxtheme.dll
0x00007ffed9710000 - 0x00007ffed9835000 	C:\WINDOWS\system32\opengl32.dll
0x00007ffeda260000 - 0x00007ffeda28c000 	C:\WINDOWS\SYSTEM32\GLU32.dll
0x00007ffefc9a0000 - 0x00007ffefcab5000 	C:\WINDOWS\System32\MSCTF.dll
0x00007ffefcac0000 - 0x00007ffefcbea000 	C:\WINDOWS\System32\ole32.dll
0x00007ffe90710000 - 0x00007ffe93941000 	D:\OpenCV\opencv\build\java\x64\opencv_java460.dll
0x00007ffef4bb0000 - 0x00007ffef4d6c000 	C:\WINDOWS\SYSTEM32\MFPlat.DLL
0x00007ffedb890000 - 0x00007ffedb914000 	C:\WINDOWS\SYSTEM32\MF.dll
0x00007ffecff70000 - 0x00007ffed007a000 	C:\WINDOWS\SYSTEM32\MFReadWrite.dll
0x00007ffefae60000 - 0x00007ffefaeae000 	C:\WINDOWS\System32\cfgmgr32.dll
0x00007ffecc9f0000 - 0x00007ffecce7e000 	C:\WINDOWS\SYSTEM32\MFCORE.DLL
0x00007ffefa3d0000 - 0x00007ffefa41b000 	C:\WINDOWS\SYSTEM32\powrprof.dll
0x00007ffef5680000 - 0x00007ffef5689000 	C:\WINDOWS\SYSTEM32\ksuser.dll
0x00007ffef4af0000 - 0x00007ffef4b24000 	C:\WINDOWS\SYSTEM32\RTWorkQ.DLL
0x00007ffefa3b0000 - 0x00007ffefa3c2000 	C:\WINDOWS\SYSTEM32\UMPDC.dll
0x00007ffee7aa0000 - 0x00007ffee7ace000 	C:\Program Files\Java\jdk-19\bin\javajpeg.dll
0x00007ffee3270000 - 0x00007ffee32f6000 	C:\Program Files\Java\jdk-19\bin\freetype.dll
0x00007ffed8640000 - 0x00007ffed8705000 	C:\Program Files\Java\jdk-19\bin\fontmanager.dll
0x00007ffefbde0000 - 0x00007ffefbe8f000 	C:\WINDOWS\System32\clbcatq.dll
0x00007ffef3ce0000 - 0x00007ffef3e94000 	C:\WINDOWS\SYSTEM32\WindowsCodecs.dll
0x00007ffed8840000 - 0x00007ffed887e000 	C:\WINDOWS\system32\dataexchange.dll
0x00007ffef6200000 - 0x00007ffef6463000 	C:\WINDOWS\system32\d3d11.dll
0x00007ffef7140000 - 0x00007ffef7323000 	C:\WINDOWS\system32\dcomp.dll
0x00007ffef8de0000 - 0x00007ffef8ed3000 	C:\WINDOWS\system32\dxgi.dll
0x00007ffef3f80000 - 0x00007ffef4180000 	C:\WINDOWS\system32\twinapi.appcore.dll
0x00007ffeefce0000 - 0x00007ffeefdd9000 	C:\WINDOWS\SYSTEM32\textinputframework.dll
0x00007ffef76b0000 - 0x00007ffef7a0e000 	C:\WINDOWS\System32\CoreUIComponents.dll
0x00007ffef7a10000 - 0x00007ffef7b02000 	C:\WINDOWS\System32\CoreMessaging.dll
0x00007ffef6e90000 - 0x00007ffef6fe4000 	C:\WINDOWS\SYSTEM32\wintypes.dll
0x00007ffef9640000 - 0x00007ffef9673000 	C:\WINDOWS\SYSTEM32\ntmarta.dll
0x00007ffef35a0000 - 0x00007ffef35d7000 	C:\WINDOWS\SYSTEM32\CompPkgSup.DLL
0x00007ffe99a60000 - 0x00007ffe9a186000 	C:\Windows\System32\Windows.Media.dll
0x00007ffee7a30000 - 0x00007ffee7a9d000 	C:\Windows\System32\FrameServerClient.dll
0x00007ffeda920000 - 0x00007ffeda987000 	C:\Windows\System32\MFSENSORGROUP.dll
0x00007ffef2430000 - 0x00007ffef2516000 	C:\Windows\System32\Windows.ApplicationModel.dll
0x00007ffef4960000 - 0x00007ffef496a000 	C:\WINDOWS\SYSTEM32\AVRT.dll
0x00007ffef41e0000 - 0x00007ffef42d7000 	C:\Windows\System32\AppXDeploymentClient.dll
0x00007ffeec7c0000 - 0x00007ffeec7cd000 	C:\Windows\System32\vidcap.ax
0x00007ffee3580000 - 0x00007ffee35a7000 	C:\Windows\System32\kswdmcap.ax
0x00007ffecc880000 - 0x00007ffecc9ec000 	C:\Windows\System32\MFC42.dll
0x00007ffee0700000 - 0x00007ffee0846000 	C:\Windows\System32\Windows.StateRepositoryPS.dll
0x00007ffec3310000 - 0x00007ffec34b0000 	C:\Program Files\Intel\Media SDK\mfx_mft_mjpgvd_64.dll
0x00007ffef6080000 - 0x00007ffef6176000 	C:\WINDOWS\SYSTEM32\PROPSYS.dll
0x00007ffee6060000 - 0x00007ffee610c000 	C:\WINDOWS\SYSTEM32\TextShaping.dll
0x00007ffef02f0000 - 0x00007ffef032b000 	C:\WINDOWS\SYSTEM32\dxcore.dll
0x00007ffee39a0000 - 0x00007ffee39bd000 	C:\Windows\System32\mfmjpegdec.dll
0x00007ffeb3450000 - 0x00007ffeb357d000 	C:\Windows\System32\mfperfhelper.dll
0x00007ffeb2f10000 - 0x00007ffeb3070000 	C:\WINDOWS\System32\msvproc.dll
0x00007ffee38c0000 - 0x00007ffee38da000 	C:\WINDOWS\SYSTEM32\OpenCL.dll
0x00007ffed10d0000 - 0x00007ffed1137000 	C:\WINDOWS\SYSTEM32\IntelOpenCL64.dll
0x00007ffec3140000 - 0x00007ffec3302000 	C:\Program Files (x86)\Common Files\Intel\OpenCL\bin\x64\intelocl64.dll
0x00007ffecf780000 - 0x00007ffecf81d000 	C:\Program Files (x86)\Common Files\Intel\OpenCL\bin\x64\task_executor64.dll
0x00007ffeceee0000 - 0x00007ffecefb8000 	C:\Program Files (x86)\Common Files\Intel\OpenCL\bin\x64\cpu_device64.dll
0x00007ffea8e60000 - 0x00007ffea9321000 	C:\WINDOWS\SYSTEM32\igdrcl64.dll
0x00007ffed9140000 - 0x00007ffed9183000 	C:\WINDOWS\SYSTEM32\igdfcl64.dll
0x00007ffe98cc0000 - 0x00007ffe99236000 	C:\WINDOWS\SYSTEM32\igdmcl64.dll
0x00007ffecff00000 - 0x00007ffecff6d000 	C:\WINDOWS\SYSTEM32\igdbcl64.dll
0x00007ffeecbb0000 - 0x00007ffeed5ef000 	C:\WINDOWS\SYSTEM32\igdusc64.dll

dbghelp: loaded successfully - version: 4.0.5 - missing functions: none
symbol engine: initialized successfully - sym options: 0x614 - pdb path: .;C:\Program Files\Java\jdk-19\bin;C:\WINDOWS\SYSTEM32;C:\WINDOWS\WinSxS\amd64_microsoft.windows.common-controls_6595b64144ccf1df_6.0.19041.1110_none_60b5254171f9507e;C:\Program Files\Java\jdk-19\bin\server;C:\Program Files\JetBrains\IntelliJ IDEA 2022.3.1\bin;C:\Users\neera\AppData\Local\Temp;D:\OpenCV\opencv\build\java\x64;C:\Program Files\Intel\Media SDK;C:\Program Files (x86)\Common Files\Intel\OpenCL\bin\x64

VM Arguments:
jvm_args: -Djava.library.path=D:\OpenCV\opencv\build\java\x64 -javaagent:C:\Program Files\JetBrains\IntelliJ IDEA 2022.3.1\lib\idea_rt.jar=52081:C:\Program Files\JetBrains\IntelliJ IDEA 2022.3.1\bin -Dfile.encoding=UTF-8 -Dsun.stdout.encoding=UTF-8 -Dsun.stderr.encoding=UTF-8 
java_command: org.example.AddNewUser
java_class_path (initial): C:\Users\neera\IdeaProjects\charAll\target\classes;C:\Users\neera\.m2\repository\com\google\firebase\firebase-admin\9.1.1\firebase-admin-9.1.1.jar;C:\Users\neera\.m2\repository\com\google\api-client\google-api-client\2.0.0\google-api-client-2.0.0.jar;C:\Users\neera\.m2\repository\com\google\oauth-client\google-oauth-client\1.34.1\google-oauth-client-1.34.1.jar;C:\Users\neera\.m2\repository\com\google\http-client\google-http-client-gson\1.42.1\google-http-client-gson-1.42.1.jar;C:\Users\neera\.m2\repository\com\google\http-client\google-http-client-apache-v2\1.42.1\google-http-client-apache-v2-1.42.1.jar;C:\Users\neera\.m2\repository\org\apache\httpcomponents\httpcore\4.4.15\httpcore-4.4.15.jar;C:\Users\neera\.m2\repository\org\apache\httpcomponents\httpclient\4.5.13\httpclient-4.5.13.jar;C:\Users\neera\.m2\repository\com\google\api-client\google-api-client-gson\2.0.0\google-api-client-gson-2.0.0.jar;C:\Users\neera\.m2\repository\com\google\http-client\google-http-client\1.42.2\google-http-client-1.42.2.jar;C:\Users\neera\.m2\repository\com\google\code\findbugs\jsr305\3.0.2\jsr305-3.0.2.jar;C:\Users\neera\.m2\repository\com\google\j2objc\j2objc-annotations\1.3\j2objc-annotations-1.3.jar;C:\Users\neera\.m2\repository\io\opencensus\opencensus-api\0.31.1\opencensus-api-0.31.1.jar;C:\Users\neera\.m2\repository\io\opencensus\opencensus-contrib-http-util\0.31.1\opencensus-contrib-http-util-0.31.1.jar;C:\Users\neera\.m2\repository\com\google\api\api-common\2.2.1\api-common-2.2.1.jar;C:\Users\neera\.m2\repository\javax\annotation\javax.annotation-api\1.3.2\javax.annotation-api-1.3.2.jar;C:\Users\neera\.m2\repository\com\google\auto\value\auto-value-annotations\1.9\auto-value-annotations-1.9.jar;C:\Users\neera\.m2\repository\com\google\auth\google-auth-library-oauth2-http\1.12.1\google-auth-library-oauth2-http-1.12.1.jar;C:\Users\neera\.m2\repository\com\google\auth\google-auth-library-credentials\1.12.1\google-auth-library-credentials-1.12.1.jar;C:\Users\neera\.m2\repository\com\google\cloud\google-cloud-storage\2.14.0\google-cloud-storage-2.14.0.jar;C:\Users\neera\.m2\repository\com\google\guava\failureaccess\1.0.1\failureaccess-1.0.1.jar;C:\Users\neera\.m2\repository\com\google\guava\listenablefuture\9999.0-empty-to-avoid-conflict-with-guava\listenablefuture-9999.0-empty-to-avoid-conflict-with-guava.jar;C:\Users\neera\.m2\repository\com\google\http-client\google-http-client-jackson2\1.42.2\google-http-client-jackson2-1.42.2.jar;C:\Users\neera\.m2\repository\com\google\apis\google-api-services-storage\v1-rev20220705-2.0.0\google-api-services-storage-v1-rev20220705-2.0.0.jar;C:\Users\neera\.m2\repository\com\google\code\gson\gson\2.9.1\gson-2.9.1.jar;C:\Users\neera\.m2\repository\com\google\cloud\google-cloud-core\2.8.22\google-cloud-core-2.8.22.jar;C:\Users\neera\.m2\repository\com\google\cloud\google-cloud-core-http\2.8.22\google-cloud-core-http-2.8.22.jar;C:\Users\neera\.m2\repository\com\google\http-client\google-http-client-appengine\1.42.2\google-http-client-appengine-1.42.2.jar;C:\Users\neera\.m2\repository\com\google\api\gax-httpjson\0.104.4\gax-httpjson-0.104.4.jar;C:\Users\neera\.m2\repository\com\google\cloud\google-cloud-core-grpc\2.8.22\google-cloud-core-grpc-2.8.22.jar;C:\Users\neera\.m2\repository\io\grpc\grpc-core\1.50.1\grpc-core-1.50.1.jar;C:\Users\neera\.m2\repository\com\google\android\annotations\4.1.1.4\annotations-4.1.1.4.jar;C:\Users\neera\.m2\repository\org\codehaus\mojo\animal-sniffer-annotations\1.22\animal-sniffer-annotations-1.22.jar;C:\Users\neera\.m2\repository\com\google\api\gax\2.19.4\gax-2.19.4.jar;C:\Users\neera\.m2\repository\com\google\api\gax-grpc\2.19.4\gax-grpc-2.19.4.jar;C:\Users\neera\.m2\repository\io\grpc\grpc-alts\1.50.1\grpc-alts-1.50.1.jar;C:\Users\neera\.m2\repository\io\grpc\grpc-grpclb\1.50.1\grpc-grpclb-1.50.1.jar;C:\Users\neera\.m2\repository\org\conscrypt\conscrypt-openjdk-uber\2.5.2\conscrypt-openjdk-uber-2.5.2.jar;C:\Users\neera\.m2\repository\io\grpc\grpc-context\1.50.1\grpc-context-1.50.1.jar;C:\Users\neera\.m2\repository\com\google\api\grpc\proto-google-iam-v1\1.6.4\proto-google-iam-v1-1.6.4.jar;C:\Users\neera\.m2\repository\com\google\protobuf\protobuf-java\3.21.8\protobuf-java-3.21.8.jar;C:\Users\neera\.m2\repository\com\google\protobuf\protobuf-java-util\3.21.8\protobuf-java-util-3.21.8.jar;C:\Users\neera\.m2\repository\com\google\api\grpc\proto-google-common-protos\2.9.6\proto-google-common-protos-2.9.6.jar;C:\Users\neera\.m2\repository\org\threeten\threetenbp\1.6.3\threetenbp-1.6.3.jar;C:\Users\neera\.m2\repository\com\google\api\grpc\proto-google-cloud-storage-v2\2.14.0-alpha\proto-google-cloud-storage-v2-2.14.0-alpha.jar;C:\Users\neera\.m2\repository\com\google\api\grpc\grpc-google-cloud-storage-v2\2.14.0-alpha\grpc-google-cloud-storage-v2-2.14.0-alpha.jar;C:\Users\neera\.m2\repository\io\grpc\grpc-protobuf\1.50.1\grpc-protobuf-1.50.1.jar;C:\Users\neera\.m2\repository\com\google\api\grpc\gapic-google-cloud-storage-v2\2.14.0-alpha\gapic-google-cloud-storage-v2-2.14.0-alpha.jar;C:\Users\neera\.m2\repository\com\fasterxml\jackson\core\jackson-core\2.13.4\jackson-core-2.13.4.jar;C:\Users\neera\.m2\repository\io\grpc\grpc-api\1.50.1\grpc-api-1.50.1.jar;C:\Users\neera\.m2\repository\io\grpc\grpc-netty-shaded\1.50.1\grpc-netty-shaded-1.50.1.jar;C:\Users\neera\.m2\repository\io\perfmark\perfmark-api\0.25.0\perfmark-api-0.25.0.jar;C:\Users\neera\.m2\repository\io\grpc\grpc-auth\1.50.1\grpc-auth-1.50.1.jar;C:\Users\neera\.m2\repository\io\grpc\grpc-stub\1.50.1\grpc-stub-1.50.1.jar;C:\Users\neera\.m2\repository\io\grpc\grpc-googleapis\1.50.1\grpc-googleapis-1.50.1.jar;C:\Users\neera\.m2\repository\org\checkerframework\checker-qual\3.26.0\checker-qual-3.26.0.jar;C:\Users\neera\.m2\repository\io\grpc\grpc-xds\1.50.1\grpc-xds-1.50.1.jar;C:\Users\neera\.m2\repository\io\opencensus\opencensus-proto\0.2.0\opencensus-proto-0.2.0.jar;C:\Users\neera\.m2\repository\io\grpc\grpc-services\1.50.1\grpc-services-1.50.1.jar;C:\Users\neera\.m2\repository\com\google\re2j\re2j\1.6\re2j-1.6.jar;C:\Users\neera\.m2\repository\com\google\api\grpc\grpc-google-iam-v1\1.6.4\grpc-google-iam-v1-1.6.4.jar;C:\Users\neera\.m2\repository\io\grpc\grpc-protobuf-lite\1.50.1\grpc-protobuf-lite-1.50.1.jar;C:\Users\neera\.m2\repository\com\google\cloud\google-cloud-firestore\3.7.0\google-cloud-firestore-3.7.0.jar;C:\Users\neera\.m2\repository\commons-logging\commons-logging\1.2\commons-logging-1.2.jar;C:\Users\neera\.m2\repository\commons-codec\commons-codec\1.15\commons-codec-1.15.jar;C:\Users\neera\.m2\repository\com\google\api\grpc\proto-google-cloud-firestore-v1\3.7.0\proto-google-cloud-firestore-v1-3.7.0.jar;C:\Users\neera\.m2\repository\com\google\cloud\proto-google-cloud-firestore-bundle-v1\3.7.0\proto-google-cloud-firestore-bundle-v1-3.7.0.jar;C:\Users\neera\.m2\repository\io\opencensus\opencensus-contrib-grpc-util\0.31.1\opencensus-contrib-grpc-util-0.31.1.jar;C:\Users\neera\.m2\repository\com\google\errorprone\error_prone_annotations\2.16\error_prone_annotations-2.16.jar;C:\Users\neera\.m2\repository\com\google\guava\guava\31.1-jre\guava-31.1-jre.jar;C:\Users\neera\.m2\repository\org\slf4j\slf4j-api\2.0.3\slf4j-api-2.0.3.jar;C:\Users\neera\.m2\repository\io\netty\netty-codec-http\4.1.84.Final\netty-codec-http-4.1.84.Final.jar;C:\Users\neera\.m2\repository\io\netty\netty-common\4.1.84.Final\netty-common-4.1.84.Final.jar;C:\Users\neera\.m2\repository\io\netty\netty-buffer\4.1.84.Final\netty-buffer-4.1.84.Final.jar;C:\Users\neera\.m2\repository\io\netty\netty-codec\4.1.84.Final\netty-codec-4.1.84.Final.jar;C:\Users\neera\.m2\repository\io\netty\netty-handler\4.1.84.Final\netty-handler-4.1.84.Final.jar;C:\Users\neera\.m2\repository\io\netty\netty-resolver\4.1.84.Final\netty-resolver-4.1.84.Final.jar;C:\Users\neera\.m2\repository\io\netty\netty-transport-native-unix-common\4.1.84.Final\netty-transport-native-unix-common-4.1.84.Final.jar;C:\Users\neera\.m2\repository\io\netty\netty-transport\4.1.84.Final\netty-transport-4.1.84.Final.jar;C:\Users\neera\.m2\repository\org\bytedeco\javacv-platform\1.3.3\javacv-platform-1.3.3.jar;C:\Users\neera\.m2\repository\org\bytedeco\javacpp\1.3.3\javacpp-1.3.3.jar;C:\Users\neera\.m2\repository\org\bytedeco\javacv\1.3.3\javacv-1.3.3.jar;C:\Users\neera\.m2\repository\org\bytedeco\javacpp-presets\opencv\3.2.0-1.3\opencv-3.2.0-1.3.jar;C:\Users\neera\.m2\repository\org\bytedeco\javacpp-presets\ffmpeg\3.2.1-1.3\ffmpeg-3.2.1-1.3.jar;C:\Users\neera\.m2\repository\org\bytedeco\javacpp-presets\flycapture\2.9.3.43-1.3\flycapture-2.9.3.43-1.3.jar;C:\Users\neera\.m2\repository\org\bytedeco\javacpp-presets\libdc1394\2.2.4-1.3\libdc1394-2.2.4-1.3.jar;C:\Users\neera\.m2\repository\org\bytedeco\javacpp-presets\libfreenect\0.5.3-1.3\libfreenect-0.5.3-1.3.jar;C:\Users\neera\.m2\repository\org\bytedeco\javacpp-presets\libfreenect2\0.2.0-1.3\libfreenect2-0.2.0-1.3.jar;C:\Users\neera\.m2\repository\org\bytedeco\javacpp-presets\librealsense\1.9.6-1.3\librealsense-1.9.6-1.3.jar;C:\Users\neera\.m2\repository\org\bytedeco\javacpp-presets\videoinput\0.200-1.3\videoinput-0.200-1.3.jar;C:\Users\neera\.m2\repository\org\bytedeco\javacpp-presets\artoolkitplus\2.3.1-1.3\artoolkitplus-2.3.1-1.3.jar;C:\Users\neera\.m2\repository\org\bytedeco\javacpp-presets\flandmark\1.07-1.3\flandmark-1.07-1.3.jar;C:\Users\neera\.m2\repository\org\bytedeco\javacpp-presets\opencv-platform\3.2.0-1.3\opencv-platform-3.2.0-1.3.jar;C:\Users\neera\.m2\repository\org\bytedeco\javacpp-presets\opencv\3.2.0-1.3\opencv-3.2.0-1.3-android-arm.jar;C:\Users\neera\.m2\repository\org\bytedeco\javacpp-presets\opencv\3.2.0-1.3\opencv-3.2.0-1.3-android-x86.jar;C:\Users\neera\.m2\repository\org\bytedeco\javacpp-presets\opencv\3.2.0-1.3\opencv-3.2.0-1.3-linux-x86.jar;C:\Users\neera\.m2\repository\org\bytedeco\javacpp-presets\opencv\3.2.0-1.3\opencv-3.2.0-1.3-linux-x86_64.jar;C:\Users\neera\.m2\repository\org\bytedeco\javacpp-presets\opencv\3.2.0-1.3\opencv-3.2.0-1.3-linux-armhf.jar;C:\Users\neera\.m2\repository\org\bytedeco\javacpp-presets\opencv\3.2.0-1.3\opencv-3.2.0-1.3-linux-ppc64le.jar;C:\Users\neera\.m2\repository\org\bytedeco\javacpp-presets\opencv\3.2.0-1.3\opencv-3.2.0-1.3-macosx-x86_64.jar;C:\Users\neera\.m2\repository\org\bytedeco\javacpp-presets\opencv\3.2.0-1.3\opencv-3.2.0-1.3-windows-x86.jar;C:\Users\neera\.m2\repository\org\bytedeco\javacpp-presets\opencv\3.2.0-1.3\opencv-3.2.0-1.3-windows-x86_64.jar;C:\Users\neera\.m2\repository\org\bytedeco\javacpp-presets\ffmpeg-platform\3.2.1-1.3\ffmpeg-platform-3.2.1-1.3.jar;C:\Users\neera\.m2\repository\org\bytedeco\javacpp-presets\ffmpeg\3.2.1-1.3\ffmpeg-3.2.1-1.3-android-arm.jar;C:\Users\neera\.m2\repository\org\bytedeco\javacpp-presets\ffmpeg\3.2.1-1.3\ffmpeg-3.2.1-1.3-android-x86.jar;C:\Users\neera\.m2\repository\org\bytedeco\javacpp-presets\ffmpeg\3.2.1-1.3\ffmpeg-3.2.1-1.3-linux-x86.jar;C:\Users\neera\.m2\repository\org\bytedeco\javacpp-presets\ffmpeg\3.2.1-1.3\ffmpeg-3.2.1-1.3-linux-x86_64.jar;C:\Users\neera\.m2\repository\org\bytedeco\javacpp-presets\ffmpeg\3.2.1-1.3\ffmpeg-3.2.1-1.3-linux-armhf.jar;C:\Users\neera\.m2\repository\org\bytedeco\javacpp-presets\ffmpeg\3.2.1-1.3\ffmpeg-3.2.1-1.3-linux-ppc64le.jar;C:\Users\neera\.m2\repository\org\bytedeco\javacpp-presets\ffmpeg\3.2.1-1.3\ffmpeg-3.2.1-1.3-macosx-x86_64.jar;C:\Users\neera\.m2\repository\org\bytedeco\javacpp-presets\ffmpeg\3.2.1-1.3\ffmpeg-3.2.1-1.3-windows-x86.jar;C:\Users\neera\.m2\repository\org\bytedeco\javacpp-presets\ffmpeg\3.2.1-1.3\ffmpeg-3.2.1-1.3-windows-x86_64.jar;C:\Users\neera\.m2\repository\org\bytedeco\javacpp-presets\flycapture-platform\2.9.3.43-1.3\flycapture-platform-2.9.3.43-1.3.jar;C:\Users\neera\.m2\repository\org\bytedeco\javacpp-presets\flycapture\2.9.3.43-1.3\flycapture-2.9.3.43-1.3-linux-x86.jar;C:\Users\neera\.m2\repository\org\bytedeco\javacpp-presets\flycapture\2.9.3.43-1.3\flycapture-2.9.3.43-1.3-linux-x86_64.jar;C:\Users\neera\.m2\repository\org\bytedeco\javacpp-presets\flycapture\2.9.3.43-1.3\flycapture-2.9.3.43-1.3-linux-armhf.jar;C:\Users\neera\.m2\repository\org\bytedeco\javacpp-presets\flycapture\2.9.3.43-1.3\flycapture-2.9.3.43-1.3-windows-x86.jar;C:\Users\neera\.m2\repository\org\bytedeco\javacpp-presets\flycapture\2.9.3.43-1.3\flycapture-2.9.3.43-1.3-windows-x86_64.jar;C:\Users\neera\.m2\repository\org\bytedeco\javacpp-presets\libdc1394-platform\2.2.4-1.3\libdc1394-platform-2.2.4-1.3.jar;C:\Users\neera\.m2\repository\org\bytedeco\javacpp-presets\libdc1394\2.2.4-1.3\libdc1394-2.2.4-1.3-linux-x86.jar;C:\Users\neera\.m2\repository\org\bytedeco\javacpp-presets\libdc1394\2.2.4-1.3\libdc1394-2.2.4-1.3-linux-x86_64.jar;C:\Users\neera\.m2\repository\org\bytedeco\javacpp-presets\libdc1394\2.2.4-1.3\libdc1394-2.2.4-1.3-linux-armhf.jar;C:\Users\neera\.m2\repository\org\bytedeco\javacpp-presets\libdc1394\2.2.4-1.3\libdc1394-2.2.4-1.3-linux-ppc64le.jar;C:\Users\neera\.m2\repository\org\bytedeco\javacpp-presets\libdc1394\2.2.4-1.3\libdc1394-2.2.4-1.3-macosx-x86_64.jar;C:\Users\neera\.m2\repository\org\bytedeco\javacpp-presets\libdc1394\2.2.4-1.3\libdc1394-2.2.4-1.3-windows-x86.jar;C:\Users\neera\.m2\repository\org\bytedeco\javacpp-presets\libdc1394\2.2.4-1.3\libdc1394-2.2.4-1.3-windows-x86_64.jar;C:\Users\neera\.m2\repository\org\bytedeco\javacpp-presets\libfreenect-platform\0.5.3-1.3\libfreenect-platform-0.5.3-1.3.jar;C:\Users\neera\.m2\repository\org\bytedeco\javacpp-presets\libfreenect\0.5.3-1.3\libfreenect-0.5.3-1.3-linux-x86.jar;C:\Users\neera\.m2\repository\org\bytedeco\javacpp-presets\libfreenect\0.5.3-1.3\libfreenect-0.5.3-1.3-linux-x86_64.jar;C:\Users\neera\.m2\repository\org\bytedeco\javacpp-presets\libfreenect\0.5.3-1.3\libfreenect-0.5.3-1.3-linux-armhf.jar;C:\Users\neera\.m2\repository\org\bytedeco\javacpp-presets\libfreenect\0.5.3-1.3\libfreenect-0.5.3-1.3-linux-ppc64le.jar;C:\Users\neera\.m2\repository\org\bytedeco\javacpp-presets\libfreenect\0.5.3-1.3\libfreenect-0.5.3-1.3-macosx-x86_64.jar;C:\Users\neera\.m2\repository\org\bytedeco\javacpp-presets\libfreenect\0.5.3-1.3\libfreenect-0.5.3-1.3-windows-x86.jar;C:\Users\neera\.m2\repository\org\bytedeco\javacpp-presets\libfreenect\0.5.3-1.3\libfreenect-0.5.3-1.3-windows-x86_64.jar;C:\Users\neera\.m2\repository\org\bytedeco\javacpp-presets\libfreenect2-platform\0.2.0-1.3\libfreenect2-platform-0.2.0-1.3.jar;C:\Users\neera\.m2\repository\org\bytedeco\javacpp-presets\libfreenect2\0.2.0-1.3\libfreenect2-0.2.0-1.3-linux-x86.jar;C:\Users\neera\.m2\repository\org\bytedeco\javacpp-presets\libfreenect2\0.2.0-1.3\libfreenect2-0.2.0-1.3-linux-x86_64.jar;C:\Users\neera\.m2\repository\org\bytedeco\javacpp-presets\librealsense-platform\1.9.6-1.3\librealsense-platform-1.9.6-1.3.jar;C:\Users\neera\.m2\repository\org\bytedeco\javacpp-presets\librealsense\1.9.6-1.3\librealsense-1.9.6-1.3-linux-x86.jar;C:\Users\neera\.m2\repository\org\bytedeco\javacpp-presets\librealsense\1.9.6-1.3\librealsense-1.9.6-1.3-linux-x86_64.jar;C:\Users\neera\.m2\repository\org\bytedeco\javacpp-presets\videoinput-platform\0.200-1.3\videoinput-platform-0.200-1.3.jar;C:\Users\neera\.m2\repository\org\bytedeco\javacpp-presets\videoinput\0.200-1.3\videoinput-0.200-1.3-windows-x86.jar;C:\Users\neera\.m2\repository\org\bytedeco\javacpp-presets\videoinput\0.200-1.3\videoinput-0.200-1.3-windows-x86_64.jar;C:\Users\neera\.m2\repository\org\bytedeco\javacpp-presets\artoolkitplus-platform\2.3.1-1.3\artoolkitplus-platform-2.3.1-1.3.jar;C:\Users\neera\.m2\repository\org\bytedeco\javacpp-presets\artoolkitplus\2.3.1-1.3\artoolkitplus-2.3.1-1.3-android-arm.jar;C:\Users\neera\.m2\repository\org\bytedeco\javacpp-presets\artoolkitplus\2.3.1-1.3\artoolkitplus-2.3.1-1.3-android-x86.jar;C:\Users\neera\.m2\repository\org\bytedeco\javacpp-presets\artoolkitplus\2.3.1-1.3\artoolkitplus-2.3.1-1.3-linux-x86.jar;C:\Users\neera\.m2\repository\org\bytedeco\javacpp-presets\artoolkitplus\2.3.1-1.3\artoolkitplus-2.3.1-1.3-linux-x86_64.jar;C:\Users\neera\.m2\repository\org\bytedeco\javacpp-presets\artoolkitplus\2.3.1-1.3\artoolkitplus-2.3.1-1.3-linux-armhf.jar;C:\Users\neera\.m2\repository\org\bytedeco\javacpp-presets\artoolkitplus\2.3.1-1.3\artoolkitplus-2.3.1-1.3-linux-ppc64le.jar;C:\Users\neera\.m2\repository\org\bytedeco\javacpp-presets\artoolkitplus\2.3.1-1.3\artoolkitplus-2.3.1-1.3-macosx-x86_64.jar;C:\Users\neera\.m2\repository\org\bytedeco\javacpp-presets\artoolkitplus\2.3.1-1.3\artoolkitplus-2.3.1-1.3-windows-x86.jar;C:\Users\neera\.m2\repository\org\bytedeco\javacpp-presets\artoolkitplus\2.3.1-1.3\artoolkitplus-2.3.1-1.3-windows-x86_64.jar;C:\Users\neera\.m2\repository\org\bytedeco\javacpp-presets\flandmark-platform\1.07-1.3\flandmark-platform-1.07-1.3.jar;C:\Users\neera\.m2\repository\org\bytedeco\javacpp-presets\flandmark\1.07-1.3\flandmark-1.07-1.3-android-arm.jar;C:\Users\neera\.m2\repository\org\bytedeco\javacpp-presets\flandmark\1.07-1.3\flandmark-1.07-1.3-android-x86.jar;C:\Users\neera\.m2\repository\org\bytedeco\javacpp-presets\flandmark\1.07-1.3\flandmark-1.07-1.3-linux-x86.jar;C:\Users\neera\.m2\repository\org\bytedeco\javacpp-presets\flandmark\1.07-1.3\flandmark-1.07-1.3-linux-x86_64.jar;C:\Users\neera\.m2\repository\org\bytedeco\javacpp-presets\flandmark\1.07-1.3\flandmark-1.07-1.3-linux-armhf.jar;C:\Users\neera\.m2\repository\org\bytedeco\javacpp-presets\flandmark\1.07-1.3\flandmark-1.07-1.3-linux-ppc64le.jar;C:\Users\neera\.m2\repository\org\bytedeco\javacpp-presets\flandmark\1.07-1.3\flandmark-1.07-1.3-macosx-x86_64.jar;C:\Users\neera\.m2\repository\org\bytedeco\javacpp-presets\flandmark\1.07-1.3\flandmark-1.07-1.3-windows-x86.jar;C:\Users\neera\.m2\repository\org\bytedeco\javacpp-presets\flandmark\1.07-1.3\flandmark-1.07-1.3-windows-x86_64.jar;D:\OpenCV\opencv\build\java\opencv-460.jar
Launcher Type: SUN_STANDARD

[Global flags]
     intx CICompilerCount                          = 3                                         {product} {ergonomic}
     uint ConcGCThreads                            = 1                                         {product} {ergonomic}
     uint G1ConcRefinementThreads                  = 4                                         {product} {ergonomic}
   size_t G1HeapRegionSize                         = 1048576                                   {product} {ergonomic}
    uintx GCDrainStackTargetSize                   = 64                                        {product} {ergonomic}
   size_t InitialHeapSize                          = 134217728                                 {product} {ergonomic}
   size_t MarkStackSize                            = 4194304                                   {product} {ergonomic}
   size_t MaxHeapSize                              = 2128609280                                {product} {ergonomic}
   size_t MaxNewSize                               = 1277165568                                {product} {ergonomic}
   size_t MinHeapDeltaBytes                        = 1048576                                   {product} {ergonomic}
   size_t MinHeapSize                              = 8388608                                   {product} {ergonomic}
    uintx NonNMethodCodeHeapSize                   = 5832780                                {pd product} {ergonomic}
    uintx NonProfiledCodeHeapSize                  = 122912730                              {pd product} {ergonomic}
    uintx ProfiledCodeHeapSize                     = 122912730                              {pd product} {ergonomic}
    uintx ReservedCodeCacheSize                    = 251658240                              {pd product} {ergonomic}
     bool SegmentedCodeCache                       = true                                      {product} {ergonomic}
   size_t SoftMaxHeapSize                          = 2128609280                             {manageable} {ergonomic}
     bool UseCompressedClassPointers               = true                           {product lp64_product} {ergonomic}
     bool UseCompressedOops                        = true                           {product lp64_product} {ergonomic}
     bool UseG1GC                                  = true                                      {product} {ergonomic}
     bool UseLargePagesIndividualAllocation        = false                                  {pd product} {ergonomic}

Logging:
Log output configuration:
 #0: stdout all=off uptime,level,tags foldmultilines=false
 #1: stderr all=off uptime,level,tags foldmultilines=false

Environment Variables:
JAVA_HOME=C:\Program Files\Java\jdk1.8.0_202
PATH=C:\Program Files\Common Files\Oracle\Java\javapath;C:\Program Files (x86)\Common Files\Oracle\Java\javapath;C:\WINDOWS\system32;C:\WINDOWS;C:\WINDOWS\System32\Wbem;C:\WINDOWS\System32\WindowsPowerShell\v1.0\;C:\WINDOWS\System32\OpenSSH\;C:\Program Files\Git\cmd;D:\opencv\opencv\build\bin;C:\Program Files\nodejs\;C:\Users\neera\AppData\Local\Programs\Python\Python38;D:\com\googlecode\javacv\cpp\windows-x86_64;D:\OpenCV\opencv\build\java\x64;C:\Program Files\Java\jdk1.8.0_202\bin;C:\Program Files\Java\jdk-11.0.16.1\bin;C:\Program Files\Java\jdk-19\bin;C:\Program Files\Java\jre1.8.0_351\bin;;C:\Program Files\Docker\Docker\resources\bin;C:\Program Files\Java\jdk1.8.0_202/bin;C:\Program Files\Common Files\Oracle\Java\javapath;C:\Program Files (x86)\Common Files\Oracle\Java\javapath;C:\WINDOWS\system32;C:\WINDOWS;C:\WINDOWS\System32\Wbem;C:\WINDOWS\System32\WindowsPowerShell\v1.0\;C:\WINDOWS\System32\OpenSSH\;C:\Program Files\Git\cmd;D:\opencv\opencv\build\bin;C:\Program Files\nodejs\;C:\Users\neera\AppData\Local\Programs\Python\Python38;D:\com\googlecode\javacv\cpp\windows-x86_64;D:\OpenCV\opencv\build\java\x64;C:\Program Files\Java\jdk1.8.0_202\bin;C:\Program Files\Java\jdk-11.0.16.1\bin;C:\Program Files\Java\jdk-19\bin;C:\Program Files\Java\jre1.8.0_351\bin;;C:\Program Files\Docker\Docker\resources\bin
USERNAME=neera
OS=Windows_NT
PROCESSOR_IDENTIFIER=Intel64 Family 6 Model 69 Stepping 1, GenuineIntel
TMP=C:\Users\neera\AppData\Local\Temp
TEMP=C:\Users\neera\AppData\Local\Temp



---------------  S Y S T E M  ---------------

OS:
 Windows 10 , 64 bit Build 19041 (10.0.19041.2364)
OS uptime: 0 days 10:19 hours
Hyper-V role detected

CPU: total 4 (initial active 4) (2 cores per cpu, 2 threads per core) family 6 model 69 stepping 1 microcode 0x25, cx8, cmov, fxsr, ht, mmx, sse, sse2, sse3, ssse3, sse4.1, sse4.2, popcnt, lzcnt, tsc, tscinvbit, avx, avx2, aes, erms, clmul, bmi1, bmi2, fma, vzeroupper, clflush, hv, rdtscp

Memory: 4k page, system-wide physical 8113M (1572M free)
TotalPageFile size 11697M (AvailPageFile size 1749M)
current process WorkingSet (physical memory assigned to process): 188M, peak: 477M
current process commit charge ("private bytes"): 259M, peak: 556M

vm_info: Java HotSpot(TM) 64-Bit Server VM (19.0.1+10-21) for windows-amd64 JRE (19.0.1+10-21), built on 2022-09-14T12:45:06Z by "mach5one" with MS VC++ 17.1 (VS2022)

END.
