#
# A fatal error has been detected by the Java Runtime Environment:
#
#  EXCEPTION_ACCESS_VIOLATION (0xc0000005) at pc=0x00007ffefce9faad, pid=7876, tid=1312
#
# JRE version: Java(TM) SE Runtime Environment (19.0.1+10) (build 19.0.1+10-21)
# Java VM: Java HotSpot(TM) 64-Bit Server VM (19.0.1+10-21, mixed mode, sharing, tiered, compressed oops, compressed class ptrs, g1 gc, windows-amd64)
# Problematic frame:
# C  [ntdll.dll+0x2faad]
#
# No core dump will be written. Minidumps are not enabled by default on client versions of Windows
#
# If you would like to submit a bug report, please visit:
#   https://bugreport.java.com/bugreport/crash.jsp
#

---------------  S U M M A R Y ------------

Command Line: -Djava.library.path=D:\OpenCV\opencv\build\java\x64 -javaagent:C:\Program Files\JetBrains\IntelliJ IDEA 2022.3.1\lib\idea_rt.jar=52043:C:\Program Files\JetBrains\IntelliJ IDEA 2022.3.1\bin -Dfile.encoding=UTF-8 -Dsun.stdout.encoding=UTF-8 -Dsun.stderr.encoding=UTF-8 org.example.AddNewUser

Host: Intel(R) Core(TM) i7-4600U CPU @ 2.10GHz, 4 cores, 7G,  Windows 10 , 64 bit Build 19041 (10.0.19041.2364)
Time: Tue Jan 31 18:43:40 2023 India Standard Time elapsed time: 569.484578 seconds (0d 0h 9m 29s)

---------------  T H R E A D  ---------------

Current thread (0x000002117ba84be0):  VMThread "VM Thread" [stack: 0x0000002173500000,0x0000002173600000] [id=1312]

Stack: [0x0000002173500000,0x0000002173600000],  sp=0x00000021735ff110,  free space=1020k
Native frames: (J=compiled Java code, j=interpreted, Vv=VM code, C=native code)
C  [ntdll.dll+0x2faad]
C  [igdrcl64.dll+0x904e9]


siginfo: EXCEPTION_ACCESS_VIOLATION (0xc0000005), writing address 0x0000000000000018


Registers:
RAX=0x0000002172af9000, RBX=0x00000021735ff198, RCX=0x0000000000000010, RDX=0x0000000000000010
RSP=0x00000021735ff110, RBP=0x00000021735ff6c0, RSI=0x00000000ffffffff, RDI=0x000002111012dea0
R8 =0x000000000000003a, R9 =0x000000000000003a, R10=0x0000000000000038, R11=0x00000021735ff1b0
R12=0x00000211101a34f0, R13=0x0000000000000040, R14=0x00000211101a3c28, R15=0x00000021735ff370
RIP=0x00007ffefce9faad, EFLAGS=0x0000000000010202


Register to memory mapping:

RIP=0x00007ffefce9faad ntdll.dll
RAX=0x0000002172af9000 points into unknown readable memory: 0x0000000000000000 | 00 00 00 00 00 00 00 00
RBX=0x00000021735ff198 points into unknown readable memory: 0x0000000000000010 | 10 00 00 00 00 00 00 00
RCX=0x0000000000000010 is an unknown value
RDX=0x0000000000000010 is an unknown value
RSP=0x00000021735ff110 points into unknown readable memory: 0x0000000000000000 | 00 00 00 00 00 00 00 00
RBP=0x00000021735ff6c0 points into unknown readable memory: 0x00000021735ff809 | 09 f8 5f 73 21 00 00 00
RSI=0x00000000ffffffff is pointing into object: Ljava.internal.vm.FillerArray; 
{0x00000000ffffffa8} - klass: {type array int}
 - length: 18
RDI=0x000002111012dea0 points into unknown readable memory: 0x00007ffea9304e00 | 00 4e 30 a9 fe 7f 00 00
R8 =0x000000000000003a is an unknown value
R9 =0x000000000000003a is an unknown value
R10=0x0000000000000038 is an unknown value
R11=0x00000021735ff1b0 points into unknown readable memory: 0x00000211102648a0 | a0 48 26 10 11 02 00 00
R12=0x00000211101a34f0 points into unknown readable memory: 0x07ffff25256579cc | cc 79 65 25 25 ff ff 07
R13=0x0000000000000040 is an unknown value
R14=0x00000211101a3c28 points into unknown readable memory: 0x0000160c522ab9cc | cc b9 2a 52 0c 16 00 00
R15=0x00000021735ff370 points into unknown readable memory: 0x00000021735ff390 | 90 f3 5f 73 21 00 00 00


Top of Stack: (sp=0x00000021735ff110)
0x00000021735ff110:   0000000000000000 0000000000000000
0x00000021735ff120:   0000000000000000 0000000000000000
0x00000021735ff130:   0000000000000000 00007ffea8ef04e9
0x00000021735ff140:   0000000000000000 0000000000000000
0x00000021735ff150:   0000000000000000 0000000000000000
0x00000021735ff160:   0000000000000000 00007ffea8ed8868
0x00000021735ff170:   0000000000000000 0000000000000000
0x00000021735ff180:   0000000000000000 0000000000000000
0x00000021735ff190:   fffffffffffffffe 0000000000000010
0x00000021735ff1a0:   0000162d21754901 0000000000000000
0x00000021735ff1b0:   00000211102648a0 00007ffea8ed2455
0x00000021735ff1c0:   0000000000000000 000002111012dea0
0x00000021735ff1d0:   00000211180ab560 0000000000000003
0x00000021735ff1e0:   00000211180ab560 00007ffe91d200be
0x00000021735ff1f0:   0000021110264de0 0000000000000000
0x00000021735ff200:   000002116a940000 0000000000000000 

Instructions: (pc=0x00007ffefce9faad)
0x00007ffefce9f9ad:   48 b8 7f 7f 7f 7f 7f 7f 7f 7f 41 8b c8 48 0b cb
0x00007ffefce9f9bd:   48 23 c8 83 e6 1f 49 89 8c f4 40 a5 16 00 48 81
0x00007ffefce9f9cd:   c4 98 00 00 00 41 5f 41 5e 41 5d 41 5c 5f 5e 5b
0x00007ffefce9f9dd:   5d c3 cc 33 d2 41 8b c6 41 f7 f0 44 8b c8 e9 d6
0x00007ffefce9f9ed:   fc ff ff 41 8d 57 ff 41 85 d7 0f 84 93 38 08 00
0x00007ffefce9f9fd:   41 b8 00 10 00 00 41 b9 ff ff 00 00 e9 bc 38 08
0x00007ffefce9fa0d:   00 cc cc cc cc cc cc 48 8b c4 48 89 58 08 48 89
0x00007ffefce9fa1d:   68 10 48 89 70 18 48 89 78 20 41 56 48 83 ec 20
0x00007ffefce9fa2d:   40 8a ea 4c 8d 35 99 d1 13 00 48 8b f1 33 db 48
0x00007ffefce9fa3d:   8d 0d 9d d1 13 00 e8 58 00 00 00 4c 8b 05 81 d1
0x00007ffefce9fa4d:   13 00 4d 3b c6 0f 85 88 3b 08 00 48 85 db 75 33
0x00007ffefce9fa5d:   48 8d 0d 7c d1 13 00 e8 c7 f7 ff ff 48 85 db 0f
0x00007ffefce9fa6d:   85 a3 3b 08 00 33 c0 48 8b 5c 24 30 48 8b 6c 24
0x00007ffefce9fa7d:   38 48 8b 74 24 40 48 8b 7c 24 48 48 83 c4 20 41
0x00007ffefce9fa8d:   5e c3 cc f0 ff 43 3c eb c7 cc cc cc cc cc cc cc
0x00007ffefce9fa9d:   cc cc cc 48 83 ec 28 65 48 8b 04 25 30 00 00 00
0x00007ffefce9faad:   f0 0f ba 71 08 00 48 8b 40 48 73 13 48 89 41 10
0x00007ffefce9fabd:   33 c0 c7 41 0c 01 00 00 00 48 83 c4 28 c3 cc 48
0x00007ffefce9facd:   39 41 10 75 0b ff 41 0c 33 c0 48 83 c4 28 c3 cc
0x00007ffefce9fadd:   e8 0e 00 00 00 eb e2 cc cc cc cc cc cc cc cc cc
0x00007ffefce9faed:   cc cc cc 48 89 5c 24 18 55 56 57 41 54 41 55 41
0x00007ffefce9fafd:   56 41 57 48 83 ec 20 8b 41 20 48 8b f1 48 0f ba
0x00007ffefce9fb0d:   e0 1a 0f 82 df 01 00 00 33 ff 40 32 ed 66 83 3c
0x00007ffefce9fb1d:   25 6a 03 fe 7f 01 76 19 48 8b 7e 20 48 8b c7 81
0x00007ffefce9fb2d:   e7 ff ff ff 00 25 00 00 00 02 48 85 c0 40 0f 95
0x00007ffefce9fb3d:   c5 45 32 ff b0 01 45 32 e4 41 bd 01 00 00 00 45
0x00007ffefce9fb4d:   33 c0 ba 6a 03 fe 7f 84 c0 0f 84 14 01 00 00 8b
0x00007ffefce9fb5d:   46 08 4c 8d 4e 08 45 84 e4 41 be 03 00 00 00 45
0x00007ffefce9fb6d:   0f 44 f5 41 84 c5 0f 85 e2 00 00 00 8d 0c bf 03
0x00007ffefce9fb7d:   c9 66 44 39 2a 0f 86 e8 00 00 00 4d 85 c9 74 0e
0x00007ffefce9fb8d:   80 3c 25 97 02 fe 7f 00 0f 85 a9 3a 08 00 0f b7
0x00007ffefce9fb9d:   1c 25 d6 02 fe 7f 83 fb 0c 0f 85 a2 00 00 00 b8 


Stack slot to memory mapping:
stack at sp + 0 slots: 0x0 is NULL
stack at sp + 1 slots: 0x0 is NULL
stack at sp + 2 slots: 0x0 is NULL
stack at sp + 3 slots: 0x0 is NULL
stack at sp + 4 slots: 0x0 is NULL
stack at sp + 5 slots: 0x00007ffea8ef04e9 igdrcl64.dll
stack at sp + 6 slots: 0x0 is NULL
stack at sp + 7 slots: 0x0 is NULL

VM_Operation (0x0000002172dff470): Exit, mode: safepoint, requested by thread 0x000002110fa96d10


---------------  P R O C E S S  ---------------

Threads class SMR info:
_java_thread_list=0x000002110fa3a940, length=21, elements={
0x000002117ba9fc70, 0x000002117baa0a60, 0x000002117baa7bb0, 0x000002117baa8620,
0x000002117baae070, 0x000002117bab3e60, 0x000002117babd7f0, 0x000002117baae5c0,
0x000002117baaeb10, 0x000002117baaf5b0, 0x000002117baad080, 0x000002117baac5e0,
0x000002117baad5d0, 0x000002117baacb30, 0x000002111018f050, 0x0000021110190590,
0x000002111018f5a0, 0x000002111018e5b0, 0x000002110fa912c0, 0x000002110fa91d60,
0x000002110fa96d10
}

Java Threads: ( => current thread )
  0x000002117ba9fc70 JavaThread "Reference Handler" daemon [_thread_blocked, id=7028, stack(0x0000002173600000,0x0000002173700000)]
  0x000002117baa0a60 JavaThread "Finalizer" daemon [_thread_blocked, id=10496, stack(0x0000002173700000,0x0000002173800000)]
  0x000002117baa7bb0 JavaThread "Attach Listener" daemon [_thread_blocked, id=4764, stack(0x0000002173900000,0x0000002173a00000)]
  0x000002117baa8620 JavaThread "Service Thread" daemon [_thread_blocked, id=12304, stack(0x0000002173a00000,0x0000002173b00000)]
  0x000002117baae070 JavaThread "Monitor Deflation Thread" daemon [_thread_blocked, id=7084, stack(0x0000002173b00000,0x0000002173c00000)]
  0x000002117bab3e60 JavaThread "C2 CompilerThread0" daemon [_thread_blocked, id=13156, stack(0x0000002173c00000,0x0000002173d00000)]
  0x000002117babd7f0 JavaThread "C1 CompilerThread0" daemon [_thread_blocked, id=1120, stack(0x0000002173d00000,0x0000002173e00000)]
  0x000002117baae5c0 JavaThread "Sweeper thread" daemon [_thread_blocked, id=11592, stack(0x0000002173e00000,0x0000002173f00000)]
  0x000002117baaeb10 JavaThread "Common-Cleaner" daemon [_thread_blocked, id=3656, stack(0x0000002173f00000,0x0000002174000000)]
  0x000002117baaf5b0 JavaThread "Monitor Ctrl-Break" daemon [_thread_in_native, id=10208, stack(0x0000002174000000,0x0000002174100000)]
  0x000002117baad080 JavaThread "Notification Thread" daemon [_thread_blocked, id=10500, stack(0x0000002174100000,0x0000002174200000)]
  0x000002117baac5e0 JavaThread "Gax-1" daemon [_thread_blocked, id=12048, stack(0x0000002174300000,0x0000002174400000)]
  0x000002117baad5d0 JavaThread "Java2D Disposer" daemon [_thread_blocked, id=10008, stack(0x0000002174700000,0x0000002174800000)]
  0x000002117baacb30 JavaThread "AWT-Shutdown" [_thread_blocked, id=14092, stack(0x0000002174800000,0x0000002174900000)]
  0x000002111018f050 JavaThread "AWT-EventQueue-0" [_thread_blocked, id=7456, stack(0x0000002174a00000,0x0000002174b00000)]
  0x0000021110190590 JavaThread "DestroyJavaVM" [_thread_blocked, id=10984, stack(0x0000002172f00000,0x0000002173000000)]
  0x000002111018f5a0 JavaThread "TimerQueue" daemon [_thread_blocked, id=1160, stack(0x0000002174e00000,0x0000002174f00000)]
  0x000002111018e5b0 JavaThread "Gax-2" daemon [_thread_blocked, id=2880, stack(0x0000002174f00000,0x0000002175000000)]
  0x000002110fa912c0 JavaThread "Gax-3" daemon [_thread_blocked, id=11376, stack(0x0000002175b00000,0x0000002175c00000)]
  0x000002110fa91d60 JavaThread "Gax-4" daemon [_thread_blocked, id=12876, stack(0x0000002175000000,0x0000002175100000)]
  0x000002110fa96d10 JavaThread "SIGINT handler" daemon [_thread_blocked, id=13376, stack(0x0000002172d00000,0x0000002172e00000)]

Other Threads:
=>0x000002117ba84be0 VMThread "VM Thread" [stack: 0x0000002173500000,0x0000002173600000] [id=1312]
  0x000002116ab9a270 WorkerThread "GC Thread#0" [stack: 0x0000002173000000,0x0000002173100000] [id=8416]
  0x000002110f64f6c0 WorkerThread "GC Thread#1" [stack: 0x0000002174400000,0x0000002174500000] [id=6176]
  0x000002110f680090 WorkerThread "GC Thread#2" [stack: 0x0000002174500000,0x0000002174600000] [id=5852]
  0x000002110f677030 WorkerThread "GC Thread#3" [stack: 0x0000002174600000,0x0000002174700000] [id=10300]
  0x000002116abab130 ConcurrentGCThread "G1 Main Marker" terminated
  0x000002116abac300 WorkerThread "G1 Conc#0" [stack: 0x0000002173200000,0x0000002173300000] [id=12072]
  0x000002117b93e450 ConcurrentGCThread "G1 Refine#0" terminated
  0x000002117b93eda0 ConcurrentGCThread "G1 Service" terminated

Threads with active compile tasks:

VM state: at safepoint (shutting down)

VM Mutex/Monitor currently owned by a thread:  ([mutex/lock_event])
[0x000002116ab3b8d0] Threads_lock - owner thread: 0x000002117ba84be0
[0x000002116ab3a370] Heap_lock - owner thread: 0x000002110fa96d10

Heap address: 0x0000000081200000, size: 2030 MB, Compressed Oops mode: 32-bit

CDS archive(s) mapped at: [0x0000000800000000-0x0000000800c40000-0x0000000800c40000), size 12845056, SharedBaseAddress: 0x0000000800000000, ArchiveRelocationMode: 0.
Compressed class space mapped at: 0x0000000801000000-0x0000000841000000, reserved size: 1073741824
Narrow klass base: 0x0000000800000000, Narrow klass shift: 0, Narrow klass range: 0x100000000

GC Precious Log:
 CardTable entry size: 512
 Card Set container configuration: InlinePtr #cards 5 size 8 Array Of Cards #cards 12 size 40 Howl #buckets 4 coarsen threshold 1843 Howl Bitmap #cards 512 size 80 coarsen threshold 460 Card regions per heap region 1 cards per card region 2048
 CPUs: 4 total, 4 available
 Memory: 8113M
 Large Page Support: Disabled
 NUMA Support: Disabled
 Compressed Oops: Enabled (32-bit)
 Heap Region Size: 1M
 Heap Min Capacity: 8M
 Heap Initial Capacity: 128M
 Heap Max Capacity: 2030M
 Pre-touch: Disabled
 Parallel Workers: 4
 Concurrent Workers: 1
 Concurrent Refinement Workers: 4
 Periodic GC: Disabled

Heap:
 garbage-first heap   total 162816K, used 103314K [0x0000000081200000, 0x0000000100000000)
  region size 1024K, 34 young (34816K), 1 survivors (1024K)
 Metaspace       used 25368K, committed 25600K, reserved 1114112K
  class space    used 2738K, committed 2880K, reserved 1048576K

Heap Regions: E=young(eden), S=young(survivor), O=old, HS=humongous(starts), HC=humongous(continues), CS=collection set, F=free, OA=open archive, CA=closed archive, TAMS=top-at-mark-start (previous, next)
|   0|0x0000000081200000, 0x0000000081300000, 0x0000000081300000|100%|HS|  |TAMS 0x0000000081300000, 0x0000000081300000| Complete 
|   1|0x0000000081300000, 0x0000000081400000, 0x0000000081400000|100%| O|  |TAMS 0x0000000081400000, 0x0000000081400000| Untracked 
|   2|0x0000000081400000, 0x0000000081500000, 0x0000000081500000|100%| O|  |TAMS 0x0000000081500000, 0x0000000081500000| Untracked 
|   3|0x0000000081500000, 0x0000000081600000, 0x0000000081600000|100%| O|  |TAMS 0x0000000081600000, 0x0000000081600000| Untracked 
|   4|0x0000000081600000, 0x0000000081700000, 0x0000000081700000|100%| O|  |TAMS 0x0000000081700000, 0x0000000081700000| Untracked 
|   5|0x0000000081700000, 0x0000000081800000, 0x0000000081800000|100%|HS|  |TAMS 0x0000000081700000, 0x0000000081700000| Complete 
|   6|0x0000000081800000, 0x0000000081900000, 0x0000000081900000|100%|HC|  |TAMS 0x0000000081800000, 0x0000000081800000| Complete 
|   7|0x0000000081900000, 0x0000000081a00000, 0x0000000081a00000|100%|HS|  |TAMS 0x0000000081900000, 0x0000000081900000| Complete 
|   8|0x0000000081a00000, 0x0000000081b00000, 0x0000000081b00000|100%|HC|  |TAMS 0x0000000081a00000, 0x0000000081a00000| Complete 
|   9|0x0000000081b00000, 0x0000000081c00000, 0x0000000081c00000|100%|HS|  |TAMS 0x0000000081b00000, 0x0000000081c00000| Complete 
|  10|0x0000000081c00000, 0x0000000081d00000, 0x0000000081d00000|100%|HC|  |TAMS 0x0000000081c00000, 0x0000000081d00000| Complete 
|  11|0x0000000081d00000, 0x0000000081e00000, 0x0000000081e00000|100%|HS|  |TAMS 0x0000000081d00000, 0x0000000081d00000| Complete 
|  12|0x0000000081e00000, 0x0000000081f00000, 0x0000000081f00000|100%|HC|  |TAMS 0x0000000081e00000, 0x0000000081e00000| Complete 
|  13|0x0000000081f00000, 0x0000000082000000, 0x0000000082000000|100%|HS|  |TAMS 0x0000000081f00000, 0x0000000081f00000| Complete 
|  14|0x0000000082000000, 0x0000000082100000, 0x0000000082100000|100%|HC|  |TAMS 0x0000000082000000, 0x0000000082000000| Complete 
|  15|0x0000000082100000, 0x0000000082200000, 0x0000000082200000|100%|HS|  |TAMS 0x0000000082100000, 0x0000000082100000| Complete 
|  16|0x0000000082200000, 0x0000000082300000, 0x0000000082300000|100%|HC|  |TAMS 0x0000000082200000, 0x0000000082200000| Complete 
|  17|0x0000000082300000, 0x0000000082400000, 0x0000000082400000|100%|HS|  |TAMS 0x0000000082300000, 0x0000000082300000| Complete 
|  18|0x0000000082400000, 0x0000000082500000, 0x0000000082500000|100%|HC|  |TAMS 0x0000000082400000, 0x0000000082400000| Complete 
|  19|0x0000000082500000, 0x0000000082600000, 0x0000000082600000|100%|HS|  |TAMS 0x0000000082500000, 0x0000000082500000| Complete 
|  20|0x0000000082600000, 0x0000000082700000, 0x0000000082700000|100%|HC|  |TAMS 0x0000000082600000, 0x0000000082600000| Complete 
|  21|0x0000000082700000, 0x0000000082800000, 0x0000000082800000|100%|HS|  |TAMS 0x0000000082700000, 0x0000000082700000| Complete 
|  22|0x0000000082800000, 0x0000000082900000, 0x0000000082900000|100%|HC|  |TAMS 0x0000000082800000, 0x0000000082800000| Complete 
|  23|0x0000000082900000, 0x0000000082a00000, 0x0000000082a00000|100%|HS|  |TAMS 0x0000000082900000, 0x0000000082900000| Complete 
|  24|0x0000000082a00000, 0x0000000082b00000, 0x0000000082b00000|100%|HC|  |TAMS 0x0000000082a00000, 0x0000000082a00000| Complete 
|  25|0x0000000082b00000, 0x0000000082c00000, 0x0000000082c00000|100%|HS|  |TAMS 0x0000000082b00000, 0x0000000082b00000| Complete 
|  26|0x0000000082c00000, 0x0000000082d00000, 0x0000000082d00000|100%|HC|  |TAMS 0x0000000082c00000, 0x0000000082c00000| Complete 
|  27|0x0000000082d00000, 0x0000000082e00000, 0x0000000082e00000|100%| O|  |TAMS 0x0000000082d00000, 0x0000000082e00000| Untracked 
|  28|0x0000000082e00000, 0x0000000082e71200, 0x0000000082f00000| 44%| O|  |TAMS 0x0000000082e00000, 0x0000000082e71200| Untracked 
|  29|0x0000000082f00000, 0x0000000083000000, 0x0000000083000000|100%|HS|  |TAMS 0x0000000082f00000, 0x0000000082f00000| Complete 
|  30|0x0000000083000000, 0x0000000083100000, 0x0000000083100000|100%|HC|  |TAMS 0x0000000083000000, 0x0000000083000000| Complete 
|  31|0x0000000083100000, 0x0000000083200000, 0x0000000083200000|100%|HS|  |TAMS 0x0000000083100000, 0x0000000083100000| Complete 
|  32|0x0000000083200000, 0x0000000083300000, 0x0000000083300000|100%|HC|  |TAMS 0x0000000083200000, 0x0000000083200000| Complete 
|  33|0x0000000083300000, 0x0000000083400000, 0x0000000083400000|100%|HS|  |TAMS 0x0000000083300000, 0x0000000083300000| Complete 
|  34|0x0000000083400000, 0x0000000083500000, 0x0000000083500000|100%|HC|  |TAMS 0x0000000083400000, 0x0000000083400000| Complete 
|  35|0x0000000083500000, 0x0000000083600000, 0x0000000083600000|100%|HS|  |TAMS 0x0000000083500000, 0x0000000083500000| Complete 
|  36|0x0000000083600000, 0x0000000083700000, 0x0000000083700000|100%|HC|  |TAMS 0x0000000083600000, 0x0000000083600000| Complete 
|  37|0x0000000083700000, 0x0000000083800000, 0x0000000083800000|100%|HS|  |TAMS 0x0000000083700000, 0x0000000083700000| Complete 
|  38|0x0000000083800000, 0x0000000083900000, 0x0000000083900000|100%|HC|  |TAMS 0x0000000083800000, 0x0000000083800000| Complete 
|  39|0x0000000083900000, 0x0000000083a00000, 0x0000000083a00000|100%|HS|  |TAMS 0x0000000083900000, 0x0000000083900000| Complete 
|  40|0x0000000083a00000, 0x0000000083b00000, 0x0000000083b00000|100%|HC|  |TAMS 0x0000000083a00000, 0x0000000083a00000| Complete 
|  41|0x0000000083b00000, 0x0000000083c00000, 0x0000000083c00000|100%|HS|  |TAMS 0x0000000083b00000, 0x0000000083c00000| Complete 
|  42|0x0000000083c00000, 0x0000000083d00000, 0x0000000083d00000|100%|HC|  |TAMS 0x0000000083c00000, 0x0000000083d00000| Complete 
|  43|0x0000000083d00000, 0x0000000083e00000, 0x0000000083e00000|100%|HS|  |TAMS 0x0000000083d00000, 0x0000000083e00000| Complete 
|  44|0x0000000083e00000, 0x0000000083f00000, 0x0000000083f00000|100%|HC|  |TAMS 0x0000000083e00000, 0x0000000083f00000| Complete 
|  45|0x0000000083f00000, 0x0000000084000000, 0x0000000084000000|100%|HS|  |TAMS 0x0000000083f00000, 0x0000000083f00000| Complete 
|  46|0x0000000084000000, 0x0000000084100000, 0x0000000084100000|100%|HC|  |TAMS 0x0000000084000000, 0x0000000084000000| Complete 
|  47|0x0000000084100000, 0x0000000084200000, 0x0000000084200000|100%|HS|  |TAMS 0x0000000084100000, 0x0000000084100000| Complete 
|  48|0x0000000084200000, 0x0000000084300000, 0x0000000084300000|100%|HC|  |TAMS 0x0000000084200000, 0x0000000084200000| Complete 
|  49|0x0000000084300000, 0x0000000084400000, 0x0000000084400000|100%|HS|  |TAMS 0x0000000084300000, 0x0000000084300000| Complete 
|  50|0x0000000084400000, 0x0000000084500000, 0x0000000084500000|100%|HC|  |TAMS 0x0000000084400000, 0x0000000084400000| Complete 
|  51|0x0000000084500000, 0x0000000084600000, 0x0000000084600000|100%|HS|  |TAMS 0x0000000084500000, 0x0000000084600000| Complete 
|  52|0x0000000084600000, 0x0000000084700000, 0x0000000084700000|100%|HC|  |TAMS 0x0000000084600000, 0x0000000084700000| Complete 
|  53|0x0000000084700000, 0x0000000084800000, 0x0000000084800000|100%|HS|  |TAMS 0x0000000084700000, 0x0000000084700000| Complete 
|  54|0x0000000084800000, 0x0000000084900000, 0x0000000084900000|100%|HC|  |TAMS 0x0000000084800000, 0x0000000084800000| Complete 
|  55|0x0000000084900000, 0x0000000084a00000, 0x0000000084a00000|100%|HS|  |TAMS 0x0000000084900000, 0x0000000084900000| Complete 
|  56|0x0000000084a00000, 0x0000000084b00000, 0x0000000084b00000|100%|HC|  |TAMS 0x0000000084a00000, 0x0000000084a00000| Complete 
|  57|0x0000000084b00000, 0x0000000084c00000, 0x0000000084c00000|100%|HS|  |TAMS 0x0000000084b00000, 0x0000000084b00000| Complete 
|  58|0x0000000084c00000, 0x0000000084d00000, 0x0000000084d00000|100%|HC|  |TAMS 0x0000000084c00000, 0x0000000084c00000| Complete 
|  59|0x0000000084d00000, 0x0000000084e00000, 0x0000000084e00000|100%|HS|  |TAMS 0x0000000084d00000, 0x0000000084d00000| Complete 
|  60|0x0000000084e00000, 0x0000000084f00000, 0x0000000084f00000|100%|HC|  |TAMS 0x0000000084e00000, 0x0000000084e00000| Complete 
|  61|0x0000000084f00000, 0x0000000084f00000, 0x0000000085000000|  0%| F|  |TAMS 0x0000000084f00000, 0x0000000084f00000| Untracked 
|  62|0x0000000085000000, 0x0000000085000000, 0x0000000085100000|  0%| F|  |TAMS 0x0000000085000000, 0x0000000085000000| Untracked 
|  63|0x0000000085100000, 0x0000000085200000, 0x0000000085200000|100%|HS|  |TAMS 0x0000000085100000, 0x0000000085200000| Complete 
|  64|0x0000000085200000, 0x0000000085300000, 0x0000000085300000|100%|HC|  |TAMS 0x0000000085200000, 0x0000000085300000| Complete 
|  65|0x0000000085300000, 0x0000000085400000, 0x0000000085400000|100%|HS|  |TAMS 0x0000000085300000, 0x0000000085400000| Complete 
|  66|0x0000000085400000, 0x0000000085500000, 0x0000000085500000|100%|HC|  |TAMS 0x0000000085400000, 0x0000000085500000| Complete 
|  67|0x0000000085500000, 0x0000000085500000, 0x0000000085600000|  0%| F|  |TAMS 0x0000000085500000, 0x0000000085500000| Untracked 
|  68|0x0000000085600000, 0x0000000085600000, 0x0000000085700000|  0%| F|  |TAMS 0x0000000085600000, 0x0000000085600000| Untracked 
|  69|0x0000000085700000, 0x0000000085700000, 0x0000000085800000|  0%| F|  |TAMS 0x0000000085700000, 0x0000000085700000| Untracked 
|  70|0x0000000085800000, 0x0000000085800000, 0x0000000085900000|  0%| F|  |TAMS 0x0000000085800000, 0x0000000085800000| Untracked 
|  71|0x0000000085900000, 0x0000000085900000, 0x0000000085a00000|  0%| F|  |TAMS 0x0000000085900000, 0x0000000085900000| Untracked 
|  72|0x0000000085a00000, 0x0000000085a00000, 0x0000000085b00000|  0%| F|  |TAMS 0x0000000085a00000, 0x0000000085a00000| Untracked 
|  73|0x0000000085b00000, 0x0000000085b00000, 0x0000000085c00000|  0%| F|  |TAMS 0x0000000085b00000, 0x0000000085b00000| Untracked 
|  74|0x0000000085c00000, 0x0000000085c00000, 0x0000000085d00000|  0%| F|  |TAMS 0x0000000085c00000, 0x0000000085c00000| Untracked 
|  75|0x0000000085d00000, 0x0000000085d00000, 0x0000000085e00000|  0%| F|  |TAMS 0x0000000085d00000, 0x0000000085d00000| Untracked 
|  76|0x0000000085e00000, 0x0000000085e00000, 0x0000000085f00000|  0%| F|  |TAMS 0x0000000085e00000, 0x0000000085e00000| Untracked 
|  77|0x0000000085f00000, 0x0000000085f00000, 0x0000000086000000|  0%| F|  |TAMS 0x0000000085f00000, 0x0000000085f00000| Untracked 
|  78|0x0000000086000000, 0x0000000086000000, 0x0000000086100000|  0%| F|  |TAMS 0x0000000086000000, 0x0000000086000000| Untracked 
|  79|0x0000000086100000, 0x0000000086100000, 0x0000000086200000|  0%| F|  |TAMS 0x0000000086100000, 0x0000000086100000| Untracked 
|  80|0x0000000086200000, 0x0000000086200000, 0x0000000086300000|  0%| F|  |TAMS 0x0000000086200000, 0x0000000086200000| Untracked 
|  81|0x0000000086300000, 0x0000000086300000, 0x0000000086400000|  0%| F|  |TAMS 0x0000000086300000, 0x0000000086300000| Untracked 
|  82|0x0000000086400000, 0x0000000086400000, 0x0000000086500000|  0%| F|  |TAMS 0x0000000086400000, 0x0000000086400000| Untracked 
|  83|0x0000000086500000, 0x0000000086500000, 0x0000000086600000|  0%| F|  |TAMS 0x0000000086500000, 0x0000000086500000| Untracked 
|  84|0x0000000086600000, 0x0000000086600000, 0x0000000086700000|  0%| F|  |TAMS 0x0000000086600000, 0x0000000086600000| Untracked 
|  85|0x0000000086700000, 0x0000000086700000, 0x0000000086800000|  0%| F|  |TAMS 0x0000000086700000, 0x0000000086700000| Untracked 
|  86|0x0000000086800000, 0x0000000086800000, 0x0000000086900000|  0%| F|  |TAMS 0x0000000086800000, 0x0000000086800000| Untracked 
|  87|0x0000000086900000, 0x0000000086900000, 0x0000000086a00000|  0%| F|  |TAMS 0x0000000086900000, 0x0000000086900000| Untracked 
|  88|0x0000000086a00000, 0x0000000086a00000, 0x0000000086b00000|  0%| F|  |TAMS 0x0000000086a00000, 0x0000000086a00000| Untracked 
|  89|0x0000000086b00000, 0x0000000086b00000, 0x0000000086c00000|  0%| F|  |TAMS 0x0000000086b00000, 0x0000000086b00000| Untracked 
|  90|0x0000000086c00000, 0x0000000086c00000, 0x0000000086d00000|  0%| F|  |TAMS 0x0000000086c00000, 0x0000000086c00000| Untracked 
|  91|0x0000000086d00000, 0x0000000086d00000, 0x0000000086e00000|  0%| F|  |TAMS 0x0000000086d00000, 0x0000000086d00000| Untracked 
|  92|0x0000000086e00000, 0x0000000086e00000, 0x0000000086f00000|  0%| F|  |TAMS 0x0000000086e00000, 0x0000000086e00000| Untracked 
|  93|0x0000000086f00000, 0x0000000086f00000, 0x0000000087000000|  0%| F|  |TAMS 0x0000000086f00000, 0x0000000086f00000| Untracked 
|  94|0x0000000087000000, 0x0000000087000000, 0x0000000087100000|  0%| F|  |TAMS 0x0000000087000000, 0x0000000087000000| Untracked 
|  95|0x0000000087100000, 0x0000000087100000, 0x0000000087200000|  0%| F|  |TAMS 0x0000000087100000, 0x0000000087100000| Untracked 
|  96|0x0000000087200000, 0x0000000087200000, 0x0000000087300000|  0%| F|  |TAMS 0x0000000087200000, 0x0000000087200000| Untracked 
|  97|0x0000000087300000, 0x0000000087300000, 0x0000000087400000|  0%| F|  |TAMS 0x0000000087300000, 0x0000000087300000| Untracked 
|  98|0x0000000087400000, 0x0000000087400000, 0x0000000087500000|  0%| F|  |TAMS 0x0000000087400000, 0x0000000087400000| Untracked 
|  99|0x0000000087500000, 0x0000000087500000, 0x0000000087600000|  0%| F|  |TAMS 0x0000000087500000, 0x0000000087500000| Untracked 
| 100|0x0000000087600000, 0x0000000087600000, 0x0000000087700000|  0%| F|  |TAMS 0x0000000087600000, 0x0000000087600000| Untracked 
| 101|0x0000000087700000, 0x0000000087700000, 0x0000000087800000|  0%| F|  |TAMS 0x0000000087700000, 0x0000000087700000| Untracked 
| 102|0x0000000087800000, 0x0000000087800000, 0x0000000087900000|  0%| F|  |TAMS 0x0000000087800000, 0x0000000087800000| Untracked 
| 103|0x0000000087900000, 0x0000000087900000, 0x0000000087a00000|  0%| F|  |TAMS 0x0000000087900000, 0x0000000087900000| Untracked 
| 104|0x0000000087a00000, 0x0000000087a00000, 0x0000000087b00000|  0%| F|  |TAMS 0x0000000087a00000, 0x0000000087a00000| Untracked 
| 105|0x0000000087b00000, 0x0000000087b00000, 0x0000000087c00000|  0%| F|  |TAMS 0x0000000087b00000, 0x0000000087b00000| Untracked 
| 106|0x0000000087c00000, 0x0000000087c00000, 0x0000000087d00000|  0%| F|  |TAMS 0x0000000087c00000, 0x0000000087c00000| Untracked 
| 107|0x0000000087d00000, 0x0000000087d00000, 0x0000000087e00000|  0%| F|  |TAMS 0x0000000087d00000, 0x0000000087d00000| Untracked 
| 108|0x0000000087e00000, 0x0000000087e00000, 0x0000000087f00000|  0%| F|  |TAMS 0x0000000087e00000, 0x0000000087e00000| Untracked 
| 109|0x0000000087f00000, 0x0000000087f00000, 0x0000000088000000|  0%| F|  |TAMS 0x0000000087f00000, 0x0000000087f00000| Untracked 
| 110|0x0000000088000000, 0x0000000088000000, 0x0000000088100000|  0%| F|  |TAMS 0x0000000088000000, 0x0000000088000000| Untracked 
| 111|0x0000000088100000, 0x0000000088100000, 0x0000000088200000|  0%| F|  |TAMS 0x0000000088100000, 0x0000000088100000| Untracked 
| 112|0x0000000088200000, 0x0000000088200000, 0x0000000088300000|  0%| F|  |TAMS 0x0000000088200000, 0x0000000088200000| Untracked 
| 113|0x0000000088300000, 0x0000000088300000, 0x0000000088400000|  0%| F|  |TAMS 0x0000000088300000, 0x0000000088300000| Untracked 
| 114|0x0000000088400000, 0x0000000088400000, 0x0000000088500000|  0%| F|  |TAMS 0x0000000088400000, 0x0000000088400000| Untracked 
| 115|0x0000000088500000, 0x0000000088500000, 0x0000000088600000|  0%| F|  |TAMS 0x0000000088500000, 0x0000000088500000| Untracked 
| 116|0x0000000088600000, 0x0000000088600000, 0x0000000088700000|  0%| F|  |TAMS 0x0000000088600000, 0x0000000088600000| Untracked 
| 117|0x0000000088700000, 0x0000000088700000, 0x0000000088800000|  0%| F|  |TAMS 0x0000000088700000, 0x0000000088700000| Untracked 
| 118|0x0000000088800000, 0x0000000088800000, 0x0000000088900000|  0%| F|  |TAMS 0x0000000088800000, 0x0000000088800000| Untracked 
| 119|0x0000000088900000, 0x0000000088900000, 0x0000000088a00000|  0%| F|  |TAMS 0x0000000088900000, 0x0000000088900000| Untracked 
| 120|0x0000000088a00000, 0x0000000088a00000, 0x0000000088b00000|  0%| F|  |TAMS 0x0000000088a00000, 0x0000000088a00000| Untracked 
| 121|0x0000000088b00000, 0x0000000088bc1058, 0x0000000088c00000| 75%| E|  |TAMS 0x0000000088b00000, 0x0000000088b00000| Complete 
| 122|0x0000000088c00000, 0x0000000088d00000, 0x0000000088d00000|100%| E|CS|TAMS 0x0000000088c00000, 0x0000000088c00000| Complete 
| 123|0x0000000088d00000, 0x0000000088e00000, 0x0000000088e00000|100%| E|CS|TAMS 0x0000000088d00000, 0x0000000088d00000| Complete 
| 124|0x0000000088e00000, 0x0000000088f00000, 0x0000000088f00000|100%| E|CS|TAMS 0x0000000088e00000, 0x0000000088e00000| Complete 
| 125|0x0000000088f00000, 0x0000000089000000, 0x0000000089000000|100%| E|CS|TAMS 0x0000000088f00000, 0x0000000088f00000| Complete 
| 126|0x0000000089000000, 0x0000000089100000, 0x0000000089100000|100%| E|CS|TAMS 0x0000000089000000, 0x0000000089000000| Complete 
| 127|0x0000000089100000, 0x0000000089200000, 0x0000000089200000|100%| E|CS|TAMS 0x0000000089100000, 0x0000000089100000| Complete 
| 128|0x0000000089200000, 0x0000000089300000, 0x0000000089300000|100%| E|CS|TAMS 0x0000000089200000, 0x0000000089200000| Complete 
| 129|0x0000000089300000, 0x0000000089400000, 0x0000000089400000|100%| E|CS|TAMS 0x0000000089300000, 0x0000000089300000| Complete 
| 130|0x0000000089400000, 0x0000000089500000, 0x0000000089500000|100%| E|CS|TAMS 0x0000000089400000, 0x0000000089400000| Complete 
| 131|0x0000000089500000, 0x0000000089600000, 0x0000000089600000|100%| E|CS|TAMS 0x0000000089500000, 0x0000000089500000| Complete 
| 132|0x0000000089600000, 0x0000000089700000, 0x0000000089700000|100%| E|CS|TAMS 0x0000000089600000, 0x0000000089600000| Complete 
| 133|0x0000000089700000, 0x0000000089800000, 0x0000000089800000|100%| E|CS|TAMS 0x0000000089700000, 0x0000000089700000| Complete 
| 134|0x0000000089800000, 0x0000000089900000, 0x0000000089900000|100%| E|CS|TAMS 0x0000000089800000, 0x0000000089800000| Complete 
| 135|0x0000000089900000, 0x0000000089a00000, 0x0000000089a00000|100%| E|CS|TAMS 0x0000000089900000, 0x0000000089900000| Complete 
| 136|0x0000000089a00000, 0x0000000089b00000, 0x0000000089b00000|100%| E|CS|TAMS 0x0000000089a00000, 0x0000000089a00000| Complete 
| 137|0x0000000089b00000, 0x0000000089c00000, 0x0000000089c00000|100%| E|CS|TAMS 0x0000000089b00000, 0x0000000089b00000| Complete 
| 138|0x0000000089c00000, 0x0000000089d00000, 0x0000000089d00000|100%| E|CS|TAMS 0x0000000089c00000, 0x0000000089c00000| Complete 
| 139|0x0000000089d00000, 0x0000000089e00000, 0x0000000089e00000|100%| E|CS|TAMS 0x0000000089d00000, 0x0000000089d00000| Complete 
| 140|0x0000000089e00000, 0x0000000089f00000, 0x0000000089f00000|100%| E|CS|TAMS 0x0000000089e00000, 0x0000000089e00000| Complete 
| 141|0x0000000089f00000, 0x000000008a000000, 0x000000008a000000|100%| E|CS|TAMS 0x0000000089f00000, 0x0000000089f00000| Complete 
| 142|0x000000008a000000, 0x000000008a100000, 0x000000008a100000|100%| E|CS|TAMS 0x000000008a000000, 0x000000008a000000| Complete 
| 143|0x000000008a100000, 0x000000008a200000, 0x000000008a200000|100%| E|CS|TAMS 0x000000008a100000, 0x000000008a100000| Complete 
| 144|0x000000008a200000, 0x000000008a300000, 0x000000008a300000|100%| E|CS|TAMS 0x000000008a200000, 0x000000008a200000| Complete 
| 145|0x000000008a300000, 0x000000008a400000, 0x000000008a400000|100%| E|CS|TAMS 0x000000008a300000, 0x000000008a300000| Complete 
| 146|0x000000008a400000, 0x000000008a500000, 0x000000008a500000|100%| E|CS|TAMS 0x000000008a400000, 0x000000008a400000| Complete 
| 147|0x000000008a500000, 0x000000008a600000, 0x000000008a600000|100%| E|CS|TAMS 0x000000008a500000, 0x000000008a500000| Complete 
| 148|0x000000008a600000, 0x000000008a700000, 0x000000008a700000|100%| E|CS|TAMS 0x000000008a600000, 0x000000008a600000| Complete 
| 149|0x000000008a700000, 0x000000008a800000, 0x000000008a800000|100%| E|CS|TAMS 0x000000008a700000, 0x000000008a700000| Complete 
| 150|0x000000008a800000, 0x000000008a900000, 0x000000008a900000|100%| E|CS|TAMS 0x000000008a800000, 0x000000008a800000| Complete 
| 151|0x000000008a900000, 0x000000008a9739d8, 0x000000008aa00000| 45%| S|CS|TAMS 0x000000008a900000, 0x000000008a900000| Complete 
| 152|0x000000008aa00000, 0x000000008ab00000, 0x000000008ab00000|100%| E|CS|TAMS 0x000000008aa00000, 0x000000008aa00000| Complete 
| 153|0x000000008ab00000, 0x000000008ac00000, 0x000000008ac00000|100%| E|CS|TAMS 0x000000008ab00000, 0x000000008ab00000| Complete 
| 154|0x000000008ac00000, 0x000000008ad00000, 0x000000008ad00000|100%| E|CS|TAMS 0x000000008ac00000, 0x000000008ac00000| Complete 
|2026|0x00000000ffc00000, 0x00000000ffd00000, 0x00000000ffd00000|100%| O|  |TAMS 0x00000000ffc00000, 0x00000000ffd00000| Untracked 
|2027|0x00000000ffd00000, 0x00000000ffe00000, 0x00000000ffe00000|100%| O|  |TAMS 0x00000000ffd00000, 0x00000000ffe00000| Untracked 
|2028|0x00000000ffe00000, 0x00000000fff00000, 0x00000000fff00000|100%| O|  |TAMS 0x00000000ffe00000, 0x00000000fff00000| Untracked 
|2029|0x00000000fff00000, 0x0000000100000000, 0x0000000100000000|100%| O|  |TAMS 0x00000000fff00000, 0x0000000100000000| Untracked 

Card table byte_map: [0x0000021174cf0000,0x00000211750f0000] _byte_map_base: 0x00000211748e7000

Marking Bits (Prev, Next): (CMBitMap*) 0x000002116ab9a8e0, (CMBitMap*) 0x000002116ab9a8a0
 Prev Bits: [0x00000211774b0000, 0x0000021179468000)
 Next Bits: [0x00000211754f0000, 0x00000211774a8000)

Polling page: 0x000002116a990000

Metaspace:

Usage:
  Non-class:     22.10 MB used.
      Class:      2.67 MB used.
       Both:     24.77 MB used.

Virtual space:
  Non-class space:       64.00 MB reserved,      22.19 MB ( 35%) committed,  1 nodes.
      Class space:        1.00 GB reserved,       2.81 MB ( <1%) committed,  1 nodes.
             Both:        1.06 GB reserved,      25.00 MB (  2%) committed. 

Chunk freelists:
   Non-Class:  1.00 MB
       Class:  1.22 MB
        Both:  2.22 MB

MaxMetaspaceSize: unlimited
CompressedClassSpaceSize: 1.00 GB
Initial GC threshold: 21.00 MB
Current GC threshold: 35.44 MB
CDS: on
MetaspaceReclaimPolicy: balanced
 - commit_granule_bytes: 65536.
 - commit_granule_words: 8192.
 - virtual_space_node_default_size: 8388608.
 - enlarge_chunks_in_place: 1.
 - new_chunks_are_fully_committed: 0.
 - uncommit_free_chunks: 1.
 - use_allocation_guard: 0.


Internal statistics:

num_allocs_failed_limit: 3.
num_arena_births: 222.
num_arena_deaths: 0.
num_vsnodes_births: 2.
num_vsnodes_deaths: 0.
num_space_committed: 400.
num_space_uncommitted: 0.
num_chunks_returned_to_freelist: 3.
num_chunks_taken_from_freelist: 632.
num_chunk_merges: 0.
num_chunk_splits: 486.
num_chunks_enlarged: 403.
num_inconsistent_stats: 0.

CodeHeap 'non-profiled nmethods': size=120000Kb used=846Kb max_used=846Kb free=119153Kb
 bounds [0x0000021107ad0000, 0x0000021107d40000, 0x000002110f000000]
CodeHeap 'profiled nmethods': size=120000Kb used=4757Kb max_used=4757Kb free=115242Kb
 bounds [0x0000021100000000, 0x00000211004b0000, 0x0000021107530000]
CodeHeap 'non-nmethods': size=5760Kb used=1690Kb max_used=1706Kb free=4069Kb
 bounds [0x0000021107530000, 0x00000211077a0000, 0x0000021107ad0000]
 total_blobs=3583 nmethods=2555 adapters=938
 compilation: enabled
              stopped_count=0, restarted_count=0
 full_count=0

Compilation events (20 events):
Event: 565.092 Thread 0x000002117babd7f0 2546   !   3       java.awt.KeyboardFocusManager::getGlobalFocusOwner (20 bytes)
Event: 565.093 Thread 0x000002117babd7f0 nmethod 2546 0x000002110049f190 code [0x000002110049f380, 0x000002110049f708]
Event: 565.163 Thread 0x000002117babd7f0 2547       3       java.awt.Window::eventEnabled (138 bytes)
Event: 565.163 Thread 0x000002117babd7f0 nmethod 2547 0x000002110049f910 code [0x000002110049fb00, 0x00000211004a0068]
Event: 565.173 Thread 0x000002117babd7f0 2548       3       java.awt.LightweightDispatcher::processMouseEvent (268 bytes)
Event: 565.174 Thread 0x000002117babd7f0 nmethod 2548 0x00000211004a0110 code [0x00000211004a0440, 0x00000211004a1c08]
Event: 565.436 Thread 0x000002117babd7f0 2549       3       java.awt.Container::getMouseEventTarget (12 bytes)
Event: 565.436 Thread 0x000002117babd7f0 nmethod 2549 0x00000211004a2210 code [0x00000211004a23c0, 0x00000211004a2508]
Event: 565.436 Thread 0x000002117babd7f0 2550       3       java.awt.LightweightDispatcher::trackMouseEnterExit (111 bytes)
Event: 565.437 Thread 0x000002117babd7f0 nmethod 2550 0x00000211004a2590 code [0x00000211004a28c0, 0x00000211004a3e38]
Event: 565.456 Thread 0x000002117bab3e60 2551       4       sun.awt.AWTAutoShutdown::isReadyToShutdown (37 bytes)
Event: 565.457 Thread 0x000002117bab3e60 nmethod 2551 0x0000021107ba2f90 code [0x0000021107ba3120, 0x0000021107ba31f8]
Event: 565.486 Thread 0x000002117babd7f0 2552       3       java.awt.Component::updateCursorImmediately (55 bytes)
Event: 565.487 Thread 0x000002117babd7f0 nmethod 2552 0x00000211004a4510 code [0x00000211004a4740, 0x00000211004a5018]
Event: 565.618 Thread 0x000002117babd7f0 2553       3       java.awt.EventQueue$4::run (5 bytes)
Event: 565.618 Thread 0x000002117babd7f0 nmethod 2553 0x00000211004a5210 code [0x00000211004a53c0, 0x00000211004a5508]
Event: 568.734 Thread 0x000002117bab3e60 2554       4       java.util.IdentityHashMap$IdentityHashMapIterator::hasNext (50 bytes)
Event: 568.736 Thread 0x000002117babd7f0 2555       1       java.util.concurrent.CopyOnWriteArrayList::getArray (5 bytes)
Event: 568.736 Thread 0x000002117babd7f0 nmethod 2555 0x0000021107ba3310 code [0x0000021107ba34a0, 0x0000021107ba3558]
Event: 568.738 Thread 0x000002117bab3e60 nmethod 2554 0x0000021107ba3610 code [0x0000021107ba37a0, 0x0000021107ba3998]

GC Heap History (20 events):
Event: 14.863 GC heap before
{Heap before GC invocations=21 (full 0):
 garbage-first heap   total 162816K, used 91829K [0x0000000081200000, 0x0000000100000000)
  region size 1024K, 21 young (21504K), 1 survivors (1024K)
 Metaspace       used 24919K, committed 25216K, reserved 1114112K
  class space    used 2726K, committed 2880K, reserved 1048576K
}
Event: 14.864 GC heap after
{Heap after GC invocations=22 (full 0):
 garbage-first heap   total 162816K, used 51905K [0x0000000081200000, 0x0000000100000000)
  region size 1024K, 1 young (1024K), 1 survivors (1024K)
 Metaspace       used 24919K, committed 25216K, reserved 1114112K
  class space    used 2726K, committed 2880K, reserved 1048576K
}
Event: 15.198 GC heap before
{Heap before GC invocations=22 (full 0):
 garbage-first heap   total 162816K, used 84673K [0x0000000081200000, 0x0000000100000000)
  region size 1024K, 14 young (14336K), 1 survivors (1024K)
 Metaspace       used 24924K, committed 25216K, reserved 1114112K
  class space    used 2726K, committed 2880K, reserved 1048576K
}
Event: 15.200 GC heap after
{Heap after GC invocations=23 (full 0):
 garbage-first heap   total 162816K, used 41675K [0x0000000081200000, 0x0000000100000000)
  region size 1024K, 1 young (1024K), 1 survivors (1024K)
 Metaspace       used 24924K, committed 25216K, reserved 1114112K
  class space    used 2726K, committed 2880K, reserved 1048576K
}
Event: 16.227 GC heap before
{Heap before GC invocations=23 (full 0):
 garbage-first heap   total 162816K, used 91851K [0x0000000081200000, 0x0000000100000000)
  region size 1024K, 22 young (22528K), 1 survivors (1024K)
 Metaspace       used 25148K, committed 25408K, reserved 1114112K
  class space    used 2736K, committed 2880K, reserved 1048576K
}
Event: 16.228 GC heap after
{Heap after GC invocations=24 (full 0):
 garbage-first heap   total 162816K, used 27834K [0x0000000081200000, 0x0000000100000000)
  region size 1024K, 1 young (1024K), 1 survivors (1024K)
 Metaspace       used 25148K, committed 25408K, reserved 1114112K
  class space    used 2736K, committed 2880K, reserved 1048576K
}
Event: 16.927 GC heap before
{Heap before GC invocations=24 (full 0):
 garbage-first heap   total 162816K, used 102586K [0x0000000081200000, 0x0000000100000000)
  region size 1024K, 31 young (31744K), 1 survivors (1024K)
 Metaspace       used 25202K, committed 25472K, reserved 1114112K
  class space    used 2736K, committed 2880K, reserved 1048576K
}
Event: 16.928 GC heap after
{Heap after GC invocations=25 (full 0):
 garbage-first heap   total 162816K, used 21380K [0x0000000081200000, 0x0000000100000000)
  region size 1024K, 1 young (1024K), 1 survivors (1024K)
 Metaspace       used 25202K, committed 25472K, reserved 1114112K
  class space    used 2736K, committed 2880K, reserved 1048576K
}
Event: 17.764 GC heap before
{Heap before GC invocations=25 (full 0):
 garbage-first heap   total 162816K, used 105348K [0x0000000081200000, 0x0000000100000000)
  region size 1024K, 34 young (34816K), 1 survivors (1024K)
 Metaspace       used 25254K, committed 25536K, reserved 1114112K
  class space    used 2736K, committed 2880K, reserved 1048576K
}
Event: 17.765 GC heap after
{Heap after GC invocations=26 (full 0):
 garbage-first heap   total 162816K, used 21382K [0x0000000081200000, 0x0000000100000000)
  region size 1024K, 1 young (1024K), 1 survivors (1024K)
 Metaspace       used 25254K, committed 25536K, reserved 1114112K
  class space    used 2736K, committed 2880K, reserved 1048576K
}
Event: 18.626 GC heap before
{Heap before GC invocations=26 (full 0):
 garbage-first heap   total 162816K, used 105350K [0x0000000081200000, 0x0000000100000000)
  region size 1024K, 34 young (34816K), 1 survivors (1024K)
 Metaspace       used 25277K, committed 25536K, reserved 1114112K
  class space    used 2736K, committed 2880K, reserved 1048576K
}
Event: 18.627 GC heap after
{Heap after GC invocations=27 (full 0):
 garbage-first heap   total 162816K, used 21380K [0x0000000081200000, 0x0000000100000000)
  region size 1024K, 1 young (1024K), 1 survivors (1024K)
 Metaspace       used 25277K, committed 25536K, reserved 1114112K
  class space    used 2736K, committed 2880K, reserved 1048576K
}
Event: 19.468 GC heap before
{Heap before GC invocations=27 (full 0):
 garbage-first heap   total 162816K, used 105348K [0x0000000081200000, 0x0000000100000000)
  region size 1024K, 34 young (34816K), 1 survivors (1024K)
 Metaspace       used 25304K, committed 25536K, reserved 1114112K
  class space    used 2736K, committed 2880K, reserved 1048576K
}
Event: 19.470 GC heap after
{Heap after GC invocations=28 (full 0):
 garbage-first heap   total 162816K, used 21382K [0x0000000081200000, 0x0000000100000000)
  region size 1024K, 1 young (1024K), 1 survivors (1024K)
 Metaspace       used 25304K, committed 25536K, reserved 1114112K
  class space    used 2736K, committed 2880K, reserved 1048576K
}
Event: 20.295 GC heap before
{Heap before GC invocations=28 (full 0):
 garbage-first heap   total 162816K, used 105350K [0x0000000081200000, 0x0000000100000000)
  region size 1024K, 34 young (34816K), 1 survivors (1024K)
 Metaspace       used 25320K, committed 25600K, reserved 1114112K
  class space    used 2736K, committed 2880K, reserved 1048576K
}
Event: 20.297 GC heap after
{Heap after GC invocations=29 (full 0):
 garbage-first heap   total 162816K, used 21393K [0x0000000081200000, 0x0000000100000000)
  region size 1024K, 1 young (1024K), 1 survivors (1024K)
 Metaspace       used 25320K, committed 25600K, reserved 1114112K
  class space    used 2736K, committed 2880K, reserved 1048576K
}
Event: 21.120 GC heap before
{Heap before GC invocations=29 (full 0):
 garbage-first heap   total 162816K, used 105361K [0x0000000081200000, 0x0000000100000000)
  region size 1024K, 34 young (34816K), 1 survivors (1024K)
 Metaspace       used 25334K, committed 25600K, reserved 1114112K
  class space    used 2736K, committed 2880K, reserved 1048576K
}
Event: 21.121 GC heap after
{Heap after GC invocations=30 (full 0):
 garbage-first heap   total 162816K, used 70709K [0x0000000081200000, 0x0000000100000000)
  region size 1024K, 1 young (1024K), 1 survivors (1024K)
 Metaspace       used 25334K, committed 25600K, reserved 1114112K
  class space    used 2736K, committed 2880K, reserved 1048576K
}
Event: 21.167 GC heap before
{Heap before GC invocations=30 (full 0):
 garbage-first heap   total 162816K, used 74805K [0x0000000081200000, 0x0000000100000000)
  region size 1024K, 4 young (4096K), 1 survivors (1024K)
 Metaspace       used 25334K, committed 25600K, reserved 1114112K
  class space    used 2736K, committed 2880K, reserved 1048576K
}
Event: 21.169 GC heap after
{Heap after GC invocations=31 (full 0):
 garbage-first heap   total 162816K, used 23442K [0x0000000081200000, 0x0000000100000000)
  region size 1024K, 1 young (1024K), 1 survivors (1024K)
 Metaspace       used 25334K, committed 25600K, reserved 1114112K
  class space    used 2736K, committed 2880K, reserved 1048576K
}

Dll operation events (19 events):
Event: 0.011 Loaded shared library C:\Program Files\Java\jdk-19\bin\java.dll
Event: 0.024 Loaded shared library C:\Program Files\Java\jdk-19\bin\jsvml.dll
Event: 0.256 Loaded shared library C:\Program Files\Java\jdk-19\bin\zip.dll
Event: 0.260 Loaded shared library C:\Program Files\Java\jdk-19\bin\instrument.dll
Event: 0.269 Loaded shared library C:\Program Files\Java\jdk-19\bin\net.dll
Event: 0.272 Loaded shared library C:\Program Files\Java\jdk-19\bin\nio.dll
Event: 0.278 Loaded shared library C:\Program Files\Java\jdk-19\bin\zip.dll
Event: 0.519 Loaded shared library C:\Program Files\JetBrains\IntelliJ IDEA 2022.3.1\bin\breakgen64.dll
Event: 0.531 Loaded shared library C:\Program Files\Java\jdk-19\bin\extnet.dll
Event: 0.585 Loaded shared library C:\Program Files\Java\jdk-19\bin\jimage.dll
Event: 1.085 Loaded shared library C:\Program Files\Java\jdk-19\bin\management.dll
Event: 1.100 Loaded shared library C:\Program Files\Java\jdk-19\bin\management_ext.dll
Event: 1.178 Loaded shared library C:\Program Files\Java\jdk-19\bin\sunmscapi.dll
Event: 1.510 Loaded shared library C:\Users\neera\AppData\Local\Temp\io_grpc_netty_shaded_netty_tcnative_windows_x86_645035215147199966709.dll
Event: 2.127 Loaded shared library C:\Program Files\Java\jdk-19\bin\awt.dll
Event: 2.307 Loaded shared library D:\OpenCV\opencv\build\java\x64\opencv_java460.dll
Event: 2.336 Loaded shared library C:\Program Files\Java\jdk-19\bin\javajpeg.dll
Event: 2.440 Loaded shared library C:\Program Files\Java\jdk-19\bin\freetype.dll
Event: 2.441 Loaded shared library C:\Program Files\Java\jdk-19\bin\fontmanager.dll

Deoptimization events (20 events):
Event: 2.523 Thread 0x000002116ab3f380 DEOPT PACKING pc=0x0000021107b2d918 sp=0x0000002172ffef70
Event: 2.523 Thread 0x000002116ab3f380 DEOPT UNPACKING pc=0x0000021107596da3 sp=0x0000002172ffeea8 mode 2
Event: 10.135 Thread 0x0000021110190ae0 Uncommon trap: trap_request=0xffffffde fr.pc=0x0000021107b7eda4 relative=0x00000000000001c4
Event: 10.135 Thread 0x0000021110190ae0 Uncommon trap: reason=class_check action=maybe_recompile pc=0x0000021107b7eda4 method=sun.awt.image.ImageWatched.newInfo(Ljava/awt/Image;IIIII)V @ 13 c2
Event: 10.135 Thread 0x0000021110190ae0 DEOPT PACKING pc=0x0000021107b7eda4 sp=0x00000021759fe480
Event: 10.135 Thread 0x0000021110190ae0 DEOPT UNPACKING pc=0x0000021107596da3 sp=0x00000021759fe450 mode 2
Event: 15.816 Thread 0x0000021110191030 DEOPT PACKING pc=0x00000211002f6b58 sp=0x0000002175bfe180
Event: 15.816 Thread 0x0000021110191030 DEOPT UNPACKING pc=0x0000021107597543 sp=0x0000002175bfd658 mode 0
Event: 15.816 Thread 0x0000021110191030 DEOPT PACKING pc=0x00000211002f6b58 sp=0x0000002175bfe180
Event: 15.816 Thread 0x0000021110191030 DEOPT UNPACKING pc=0x0000021107597543 sp=0x0000002175bfd658 mode 0
Event: 15.817 Thread 0x0000021110191030 DEOPT PACKING pc=0x00000211002f6b58 sp=0x0000002175bfe180
Event: 15.817 Thread 0x0000021110191030 DEOPT UNPACKING pc=0x0000021107597543 sp=0x0000002175bfd658 mode 0
Event: 15.817 Thread 0x0000021110191030 DEOPT PACKING pc=0x00000211002f6b58 sp=0x0000002175bfe180
Event: 15.817 Thread 0x0000021110191030 DEOPT UNPACKING pc=0x0000021107597543 sp=0x0000002175bfd658 mode 0
Event: 15.818 Thread 0x0000021110191030 Uncommon trap: trap_request=0xffffff45 fr.pc=0x0000021107b8bbec relative=0x00000000000002cc
Event: 15.818 Thread 0x0000021110191030 Uncommon trap: reason=unstable_if action=reinterpret pc=0x0000021107b8bbec method=java.io.ByteArrayInputStream.read([BII)I @ 16 c2
Event: 15.818 Thread 0x0000021110191030 DEOPT PACKING pc=0x0000021107b8bbec sp=0x0000002175bfe020
Event: 15.818 Thread 0x0000021110191030 DEOPT UNPACKING pc=0x0000021107596da3 sp=0x0000002175bfdfe0 mode 2
Event: 15.818 Thread 0x0000021110191030 DEOPT PACKING pc=0x00000211002f6b58 sp=0x0000002175bfe180
Event: 15.818 Thread 0x0000021110191030 DEOPT UNPACKING pc=0x0000021107597543 sp=0x0000002175bfd658 mode 0

Classes loaded (20 events):
Event: 7.331 Loading class sun/awt/image/JPEGImageDecoder
Event: 7.331 Loading class sun/awt/image/ImageDecoder
Event: 7.331 Loading class sun/awt/image/ImageDecoder done
Event: 7.331 Loading class sun/awt/image/JPEGImageDecoder done
Event: 7.331 Loading class sun/awt/image/JPEGImageDecoder$1
Event: 7.331 Loading class sun/awt/image/JPEGImageDecoder$1 done
Event: 10.984 Loading class java/awt/KeyboardFocusManager$2
Event: 10.984 Loading class java/awt/KeyboardFocusManager$2 done
Event: 10.984 Loading class sun/awt/SunToolkit$1
Event: 10.984 Loading class sun/awt/SunToolkit$1 done
Event: 10.992 Loading class java/awt/Window$1DisposeAction
Event: 10.992 Loading class java/awt/Window$1DisposeAction done
Event: 11.338 Loading class jdk/internal/event/ThreadSleepEvent
Event: 11.339 Loading class jdk/internal/event/ThreadSleepEvent done
Event: 568.733 Loading class jdk/internal/misc/Signal$1
Event: 568.733 Loading class jdk/internal/misc/Signal$1 done
Event: 568.736 Loading class java/util/WeakHashMap$KeyIterator
Event: 568.736 Loading class java/util/WeakHashMap$HashIterator
Event: 568.736 Loading class java/util/WeakHashMap$HashIterator done
Event: 568.736 Loading class java/util/WeakHashMap$KeyIterator done

Classes unloaded (0 events):
No events

Classes redefined (0 events):
No events

Internal exceptions (20 events):
Event: 1.321 Thread 0x000002116ab3f380 Exception <a 'java/lang/ExceptionInInitializerError'{0x00000000887eba70}> (0x00000000887eba70) 
thrown [s\open\src\hotspot\share\oops\instanceKlass.cpp, line 1173]
Event: 1.321 Thread 0x000002116ab3f380 Exception <a 'java/lang/NoSuchMethodError'{0x00000000887ec8f8}: 'int java.lang.invoke.DirectMethodHandle$Holder.invokeStatic(java.lang.Object)'> (0x00000000887ec8f8) 
thrown [s\open\src\hotspot\share\interpreter\linkResolver.cpp, line 774]
Event: 1.322 Thread 0x000002116ab3f380 Exception <a 'java/lang/NoSuchMethodError'{0x00000000887f03c0}: 'int java.lang.invoke.DelegatingMethodHandle$Holder.reinvoke_L(java.lang.Object)'> (0x00000000887f03c0) 
thrown [s\open\src\hotspot\share\interpreter\linkResolver.cpp, line 774]
Event: 1.411 Thread 0x000002116ab3f380 Exception <a 'java/lang/NoSuchMethodError'{0x000000008916a4f0}: 'void java.lang.invoke.DirectMethodHandle$Holder.invokeStatic(java.lang.Object, java.lang.Object, int)'> (0x000000008916a4f0) 
thrown [s\open\src\hotspot\share\interpreter\linkResolver.cpp, line 774]
Event: 1.412 Thread 0x000002116ab3f380 Exception <a 'java/lang/NoSuchMethodError'{0x0000000089171d88}: 'void java.lang.invoke.DelegatingMethodHandle$Holder.reinvoke_L(java.lang.Object, java.lang.Object, int)'> (0x0000000089171d88) 
thrown [s\open\src\hotspot\share\interpreter\linkResolver.cpp, line 774]
Event: 1.413 Thread 0x000002116ab3f380 Exception <a 'java/lang/NoSuchMethodError'{0x0000000089178f18}: 'int java.lang.invoke.DirectMethodHandle$Holder.invokeSpecial(java.lang.Object, java.lang.Object, java.lang.Object, int)'> (0x0000000089178f18) 
thrown [s\open\src\hotspot\share\interpreter\linkResolver.cpp, line 774]
Event: 1.416 Thread 0x000002116ab3f380 Exception <a 'java/lang/NoSuchMethodError'{0x000000008918b918}: 'java.lang.Object java.lang.invoke.DirectMethodHandle$Holder.invokeStatic(java.lang.Object, java.lang.Object, java.lang.Object, java.lang.Object, int)'> (0x000000008918b918) 
thrown [s\open\src\hotspot\share\interpreter\linkResolver.cpp, line 774]
Event: 1.531 Thread 0x000002116ab3f380 Exception <a 'sun/nio/fs/WindowsException'{0x0000000089010be8}> (0x0000000089010be8) 
thrown [s\open\src\hotspot\share\prims\jni.cpp, line 517]
Event: 2.121 Thread 0x000002116ab3f380 Exception <a 'java/lang/ClassNotFoundException'{0x0000000087b54010}: sun/awt/resources/spi/awtProvider> (0x0000000087b54010) 
thrown [s\open\src\hotspot\share\classfile\systemDictionary.cpp, line 255]
Event: 2.138 Thread 0x000002116ab3f380 Exception <a 'java/io/FileNotFoundException'{0x0000000087b9d620}> (0x0000000087b9d620) 
thrown [s\open\src\hotspot\share\prims\jni.cpp, line 517]
Event: 2.143 Thread 0x000002116ab3f380 Exception <a 'java/io/FileNotFoundException'{0x0000000087bc9cd0}> (0x0000000087bc9cd0) 
thrown [s\open\src\hotspot\share\prims\jni.cpp, line 517]
Event: 2.226 Thread 0x000002116ab3f380 Exception <a 'java/lang/NoSuchMethodError'{0x0000000087abff40}: 'java.lang.Object java.lang.invoke.DirectMethodHandle$Holder.newInvokeSpecial(java.lang.Object, java.lang.Object, java.lang.Object, java.lang.Object, java.lang.Object)'> (0x0000000087abff40) 
thrown [s\open\src\hotspot\share\interpreter\linkResolver.cpp, line 774]
Event: 2.238 Thread 0x000002116ab3f380 Exception <a 'java/lang/NoSuchMethodError'{0x0000000087af0e30}: 'java.lang.Object java.lang.invoke.DirectMethodHandle$Holder.invokeStatic(java.lang.Object, int, java.lang.Object)'> (0x0000000087af0e30) 
thrown [s\open\src\hotspot\share\interpreter\linkResolver.cpp, line 774]
Event: 2.284 Thread 0x000002116ab3f380 Exception <a 'java/lang/ClassNotFoundException'{0x00000000879b2f20}: com/sun/swing/internal/plaf/metal/resources/spi/metalProvider> (0x00000000879b2f20) 
thrown [s\open\src\hotspot\share\classfile\systemDictionary.cpp, line 255]
Event: 2.285 Thread 0x000002116ab3f380 Exception <a 'java/lang/ClassNotFoundException'{0x00000000879b6ec0}: com/sun/swing/internal/plaf/basic/resources/spi/basicProvider> (0x00000000879b6ec0) 
thrown [s\open\src\hotspot\share\classfile\systemDictionary.cpp, line 255]
Event: 2.288 Thread 0x000002116ab3f380 Implicit null exception at 0x0000021107b5f2ef to 0x0000021107b5f7dc
Event: 2.292 Thread 0x000002116ab3f380 Exception <a 'java/lang/NoSuchMethodError'{0x00000000879d34c0}: 'int java.lang.invoke.Invokers$Holder.invokeExact_MT(java.lang.Object, java.lang.Object)'> (0x00000000879d34c0) 
thrown [s\open\src\hotspot\share\interpreter\linkResolver.cpp, line 774]
Event: 2.486 Thread 0x000002116ab3f380 Exception <a 'java/lang/NoSuchMethodError'{0x0000000083a2d9e0}: 'void java.lang.invoke.DirectMethodHandle$Holder.invokeStaticInit(java.lang.Object)'> (0x0000000083a2d9e0) 
thrown [s\open\src\hotspot\share\interpreter\linkResolver.cpp, line 774]
Event: 2.539 Thread 0x000002117baadb20 Exception <a 'java/lang/NoSuchMethodError'{0x0000000083a8a320}: 'void java.lang.invoke.DirectMethodHandle$Holder.invokeVirtual(java.lang.Object, java.lang.Object)'> (0x0000000083a8a320) 
thrown [s\open\src\hotspot\share\interpreter\linkResolver.cpp, line 774]
Event: 7.333 Thread 0x0000021110190ae0 Exception <a 'java/lang/NoSuchMethodError'{0x00000000839dd500}: 'java.lang.Object java.lang.invoke.DirectMethodHandle$Holder.newInvokeSpecial(java.lang.Object, java.lang.Object, java.lang.Object, int, int, int, int, int)'> (0x00000000839dd500) 
thrown [s\open\src\hotspot\share\interpreter\linkResolver.cpp, line 774]

VM Operations (20 events):
Event: 16.928 Executing VM operation: G1TryInitiateConcMark done
Event: 17.764 Executing VM operation: G1TryInitiateConcMark
Event: 17.765 Executing VM operation: G1TryInitiateConcMark done
Event: 18.626 Executing VM operation: G1TryInitiateConcMark
Event: 18.627 Executing VM operation: G1TryInitiateConcMark done
Event: 19.468 Executing VM operation: G1TryInitiateConcMark
Event: 19.470 Executing VM operation: G1TryInitiateConcMark done
Event: 20.295 Executing VM operation: G1TryInitiateConcMark
Event: 20.297 Executing VM operation: G1TryInitiateConcMark done
Event: 21.120 Executing VM operation: G1TryInitiateConcMark
Event: 21.121 Executing VM operation: G1TryInitiateConcMark done
Event: 21.167 Executing VM operation: G1TryInitiateConcMark
Event: 21.169 Executing VM operation: G1TryInitiateConcMark done
Event: 22.182 Executing VM operation: Cleanup
Event: 22.183 Executing VM operation: Cleanup done
Event: 24.204 Executing VM operation: Cleanup
Event: 24.205 Executing VM operation: Cleanup done
Event: 566.382 Executing VM operation: Cleanup
Event: 566.382 Executing VM operation: Cleanup done
Event: 568.852 Executing VM operation: Exit

Events (20 events):
Event: 5.859 Thread 0x000002111018e5b0 Thread added: 0x000002111018e5b0
Event: 7.330 Thread 0x0000021110190ae0 Thread added: 0x0000021110190ae0
Event: 11.012 Thread 0x000002111018e5b0 Thread exited: 0x000002111018e5b0
Event: 11.975 Thread 0x000002111018e5b0 Thread added: 0x000002111018e5b0
Event: 12.940 Thread 0x0000021110191030 Thread added: 0x0000021110191030
Event: 21.908 Thread 0x0000021110191030 Thread exited: 0x0000021110191030
Event: 21.978 Thread 0x000002110fa912c0 Thread added: 0x000002110fa912c0
Event: 26.920 Thread 0x0000021110190ae0 Thread exited: 0x0000021110190ae0
Event: 31.979 Thread 0x000002110fa91d60 Thread added: 0x000002110fa91d60
Event: 568.733 Thread 0x000002110fa96d10 Thread added: 0x000002110fa96d10
Event: 568.734 Thread 0x000002110fa97260 Thread added: 0x000002110fa97260
Event: 568.734 Thread 0x000002110fa902d0 Thread added: 0x000002110fa902d0
Event: 568.734 Thread 0x000002110fa93d40 Thread added: 0x000002110fa93d40
Event: 568.734 Thread 0x000002110fa977b0 Thread added: 0x000002110fa977b0
Event: 568.736 Thread 0x000002110fa97260 Thread exited: 0x000002110fa97260
Event: 568.736 Thread 0x000002110fa902d0 Thread exited: 0x000002110fa902d0
Event: 568.737 Thread 0x000002110fa977b0 Thread exited: 0x000002110fa977b0
Event: 568.743 Thread 0x000002117baadb20 Thread exited: 0x000002117baadb20
Event: 568.851 Thread 0x000002110fa93d40 Thread exited: 0x000002110fa93d40
Event: 568.852 Thread 0x000002117baa4260 Thread exited: 0x000002117baa4260


Dynamic libraries:
0x00007ff774870000 - 0x00007ff774880000 	C:\Program Files\Java\jdk-19\bin\java.exe
0x00007ffefce70000 - 0x00007ffefd068000 	C:\WINDOWS\SYSTEM32\ntdll.dll
0x00007ffefbb90000 - 0x00007ffefbc4f000 	C:\WINDOWS\System32\KERNEL32.DLL
0x00007ffefa900000 - 0x00007ffefabd2000 	C:\WINDOWS\System32\KERNELBASE.dll
0x00007ffefac10000 - 0x00007ffefad10000 	C:\WINDOWS\System32\ucrtbase.dll
0x00007ffef6060000 - 0x00007ffef6078000 	C:\Program Files\Java\jdk-19\bin\jli.dll
0x00007ffef5ef0000 - 0x00007ffef5f0b000 	C:\Program Files\Java\jdk-19\bin\VCRUNTIME140.dll
0x00007ffefb0a0000 - 0x00007ffefb14e000 	C:\WINDOWS\System32\ADVAPI32.dll
0x00007ffefc010000 - 0x00007ffefc0ae000 	C:\WINDOWS\System32\msvcrt.dll
0x00007ffefccc0000 - 0x00007ffefcd5c000 	C:\WINDOWS\System32\sechost.dll
0x00007ffefc0b0000 - 0x00007ffefc1d5000 	C:\WINDOWS\System32\RPCRT4.dll
0x00007ffefb9e0000 - 0x00007ffefbb81000 	C:\WINDOWS\System32\USER32.dll
0x00007ffeec210000 - 0x00007ffeec4aa000 	C:\WINDOWS\WinSxS\amd64_microsoft.windows.common-controls_6595b64144ccf1df_6.0.19041.1110_none_60b5254171f9507e\COMCTL32.dll
0x00007ffefabe0000 - 0x00007ffefac02000 	C:\WINDOWS\System32\win32u.dll
0x00007ffefbef0000 - 0x00007ffefbf1b000 	C:\WINDOWS\System32\GDI32.dll
0x00007ffefa600000 - 0x00007ffefa70f000 	C:\WINDOWS\System32\gdi32full.dll
0x00007ffefa560000 - 0x00007ffefa5fd000 	C:\WINDOWS\System32\msvcp_win.dll
0x00007ffee9960000 - 0x00007ffee996a000 	C:\WINDOWS\SYSTEM32\VERSION.dll
0x00007ffefcd60000 - 0x00007ffefcd92000 	C:\WINDOWS\System32\IMM32.DLL
0x00007ffef7d20000 - 0x00007ffef7d2c000 	C:\Program Files\Java\jdk-19\bin\vcruntime140_1.dll
0x00007ffee7ad0000 - 0x00007ffee7b5e000 	C:\Program Files\Java\jdk-19\bin\msvcp140.dll
0x00007ffecdfd0000 - 0x00007ffecec90000 	C:\Program Files\Java\jdk-19\bin\server\jvm.dll
0x00007ffef2d80000 - 0x00007ffef2d89000 	C:\WINDOWS\SYSTEM32\WSOCK32.dll
0x00007ffeeea00000 - 0x00007ffeeea27000 	C:\WINDOWS\SYSTEM32\WINMM.dll
0x00007ffefc1e0000 - 0x00007ffefc24b000 	C:\WINDOWS\System32\WS2_32.dll
0x00007ffef8300000 - 0x00007ffef8312000 	C:\WINDOWS\SYSTEM32\kernel.appcore.dll
0x00007ffef7d00000 - 0x00007ffef7d0a000 	C:\Program Files\Java\jdk-19\bin\jimage.dll
0x00007ffee83b0000 - 0x00007ffee8594000 	C:\WINDOWS\SYSTEM32\DBGHELP.DLL
0x00007ffee99c0000 - 0x00007ffee99f5000 	C:\WINDOWS\SYSTEM32\dbgcore.DLL
0x00007ffefa710000 - 0x00007ffefa792000 	C:\WINDOWS\System32\bcryptPrimitives.dll
0x00007ffef4f70000 - 0x00007ffef4f7e000 	C:\Program Files\Java\jdk-19\bin\instrument.dll
0x00007ffef12d0000 - 0x00007ffef12f6000 	C:\Program Files\Java\jdk-19\bin\java.dll
0x00007ffee0070000 - 0x00007ffee0147000 	C:\Program Files\Java\jdk-19\bin\jsvml.dll
0x00007ffefc250000 - 0x00007ffefc994000 	C:\WINDOWS\System32\SHELL32.dll
0x00007ffef85e0000 - 0x00007ffef8d72000 	C:\WINDOWS\SYSTEM32\windows.storage.dll
0x00007ffefb5c0000 - 0x00007ffefb915000 	C:\WINDOWS\System32\combase.dll
0x00007ffef9e00000 - 0x00007ffef9e30000 	C:\WINDOWS\SYSTEM32\Wldp.dll
0x00007ffefbd30000 - 0x00007ffefbddd000 	C:\WINDOWS\System32\SHCORE.dll
0x00007ffefb920000 - 0x00007ffefb975000 	C:\WINDOWS\System32\shlwapi.dll
0x00007ffefa4a0000 - 0x00007ffefa4bf000 	C:\WINDOWS\SYSTEM32\profapi.dll
0x00007ffef11a0000 - 0x00007ffef11b8000 	C:\Program Files\Java\jdk-19\bin\zip.dll
0x00007ffef5690000 - 0x00007ffef56a3000 	C:\Program Files\Java\jdk-19\bin\net.dll
0x00007ffef2320000 - 0x00007ffef242c000 	C:\WINDOWS\SYSTEM32\WINHTTP.dll
0x00007ffef9be0000 - 0x00007ffef9c4a000 	C:\WINDOWS\system32\mswsock.dll
0x00007ffef12b0000 - 0x00007ffef12c6000 	C:\Program Files\Java\jdk-19\bin\nio.dll
0x00007ffee9ae0000 - 0x00007ffee9afa000 	C:\Program Files\JetBrains\IntelliJ IDEA 2022.3.1\bin\breakgen64.dll
0x00007ffeec830000 - 0x00007ffeec838000 	C:\Program Files\Java\jdk-19\bin\extnet.dll
0x00007ffef1190000 - 0x00007ffef119a000 	C:\Program Files\Java\jdk-19\bin\management.dll
0x00007ffeec850000 - 0x00007ffeec85b000 	C:\Program Files\Java\jdk-19\bin\management_ext.dll
0x00007ffefb080000 - 0x00007ffefb088000 	C:\WINDOWS\System32\PSAPI.DLL
0x00007ffeec840000 - 0x00007ffeec84e000 	C:\Program Files\Java\jdk-19\bin\sunmscapi.dll
0x00007ffefa7a0000 - 0x00007ffefa8f6000 	C:\WINDOWS\System32\CRYPT32.dll
0x00007ffef9f50000 - 0x00007ffef9f77000 	C:\WINDOWS\SYSTEM32\ncrypt.dll
0x00007ffef9f10000 - 0x00007ffef9f4b000 	C:\WINDOWS\SYSTEM32\NTASN1.dll
0x00007ffedadb0000 - 0x00007ffedadb7000 	C:\WINDOWS\system32\wshunix.dll
0x00007ffef9e40000 - 0x00007ffef9e58000 	C:\WINDOWS\SYSTEM32\CRYPTSP.dll
0x00007ffef9520000 - 0x00007ffef9554000 	C:\WINDOWS\system32\rsaenh.dll
0x00007ffefadc0000 - 0x00007ffefade7000 	C:\WINDOWS\System32\bcrypt.dll
0x00007ffefa420000 - 0x00007ffefa44e000 	C:\WINDOWS\SYSTEM32\USERENV.dll
0x00007ffef9d70000 - 0x00007ffef9d7c000 	C:\WINDOWS\SYSTEM32\CRYPTBASE.dll
0x00007ffef98f0000 - 0x00007ffef992b000 	C:\WINDOWS\SYSTEM32\IPHLPAPI.DLL
0x00007ffefbfa0000 - 0x00007ffefbfa8000 	C:\WINDOWS\System32\NSI.dll
0x00007ffef4450000 - 0x00007ffef4467000 	C:\WINDOWS\SYSTEM32\dhcpcsvc6.DLL
0x00007ffef4430000 - 0x00007ffef444d000 	C:\WINDOWS\SYSTEM32\dhcpcsvc.DLL
0x00007ffef9930000 - 0x00007ffef99fa000 	C:\WINDOWS\SYSTEM32\DNSAPI.dll
0x00007ffecfb40000 - 0x00007ffecfe08000 	C:\Users\neera\AppData\Local\Temp\io_grpc_netty_shaded_netty_tcnative_windows_x86_645035215147199966709.dll
0x00007ffed0360000 - 0x00007ffed04f1000 	C:\Program Files\Java\jdk-19\bin\awt.dll
0x00007ffefcbf0000 - 0x00007ffefccbd000 	C:\WINDOWS\System32\OLEAUT32.dll
0x00007ffef7d60000 - 0x00007ffef7df1000 	C:\WINDOWS\SYSTEM32\apphelp.dll
0x00007ffef82d0000 - 0x00007ffef82ff000 	C:\WINDOWS\system32\DWMAPI.DLL
0x00007ffef7f10000 - 0x00007ffef7fae000 	C:\WINDOWS\system32\uxtheme.dll
0x00007ffed9710000 - 0x00007ffed9835000 	C:\WINDOWS\system32\opengl32.dll
0x00007ffeda260000 - 0x00007ffeda28c000 	C:\WINDOWS\SYSTEM32\GLU32.dll
0x00007ffefc9a0000 - 0x00007ffefcab5000 	C:\WINDOWS\System32\MSCTF.dll
0x00007ffefcac0000 - 0x00007ffefcbea000 	C:\WINDOWS\System32\ole32.dll
0x00007ffe90710000 - 0x00007ffe93941000 	D:\OpenCV\opencv\build\java\x64\opencv_java460.dll
0x00007ffef4bb0000 - 0x00007ffef4d6c000 	C:\WINDOWS\SYSTEM32\MFPlat.DLL
0x00007ffedb890000 - 0x00007ffedb914000 	C:\WINDOWS\SYSTEM32\MF.dll
0x00007ffecff70000 - 0x00007ffed007a000 	C:\WINDOWS\SYSTEM32\MFReadWrite.dll
0x00007ffefae60000 - 0x00007ffefaeae000 	C:\WINDOWS\System32\cfgmgr32.dll
0x00007ffecc9f0000 - 0x00007ffecce7e000 	C:\WINDOWS\SYSTEM32\MFCORE.DLL
0x00007ffefa3d0000 - 0x00007ffefa41b000 	C:\WINDOWS\SYSTEM32\powrprof.dll
0x00007ffef5680000 - 0x00007ffef5689000 	C:\WINDOWS\SYSTEM32\ksuser.dll
0x00007ffef4af0000 - 0x00007ffef4b24000 	C:\WINDOWS\SYSTEM32\RTWorkQ.DLL
0x00007ffefa3b0000 - 0x00007ffefa3c2000 	C:\WINDOWS\SYSTEM32\UMPDC.dll
0x00007ffee32d0000 - 0x00007ffee32fe000 	C:\Program Files\Java\jdk-19\bin\javajpeg.dll
0x00007ffeda900000 - 0x00007ffeda986000 	C:\Program Files\Java\jdk-19\bin\freetype.dll
0x00007ffed8640000 - 0x00007ffed8705000 	C:\Program Files\Java\jdk-19\bin\fontmanager.dll
0x00007ffefbde0000 - 0x00007ffefbe8f000 	C:\WINDOWS\System32\clbcatq.dll
0x00007ffef3ce0000 - 0x00007ffef3e94000 	C:\WINDOWS\SYSTEM32\WindowsCodecs.dll
0x00007ffed8840000 - 0x00007ffed887e000 	C:\WINDOWS\system32\dataexchange.dll
0x00007ffef6200000 - 0x00007ffef6463000 	C:\WINDOWS\system32\d3d11.dll
0x00007ffef7140000 - 0x00007ffef7323000 	C:\WINDOWS\system32\dcomp.dll
0x00007ffef8de0000 - 0x00007ffef8ed3000 	C:\WINDOWS\system32\dxgi.dll
0x00007ffef3f80000 - 0x00007ffef4180000 	C:\WINDOWS\system32\twinapi.appcore.dll
0x00007ffeefce0000 - 0x00007ffeefdd9000 	C:\WINDOWS\SYSTEM32\textinputframework.dll
0x00007ffef7a10000 - 0x00007ffef7b02000 	C:\WINDOWS\System32\CoreMessaging.dll
0x00007ffef76b0000 - 0x00007ffef7a0e000 	C:\WINDOWS\System32\CoreUIComponents.dll
0x00007ffef6e90000 - 0x00007ffef6fe4000 	C:\WINDOWS\SYSTEM32\wintypes.dll
0x00007ffef9640000 - 0x00007ffef9673000 	C:\WINDOWS\SYSTEM32\ntmarta.dll
0x00007ffef35a0000 - 0x00007ffef35d7000 	C:\WINDOWS\SYSTEM32\CompPkgSup.DLL
0x00007ffe99a60000 - 0x00007ffe9a186000 	C:\Windows\System32\Windows.Media.dll
0x00007ffef2430000 - 0x00007ffef2516000 	C:\Windows\System32\Windows.ApplicationModel.dll
0x00007ffecff00000 - 0x00007ffecff6d000 	C:\Windows\System32\FrameServerClient.dll
0x00007ffed10d0000 - 0x00007ffed1137000 	C:\Windows\System32\MFSENSORGROUP.dll
0x00007ffef41e0000 - 0x00007ffef42d7000 	C:\Windows\System32\AppXDeploymentClient.dll
0x00007ffef4960000 - 0x00007ffef496a000 	C:\WINDOWS\SYSTEM32\AVRT.dll
0x00007ffeeb870000 - 0x00007ffeeb87d000 	C:\Windows\System32\vidcap.ax
0x00007ffee3580000 - 0x00007ffee35a7000 	C:\Windows\System32\kswdmcap.ax
0x00007ffecc880000 - 0x00007ffecc9ec000 	C:\Windows\System32\MFC42.dll
0x00007ffee0700000 - 0x00007ffee0846000 	C:\Windows\System32\Windows.StateRepositoryPS.dll
0x00007ffec3310000 - 0x00007ffec34b0000 	C:\Program Files\Intel\Media SDK\mfx_mft_mjpgvd_64.dll
0x00007ffef6080000 - 0x00007ffef6176000 	C:\WINDOWS\SYSTEM32\PROPSYS.dll
0x00007ffee6060000 - 0x00007ffee610c000 	C:\WINDOWS\SYSTEM32\TextShaping.dll
0x00007ffef02f0000 - 0x00007ffef032b000 	C:\WINDOWS\SYSTEM32\dxcore.dll
0x00007ffee39a0000 - 0x00007ffee39bd000 	C:\Windows\System32\mfmjpegdec.dll
0x00007ffeb3450000 - 0x00007ffeb357d000 	C:\Windows\System32\mfperfhelper.dll
0x00007ffeb2f10000 - 0x00007ffeb3070000 	C:\WINDOWS\System32\msvproc.dll
0x00007ffee38c0000 - 0x00007ffee38da000 	C:\WINDOWS\SYSTEM32\OpenCL.dll
0x00007ffecf7b0000 - 0x00007ffecf817000 	C:\WINDOWS\SYSTEM32\IntelOpenCL64.dll
0x00007ffec3140000 - 0x00007ffec3302000 	C:\Program Files (x86)\Common Files\Intel\OpenCL\bin\x64\intelocl64.dll
0x00007ffecf270000 - 0x00007ffecf30d000 	C:\Program Files (x86)\Common Files\Intel\OpenCL\bin\x64\task_executor64.dll
0x00007ffeceee0000 - 0x00007ffecefb8000 	C:\Program Files (x86)\Common Files\Intel\OpenCL\bin\x64\cpu_device64.dll
0x00007ffea8e60000 - 0x00007ffea9321000 	C:\WINDOWS\SYSTEM32\igdrcl64.dll
0x00007ffee3280000 - 0x00007ffee32c3000 	C:\WINDOWS\SYSTEM32\igdfcl64.dll
0x00007ffe98cc0000 - 0x00007ffe99236000 	C:\WINDOWS\SYSTEM32\igdmcl64.dll
0x00007ffecf500000 - 0x00007ffecf56d000 	C:\WINDOWS\SYSTEM32\igdbcl64.dll
0x00007ffeecbb0000 - 0x00007ffeed5ef000 	C:\WINDOWS\SYSTEM32\igdusc64.dll

dbghelp: loaded successfully - version: 4.0.5 - missing functions: none
symbol engine: initialized successfully - sym options: 0x614 - pdb path: .;C:\Program Files\Java\jdk-19\bin;C:\WINDOWS\SYSTEM32;C:\WINDOWS\WinSxS\amd64_microsoft.windows.common-controls_6595b64144ccf1df_6.0.19041.1110_none_60b5254171f9507e;C:\Program Files\Java\jdk-19\bin\server;C:\Program Files\JetBrains\IntelliJ IDEA 2022.3.1\bin;C:\Users\neera\AppData\Local\Temp;D:\OpenCV\opencv\build\java\x64;C:\Program Files\Intel\Media SDK;C:\Program Files (x86)\Common Files\Intel\OpenCL\bin\x64

VM Arguments:
jvm_args: -Djava.library.path=D:\OpenCV\opencv\build\java\x64 -javaagent:C:\Program Files\JetBrains\IntelliJ IDEA 2022.3.1\lib\idea_rt.jar=52043:C:\Program Files\JetBrains\IntelliJ IDEA 2022.3.1\bin -Dfile.encoding=UTF-8 -Dsun.stdout.encoding=UTF-8 -Dsun.stderr.encoding=UTF-8 
java_command: org.example.AddNewUser
java_class_path (initial): C:\Users\neera\IdeaProjects\charAll\target\classes;C:\Users\neera\.m2\repository\com\google\firebase\firebase-admin\9.1.1\firebase-admin-9.1.1.jar;C:\Users\neera\.m2\repository\com\google\api-client\google-api-client\2.0.0\google-api-client-2.0.0.jar;C:\Users\neera\.m2\repository\com\google\oauth-client\google-oauth-client\1.34.1\google-oauth-client-1.34.1.jar;C:\Users\neera\.m2\repository\com\google\http-client\google-http-client-gson\1.42.1\google-http-client-gson-1.42.1.jar;C:\Users\neera\.m2\repository\com\google\http-client\google-http-client-apache-v2\1.42.1\google-http-client-apache-v2-1.42.1.jar;C:\Users\neera\.m2\repository\org\apache\httpcomponents\httpcore\4.4.15\httpcore-4.4.15.jar;C:\Users\neera\.m2\repository\org\apache\httpcomponents\httpclient\4.5.13\httpclient-4.5.13.jar;C:\Users\neera\.m2\repository\com\google\api-client\google-api-client-gson\2.0.0\google-api-client-gson-2.0.0.jar;C:\Users\neera\.m2\repository\com\google\http-client\google-http-client\1.42.2\google-http-client-1.42.2.jar;C:\Users\neera\.m2\repository\com\google\code\findbugs\jsr305\3.0.2\jsr305-3.0.2.jar;C:\Users\neera\.m2\repository\com\google\j2objc\j2objc-annotations\1.3\j2objc-annotations-1.3.jar;C:\Users\neera\.m2\repository\io\opencensus\opencensus-api\0.31.1\opencensus-api-0.31.1.jar;C:\Users\neera\.m2\repository\io\opencensus\opencensus-contrib-http-util\0.31.1\opencensus-contrib-http-util-0.31.1.jar;C:\Users\neera\.m2\repository\com\google\api\api-common\2.2.1\api-common-2.2.1.jar;C:\Users\neera\.m2\repository\javax\annotation\javax.annotation-api\1.3.2\javax.annotation-api-1.3.2.jar;C:\Users\neera\.m2\repository\com\google\auto\value\auto-value-annotations\1.9\auto-value-annotations-1.9.jar;C:\Users\neera\.m2\repository\com\google\auth\google-auth-library-oauth2-http\1.12.1\google-auth-library-oauth2-http-1.12.1.jar;C:\Users\neera\.m2\repository\com\google\auth\google-auth-library-credentials\1.12.1\google-auth-library-credentials-1.12.1.jar;C:\Users\neera\.m2\repository\com\google\cloud\google-cloud-storage\2.14.0\google-cloud-storage-2.14.0.jar;C:\Users\neera\.m2\repository\com\google\guava\failureaccess\1.0.1\failureaccess-1.0.1.jar;C:\Users\neera\.m2\repository\com\google\guava\listenablefuture\9999.0-empty-to-avoid-conflict-with-guava\listenablefuture-9999.0-empty-to-avoid-conflict-with-guava.jar;C:\Users\neera\.m2\repository\com\google\http-client\google-http-client-jackson2\1.42.2\google-http-client-jackson2-1.42.2.jar;C:\Users\neera\.m2\repository\com\google\apis\google-api-services-storage\v1-rev20220705-2.0.0\google-api-services-storage-v1-rev20220705-2.0.0.jar;C:\Users\neera\.m2\repository\com\google\code\gson\gson\2.9.1\gson-2.9.1.jar;C:\Users\neera\.m2\repository\com\google\cloud\google-cloud-core\2.8.22\google-cloud-core-2.8.22.jar;C:\Users\neera\.m2\repository\com\google\cloud\google-cloud-core-http\2.8.22\google-cloud-core-http-2.8.22.jar;C:\Users\neera\.m2\repository\com\google\http-client\google-http-client-appengine\1.42.2\google-http-client-appengine-1.42.2.jar;C:\Users\neera\.m2\repository\com\google\api\gax-httpjson\0.104.4\gax-httpjson-0.104.4.jar;C:\Users\neera\.m2\repository\com\google\cloud\google-cloud-core-grpc\2.8.22\google-cloud-core-grpc-2.8.22.jar;C:\Users\neera\.m2\repository\io\grpc\grpc-core\1.50.1\grpc-core-1.50.1.jar;C:\Users\neera\.m2\repository\com\google\android\annotations\4.1.1.4\annotations-4.1.1.4.jar;C:\Users\neera\.m2\repository\org\codehaus\mojo\animal-sniffer-annotations\1.22\animal-sniffer-annotations-1.22.jar;C:\Users\neera\.m2\repository\com\google\api\gax\2.19.4\gax-2.19.4.jar;C:\Users\neera\.m2\repository\com\google\api\gax-grpc\2.19.4\gax-grpc-2.19.4.jar;C:\Users\neera\.m2\repository\io\grpc\grpc-alts\1.50.1\grpc-alts-1.50.1.jar;C:\Users\neera\.m2\repository\io\grpc\grpc-grpclb\1.50.1\grpc-grpclb-1.50.1.jar;C:\Users\neera\.m2\repository\org\conscrypt\conscrypt-openjdk-uber\2.5.2\conscrypt-openjdk-uber-2.5.2.jar;C:\Users\neera\.m2\repository\io\grpc\grpc-context\1.50.1\grpc-context-1.50.1.jar;C:\Users\neera\.m2\repository\com\google\api\grpc\proto-google-iam-v1\1.6.4\proto-google-iam-v1-1.6.4.jar;C:\Users\neera\.m2\repository\com\google\protobuf\protobuf-java\3.21.8\protobuf-java-3.21.8.jar;C:\Users\neera\.m2\repository\com\google\protobuf\protobuf-java-util\3.21.8\protobuf-java-util-3.21.8.jar;C:\Users\neera\.m2\repository\com\google\api\grpc\proto-google-common-protos\2.9.6\proto-google-common-protos-2.9.6.jar;C:\Users\neera\.m2\repository\org\threeten\threetenbp\1.6.3\threetenbp-1.6.3.jar;C:\Users\neera\.m2\repository\com\google\api\grpc\proto-google-cloud-storage-v2\2.14.0-alpha\proto-google-cloud-storage-v2-2.14.0-alpha.jar;C:\Users\neera\.m2\repository\com\google\api\grpc\grpc-google-cloud-storage-v2\2.14.0-alpha\grpc-google-cloud-storage-v2-2.14.0-alpha.jar;C:\Users\neera\.m2\repository\io\grpc\grpc-protobuf\1.50.1\grpc-protobuf-1.50.1.jar;C:\Users\neera\.m2\repository\com\google\api\grpc\gapic-google-cloud-storage-v2\2.14.0-alpha\gapic-google-cloud-storage-v2-2.14.0-alpha.jar;C:\Users\neera\.m2\repository\com\fasterxml\jackson\core\jackson-core\2.13.4\jackson-core-2.13.4.jar;C:\Users\neera\.m2\repository\io\grpc\grpc-api\1.50.1\grpc-api-1.50.1.jar;C:\Users\neera\.m2\repository\io\grpc\grpc-netty-shaded\1.50.1\grpc-netty-shaded-1.50.1.jar;C:\Users\neera\.m2\repository\io\perfmark\perfmark-api\0.25.0\perfmark-api-0.25.0.jar;C:\Users\neera\.m2\repository\io\grpc\grpc-auth\1.50.1\grpc-auth-1.50.1.jar;C:\Users\neera\.m2\repository\io\grpc\grpc-stub\1.50.1\grpc-stub-1.50.1.jar;C:\Users\neera\.m2\repository\io\grpc\grpc-googleapis\1.50.1\grpc-googleapis-1.50.1.jar;C:\Users\neera\.m2\repository\org\checkerframework\checker-qual\3.26.0\checker-qual-3.26.0.jar;C:\Users\neera\.m2\repository\io\grpc\grpc-xds\1.50.1\grpc-xds-1.50.1.jar;C:\Users\neera\.m2\repository\io\opencensus\opencensus-proto\0.2.0\opencensus-proto-0.2.0.jar;C:\Users\neera\.m2\repository\io\grpc\grpc-services\1.50.1\grpc-services-1.50.1.jar;C:\Users\neera\.m2\repository\com\google\re2j\re2j\1.6\re2j-1.6.jar;C:\Users\neera\.m2\repository\com\google\api\grpc\grpc-google-iam-v1\1.6.4\grpc-google-iam-v1-1.6.4.jar;C:\Users\neera\.m2\repository\io\grpc\grpc-protobuf-lite\1.50.1\grpc-protobuf-lite-1.50.1.jar;C:\Users\neera\.m2\repository\com\google\cloud\google-cloud-firestore\3.7.0\google-cloud-firestore-3.7.0.jar;C:\Users\neera\.m2\repository\commons-logging\commons-logging\1.2\commons-logging-1.2.jar;C:\Users\neera\.m2\repository\commons-codec\commons-codec\1.15\commons-codec-1.15.jar;C:\Users\neera\.m2\repository\com\google\api\grpc\proto-google-cloud-firestore-v1\3.7.0\proto-google-cloud-firestore-v1-3.7.0.jar;C:\Users\neera\.m2\repository\com\google\cloud\proto-google-cloud-firestore-bundle-v1\3.7.0\proto-google-cloud-firestore-bundle-v1-3.7.0.jar;C:\Users\neera\.m2\repository\io\opencensus\opencensus-contrib-grpc-util\0.31.1\opencensus-contrib-grpc-util-0.31.1.jar;C:\Users\neera\.m2\repository\com\google\errorprone\error_prone_annotations\2.16\error_prone_annotations-2.16.jar;C:\Users\neera\.m2\repository\com\google\guava\guava\31.1-jre\guava-31.1-jre.jar;C:\Users\neera\.m2\repository\org\slf4j\slf4j-api\2.0.3\slf4j-api-2.0.3.jar;C:\Users\neera\.m2\repository\io\netty\netty-codec-http\4.1.84.Final\netty-codec-http-4.1.84.Final.jar;C:\Users\neera\.m2\repository\io\netty\netty-common\4.1.84.Final\netty-common-4.1.84.Final.jar;C:\Users\neera\.m2\repository\io\netty\netty-buffer\4.1.84.Final\netty-buffer-4.1.84.Final.jar;C:\Users\neera\.m2\repository\io\netty\netty-codec\4.1.84.Final\netty-codec-4.1.84.Final.jar;C:\Users\neera\.m2\repository\io\netty\netty-handler\4.1.84.Final\netty-handler-4.1.84.Final.jar;C:\Users\neera\.m2\repository\io\netty\netty-resolver\4.1.84.Final\netty-resolver-4.1.84.Final.jar;C:\Users\neera\.m2\repository\io\netty\netty-transport-native-unix-common\4.1.84.Final\netty-transport-native-unix-common-4.1.84.Final.jar;C:\Users\neera\.m2\repository\io\netty\netty-transport\4.1.84.Final\netty-transport-4.1.84.Final.jar;C:\Users\neera\.m2\repository\org\bytedeco\javacv-platform\1.3.3\javacv-platform-1.3.3.jar;C:\Users\neera\.m2\repository\org\bytedeco\javacpp\1.3.3\javacpp-1.3.3.jar;C:\Users\neera\.m2\repository\org\bytedeco\javacv\1.3.3\javacv-1.3.3.jar;C:\Users\neera\.m2\repository\org\bytedeco\javacpp-presets\opencv\3.2.0-1.3\opencv-3.2.0-1.3.jar;C:\Users\neera\.m2\repository\org\bytedeco\javacpp-presets\ffmpeg\3.2.1-1.3\ffmpeg-3.2.1-1.3.jar;C:\Users\neera\.m2\repository\org\bytedeco\javacpp-presets\flycapture\2.9.3.43-1.3\flycapture-2.9.3.43-1.3.jar;C:\Users\neera\.m2\repository\org\bytedeco\javacpp-presets\libdc1394\2.2.4-1.3\libdc1394-2.2.4-1.3.jar;C:\Users\neera\.m2\repository\org\bytedeco\javacpp-presets\libfreenect\0.5.3-1.3\libfreenect-0.5.3-1.3.jar;C:\Users\neera\.m2\repository\org\bytedeco\javacpp-presets\libfreenect2\0.2.0-1.3\libfreenect2-0.2.0-1.3.jar;C:\Users\neera\.m2\repository\org\bytedeco\javacpp-presets\librealsense\1.9.6-1.3\librealsense-1.9.6-1.3.jar;C:\Users\neera\.m2\repository\org\bytedeco\javacpp-presets\videoinput\0.200-1.3\videoinput-0.200-1.3.jar;C:\Users\neera\.m2\repository\org\bytedeco\javacpp-presets\artoolkitplus\2.3.1-1.3\artoolkitplus-2.3.1-1.3.jar;C:\Users\neera\.m2\repository\org\bytedeco\javacpp-presets\flandmark\1.07-1.3\flandmark-1.07-1.3.jar;C:\Users\neera\.m2\repository\org\bytedeco\javacpp-presets\opencv-platform\3.2.0-1.3\opencv-platform-3.2.0-1.3.jar;C:\Users\neera\.m2\repository\org\bytedeco\javacpp-presets\opencv\3.2.0-1.3\opencv-3.2.0-1.3-android-arm.jar;C:\Users\neera\.m2\repository\org\bytedeco\javacpp-presets\opencv\3.2.0-1.3\opencv-3.2.0-1.3-android-x86.jar;C:\Users\neera\.m2\repository\org\bytedeco\javacpp-presets\opencv\3.2.0-1.3\opencv-3.2.0-1.3-linux-x86.jar;C:\Users\neera\.m2\repository\org\bytedeco\javacpp-presets\opencv\3.2.0-1.3\opencv-3.2.0-1.3-linux-x86_64.jar;C:\Users\neera\.m2\repository\org\bytedeco\javacpp-presets\opencv\3.2.0-1.3\opencv-3.2.0-1.3-linux-armhf.jar;C:\Users\neera\.m2\repository\org\bytedeco\javacpp-presets\opencv\3.2.0-1.3\opencv-3.2.0-1.3-linux-ppc64le.jar;C:\Users\neera\.m2\repository\org\bytedeco\javacpp-presets\opencv\3.2.0-1.3\opencv-3.2.0-1.3-macosx-x86_64.jar;C:\Users\neera\.m2\repository\org\bytedeco\javacpp-presets\opencv\3.2.0-1.3\opencv-3.2.0-1.3-windows-x86.jar;C:\Users\neera\.m2\repository\org\bytedeco\javacpp-presets\opencv\3.2.0-1.3\opencv-3.2.0-1.3-windows-x86_64.jar;C:\Users\neera\.m2\repository\org\bytedeco\javacpp-presets\ffmpeg-platform\3.2.1-1.3\ffmpeg-platform-3.2.1-1.3.jar;C:\Users\neera\.m2\repository\org\bytedeco\javacpp-presets\ffmpeg\3.2.1-1.3\ffmpeg-3.2.1-1.3-android-arm.jar;C:\Users\neera\.m2\repository\org\bytedeco\javacpp-presets\ffmpeg\3.2.1-1.3\ffmpeg-3.2.1-1.3-android-x86.jar;C:\Users\neera\.m2\repository\org\bytedeco\javacpp-presets\ffmpeg\3.2.1-1.3\ffmpeg-3.2.1-1.3-linux-x86.jar;C:\Users\neera\.m2\repository\org\bytedeco\javacpp-presets\ffmpeg\3.2.1-1.3\ffmpeg-3.2.1-1.3-linux-x86_64.jar;C:\Users\neera\.m2\repository\org\bytedeco\javacpp-presets\ffmpeg\3.2.1-1.3\ffmpeg-3.2.1-1.3-linux-armhf.jar;C:\Users\neera\.m2\repository\org\bytedeco\javacpp-presets\ffmpeg\3.2.1-1.3\ffmpeg-3.2.1-1.3-linux-ppc64le.jar;C:\Users\neera\.m2\repository\org\bytedeco\javacpp-presets\ffmpeg\3.2.1-1.3\ffmpeg-3.2.1-1.3-macosx-x86_64.jar;C:\Users\neera\.m2\repository\org\bytedeco\javacpp-presets\ffmpeg\3.2.1-1.3\ffmpeg-3.2.1-1.3-windows-x86.jar;C:\Users\neera\.m2\repository\org\bytedeco\javacpp-presets\ffmpeg\3.2.1-1.3\ffmpeg-3.2.1-1.3-windows-x86_64.jar;C:\Users\neera\.m2\repository\org\bytedeco\javacpp-presets\flycapture-platform\2.9.3.43-1.3\flycapture-platform-2.9.3.43-1.3.jar;C:\Users\neera\.m2\repository\org\bytedeco\javacpp-presets\flycapture\2.9.3.43-1.3\flycapture-2.9.3.43-1.3-linux-x86.jar;C:\Users\neera\.m2\repository\org\bytedeco\javacpp-presets\flycapture\2.9.3.43-1.3\flycapture-2.9.3.43-1.3-linux-x86_64.jar;C:\Users\neera\.m2\repository\org\bytedeco\javacpp-presets\flycapture\2.9.3.43-1.3\flycapture-2.9.3.43-1.3-linux-armhf.jar;C:\Users\neera\.m2\repository\org\bytedeco\javacpp-presets\flycapture\2.9.3.43-1.3\flycapture-2.9.3.43-1.3-windows-x86.jar;C:\Users\neera\.m2\repository\org\bytedeco\javacpp-presets\flycapture\2.9.3.43-1.3\flycapture-2.9.3.43-1.3-windows-x86_64.jar;C:\Users\neera\.m2\repository\org\bytedeco\javacpp-presets\libdc1394-platform\2.2.4-1.3\libdc1394-platform-2.2.4-1.3.jar;C:\Users\neera\.m2\repository\org\bytedeco\javacpp-presets\libdc1394\2.2.4-1.3\libdc1394-2.2.4-1.3-linux-x86.jar;C:\Users\neera\.m2\repository\org\bytedeco\javacpp-presets\libdc1394\2.2.4-1.3\libdc1394-2.2.4-1.3-linux-x86_64.jar;C:\Users\neera\.m2\repository\org\bytedeco\javacpp-presets\libdc1394\2.2.4-1.3\libdc1394-2.2.4-1.3-linux-armhf.jar;C:\Users\neera\.m2\repository\org\bytedeco\javacpp-presets\libdc1394\2.2.4-1.3\libdc1394-2.2.4-1.3-linux-ppc64le.jar;C:\Users\neera\.m2\repository\org\bytedeco\javacpp-presets\libdc1394\2.2.4-1.3\libdc1394-2.2.4-1.3-macosx-x86_64.jar;C:\Users\neera\.m2\repository\org\bytedeco\javacpp-presets\libdc1394\2.2.4-1.3\libdc1394-2.2.4-1.3-windows-x86.jar;C:\Users\neera\.m2\repository\org\bytedeco\javacpp-presets\libdc1394\2.2.4-1.3\libdc1394-2.2.4-1.3-windows-x86_64.jar;C:\Users\neera\.m2\repository\org\bytedeco\javacpp-presets\libfreenect-platform\0.5.3-1.3\libfreenect-platform-0.5.3-1.3.jar;C:\Users\neera\.m2\repository\org\bytedeco\javacpp-presets\libfreenect\0.5.3-1.3\libfreenect-0.5.3-1.3-linux-x86.jar;C:\Users\neera\.m2\repository\org\bytedeco\javacpp-presets\libfreenect\0.5.3-1.3\libfreenect-0.5.3-1.3-linux-x86_64.jar;C:\Users\neera\.m2\repository\org\bytedeco\javacpp-presets\libfreenect\0.5.3-1.3\libfreenect-0.5.3-1.3-linux-armhf.jar;C:\Users\neera\.m2\repository\org\bytedeco\javacpp-presets\libfreenect\0.5.3-1.3\libfreenect-0.5.3-1.3-linux-ppc64le.jar;C:\Users\neera\.m2\repository\org\bytedeco\javacpp-presets\libfreenect\0.5.3-1.3\libfreenect-0.5.3-1.3-macosx-x86_64.jar;C:\Users\neera\.m2\repository\org\bytedeco\javacpp-presets\libfreenect\0.5.3-1.3\libfreenect-0.5.3-1.3-windows-x86.jar;C:\Users\neera\.m2\repository\org\bytedeco\javacpp-presets\libfreenect\0.5.3-1.3\libfreenect-0.5.3-1.3-windows-x86_64.jar;C:\Users\neera\.m2\repository\org\bytedeco\javacpp-presets\libfreenect2-platform\0.2.0-1.3\libfreenect2-platform-0.2.0-1.3.jar;C:\Users\neera\.m2\repository\org\bytedeco\javacpp-presets\libfreenect2\0.2.0-1.3\libfreenect2-0.2.0-1.3-linux-x86.jar;C:\Users\neera\.m2\repository\org\bytedeco\javacpp-presets\libfreenect2\0.2.0-1.3\libfreenect2-0.2.0-1.3-linux-x86_64.jar;C:\Users\neera\.m2\repository\org\bytedeco\javacpp-presets\librealsense-platform\1.9.6-1.3\librealsense-platform-1.9.6-1.3.jar;C:\Users\neera\.m2\repository\org\bytedeco\javacpp-presets\librealsense\1.9.6-1.3\librealsense-1.9.6-1.3-linux-x86.jar;C:\Users\neera\.m2\repository\org\bytedeco\javacpp-presets\librealsense\1.9.6-1.3\librealsense-1.9.6-1.3-linux-x86_64.jar;C:\Users\neera\.m2\repository\org\bytedeco\javacpp-presets\videoinput-platform\0.200-1.3\videoinput-platform-0.200-1.3.jar;C:\Users\neera\.m2\repository\org\bytedeco\javacpp-presets\videoinput\0.200-1.3\videoinput-0.200-1.3-windows-x86.jar;C:\Users\neera\.m2\repository\org\bytedeco\javacpp-presets\videoinput\0.200-1.3\videoinput-0.200-1.3-windows-x86_64.jar;C:\Users\neera\.m2\repository\org\bytedeco\javacpp-presets\artoolkitplus-platform\2.3.1-1.3\artoolkitplus-platform-2.3.1-1.3.jar;C:\Users\neera\.m2\repository\org\bytedeco\javacpp-presets\artoolkitplus\2.3.1-1.3\artoolkitplus-2.3.1-1.3-android-arm.jar;C:\Users\neera\.m2\repository\org\bytedeco\javacpp-presets\artoolkitplus\2.3.1-1.3\artoolkitplus-2.3.1-1.3-android-x86.jar;C:\Users\neera\.m2\repository\org\bytedeco\javacpp-presets\artoolkitplus\2.3.1-1.3\artoolkitplus-2.3.1-1.3-linux-x86.jar;C:\Users\neera\.m2\repository\org\bytedeco\javacpp-presets\artoolkitplus\2.3.1-1.3\artoolkitplus-2.3.1-1.3-linux-x86_64.jar;C:\Users\neera\.m2\repository\org\bytedeco\javacpp-presets\artoolkitplus\2.3.1-1.3\artoolkitplus-2.3.1-1.3-linux-armhf.jar;C:\Users\neera\.m2\repository\org\bytedeco\javacpp-presets\artoolkitplus\2.3.1-1.3\artoolkitplus-2.3.1-1.3-linux-ppc64le.jar;C:\Users\neera\.m2\repository\org\bytedeco\javacpp-presets\artoolkitplus\2.3.1-1.3\artoolkitplus-2.3.1-1.3-macosx-x86_64.jar;C:\Users\neera\.m2\repository\org\bytedeco\javacpp-presets\artoolkitplus\2.3.1-1.3\artoolkitplus-2.3.1-1.3-windows-x86.jar;C:\Users\neera\.m2\repository\org\bytedeco\javacpp-presets\artoolkitplus\2.3.1-1.3\artoolkitplus-2.3.1-1.3-windows-x86_64.jar;C:\Users\neera\.m2\repository\org\bytedeco\javacpp-presets\flandmark-platform\1.07-1.3\flandmark-platform-1.07-1.3.jar;C:\Users\neera\.m2\repository\org\bytedeco\javacpp-presets\flandmark\1.07-1.3\flandmark-1.07-1.3-android-arm.jar;C:\Users\neera\.m2\repository\org\bytedeco\javacpp-presets\flandmark\1.07-1.3\flandmark-1.07-1.3-android-x86.jar;C:\Users\neera\.m2\repository\org\bytedeco\javacpp-presets\flandmark\1.07-1.3\flandmark-1.07-1.3-linux-x86.jar;C:\Users\neera\.m2\repository\org\bytedeco\javacpp-presets\flandmark\1.07-1.3\flandmark-1.07-1.3-linux-x86_64.jar;C:\Users\neera\.m2\repository\org\bytedeco\javacpp-presets\flandmark\1.07-1.3\flandmark-1.07-1.3-linux-armhf.jar;C:\Users\neera\.m2\repository\org\bytedeco\javacpp-presets\flandmark\1.07-1.3\flandmark-1.07-1.3-linux-ppc64le.jar;C:\Users\neera\.m2\repository\org\bytedeco\javacpp-presets\flandmark\1.07-1.3\flandmark-1.07-1.3-macosx-x86_64.jar;C:\Users\neera\.m2\repository\org\bytedeco\javacpp-presets\flandmark\1.07-1.3\flandmark-1.07-1.3-windows-x86.jar;C:\Users\neera\.m2\repository\org\bytedeco\javacpp-presets\flandmark\1.07-1.3\flandmark-1.07-1.3-windows-x86_64.jar;D:\OpenCV\opencv\build\java\opencv-460.jar
Launcher Type: SUN_STANDARD

[Global flags]
     intx CICompilerCount                          = 3                                         {product} {ergonomic}
     uint ConcGCThreads                            = 1                                         {product} {ergonomic}
     uint G1ConcRefinementThreads                  = 4                                         {product} {ergonomic}
   size_t G1HeapRegionSize                         = 1048576                                   {product} {ergonomic}
    uintx GCDrainStackTargetSize                   = 64                                        {product} {ergonomic}
   size_t InitialHeapSize                          = 134217728                                 {product} {ergonomic}
   size_t MarkStackSize                            = 4194304                                   {product} {ergonomic}
   size_t MaxHeapSize                              = 2128609280                                {product} {ergonomic}
   size_t MaxNewSize                               = 1277165568                                {product} {ergonomic}
   size_t MinHeapDeltaBytes                        = 1048576                                   {product} {ergonomic}
   size_t MinHeapSize                              = 8388608                                   {product} {ergonomic}
    uintx NonNMethodCodeHeapSize                   = 5832780                                {pd product} {ergonomic}
    uintx NonProfiledCodeHeapSize                  = 122912730                              {pd product} {ergonomic}
    uintx ProfiledCodeHeapSize                     = 122912730                              {pd product} {ergonomic}
    uintx ReservedCodeCacheSize                    = 251658240                              {pd product} {ergonomic}
     bool SegmentedCodeCache                       = true                                      {product} {ergonomic}
   size_t SoftMaxHeapSize                          = 2128609280                             {manageable} {ergonomic}
     bool UseCompressedClassPointers               = true                           {product lp64_product} {ergonomic}
     bool UseCompressedOops                        = true                           {product lp64_product} {ergonomic}
     bool UseG1GC                                  = true                                      {product} {ergonomic}
     bool UseLargePagesIndividualAllocation        = false                                  {pd product} {ergonomic}

Logging:
Log output configuration:
 #0: stdout all=off uptime,level,tags foldmultilines=false
 #1: stderr all=off uptime,level,tags foldmultilines=false

Environment Variables:
JAVA_HOME=C:\Program Files\Java\jdk1.8.0_202
PATH=C:\Program Files\Common Files\Oracle\Java\javapath;C:\Program Files (x86)\Common Files\Oracle\Java\javapath;C:\WINDOWS\system32;C:\WINDOWS;C:\WINDOWS\System32\Wbem;C:\WINDOWS\System32\WindowsPowerShell\v1.0\;C:\WINDOWS\System32\OpenSSH\;C:\Program Files\Git\cmd;D:\opencv\opencv\build\bin;C:\Program Files\nodejs\;C:\Users\neera\AppData\Local\Programs\Python\Python38;D:\com\googlecode\javacv\cpp\windows-x86_64;D:\OpenCV\opencv\build\java\x64;C:\Program Files\Java\jdk1.8.0_202\bin;C:\Program Files\Java\jdk-11.0.16.1\bin;C:\Program Files\Java\jdk-19\bin;C:\Program Files\Java\jre1.8.0_351\bin;;C:\Program Files\Docker\Docker\resources\bin;C:\Program Files\Java\jdk1.8.0_202/bin;C:\Program Files\Common Files\Oracle\Java\javapath;C:\Program Files (x86)\Common Files\Oracle\Java\javapath;C:\WINDOWS\system32;C:\WINDOWS;C:\WINDOWS\System32\Wbem;C:\WINDOWS\System32\WindowsPowerShell\v1.0\;C:\WINDOWS\System32\OpenSSH\;C:\Program Files\Git\cmd;D:\opencv\opencv\build\bin;C:\Program Files\nodejs\;C:\Users\neera\AppData\Local\Programs\Python\Python38;D:\com\googlecode\javacv\cpp\windows-x86_64;D:\OpenCV\opencv\build\java\x64;C:\Program Files\Java\jdk1.8.0_202\bin;C:\Program Files\Java\jdk-11.0.16.1\bin;C:\Program Files\Java\jdk-19\bin;C:\Program Files\Java\jre1.8.0_351\bin;;C:\Program Files\Docker\Docker\resources\bin
USERNAME=neera
OS=Windows_NT
PROCESSOR_IDENTIFIER=Intel64 Family 6 Model 69 Stepping 1, GenuineIntel
TMP=C:\Users\neera\AppData\Local\Temp
TEMP=C:\Users\neera\AppData\Local\Temp



---------------  S Y S T E M  ---------------

OS:
 Windows 10 , 64 bit Build 19041 (10.0.19041.2364)
OS uptime: 0 days 9:37 hours
Hyper-V role detected

CPU: total 4 (initial active 4) (2 cores per cpu, 2 threads per core) family 6 model 69 stepping 1 microcode 0x25, cx8, cmov, fxsr, ht, mmx, sse, sse2, sse3, ssse3, sse4.1, sse4.2, popcnt, lzcnt, tsc, tscinvbit, avx, avx2, aes, erms, clmul, bmi1, bmi2, fma, vzeroupper, clflush, hv, rdtscp

Memory: 4k page, system-wide physical 8113M (1334M free)
TotalPageFile size 11697M (AvailPageFile size 2067M)
current process WorkingSet (physical memory assigned to process): 226M, peak: 252M
current process commit charge ("private bytes"): 305M, peak: 345M

vm_info: Java HotSpot(TM) 64-Bit Server VM (19.0.1+10-21) for windows-amd64 JRE (19.0.1+10-21), built on 2022-09-14T12:45:06Z by "mach5one" with MS VC++ 17.1 (VS2022)

END.
