#
# A fatal error has been detected by the Java Runtime Environment:
#
#  EXCEPTION_ACCESS_VIOLATION (0xc0000005) at pc=0x00007ffefce9faad, pid=13612, tid=10956
#
# JRE version: Java(TM) SE Runtime Environment (19.0.1+10) (build 19.0.1+10-21)
# Java VM: Java HotSpot(TM) 64-Bit Server VM (19.0.1+10-21, mixed mode, sharing, tiered, compressed oops, compressed class ptrs, g1 gc, windows-amd64)
# Problematic frame:
# C  [ntdll.dll+0x2faad]
#
# No core dump will be written. Minidumps are not enabled by default on client versions of Windows
#
# If you would like to submit a bug report, please visit:
#   https://bugreport.java.com/bugreport/crash.jsp
#

---------------  S U M M A R Y ------------

Command Line: -Djava.library.path=D:\OpenCV\opencv\build\java\x64 -javaagent:C:\Program Files\JetBrains\IntelliJ IDEA 2022.3.1\lib\idea_rt.jar=52067:C:\Program Files\JetBrains\IntelliJ IDEA 2022.3.1\bin -Dfile.encoding=UTF-8 -Dsun.stdout.encoding=UTF-8 -Dsun.stderr.encoding=UTF-8 org.example.AddNewUser

Host: Intel(R) Core(TM) i7-4600U CPU @ 2.10GHz, 4 cores, 7G,  Windows 10 , 64 bit Build 19041 (10.0.19041.2364)
Time: Tue Jan 31 19:42:52 2023 India Standard Time elapsed time: 2668.949387 seconds (0d 0h 44m 28s)

---------------  T H R E A D  ---------------

Current thread (0x000001b279a154b0):  VMThread "VM Thread" [stack: 0x00000040c5e00000,0x00000040c5f00000] [id=10956]

Stack: [0x00000040c5e00000,0x00000040c5f00000],  sp=0x00000040c5efeb40,  free space=1018k
Native frames: (J=compiled Java code, j=interpreted, Vv=VM code, C=native code)
C  [ntdll.dll+0x2faad]
C  [igdrcl64.dll+0x904e9]


siginfo: EXCEPTION_ACCESS_VIOLATION (0xc0000005), writing address 0x0000000000000018


Registers:
RAX=0x00000040c53a2000, RBX=0x00000040c5efebc8, RCX=0x0000000000000010, RDX=0x0000000000000010
RSP=0x00000040c5efeb40, RBP=0x00000040c5eff0f0, RSI=0x00000000ffffffff, RDI=0x000001b27f6edf30
R8 =0x000000000000003a, R9 =0x000000000000003a, R10=0x0000000000000038, R11=0x00000040c5efebe0
R12=0x000001b27ecc2100, R13=0x0000000000000040, R14=0x000001b27ecc2838, R15=0x00000040c5efeda0
RIP=0x00007ffefce9faad, EFLAGS=0x0000000000010202


Register to memory mapping:

RIP=0x00007ffefce9faad ntdll.dll
RAX=0x00000040c53a2000 points into unknown readable memory: 0x0000000000000000 | 00 00 00 00 00 00 00 00
RBX=0x00000040c5efebc8 points into unknown readable memory: 0x0000000000000010 | 10 00 00 00 00 00 00 00
RCX=0x0000000000000010 is an unknown value
RDX=0x0000000000000010 is an unknown value
RSP=0x00000040c5efeb40 points into unknown readable memory: 0x0000000000000000 | 00 00 00 00 00 00 00 00
RBP=0x00000040c5eff0f0 points into unknown readable memory: 0x00000040c5eff239 | 39 f2 ef c5 40 00 00 00
RSI=0x00000000ffffffff is pointing into object: Ljava.internal.vm.FillerArray; 
{0x00000000fffffe18} - klass: {type array int}
 - length: 118
RDI=0x000001b27f6edf30 points into unknown readable memory: 0x00007ffea9304e00 | 00 4e 30 a9 fe 7f 00 00
R8 =0x000000000000003a is an unknown value
R9 =0x000000000000003a is an unknown value
R10=0x0000000000000038 is an unknown value
R11=0x00000040c5efebe0 points into unknown readable memory: 0x000001b27eabe4f0 | f0 e4 ab 7e b2 01 00 00
R12=0x000001b27ecc2100 points into unknown readable memory: 0xfffdbf1638b67c11 | 11 7c b6 38 16 bf fd ff
R13=0x0000000000000040 is an unknown value
R14=0x000001b27ecc2838 points into unknown readable memory: 0x00009a38d14e7c11 | 11 7c 4e d1 38 9a 00 00
R15=0x00000040c5efeda0 points into unknown readable memory: 0x00000040c5efedc0 | c0 ed ef c5 40 00 00 00


Top of Stack: (sp=0x00000040c5efeb40)
0x00000040c5efeb40:   0000000000000000 0000000000000000
0x00000040c5efeb50:   0000000000000000 0000000000000000
0x00000040c5efeb60:   0000000000000000 00007ffea8ef04e9
0x00000040c5efeb70:   0000000000000000 0000000000000000
0x00000040c5efeb80:   0000000000000000 0000000000000000
0x00000040c5efeb90:   0000000000000000 00007ffea8ed8868
0x00000040c5efeba0:   0000000000000000 0000000000000000
0x00000040c5efebb0:   0000000000000000 0000000000000000
0x00000040c5efebc0:   fffffffffffffffe 0000000000000010
0x00000040c5efebd0:   00009a7814a19601 0000000000000000
0x00000040c5efebe0:   000001b27eabe4f0 00007ffea8ed2455
0x00000040c5efebf0:   0000000000000000 000001b27f6edf30
0x00000040c5efec00:   000001b206bfbdf0 0000000000000008
0x00000040c5efec10:   000001b206bfbdf0 00007ffe91d200be
0x00000040c5efec20:   000001b27eabe1f0 0000000000000000
0x00000040c5efec30:   000001b259890000 0000000000000000 

Instructions: (pc=0x00007ffefce9faad)
0x00007ffefce9f9ad:   48 b8 7f 7f 7f 7f 7f 7f 7f 7f 41 8b c8 48 0b cb
0x00007ffefce9f9bd:   48 23 c8 83 e6 1f 49 89 8c f4 40 a5 16 00 48 81
0x00007ffefce9f9cd:   c4 98 00 00 00 41 5f 41 5e 41 5d 41 5c 5f 5e 5b
0x00007ffefce9f9dd:   5d c3 cc 33 d2 41 8b c6 41 f7 f0 44 8b c8 e9 d6
0x00007ffefce9f9ed:   fc ff ff 41 8d 57 ff 41 85 d7 0f 84 93 38 08 00
0x00007ffefce9f9fd:   41 b8 00 10 00 00 41 b9 ff ff 00 00 e9 bc 38 08
0x00007ffefce9fa0d:   00 cc cc cc cc cc cc 48 8b c4 48 89 58 08 48 89
0x00007ffefce9fa1d:   68 10 48 89 70 18 48 89 78 20 41 56 48 83 ec 20
0x00007ffefce9fa2d:   40 8a ea 4c 8d 35 99 d1 13 00 48 8b f1 33 db 48
0x00007ffefce9fa3d:   8d 0d 9d d1 13 00 e8 58 00 00 00 4c 8b 05 81 d1
0x00007ffefce9fa4d:   13 00 4d 3b c6 0f 85 88 3b 08 00 48 85 db 75 33
0x00007ffefce9fa5d:   48 8d 0d 7c d1 13 00 e8 c7 f7 ff ff 48 85 db 0f
0x00007ffefce9fa6d:   85 a3 3b 08 00 33 c0 48 8b 5c 24 30 48 8b 6c 24
0x00007ffefce9fa7d:   38 48 8b 74 24 40 48 8b 7c 24 48 48 83 c4 20 41
0x00007ffefce9fa8d:   5e c3 cc f0 ff 43 3c eb c7 cc cc cc cc cc cc cc
0x00007ffefce9fa9d:   cc cc cc 48 83 ec 28 65 48 8b 04 25 30 00 00 00
0x00007ffefce9faad:   f0 0f ba 71 08 00 48 8b 40 48 73 13 48 89 41 10
0x00007ffefce9fabd:   33 c0 c7 41 0c 01 00 00 00 48 83 c4 28 c3 cc 48
0x00007ffefce9facd:   39 41 10 75 0b ff 41 0c 33 c0 48 83 c4 28 c3 cc
0x00007ffefce9fadd:   e8 0e 00 00 00 eb e2 cc cc cc cc cc cc cc cc cc
0x00007ffefce9faed:   cc cc cc 48 89 5c 24 18 55 56 57 41 54 41 55 41
0x00007ffefce9fafd:   56 41 57 48 83 ec 20 8b 41 20 48 8b f1 48 0f ba
0x00007ffefce9fb0d:   e0 1a 0f 82 df 01 00 00 33 ff 40 32 ed 66 83 3c
0x00007ffefce9fb1d:   25 6a 03 fe 7f 01 76 19 48 8b 7e 20 48 8b c7 81
0x00007ffefce9fb2d:   e7 ff ff ff 00 25 00 00 00 02 48 85 c0 40 0f 95
0x00007ffefce9fb3d:   c5 45 32 ff b0 01 45 32 e4 41 bd 01 00 00 00 45
0x00007ffefce9fb4d:   33 c0 ba 6a 03 fe 7f 84 c0 0f 84 14 01 00 00 8b
0x00007ffefce9fb5d:   46 08 4c 8d 4e 08 45 84 e4 41 be 03 00 00 00 45
0x00007ffefce9fb6d:   0f 44 f5 41 84 c5 0f 85 e2 00 00 00 8d 0c bf 03
0x00007ffefce9fb7d:   c9 66 44 39 2a 0f 86 e8 00 00 00 4d 85 c9 74 0e
0x00007ffefce9fb8d:   80 3c 25 97 02 fe 7f 00 0f 85 a9 3a 08 00 0f b7
0x00007ffefce9fb9d:   1c 25 d6 02 fe 7f 83 fb 0c 0f 85 a2 00 00 00 b8 


Stack slot to memory mapping:
stack at sp + 0 slots: 0x0 is NULL
stack at sp + 1 slots: 0x0 is NULL
stack at sp + 2 slots: 0x0 is NULL
stack at sp + 3 slots: 0x0 is NULL
stack at sp + 4 slots: 0x0 is NULL
stack at sp + 5 slots: 0x00007ffea8ef04e9 igdrcl64.dll
stack at sp + 6 slots: 0x0 is NULL
stack at sp + 7 slots: 0x0 is NULL

VM_Operation (0x00000040c57ff4c0): Exit, mode: safepoint, requested by thread 0x000001b27f158580


---------------  P R O C E S S  ---------------

Threads class SMR info:
_java_thread_list=0x000001b207767e50, length=21, elements={
0x000001b279a2fe60, 0x000001b279a30860, 0x000001b279a37f10, 0x000001b279a38bf0,
0x000001b279a3e320, 0x000001b279a451d0, 0x000001b279a496b0, 0x000001b279a61710,
0x000001b279a621b0, 0x000001b279a5fc80, 0x000001b279a611c0, 0x000001b279a601d0,
0x000001b279a60720, 0x000001b279a60c70, 0x000001b27f15a010, 0x000001b27f155b00,
0x000001b27f154070, 0x000001b27f158030, 0x000001b27f1555b0, 0x000001b27f15b000,
0x000001b27f158580
}

Java Threads: ( => current thread )
  0x000001b279a2fe60 JavaThread "Reference Handler" daemon [_thread_blocked, id=12952, stack(0x00000040c5f00000,0x00000040c6000000)]
  0x000001b279a30860 JavaThread "Finalizer" daemon [_thread_blocked, id=10744, stack(0x00000040c6000000,0x00000040c6100000)]
  0x000001b279a37f10 JavaThread "Attach Listener" daemon [_thread_blocked, id=2668, stack(0x00000040c6200000,0x00000040c6300000)]
  0x000001b279a38bf0 JavaThread "Service Thread" daemon [_thread_blocked, id=3716, stack(0x00000040c6300000,0x00000040c6400000)]
  0x000001b279a3e320 JavaThread "Monitor Deflation Thread" daemon [_thread_blocked, id=11784, stack(0x00000040c6400000,0x00000040c6500000)]
  0x000001b279a451d0 JavaThread "C2 CompilerThread0" daemon [_thread_blocked, id=7584, stack(0x00000040c6500000,0x00000040c6600000)]
  0x000001b279a496b0 JavaThread "C1 CompilerThread0" daemon [_thread_blocked, id=4920, stack(0x00000040c6600000,0x00000040c6700000)]
  0x000001b279a61710 JavaThread "Sweeper thread" daemon [_thread_blocked, id=12868, stack(0x00000040c6700000,0x00000040c6800000)]
  0x000001b279a621b0 JavaThread "Common-Cleaner" daemon [_thread_blocked, id=12872, stack(0x00000040c6800000,0x00000040c6900000)]
  0x000001b279a5fc80 JavaThread "Monitor Ctrl-Break" daemon [_thread_in_native, id=11304, stack(0x00000040c6a00000,0x00000040c6b00000)]
  0x000001b279a611c0 JavaThread "Notification Thread" daemon [_thread_blocked, id=8508, stack(0x00000040c6b00000,0x00000040c6c00000)]
  0x000001b279a601d0 JavaThread "Gax-1" daemon [_thread_blocked, id=13532, stack(0x00000040c7000000,0x00000040c7100000)]
  0x000001b279a60720 JavaThread "Java2D Disposer" daemon [_thread_blocked, id=4516, stack(0x00000040c6900000,0x00000040c6a00000)]
  0x000001b279a60c70 JavaThread "AWT-Shutdown" [_thread_blocked, id=3744, stack(0x00000040c7100000,0x00000040c7200000)]
  0x000001b27f15a010 JavaThread "AWT-EventQueue-0" [_thread_blocked, id=2424, stack(0x00000040c7300000,0x00000040c7400000)]
  0x000001b27f155b00 JavaThread "DestroyJavaVM" [_thread_blocked, id=12284, stack(0x00000040c5800000,0x00000040c5900000)]
  0x000001b27f154070 JavaThread "TimerQueue" daemon [_thread_blocked, id=8264, stack(0x00000040c7700000,0x00000040c7800000)]
  0x000001b27f158030 JavaThread "Gax-2" daemon [_thread_blocked, id=11440, stack(0x00000040c8a00000,0x00000040c8b00000)]
  0x000001b27f1555b0 JavaThread "Gax-3" daemon [_thread_blocked, id=13672, stack(0x00000040c8b00000,0x00000040c8c00000)]
  0x000001b27f15b000 JavaThread "Gax-4" daemon [_thread_blocked, id=10820, stack(0x00000040c7800000,0x00000040c7900000)]
  0x000001b27f158580 JavaThread "SIGINT handler" daemon [_thread_blocked, id=13188, stack(0x00000040c5700000,0x00000040c5800000)]

Other Threads:
=>0x000001b279a154b0 VMThread "VM Thread" [stack: 0x00000040c5e00000,0x00000040c5f00000] [id=10956]
  0x000001b259b7a3d0 WorkerThread "GC Thread#0" [stack: 0x00000040c5900000,0x00000040c5a00000] [id=14112]
  0x000001b27e7fe990 WorkerThread "GC Thread#1" [stack: 0x00000040c6d00000,0x00000040c6e00000] [id=11988]
  0x000001b27e7fec60 WorkerThread "GC Thread#2" [stack: 0x00000040c6e00000,0x00000040c6f00000] [id=7080]
  0x000001b27e852820 WorkerThread "GC Thread#3" [stack: 0x00000040c6f00000,0x00000040c7000000] [id=13172]
  0x000001b259b8b290 ConcurrentGCThread "G1 Main Marker" terminated
  0x000001b259b8c460 WorkerThread "G1 Conc#0" [stack: 0x00000040c5b00000,0x00000040c5c00000] [id=8820]
  0x000001b2798d0540 ConcurrentGCThread "G1 Refine#0" terminated
  0x000001b2798d2ca0 ConcurrentGCThread "G1 Service" terminated

Threads with active compile tasks:

VM state: at safepoint (shutting down)

VM Mutex/Monitor currently owned by a thread:  ([mutex/lock_event])
[0x000001b259b16840] Threads_lock - owner thread: 0x000001b279a154b0
[0x000001b259b152e0] Heap_lock - owner thread: 0x000001b27f158580

Heap address: 0x0000000081200000, size: 2030 MB, Compressed Oops mode: 32-bit

CDS archive(s) mapped at: [0x0000000800000000-0x0000000800c40000-0x0000000800c40000), size 12845056, SharedBaseAddress: 0x0000000800000000, ArchiveRelocationMode: 0.
Compressed class space mapped at: 0x0000000801000000-0x0000000841000000, reserved size: 1073741824
Narrow klass base: 0x0000000800000000, Narrow klass shift: 0, Narrow klass range: 0x100000000

GC Precious Log:
 CardTable entry size: 512
 Card Set container configuration: InlinePtr #cards 5 size 8 Array Of Cards #cards 12 size 40 Howl #buckets 4 coarsen threshold 1843 Howl Bitmap #cards 512 size 80 coarsen threshold 460 Card regions per heap region 1 cards per card region 2048
 CPUs: 4 total, 4 available
 Memory: 8113M
 Large Page Support: Disabled
 NUMA Support: Disabled
 Compressed Oops: Enabled (32-bit)
 Heap Region Size: 1M
 Heap Min Capacity: 8M
 Heap Initial Capacity: 128M
 Heap Max Capacity: 2030M
 Pre-touch: Disabled
 Parallel Workers: 4
 Concurrent Workers: 1
 Concurrent Refinement Workers: 4
 Periodic GC: Disabled

Heap:
 garbage-first heap   total 189440K, used 76235K [0x0000000081200000, 0x0000000100000000)
  region size 1024K, 25 young (25600K), 1 survivors (1024K)
 Metaspace       used 25532K, committed 25792K, reserved 1114112K
  class space    used 2743K, committed 2880K, reserved 1048576K

Heap Regions: E=young(eden), S=young(survivor), O=old, HS=humongous(starts), HC=humongous(continues), CS=collection set, F=free, OA=open archive, CA=closed archive, TAMS=top-at-mark-start (previous, next)
|   0|0x0000000081200000, 0x0000000081300000, 0x0000000081300000|100%|HS|  |TAMS 0x0000000081300000, 0x0000000081300000| Complete 
|   1|0x0000000081300000, 0x0000000081400000, 0x0000000081400000|100%| O|  |TAMS 0x0000000081400000, 0x0000000081400000| Untracked 
|   2|0x0000000081400000, 0x0000000081500000, 0x0000000081500000|100%| O|  |TAMS 0x0000000081500000, 0x0000000081500000| Untracked 
|   3|0x0000000081500000, 0x0000000081600000, 0x0000000081600000|100%| O|  |TAMS 0x0000000081600000, 0x0000000081600000| Untracked 
|   4|0x0000000081600000, 0x0000000081700000, 0x0000000081700000|100%| O|  |TAMS 0x0000000081700000, 0x0000000081700000| Untracked 
|   5|0x0000000081700000, 0x0000000081800000, 0x0000000081800000|100%|HS|  |TAMS 0x0000000081700000, 0x0000000081700000| Complete 
|   6|0x0000000081800000, 0x0000000081900000, 0x0000000081900000|100%|HC|  |TAMS 0x0000000081800000, 0x0000000081800000| Complete 
|   7|0x0000000081900000, 0x0000000081a00000, 0x0000000081a00000|100%|HS|  |TAMS 0x0000000081900000, 0x0000000081900000| Complete 
|   8|0x0000000081a00000, 0x0000000081b00000, 0x0000000081b00000|100%|HC|  |TAMS 0x0000000081a00000, 0x0000000081a00000| Complete 
|   9|0x0000000081b00000, 0x0000000081c00000, 0x0000000081c00000|100%|HS|  |TAMS 0x0000000081b00000, 0x0000000081c00000| Complete 
|  10|0x0000000081c00000, 0x0000000081d00000, 0x0000000081d00000|100%|HC|  |TAMS 0x0000000081c00000, 0x0000000081d00000| Complete 
|  11|0x0000000081d00000, 0x0000000081e00000, 0x0000000081e00000|100%|HS|  |TAMS 0x0000000081d00000, 0x0000000081d00000| Complete 
|  12|0x0000000081e00000, 0x0000000081f00000, 0x0000000081f00000|100%|HC|  |TAMS 0x0000000081e00000, 0x0000000081e00000| Complete 
|  13|0x0000000081f00000, 0x0000000082000000, 0x0000000082000000|100%|HS|  |TAMS 0x0000000081f00000, 0x0000000081f00000| Complete 
|  14|0x0000000082000000, 0x0000000082100000, 0x0000000082100000|100%|HC|  |TAMS 0x0000000082000000, 0x0000000082000000| Complete 
|  15|0x0000000082100000, 0x0000000082200000, 0x0000000082200000|100%|HS|  |TAMS 0x0000000082100000, 0x0000000082100000| Complete 
|  16|0x0000000082200000, 0x0000000082300000, 0x0000000082300000|100%|HC|  |TAMS 0x0000000082200000, 0x0000000082200000| Complete 
|  17|0x0000000082300000, 0x0000000082400000, 0x0000000082400000|100%|HS|  |TAMS 0x0000000082300000, 0x0000000082300000| Complete 
|  18|0x0000000082400000, 0x0000000082500000, 0x0000000082500000|100%|HC|  |TAMS 0x0000000082400000, 0x0000000082400000| Complete 
|  19|0x0000000082500000, 0x0000000082600000, 0x0000000082600000|100%|HS|  |TAMS 0x0000000082500000, 0x0000000082500000| Complete 
|  20|0x0000000082600000, 0x0000000082700000, 0x0000000082700000|100%|HC|  |TAMS 0x0000000082600000, 0x0000000082600000| Complete 
|  21|0x0000000082700000, 0x0000000082800000, 0x0000000082800000|100%|HS|  |TAMS 0x0000000082700000, 0x0000000082700000| Complete 
|  22|0x0000000082800000, 0x0000000082900000, 0x0000000082900000|100%|HC|  |TAMS 0x0000000082800000, 0x0000000082800000| Complete 
|  23|0x0000000082900000, 0x0000000082a00000, 0x0000000082a00000|100%|HS|  |TAMS 0x0000000082900000, 0x0000000082900000| Complete 
|  24|0x0000000082a00000, 0x0000000082b00000, 0x0000000082b00000|100%|HC|  |TAMS 0x0000000082a00000, 0x0000000082a00000| Complete 
|  25|0x0000000082b00000, 0x0000000082c00000, 0x0000000082c00000|100%|HS|  |TAMS 0x0000000082b00000, 0x0000000082b00000| Complete 
|  26|0x0000000082c00000, 0x0000000082d00000, 0x0000000082d00000|100%|HC|  |TAMS 0x0000000082c00000, 0x0000000082c00000| Complete 
|  27|0x0000000082d00000, 0x0000000082e00000, 0x0000000082e00000|100%| O|  |TAMS 0x0000000082d00000, 0x0000000082e00000| Untracked 
|  28|0x0000000082e00000, 0x0000000082ece200, 0x0000000082f00000| 80%| O|  |TAMS 0x0000000082e00000, 0x0000000082ece200| Untracked 
|  29|0x0000000082f00000, 0x0000000083000000, 0x0000000083000000|100%|HS|  |TAMS 0x0000000082f00000, 0x0000000082f00000| Complete 
|  30|0x0000000083000000, 0x0000000083100000, 0x0000000083100000|100%|HC|  |TAMS 0x0000000083000000, 0x0000000083000000| Complete 
|  31|0x0000000083100000, 0x0000000083200000, 0x0000000083200000|100%|HS|  |TAMS 0x0000000083100000, 0x0000000083100000| Complete 
|  32|0x0000000083200000, 0x0000000083300000, 0x0000000083300000|100%|HC|  |TAMS 0x0000000083200000, 0x0000000083200000| Complete 
|  33|0x0000000083300000, 0x0000000083400000, 0x0000000083400000|100%|HS|  |TAMS 0x0000000083300000, 0x0000000083300000| Complete 
|  34|0x0000000083400000, 0x0000000083500000, 0x0000000083500000|100%|HC|  |TAMS 0x0000000083400000, 0x0000000083400000| Complete 
|  35|0x0000000083500000, 0x0000000083600000, 0x0000000083600000|100%|HS|  |TAMS 0x0000000083500000, 0x0000000083500000| Complete 
|  36|0x0000000083600000, 0x0000000083700000, 0x0000000083700000|100%|HC|  |TAMS 0x0000000083600000, 0x0000000083600000| Complete 
|  37|0x0000000083700000, 0x0000000083800000, 0x0000000083800000|100%|HS|  |TAMS 0x0000000083700000, 0x0000000083700000| Complete 
|  38|0x0000000083800000, 0x0000000083900000, 0x0000000083900000|100%|HC|  |TAMS 0x0000000083800000, 0x0000000083800000| Complete 
|  39|0x0000000083900000, 0x0000000083a00000, 0x0000000083a00000|100%|HS|  |TAMS 0x0000000083900000, 0x0000000083900000| Complete 
|  40|0x0000000083a00000, 0x0000000083b00000, 0x0000000083b00000|100%|HC|  |TAMS 0x0000000083a00000, 0x0000000083a00000| Complete 
|  41|0x0000000083b00000, 0x0000000083c00000, 0x0000000083c00000|100%|HS|  |TAMS 0x0000000083b00000, 0x0000000083c00000| Complete 
|  42|0x0000000083c00000, 0x0000000083d00000, 0x0000000083d00000|100%|HC|  |TAMS 0x0000000083c00000, 0x0000000083d00000| Complete 
|  43|0x0000000083d00000, 0x0000000083e00000, 0x0000000083e00000|100%|HS|  |TAMS 0x0000000083d00000, 0x0000000083e00000| Complete 
|  44|0x0000000083e00000, 0x0000000083f00000, 0x0000000083f00000|100%|HC|  |TAMS 0x0000000083e00000, 0x0000000083f00000| Complete 
|  45|0x0000000083f00000, 0x0000000083f00000, 0x0000000084000000|  0%| F|  |TAMS 0x0000000083f00000, 0x0000000083f00000| Untracked 
|  46|0x0000000084000000, 0x0000000084000000, 0x0000000084100000|  0%| F|  |TAMS 0x0000000084000000, 0x0000000084000000| Untracked 
|  47|0x0000000084100000, 0x0000000084100000, 0x0000000084200000|  0%| F|  |TAMS 0x0000000084100000, 0x0000000084100000| Untracked 
|  48|0x0000000084200000, 0x0000000084200000, 0x0000000084300000|  0%| F|  |TAMS 0x0000000084200000, 0x0000000084200000| Untracked 
|  49|0x0000000084300000, 0x0000000084300000, 0x0000000084400000|  0%| F|  |TAMS 0x0000000084300000, 0x0000000084300000| Untracked 
|  50|0x0000000084400000, 0x0000000084400000, 0x0000000084500000|  0%| F|  |TAMS 0x0000000084400000, 0x0000000084400000| Untracked 
|  51|0x0000000084500000, 0x0000000084500000, 0x0000000084600000|  0%| F|  |TAMS 0x0000000084500000, 0x0000000084500000| Untracked 
|  52|0x0000000084600000, 0x0000000084600000, 0x0000000084700000|  0%| F|  |TAMS 0x0000000084600000, 0x0000000084600000| Untracked 
|  53|0x0000000084700000, 0x0000000084700000, 0x0000000084800000|  0%| F|  |TAMS 0x0000000084700000, 0x0000000084700000| Untracked 
|  54|0x0000000084800000, 0x0000000084800000, 0x0000000084900000|  0%| F|  |TAMS 0x0000000084800000, 0x0000000084800000| Untracked 
|  55|0x0000000084900000, 0x0000000084900000, 0x0000000084a00000|  0%| F|  |TAMS 0x0000000084900000, 0x0000000084900000| Untracked 
|  56|0x0000000084a00000, 0x0000000084a00000, 0x0000000084b00000|  0%| F|  |TAMS 0x0000000084a00000, 0x0000000084a00000| Untracked 
|  57|0x0000000084b00000, 0x0000000084b00000, 0x0000000084c00000|  0%| F|  |TAMS 0x0000000084b00000, 0x0000000084b00000| Untracked 
|  58|0x0000000084c00000, 0x0000000084c00000, 0x0000000084d00000|  0%| F|  |TAMS 0x0000000084c00000, 0x0000000084c00000| Untracked 
|  59|0x0000000084d00000, 0x0000000084d00000, 0x0000000084e00000|  0%| F|  |TAMS 0x0000000084d00000, 0x0000000084d00000| Untracked 
|  60|0x0000000084e00000, 0x0000000084e00000, 0x0000000084f00000|  0%| F|  |TAMS 0x0000000084e00000, 0x0000000084e00000| Untracked 
|  61|0x0000000084f00000, 0x0000000084f00000, 0x0000000085000000|  0%| F|  |TAMS 0x0000000084f00000, 0x0000000084f00000| Untracked 
|  62|0x0000000085000000, 0x0000000085000000, 0x0000000085100000|  0%| F|  |TAMS 0x0000000085000000, 0x0000000085000000| Untracked 
|  63|0x0000000085100000, 0x0000000085100000, 0x0000000085200000|  0%| F|  |TAMS 0x0000000085100000, 0x0000000085100000| Untracked 
|  64|0x0000000085200000, 0x0000000085200000, 0x0000000085300000|  0%| F|  |TAMS 0x0000000085200000, 0x0000000085200000| Untracked 
|  65|0x0000000085300000, 0x0000000085300000, 0x0000000085400000|  0%| F|  |TAMS 0x0000000085300000, 0x0000000085300000| Untracked 
|  66|0x0000000085400000, 0x0000000085400000, 0x0000000085500000|  0%| F|  |TAMS 0x0000000085400000, 0x0000000085400000| Untracked 
|  67|0x0000000085500000, 0x0000000085500000, 0x0000000085600000|  0%| F|  |TAMS 0x0000000085500000, 0x0000000085500000| Untracked 
|  68|0x0000000085600000, 0x0000000085600000, 0x0000000085700000|  0%| F|  |TAMS 0x0000000085600000, 0x0000000085600000| Untracked 
|  69|0x0000000085700000, 0x0000000085700000, 0x0000000085800000|  0%| F|  |TAMS 0x0000000085700000, 0x0000000085700000| Untracked 
|  70|0x0000000085800000, 0x0000000085800000, 0x0000000085900000|  0%| F|  |TAMS 0x0000000085800000, 0x0000000085800000| Untracked 
|  71|0x0000000085900000, 0x0000000085900000, 0x0000000085a00000|  0%| F|  |TAMS 0x0000000085900000, 0x0000000085900000| Untracked 
|  72|0x0000000085a00000, 0x0000000085a00000, 0x0000000085b00000|  0%| F|  |TAMS 0x0000000085a00000, 0x0000000085a00000| Untracked 
|  73|0x0000000085b00000, 0x0000000085b00000, 0x0000000085c00000|  0%| F|  |TAMS 0x0000000085b00000, 0x0000000085b00000| Untracked 
|  74|0x0000000085c00000, 0x0000000085c00000, 0x0000000085d00000|  0%| F|  |TAMS 0x0000000085c00000, 0x0000000085c00000| Untracked 
|  75|0x0000000085d00000, 0x0000000085d00000, 0x0000000085e00000|  0%| F|  |TAMS 0x0000000085d00000, 0x0000000085d00000| Untracked 
|  76|0x0000000085e00000, 0x0000000085e00000, 0x0000000085f00000|  0%| F|  |TAMS 0x0000000085e00000, 0x0000000085e00000| Untracked 
|  77|0x0000000085f00000, 0x0000000086000000, 0x0000000086000000|100%|HS|  |TAMS 0x0000000085f00000, 0x0000000086000000| Complete 
|  78|0x0000000086000000, 0x0000000086100000, 0x0000000086100000|100%|HC|  |TAMS 0x0000000086000000, 0x0000000086100000| Complete 
|  79|0x0000000086100000, 0x0000000086100000, 0x0000000086200000|  0%| F|  |TAMS 0x0000000086100000, 0x0000000086100000| Untracked 
|  80|0x0000000086200000, 0x0000000086200000, 0x0000000086300000|  0%| F|  |TAMS 0x0000000086200000, 0x0000000086200000| Untracked 
|  81|0x0000000086300000, 0x0000000086300000, 0x0000000086400000|  0%| F|  |TAMS 0x0000000086300000, 0x0000000086300000| Untracked 
|  82|0x0000000086400000, 0x0000000086400000, 0x0000000086500000|  0%| F|  |TAMS 0x0000000086400000, 0x0000000086400000| Untracked 
|  83|0x0000000086500000, 0x0000000086500000, 0x0000000086600000|  0%| F|  |TAMS 0x0000000086500000, 0x0000000086500000| Untracked 
|  84|0x0000000086600000, 0x0000000086600000, 0x0000000086700000|  0%| F|  |TAMS 0x0000000086600000, 0x0000000086600000| Untracked 
|  85|0x0000000086700000, 0x0000000086700000, 0x0000000086800000|  0%| F|  |TAMS 0x0000000086700000, 0x0000000086700000| Untracked 
|  86|0x0000000086800000, 0x0000000086800000, 0x0000000086900000|  0%| F|  |TAMS 0x0000000086800000, 0x0000000086800000| Untracked 
|  87|0x0000000086900000, 0x0000000086900000, 0x0000000086a00000|  0%| F|  |TAMS 0x0000000086900000, 0x0000000086900000| Untracked 
|  88|0x0000000086a00000, 0x0000000086a00000, 0x0000000086b00000|  0%| F|  |TAMS 0x0000000086a00000, 0x0000000086a00000| Untracked 
|  89|0x0000000086b00000, 0x0000000086b00000, 0x0000000086c00000|  0%| F|  |TAMS 0x0000000086b00000, 0x0000000086b00000| Untracked 
|  90|0x0000000086c00000, 0x0000000086c00000, 0x0000000086d00000|  0%| F|  |TAMS 0x0000000086c00000, 0x0000000086c00000| Untracked 
|  91|0x0000000086d00000, 0x0000000086d00000, 0x0000000086e00000|  0%| F|  |TAMS 0x0000000086d00000, 0x0000000086d00000| Untracked 
|  92|0x0000000086e00000, 0x0000000086e00000, 0x0000000086f00000|  0%| F|  |TAMS 0x0000000086e00000, 0x0000000086e00000| Untracked 
|  93|0x0000000086f00000, 0x0000000086f00000, 0x0000000087000000|  0%| F|  |TAMS 0x0000000086f00000, 0x0000000086f00000| Untracked 
|  94|0x0000000087000000, 0x0000000087000000, 0x0000000087100000|  0%| F|  |TAMS 0x0000000087000000, 0x0000000087000000| Untracked 
|  95|0x0000000087100000, 0x0000000087100000, 0x0000000087200000|  0%| F|  |TAMS 0x0000000087100000, 0x0000000087100000| Untracked 
|  96|0x0000000087200000, 0x0000000087200000, 0x0000000087300000|  0%| F|  |TAMS 0x0000000087200000, 0x0000000087200000| Untracked 
|  97|0x0000000087300000, 0x0000000087300000, 0x0000000087400000|  0%| F|  |TAMS 0x0000000087300000, 0x0000000087300000| Untracked 
|  98|0x0000000087400000, 0x0000000087400000, 0x0000000087500000|  0%| F|  |TAMS 0x0000000087400000, 0x0000000087400000| Untracked 
|  99|0x0000000087500000, 0x0000000087500000, 0x0000000087600000|  0%| F|  |TAMS 0x0000000087500000, 0x0000000087500000| Untracked 
| 100|0x0000000087600000, 0x0000000087600000, 0x0000000087700000|  0%| F|  |TAMS 0x0000000087600000, 0x0000000087600000| Untracked 
| 101|0x0000000087700000, 0x0000000087700000, 0x0000000087800000|  0%| F|  |TAMS 0x0000000087700000, 0x0000000087700000| Untracked 
| 102|0x0000000087800000, 0x0000000087800000, 0x0000000087900000|  0%| F|  |TAMS 0x0000000087800000, 0x0000000087800000| Untracked 
| 103|0x0000000087900000, 0x0000000087900000, 0x0000000087a00000|  0%| F|  |TAMS 0x0000000087900000, 0x0000000087900000| Untracked 
| 104|0x0000000087a00000, 0x0000000087a00000, 0x0000000087b00000|  0%| F|  |TAMS 0x0000000087a00000, 0x0000000087a00000| Untracked 
| 105|0x0000000087b00000, 0x0000000087b00000, 0x0000000087c00000|  0%| F|  |TAMS 0x0000000087b00000, 0x0000000087b00000| Untracked 
| 106|0x0000000087c00000, 0x0000000087c00000, 0x0000000087d00000|  0%| F|  |TAMS 0x0000000087c00000, 0x0000000087c00000| Untracked 
| 107|0x0000000087d00000, 0x0000000087d00000, 0x0000000087e00000|  0%| F|  |TAMS 0x0000000087d00000, 0x0000000087d00000| Untracked 
| 108|0x0000000087e00000, 0x0000000087e00000, 0x0000000087f00000|  0%| F|  |TAMS 0x0000000087e00000, 0x0000000087e00000| Untracked 
| 109|0x0000000087f00000, 0x0000000087f00000, 0x0000000088000000|  0%| F|  |TAMS 0x0000000087f00000, 0x0000000087f00000| Untracked 
| 110|0x0000000088000000, 0x0000000088000000, 0x0000000088100000|  0%| F|  |TAMS 0x0000000088000000, 0x0000000088000000| Untracked 
| 111|0x0000000088100000, 0x0000000088100000, 0x0000000088200000|  0%| F|  |TAMS 0x0000000088100000, 0x0000000088100000| Untracked 
| 112|0x0000000088200000, 0x0000000088200000, 0x0000000088300000|  0%| F|  |TAMS 0x0000000088200000, 0x0000000088200000| Untracked 
| 113|0x0000000088300000, 0x0000000088300000, 0x0000000088400000|  0%| F|  |TAMS 0x0000000088300000, 0x0000000088300000| Untracked 
| 114|0x0000000088400000, 0x0000000088400000, 0x0000000088500000|  0%| F|  |TAMS 0x0000000088400000, 0x0000000088400000| Untracked 
| 115|0x0000000088500000, 0x0000000088500000, 0x0000000088600000|  0%| F|  |TAMS 0x0000000088500000, 0x0000000088500000| Untracked 
| 116|0x0000000088600000, 0x0000000088600000, 0x0000000088700000|  0%| F|  |TAMS 0x0000000088600000, 0x0000000088600000| Untracked 
| 117|0x0000000088700000, 0x0000000088700000, 0x0000000088800000|  0%| F|  |TAMS 0x0000000088700000, 0x0000000088700000| Untracked 
| 118|0x0000000088800000, 0x0000000088800000, 0x0000000088900000|  0%| F|  |TAMS 0x0000000088800000, 0x0000000088800000| Untracked 
| 119|0x0000000088900000, 0x0000000088900000, 0x0000000088a00000|  0%| F|  |TAMS 0x0000000088900000, 0x0000000088900000| Untracked 
| 120|0x0000000088a00000, 0x0000000088a00000, 0x0000000088b00000|  0%| F|  |TAMS 0x0000000088a00000, 0x0000000088a00000| Untracked 
| 121|0x0000000088b00000, 0x0000000088b00000, 0x0000000088c00000|  0%| F|  |TAMS 0x0000000088b00000, 0x0000000088b00000| Untracked 
| 122|0x0000000088c00000, 0x0000000088c00000, 0x0000000088d00000|  0%| F|  |TAMS 0x0000000088c00000, 0x0000000088c00000| Untracked 
| 123|0x0000000088d00000, 0x0000000088d00000, 0x0000000088e00000|  0%| F|  |TAMS 0x0000000088d00000, 0x0000000088d00000| Untracked 
| 124|0x0000000088e00000, 0x0000000088e00000, 0x0000000088f00000|  0%| F|  |TAMS 0x0000000088e00000, 0x0000000088e00000| Untracked 
| 125|0x0000000088f00000, 0x0000000088f00000, 0x0000000089000000|  0%| F|  |TAMS 0x0000000088f00000, 0x0000000088f00000| Untracked 
| 126|0x0000000089000000, 0x0000000089000000, 0x0000000089100000|  0%| F|  |TAMS 0x0000000089000000, 0x0000000089000000| Untracked 
| 127|0x0000000089100000, 0x0000000089100000, 0x0000000089200000|  0%| F|  |TAMS 0x0000000089100000, 0x0000000089100000| Untracked 
| 128|0x0000000089200000, 0x0000000089200000, 0x0000000089300000|  0%| F|  |TAMS 0x0000000089200000, 0x0000000089200000| Untracked 
| 129|0x0000000089300000, 0x0000000089300000, 0x0000000089400000|  0%| F|  |TAMS 0x0000000089300000, 0x0000000089300000| Untracked 
| 130|0x0000000089400000, 0x0000000089400000, 0x0000000089500000|  0%| F|  |TAMS 0x0000000089400000, 0x0000000089400000| Untracked 
| 131|0x0000000089500000, 0x0000000089500000, 0x0000000089600000|  0%| F|  |TAMS 0x0000000089500000, 0x0000000089500000| Untracked 
| 132|0x0000000089600000, 0x0000000089600000, 0x0000000089700000|  0%| F|  |TAMS 0x0000000089600000, 0x0000000089600000| Untracked 
| 133|0x0000000089700000, 0x0000000089700000, 0x0000000089800000|  0%| F|  |TAMS 0x0000000089700000, 0x0000000089700000| Untracked 
| 134|0x0000000089800000, 0x0000000089800000, 0x0000000089900000|  0%| F|  |TAMS 0x0000000089800000, 0x0000000089800000| Untracked 
| 135|0x0000000089900000, 0x0000000089900000, 0x0000000089a00000|  0%| F|  |TAMS 0x0000000089900000, 0x0000000089900000| Untracked 
| 136|0x0000000089a00000, 0x0000000089a00000, 0x0000000089b00000|  0%| F|  |TAMS 0x0000000089a00000, 0x0000000089a00000| Untracked 
| 137|0x0000000089b00000, 0x0000000089b00000, 0x0000000089c00000|  0%| F|  |TAMS 0x0000000089b00000, 0x0000000089b00000| Untracked 
| 138|0x0000000089c00000, 0x0000000089c00000, 0x0000000089d00000|  0%| F|  |TAMS 0x0000000089c00000, 0x0000000089c00000| Untracked 
| 139|0x0000000089d00000, 0x0000000089d00000, 0x0000000089e00000|  0%| F|  |TAMS 0x0000000089d00000, 0x0000000089d00000| Untracked 
| 140|0x0000000089e00000, 0x0000000089e00000, 0x0000000089f00000|  0%| F|  |TAMS 0x0000000089e00000, 0x0000000089e00000| Untracked 
| 141|0x0000000089f00000, 0x0000000089f00000, 0x000000008a000000|  0%| F|  |TAMS 0x0000000089f00000, 0x0000000089f00000| Untracked 
| 142|0x000000008a000000, 0x000000008a000000, 0x000000008a100000|  0%| F|  |TAMS 0x000000008a000000, 0x000000008a000000| Untracked 
| 143|0x000000008a100000, 0x000000008a1a4d48, 0x000000008a200000| 64%| S|CS|TAMS 0x000000008a100000, 0x000000008a100000| Complete 
| 144|0x000000008a200000, 0x000000008a200000, 0x000000008a300000|  0%| F|  |TAMS 0x000000008a200000, 0x000000008a200000| Untracked 
| 145|0x000000008a300000, 0x000000008a300000, 0x000000008a400000|  0%| F|  |TAMS 0x000000008a300000, 0x000000008a300000| Untracked 
| 146|0x000000008a400000, 0x000000008a400000, 0x000000008a500000|  0%| F|  |TAMS 0x000000008a400000, 0x000000008a400000| Untracked 
| 147|0x000000008a500000, 0x000000008a500000, 0x000000008a600000|  0%| F|  |TAMS 0x000000008a500000, 0x000000008a500000| Untracked 
| 148|0x000000008a600000, 0x000000008a600000, 0x000000008a700000|  0%| F|  |TAMS 0x000000008a600000, 0x000000008a600000| Untracked 
| 149|0x000000008a700000, 0x000000008a700000, 0x000000008a800000|  0%| F|  |TAMS 0x000000008a700000, 0x000000008a700000| Untracked 
| 150|0x000000008a800000, 0x000000008a800000, 0x000000008a900000|  0%| F|  |TAMS 0x000000008a800000, 0x000000008a800000| Untracked 
| 151|0x000000008a900000, 0x000000008a900000, 0x000000008aa00000|  0%| F|  |TAMS 0x000000008a900000, 0x000000008a900000| Untracked 
| 152|0x000000008aa00000, 0x000000008aa00000, 0x000000008ab00000|  0%| F|  |TAMS 0x000000008aa00000, 0x000000008aa00000| Untracked 
| 153|0x000000008ab00000, 0x000000008ab00000, 0x000000008ac00000|  0%| F|  |TAMS 0x000000008ab00000, 0x000000008ab00000| Untracked 
| 154|0x000000008ac00000, 0x000000008ac00000, 0x000000008ad00000|  0%| F|  |TAMS 0x000000008ac00000, 0x000000008ac00000| Untracked 
| 155|0x000000008ad00000, 0x000000008ad00000, 0x000000008ae00000|  0%| F|  |TAMS 0x000000008ad00000, 0x000000008ad00000| Untracked 
| 156|0x000000008ae00000, 0x000000008ae00000, 0x000000008af00000|  0%| F|  |TAMS 0x000000008ae00000, 0x000000008ae00000| Untracked 
| 157|0x000000008af00000, 0x000000008afbc3f8, 0x000000008b000000| 73%| E|  |TAMS 0x000000008af00000, 0x000000008af00000| Complete 
| 158|0x000000008b000000, 0x000000008b100000, 0x000000008b100000|100%| E|CS|TAMS 0x000000008b000000, 0x000000008b000000| Complete 
| 159|0x000000008b100000, 0x000000008b200000, 0x000000008b200000|100%| E|CS|TAMS 0x000000008b100000, 0x000000008b100000| Complete 
| 160|0x000000008b200000, 0x000000008b300000, 0x000000008b300000|100%| E|CS|TAMS 0x000000008b200000, 0x000000008b200000| Complete 
| 161|0x000000008b300000, 0x000000008b400000, 0x000000008b400000|100%| E|CS|TAMS 0x000000008b300000, 0x000000008b300000| Complete 
| 162|0x000000008b400000, 0x000000008b500000, 0x000000008b500000|100%| E|CS|TAMS 0x000000008b400000, 0x000000008b400000| Complete 
| 163|0x000000008b500000, 0x000000008b600000, 0x000000008b600000|100%| E|CS|TAMS 0x000000008b500000, 0x000000008b500000| Complete 
| 164|0x000000008b600000, 0x000000008b700000, 0x000000008b700000|100%| E|CS|TAMS 0x000000008b600000, 0x000000008b600000| Complete 
| 165|0x000000008b700000, 0x000000008b800000, 0x000000008b800000|100%| E|CS|TAMS 0x000000008b700000, 0x000000008b700000| Complete 
| 166|0x000000008b800000, 0x000000008b900000, 0x000000008b900000|100%| E|CS|TAMS 0x000000008b800000, 0x000000008b800000| Complete 
| 167|0x000000008b900000, 0x000000008ba00000, 0x000000008ba00000|100%| E|CS|TAMS 0x000000008b900000, 0x000000008b900000| Complete 
| 168|0x000000008ba00000, 0x000000008bb00000, 0x000000008bb00000|100%| E|CS|TAMS 0x000000008ba00000, 0x000000008ba00000| Complete 
| 169|0x000000008bb00000, 0x000000008bc00000, 0x000000008bc00000|100%| E|CS|TAMS 0x000000008bb00000, 0x000000008bb00000| Complete 
| 170|0x000000008bc00000, 0x000000008bd00000, 0x000000008bd00000|100%| E|CS|TAMS 0x000000008bc00000, 0x000000008bc00000| Complete 
| 171|0x000000008bd00000, 0x000000008be00000, 0x000000008be00000|100%| E|CS|TAMS 0x000000008bd00000, 0x000000008bd00000| Complete 
| 172|0x000000008be00000, 0x000000008bf00000, 0x000000008bf00000|100%| E|CS|TAMS 0x000000008be00000, 0x000000008be00000| Complete 
| 173|0x000000008bf00000, 0x000000008c000000, 0x000000008c000000|100%| E|CS|TAMS 0x000000008bf00000, 0x000000008bf00000| Complete 
| 174|0x000000008c000000, 0x000000008c100000, 0x000000008c100000|100%| E|CS|TAMS 0x000000008c000000, 0x000000008c000000| Complete 
| 175|0x000000008c100000, 0x000000008c200000, 0x000000008c200000|100%| E|CS|TAMS 0x000000008c100000, 0x000000008c100000| Complete 
| 176|0x000000008c200000, 0x000000008c300000, 0x000000008c300000|100%| E|CS|TAMS 0x000000008c200000, 0x000000008c200000| Complete 
| 177|0x000000008c300000, 0x000000008c400000, 0x000000008c400000|100%| E|CS|TAMS 0x000000008c300000, 0x000000008c300000| Complete 
| 178|0x000000008c400000, 0x000000008c500000, 0x000000008c500000|100%| E|CS|TAMS 0x000000008c400000, 0x000000008c400000| Complete 
| 179|0x000000008c500000, 0x000000008c600000, 0x000000008c600000|100%| E|CS|TAMS 0x000000008c500000, 0x000000008c500000| Complete 
| 180|0x000000008c600000, 0x000000008c700000, 0x000000008c700000|100%| E|CS|TAMS 0x000000008c600000, 0x000000008c600000| Complete 
|2026|0x00000000ffc00000, 0x00000000ffd00000, 0x00000000ffd00000|100%| O|  |TAMS 0x00000000ffc00000, 0x00000000ffd00000| Untracked 
|2027|0x00000000ffd00000, 0x00000000ffe00000, 0x00000000ffe00000|100%| O|  |TAMS 0x00000000ffd00000, 0x00000000ffe00000| Untracked 
|2028|0x00000000ffe00000, 0x00000000fff00000, 0x00000000fff00000|100%| O|  |TAMS 0x00000000ffe00000, 0x00000000fff00000| Untracked 
|2029|0x00000000fff00000, 0x0000000100000000, 0x0000000100000000|100%| O|  |TAMS 0x00000000fff00000, 0x0000000100000000| Untracked 

Card table byte_map: [0x000001b272c80000,0x000001b273080000] _byte_map_base: 0x000001b272877000

Marking Bits (Prev, Next): (CMBitMap*) 0x000001b259b7aa40, (CMBitMap*) 0x000001b259b7aa00
 Prev Bits: [0x000001b275440000, 0x000001b2773f8000)
 Next Bits: [0x000001b273480000, 0x000001b275438000)

Polling page: 0x000001b2598e0000

Metaspace:

Usage:
  Non-class:     22.26 MB used.
      Class:      2.68 MB used.
       Both:     24.93 MB used.

Virtual space:
  Non-class space:       64.00 MB reserved,      22.38 MB ( 35%) committed,  1 nodes.
      Class space:        1.00 GB reserved,       2.81 MB ( <1%) committed,  1 nodes.
             Both:        1.06 GB reserved,      25.19 MB (  2%) committed. 

Chunk freelists:
   Non-Class:  1.00 MB
       Class:  1.21 MB
        Both:  2.21 MB

MaxMetaspaceSize: unlimited
CompressedClassSpaceSize: 1.00 GB
Initial GC threshold: 21.00 MB
Current GC threshold: 35.44 MB
CDS: on
MetaspaceReclaimPolicy: balanced
 - commit_granule_bytes: 65536.
 - commit_granule_words: 8192.
 - virtual_space_node_default_size: 8388608.
 - enlarge_chunks_in_place: 1.
 - new_chunks_are_fully_committed: 0.
 - uncommit_free_chunks: 1.
 - use_allocation_guard: 0.


Internal statistics:

num_allocs_failed_limit: 3.
num_arena_births: 234.
num_arena_deaths: 0.
num_vsnodes_births: 2.
num_vsnodes_deaths: 0.
num_space_committed: 403.
num_space_uncommitted: 0.
num_chunks_returned_to_freelist: 3.
num_chunks_taken_from_freelist: 652.
num_chunk_merges: 0.
num_chunk_splits: 492.
num_chunks_enlarged: 410.
num_inconsistent_stats: 0.

CodeHeap 'non-profiled nmethods': size=120000Kb used=856Kb max_used=856Kb free=119143Kb
 bounds [0x000001b26ad10000, 0x000001b26af80000, 0x000001b272240000]
CodeHeap 'profiled nmethods': size=120000Kb used=5082Kb max_used=5082Kb free=114917Kb
 bounds [0x000001b263240000, 0x000001b263740000, 0x000001b26a770000]
CodeHeap 'non-nmethods': size=5760Kb used=1692Kb max_used=1708Kb free=4067Kb
 bounds [0x000001b26a770000, 0x000001b26a9e0000, 0x000001b26ad10000]
 total_blobs=3702 nmethods=2672 adapters=940
 compilation: enabled
              stopped_count=0, restarted_count=0
 full_count=0

Compilation events (20 events):
Event: 2662.178 Thread 0x000001b279a496b0 2663       3       sun.awt.windows.WGlobalCursorManager::nativeUpdateCursor (8 bytes)
Event: 2662.178 Thread 0x000001b279a496b0 nmethod 2663 0x000001b263730110 code [0x000001b2637302e0, 0x000001b263730698]
Event: 2662.178 Thread 0x000001b279a496b0 2664       3       sun.awt.GlobalCursorManager::updateCursorLater (23 bytes)
Event: 2662.179 Thread 0x000001b279a496b0 nmethod 2664 0x000001b263730810 code [0x000001b2637309e0, 0x000001b263730c28]
Event: 2662.179 Thread 0x000001b279a496b0 2665   !   3       sun.awt.GlobalCursorManager$NativeUpdater::postIfNotPending (48 bytes)
Event: 2662.179 Thread 0x000001b279a496b0 nmethod 2665 0x000001b263730d90 code [0x000001b263730fa0, 0x000001b263731688]
Event: 2662.179 Thread 0x000001b279a496b0 2666       3       java.awt.LightweightDispatcher::retargetMouseEnterExit (79 bytes)
Event: 2662.179 Thread 0x000001b279a496b0 nmethod 2666 0x000001b263731910 code [0x000001b263731ae0, 0x000001b2637320f8]
Event: 2662.249 Thread 0x000001b279a496b0 2667   !   3       sun.awt.GlobalCursorManager$NativeUpdater::run (43 bytes)
Event: 2662.249 Thread 0x000001b279a496b0 nmethod 2667 0x000001b263732290 code [0x000001b263732440, 0x000001b2637326e8]
Event: 2663.277 Thread 0x000001b279a496b0 2668       3       sun.awt.windows.WComponentPeer::updateCursorImmediately (7 bytes)
Event: 2663.278 Thread 0x000001b279a496b0 nmethod 2668 0x000001b263732810 code [0x000001b263732a00, 0x000001b263732f38]
Event: 2663.278 Thread 0x000001b279a496b0 2669   !   3       sun.awt.GlobalCursorManager::updateCursorImmediately (31 bytes)
Event: 2663.279 Thread 0x000001b279a496b0 nmethod 2669 0x000001b263733110 code [0x000001b2637332c0, 0x000001b263733508]
Event: 2664.135 Thread 0x000001b279a496b0 2670   !   3       java.awt.KeyboardFocusManager::processCurrentLightweightRequests (345 bytes)
Event: 2664.137 Thread 0x000001b279a496b0 nmethod 2670 0x000001b263733610 code [0x000001b263733a60, 0x000001b263735cf8]
Event: 2666.552 Thread 0x000001b279a451d0 2671   !   4       java.util.WeakHashMap::expungeStaleEntries (139 bytes)
Event: 2666.584 Thread 0x000001b279a451d0 nmethod 2671 0x000001b26ade5310 code [0x000001b26ade5520, 0x000001b26ade5c10]
Event: 2668.296 Thread 0x000001b279a496b0 2672       1       java.util.concurrent.CopyOnWriteArrayList::getArray (5 bytes)
Event: 2668.296 Thread 0x000001b279a496b0 nmethod 2672 0x000001b26ade6090 code [0x000001b26ade6220, 0x000001b26ade62d8]

GC Heap History (20 events):
Event: 17.407 GC heap before
{Heap before GC invocations=32 (full 0):
 garbage-first heap   total 189440K, used 107458K [0x0000000081200000, 0x0000000100000000)
  region size 1024K, 24 young (24576K), 1 survivors (1024K)
 Metaspace       used 25249K, committed 25536K, reserved 1114112K
  class space    used 2740K, committed 2880K, reserved 1048576K
}
Event: 17.408 GC heap after
{Heap after GC invocations=33 (full 0):
 garbage-first heap   total 189440K, used 54214K [0x0000000081200000, 0x0000000100000000)
  region size 1024K, 1 young (1024K), 1 survivors (1024K)
 Metaspace       used 25249K, committed 25536K, reserved 1114112K
  class space    used 2740K, committed 2880K, reserved 1048576K
}
Event: 17.872 GC heap before
{Heap before GC invocations=33 (full 0):
 garbage-first heap   total 189440K, used 105414K [0x0000000081200000, 0x0000000100000000)
  region size 1024K, 22 young (22528K), 1 survivors (1024K)
 Metaspace       used 25260K, committed 25536K, reserved 1114112K
  class space    used 2740K, committed 2880K, reserved 1048576K
}
Event: 17.873 GC heap after
{Heap after GC invocations=34 (full 0):
 garbage-first heap   total 189440K, used 50119K [0x0000000081200000, 0x0000000100000000)
  region size 1024K, 1 young (1024K), 1 survivors (1024K)
 Metaspace       used 25260K, committed 25536K, reserved 1114112K
  class space    used 2740K, committed 2880K, reserved 1048576K
}
Event: 18.474 GC heap before
{Heap before GC invocations=34 (full 0):
 garbage-first heap   total 189440K, used 107463K [0x0000000081200000, 0x0000000100000000)
  region size 1024K, 24 young (24576K), 1 survivors (1024K)
 Metaspace       used 25271K, committed 25536K, reserved 1114112K
  class space    used 2740K, committed 2880K, reserved 1048576K
}
Event: 18.476 GC heap after
{Heap after GC invocations=35 (full 0):
 garbage-first heap   total 189440K, used 54216K [0x0000000081200000, 0x0000000100000000)
  region size 1024K, 1 young (1024K), 1 survivors (1024K)
 Metaspace       used 25271K, committed 25536K, reserved 1114112K
  class space    used 2740K, committed 2880K, reserved 1048576K
}
Event: 18.959 GC heap before
{Heap before GC invocations=35 (full 0):
 garbage-first heap   total 189440K, used 104392K [0x0000000081200000, 0x0000000100000000)
  region size 1024K, 21 young (21504K), 1 survivors (1024K)
 Metaspace       used 25279K, committed 25536K, reserved 1114112K
  class space    used 2740K, committed 2880K, reserved 1048576K
}
Event: 18.961 GC heap after
{Heap after GC invocations=36 (full 0):
 garbage-first heap   total 189440K, used 50116K [0x0000000081200000, 0x0000000100000000)
  region size 1024K, 1 young (1024K), 1 survivors (1024K)
 Metaspace       used 25279K, committed 25536K, reserved 1114112K
  class space    used 2740K, committed 2880K, reserved 1048576K
}
Event: 19.502 GC heap before
{Heap before GC invocations=36 (full 0):
 garbage-first heap   total 189440K, used 107460K [0x0000000081200000, 0x0000000100000000)
  region size 1024K, 24 young (24576K), 1 survivors (1024K)
 Metaspace       used 25316K, committed 25600K, reserved 1114112K
  class space    used 2740K, committed 2880K, reserved 1048576K
}
Event: 19.503 GC heap after
{Heap after GC invocations=37 (full 0):
 garbage-first heap   total 189440K, used 54199K [0x0000000081200000, 0x0000000100000000)
  region size 1024K, 1 young (1024K), 1 survivors (1024K)
 Metaspace       used 25316K, committed 25600K, reserved 1114112K
  class space    used 2740K, committed 2880K, reserved 1048576K
}
Event: 20.047 GC heap before
{Heap before GC invocations=37 (full 0):
 garbage-first heap   total 189440K, used 104375K [0x0000000081200000, 0x0000000100000000)
  region size 1024K, 21 young (21504K), 1 survivors (1024K)
 Metaspace       used 25345K, committed 25600K, reserved 1114112K
  class space    used 2740K, committed 2880K, reserved 1048576K
}
Event: 20.050 GC heap after
{Heap after GC invocations=38 (full 0):
 garbage-first heap   total 189440K, used 50117K [0x0000000081200000, 0x0000000100000000)
  region size 1024K, 1 young (1024K), 1 survivors (1024K)
 Metaspace       used 25345K, committed 25600K, reserved 1114112K
  class space    used 2740K, committed 2880K, reserved 1048576K
}
Event: 20.596 GC heap before
{Heap before GC invocations=38 (full 0):
 garbage-first heap   total 189440K, used 107461K [0x0000000081200000, 0x0000000100000000)
  region size 1024K, 24 young (24576K), 1 survivors (1024K)
 Metaspace       used 25345K, committed 25600K, reserved 1114112K
  class space    used 2740K, committed 2880K, reserved 1048576K
}
Event: 20.597 GC heap after
{Heap after GC invocations=39 (full 0):
 garbage-first heap   total 189440K, used 54227K [0x0000000081200000, 0x0000000100000000)
  region size 1024K, 1 young (1024K), 1 survivors (1024K)
 Metaspace       used 25345K, committed 25600K, reserved 1114112K
  class space    used 2740K, committed 2880K, reserved 1048576K
}
Event: 21.070 GC heap before
{Heap before GC invocations=39 (full 0):
 garbage-first heap   total 189440K, used 105427K [0x0000000081200000, 0x0000000100000000)
  region size 1024K, 22 young (22528K), 1 survivors (1024K)
 Metaspace       used 25348K, committed 25600K, reserved 1114112K
  class space    used 2740K, committed 2880K, reserved 1048576K
}
Event: 21.071 GC heap after
{Heap after GC invocations=40 (full 0):
 garbage-first heap   total 189440K, used 50150K [0x0000000081200000, 0x0000000100000000)
  region size 1024K, 1 young (1024K), 1 survivors (1024K)
 Metaspace       used 25348K, committed 25600K, reserved 1114112K
  class space    used 2740K, committed 2880K, reserved 1048576K
}
Event: 21.758 GC heap before
{Heap before GC invocations=40 (full 0):
 garbage-first heap   total 189440K, used 108518K [0x0000000081200000, 0x0000000100000000)
  region size 1024K, 25 young (25600K), 1 survivors (1024K)
 Metaspace       used 25365K, committed 25600K, reserved 1114112K
  class space    used 2740K, committed 2880K, reserved 1048576K
}
Event: 21.759 GC heap after
{Heap after GC invocations=41 (full 0):
 garbage-first heap   total 189440K, used 32202K [0x0000000081200000, 0x0000000100000000)
  region size 1024K, 1 young (1024K), 1 survivors (1024K)
 Metaspace       used 25365K, committed 25600K, reserved 1114112K
  class space    used 2740K, committed 2880K, reserved 1048576K
}
Event: 22.622 GC heap before
{Heap before GC invocations=41 (full 0):
 garbage-first heap   total 189440K, used 121290K [0x0000000081200000, 0x0000000100000000)
  region size 1024K, 37 young (37888K), 1 survivors (1024K)
 Metaspace       used 25445K, committed 25728K, reserved 1114112K
  class space    used 2740K, committed 2880K, reserved 1048576K
}
Event: 22.624 GC heap after
{Heap after GC invocations=42 (full 0):
 garbage-first heap   total 189440K, used 19915K [0x0000000081200000, 0x0000000100000000)
  region size 1024K, 1 young (1024K), 1 survivors (1024K)
 Metaspace       used 25445K, committed 25728K, reserved 1114112K
  class space    used 2740K, committed 2880K, reserved 1048576K
}

Dll operation events (19 events):
Event: 0.010 Loaded shared library C:\Program Files\Java\jdk-19\bin\java.dll
Event: 0.024 Loaded shared library C:\Program Files\Java\jdk-19\bin\jsvml.dll
Event: 0.249 Loaded shared library C:\Program Files\Java\jdk-19\bin\zip.dll
Event: 0.252 Loaded shared library C:\Program Files\Java\jdk-19\bin\instrument.dll
Event: 0.260 Loaded shared library C:\Program Files\Java\jdk-19\bin\net.dll
Event: 0.263 Loaded shared library C:\Program Files\Java\jdk-19\bin\nio.dll
Event: 0.269 Loaded shared library C:\Program Files\Java\jdk-19\bin\zip.dll
Event: 0.510 Loaded shared library C:\Program Files\JetBrains\IntelliJ IDEA 2022.3.1\bin\breakgen64.dll
Event: 0.522 Loaded shared library C:\Program Files\Java\jdk-19\bin\extnet.dll
Event: 0.581 Loaded shared library C:\Program Files\Java\jdk-19\bin\jimage.dll
Event: 1.061 Loaded shared library C:\Program Files\Java\jdk-19\bin\management.dll
Event: 1.067 Loaded shared library C:\Program Files\Java\jdk-19\bin\management_ext.dll
Event: 1.114 Loaded shared library C:\Program Files\Java\jdk-19\bin\sunmscapi.dll
Event: 1.465 Loaded shared library C:\Users\neera\AppData\Local\Temp\io_grpc_netty_shaded_netty_tcnative_windows_x86_6417690448414334740904.dll
Event: 2.076 Loaded shared library C:\Program Files\Java\jdk-19\bin\awt.dll
Event: 2.267 Loaded shared library D:\OpenCV\opencv\build\java\x64\opencv_java460.dll
Event: 2.299 Loaded shared library C:\Program Files\Java\jdk-19\bin\javajpeg.dll
Event: 2.403 Loaded shared library C:\Program Files\Java\jdk-19\bin\freetype.dll
Event: 2.404 Loaded shared library C:\Program Files\Java\jdk-19\bin\fontmanager.dll

Deoptimization events (20 events):
Event: 11.196 Thread 0x000001b27f158580 DEOPT PACKING pc=0x000001b2635355d8 sp=0x00000040c78fe130
Event: 11.196 Thread 0x000001b27f158580 DEOPT UNPACKING pc=0x000001b26a7d7543 sp=0x00000040c78fd608 mode 0
Event: 11.197 Thread 0x000001b27f158580 Uncommon trap: trap_request=0xffffff45 fr.pc=0x000001b26adcec6c relative=0x00000000000002cc
Event: 11.197 Thread 0x000001b27f158580 Uncommon trap: reason=unstable_if action=reinterpret pc=0x000001b26adcec6c method=java.io.ByteArrayInputStream.read([BII)I @ 16 c2
Event: 11.197 Thread 0x000001b27f158580 DEOPT PACKING pc=0x000001b26adcec6c sp=0x00000040c78fdfd0
Event: 11.197 Thread 0x000001b27f158580 DEOPT UNPACKING pc=0x000001b26a7d6da3 sp=0x00000040c78fdf90 mode 2
Event: 11.197 Thread 0x000001b27f158580 DEOPT PACKING pc=0x000001b2635355d8 sp=0x00000040c78fe130
Event: 11.197 Thread 0x000001b27f158580 DEOPT UNPACKING pc=0x000001b26a7d7543 sp=0x00000040c78fd608 mode 0
Event: 11.198 Thread 0x000001b27f158580 DEOPT PACKING pc=0x000001b2635355d8 sp=0x00000040c78fe130
Event: 11.198 Thread 0x000001b27f158580 DEOPT UNPACKING pc=0x000001b26a7d7543 sp=0x00000040c78fd608 mode 0
Event: 11.198 Thread 0x000001b27f158580 DEOPT PACKING pc=0x000001b2635355d8 sp=0x00000040c78fe130
Event: 11.198 Thread 0x000001b27f158580 DEOPT UNPACKING pc=0x000001b26a7d7543 sp=0x00000040c78fd608 mode 0
Event: 21.467 Thread 0x000001b27f157590 Uncommon trap: trap_request=0xffffffde fr.pc=0x000001b26adbd1a4 relative=0x00000000000001c4
Event: 21.467 Thread 0x000001b27f157590 Uncommon trap: reason=class_check action=maybe_recompile pc=0x000001b26adbd1a4 method=sun.awt.image.ImageWatched.newInfo(Ljava/awt/Image;IIIII)V @ 13 c2
Event: 21.467 Thread 0x000001b27f157590 DEOPT PACKING pc=0x000001b26adbd1a4 sp=0x00000040c82fe7d0
Event: 21.467 Thread 0x000001b27f157590 DEOPT UNPACKING pc=0x000001b26a7d6da3 sp=0x00000040c82fe7a0 mode 2
Event: 21.503 Thread 0x000001b27f157590 Uncommon trap: trap_request=0xffffffde fr.pc=0x000001b26adbd1a4 relative=0x00000000000001c4
Event: 21.503 Thread 0x000001b27f157590 Uncommon trap: reason=class_check action=maybe_recompile pc=0x000001b26adbd1a4 method=sun.awt.image.ImageWatched.newInfo(Ljava/awt/Image;IIIII)V @ 13 c2
Event: 21.503 Thread 0x000001b27f157590 DEOPT PACKING pc=0x000001b26adbd1a4 sp=0x00000040c82fe7d0
Event: 21.503 Thread 0x000001b27f157590 DEOPT UNPACKING pc=0x000001b26a7d6da3 sp=0x00000040c82fe7a0 mode 2

Classes loaded (20 events):
Event: 6.421 Loading class sun/awt/image/JPEGImageDecoder
Event: 6.421 Loading class sun/awt/image/ImageDecoder
Event: 6.421 Loading class sun/awt/image/ImageDecoder done
Event: 6.421 Loading class sun/awt/image/JPEGImageDecoder done
Event: 6.421 Loading class sun/awt/image/JPEGImageDecoder$1
Event: 6.421 Loading class sun/awt/image/JPEGImageDecoder$1 done
Event: 11.179 Loading class java/awt/KeyboardFocusManager$2
Event: 11.179 Loading class java/awt/KeyboardFocusManager$2 done
Event: 11.179 Loading class sun/awt/SunToolkit$1
Event: 11.179 Loading class sun/awt/SunToolkit$1 done
Event: 14.185 Loading class java/awt/Window$1DisposeAction
Event: 14.185 Loading class java/awt/Window$1DisposeAction done
Event: 23.470 Loading class jdk/internal/event/ThreadSleepEvent
Event: 23.471 Loading class jdk/internal/event/ThreadSleepEvent done
Event: 2668.293 Loading class jdk/internal/misc/Signal$1
Event: 2668.293 Loading class jdk/internal/misc/Signal$1 done
Event: 2668.296 Loading class java/util/WeakHashMap$KeyIterator
Event: 2668.296 Loading class java/util/WeakHashMap$HashIterator
Event: 2668.296 Loading class java/util/WeakHashMap$HashIterator done
Event: 2668.296 Loading class java/util/WeakHashMap$KeyIterator done

Classes unloaded (0 events):
No events

Classes redefined (0 events):
No events

Internal exceptions (20 events):
Event: 8.936 Thread 0x000001b27f158580 Exception <a 'java/lang/ArrayIndexOutOfBoundsException'{0x00000000890968b8}: Index 0 out of bounds for length 0> (0x00000000890968b8) 
thrown [s\open\src\hotspot\share\interpreter\interpreterRuntime.cpp, line 432]
Event: 9.046 Thread 0x000001b27f158580 Exception <a 'java/lang/ArrayIndexOutOfBoundsException'{0x0000000089097048}: Index 0 out of bounds for length 0> (0x0000000089097048) 
thrown [s\open\src\hotspot\share\interpreter\interpreterRuntime.cpp, line 432]
Event: 9.156 Thread 0x000001b27f158580 Exception <a 'java/lang/ArrayIndexOutOfBoundsException'{0x00000000890977d8}: Index 0 out of bounds for length 0> (0x00000000890977d8) 
thrown [s\open\src\hotspot\share\interpreter\interpreterRuntime.cpp, line 432]
Event: 9.269 Thread 0x000001b27f158580 Exception <a 'java/lang/ArrayIndexOutOfBoundsException'{0x0000000089097f68}: Index 0 out of bounds for length 0> (0x0000000089097f68) 
thrown [s\open\src\hotspot\share\interpreter\interpreterRuntime.cpp, line 432]
Event: 9.380 Thread 0x000001b27f158580 Exception <a 'java/lang/ArrayIndexOutOfBoundsException'{0x00000000890986f8}: Index 0 out of bounds for length 0> (0x00000000890986f8) 
thrown [s\open\src\hotspot\share\interpreter\interpreterRuntime.cpp, line 432]
Event: 9.488 Thread 0x000001b27f158580 Exception <a 'java/lang/ArrayIndexOutOfBoundsException'{0x0000000089098e88}: Index 0 out of bounds for length 0> (0x0000000089098e88) 
thrown [s\open\src\hotspot\share\interpreter\interpreterRuntime.cpp, line 432]
Event: 9.597 Thread 0x000001b27f158580 Exception <a 'java/lang/ArrayIndexOutOfBoundsException'{0x0000000089099618}: Index 0 out of bounds for length 0> (0x0000000089099618) 
thrown [s\open\src\hotspot\share\interpreter\interpreterRuntime.cpp, line 432]
Event: 9.707 Thread 0x000001b27f158580 Exception <a 'java/lang/ArrayIndexOutOfBoundsException'{0x0000000089099da8}: Index 0 out of bounds for length 0> (0x0000000089099da8) 
thrown [s\open\src\hotspot\share\interpreter\interpreterRuntime.cpp, line 432]
Event: 9.817 Thread 0x000001b27f158580 Exception <a 'java/lang/ArrayIndexOutOfBoundsException'{0x000000008909a538}: Index 0 out of bounds for length 0> (0x000000008909a538) 
thrown [s\open\src\hotspot\share\interpreter\interpreterRuntime.cpp, line 432]
Event: 9.941 Thread 0x000001b27f158580 Exception <a 'java/lang/ArrayIndexOutOfBoundsException'{0x0000000089080c58}: Index 0 out of bounds for length 0> (0x0000000089080c58) 
thrown [s\open\src\hotspot\share\interpreter\interpreterRuntime.cpp, line 432]
Event: 10.048 Thread 0x000001b27f158580 Exception <a 'java/lang/ArrayIndexOutOfBoundsException'{0x00000000890947c8}: Index 0 out of bounds for length 0> (0x00000000890947c8) 
thrown [s\open\src\hotspot\share\interpreter\interpreterRuntime.cpp, line 432]
Event: 10.161 Thread 0x000001b27f158580 Exception <a 'java/lang/ArrayIndexOutOfBoundsException'{0x0000000089080c58}: Index 0 out of bounds for length 0> (0x0000000089080c58) 
thrown [s\open\src\hotspot\share\interpreter\interpreterRuntime.cpp, line 432]
Event: 10.273 Thread 0x000001b27f158580 Exception <a 'java/lang/ArrayIndexOutOfBoundsException'{0x0000000089094b98}: Index 0 out of bounds for length 0> (0x0000000089094b98) 
thrown [s\open\src\hotspot\share\interpreter\interpreterRuntime.cpp, line 432]
Event: 10.390 Thread 0x000001b27f158580 Exception <a 'java/lang/ArrayIndexOutOfBoundsException'{0x0000000089095328}: Index 0 out of bounds for length 0> (0x0000000089095328) 
thrown [s\open\src\hotspot\share\interpreter\interpreterRuntime.cpp, line 432]
Event: 10.500 Thread 0x000001b27f158580 Exception <a 'java/lang/ArrayIndexOutOfBoundsException'{0x0000000089095ab8}: Index 0 out of bounds for length 0> (0x0000000089095ab8) 
thrown [s\open\src\hotspot\share\interpreter\interpreterRuntime.cpp, line 432]
Event: 10.611 Thread 0x000001b27f158580 Exception <a 'java/lang/ArrayIndexOutOfBoundsException'{0x0000000089096248}: Index 0 out of bounds for length 0> (0x0000000089096248) 
thrown [s\open\src\hotspot\share\interpreter\interpreterRuntime.cpp, line 432]
Event: 10.725 Thread 0x000001b27f158580 Exception <a 'java/lang/ArrayIndexOutOfBoundsException'{0x00000000890969d8}: Index 0 out of bounds for length 0> (0x00000000890969d8) 
thrown [s\open\src\hotspot\share\interpreter\interpreterRuntime.cpp, line 432]
Event: 10.836 Thread 0x000001b27f158580 Exception <a 'java/lang/ArrayIndexOutOfBoundsException'{0x0000000089097168}: Index 0 out of bounds for length 0> (0x0000000089097168) 
thrown [s\open\src\hotspot\share\interpreter\interpreterRuntime.cpp, line 432]
Event: 10.946 Thread 0x000001b27f158580 Exception <a 'java/lang/ArrayIndexOutOfBoundsException'{0x00000000890978f8}: Index 0 out of bounds for length 0> (0x00000000890978f8) 
thrown [s\open\src\hotspot\share\interpreter\interpreterRuntime.cpp, line 432]
Event: 11.054 Thread 0x000001b27f158580 Exception <a 'java/lang/ArrayIndexOutOfBoundsException'{0x0000000089098088}: Index 0 out of bounds for length 0> (0x0000000089098088) 
thrown [s\open\src\hotspot\share\interpreter\interpreterRuntime.cpp, line 432]

VM Operations (20 events):
Event: 20.597 Executing VM operation: G1TryInitiateConcMark done
Event: 21.070 Executing VM operation: G1TryInitiateConcMark
Event: 21.071 Executing VM operation: G1TryInitiateConcMark done
Event: 21.758 Executing VM operation: G1TryInitiateConcMark
Event: 21.759 Executing VM operation: G1TryInitiateConcMark done
Event: 22.622 Executing VM operation: G1TryInitiateConcMark
Event: 22.624 Executing VM operation: G1TryInitiateConcMark done
Event: 23.631 Executing VM operation: Cleanup
Event: 23.631 Executing VM operation: Cleanup done
Event: 24.642 Executing VM operation: Cleanup
Event: 24.642 Executing VM operation: Cleanup done
Event: 1192.501 Executing VM operation: Cleanup
Event: 1192.501 Executing VM operation: Cleanup done
Event: 2531.941 Executing VM operation: Cleanup
Event: 2531.942 Executing VM operation: Cleanup done
Event: 2662.038 Executing VM operation: Cleanup
Event: 2662.038 Executing VM operation: Cleanup done
Event: 2663.040 Executing VM operation: Cleanup
Event: 2663.040 Executing VM operation: Cleanup done
Event: 2668.400 Executing VM operation: Exit

Events (20 events):
Event: 2.506 Thread 0x000001b27f155b00 Thread added: 0x000001b27f155b00
Event: 2.544 Thread 0x000001b27f154070 Thread added: 0x000001b27f154070
Event: 4.878 Thread 0x000001b27f158580 Thread added: 0x000001b27f158580
Event: 6.420 Thread 0x000001b27f157590 Thread added: 0x000001b27f157590
Event: 11.922 Thread 0x000001b27f158030 Thread added: 0x000001b27f158030
Event: 21.924 Thread 0x000001b27f1555b0 Thread added: 0x000001b27f1555b0
Event: 23.113 Thread 0x000001b27f158580 Thread exited: 0x000001b27f158580
Event: 28.124 Thread 0x000001b27f157590 Thread exited: 0x000001b27f157590
Event: 31.932 Thread 0x000001b27f15b000 Thread added: 0x000001b27f15b000
Event: 2668.294 Thread 0x000001b27f158580 Thread added: 0x000001b27f158580
Event: 2668.294 Thread 0x000001b27f159020 Thread added: 0x000001b27f159020
Event: 2668.294 Thread 0x000001b27f155060 Thread added: 0x000001b27f155060
Event: 2668.294 Thread 0x000001b27f157590 Thread added: 0x000001b27f157590
Event: 2668.294 Thread 0x000001b27f158ad0 Thread added: 0x000001b27f158ad0
Event: 2668.295 Thread 0x000001b27f155060 Thread exited: 0x000001b27f155060
Event: 2668.296 Thread 0x000001b27f157590 Thread exited: 0x000001b27f157590
Event: 2668.296 Thread 0x000001b27f158ad0 Thread exited: 0x000001b27f158ad0
Event: 2668.303 Thread 0x000001b279a62700 Thread exited: 0x000001b279a62700
Event: 2668.399 Thread 0x000001b27f159020 Thread exited: 0x000001b27f159020
Event: 2668.400 Thread 0x000001b279a369c0 Thread exited: 0x000001b279a369c0


Dynamic libraries:
0x00007ff774870000 - 0x00007ff774880000 	C:\Program Files\Java\jdk-19\bin\java.exe
0x00007ffefce70000 - 0x00007ffefd068000 	C:\WINDOWS\SYSTEM32\ntdll.dll
0x00007ffefbb90000 - 0x00007ffefbc4f000 	C:\WINDOWS\System32\KERNEL32.DLL
0x00007ffefa900000 - 0x00007ffefabd2000 	C:\WINDOWS\System32\KERNELBASE.dll
0x00007ffefac10000 - 0x00007ffefad10000 	C:\WINDOWS\System32\ucrtbase.dll
0x00007ffef6060000 - 0x00007ffef607b000 	C:\Program Files\Java\jdk-19\bin\VCRUNTIME140.dll
0x00007ffef5ef0000 - 0x00007ffef5f08000 	C:\Program Files\Java\jdk-19\bin\jli.dll
0x00007ffefb0a0000 - 0x00007ffefb14e000 	C:\WINDOWS\System32\ADVAPI32.dll
0x00007ffefc010000 - 0x00007ffefc0ae000 	C:\WINDOWS\System32\msvcrt.dll
0x00007ffefccc0000 - 0x00007ffefcd5c000 	C:\WINDOWS\System32\sechost.dll
0x00007ffefc0b0000 - 0x00007ffefc1d5000 	C:\WINDOWS\System32\RPCRT4.dll
0x00007ffefb9e0000 - 0x00007ffefbb81000 	C:\WINDOWS\System32\USER32.dll
0x00007ffefabe0000 - 0x00007ffefac02000 	C:\WINDOWS\System32\win32u.dll
0x00007ffefbef0000 - 0x00007ffefbf1b000 	C:\WINDOWS\System32\GDI32.dll
0x00007ffeec210000 - 0x00007ffeec4aa000 	C:\WINDOWS\WinSxS\amd64_microsoft.windows.common-controls_6595b64144ccf1df_6.0.19041.1110_none_60b5254171f9507e\COMCTL32.dll
0x00007ffefa600000 - 0x00007ffefa70f000 	C:\WINDOWS\System32\gdi32full.dll
0x00007ffefa560000 - 0x00007ffefa5fd000 	C:\WINDOWS\System32\msvcp_win.dll
0x00007ffee9960000 - 0x00007ffee996a000 	C:\WINDOWS\SYSTEM32\VERSION.dll
0x00007ffefcd60000 - 0x00007ffefcd92000 	C:\WINDOWS\System32\IMM32.DLL
0x00007ffef7d20000 - 0x00007ffef7d2c000 	C:\Program Files\Java\jdk-19\bin\vcruntime140_1.dll
0x00007ffee7ad0000 - 0x00007ffee7b5e000 	C:\Program Files\Java\jdk-19\bin\msvcp140.dll
0x00007ffecdfd0000 - 0x00007ffecec90000 	C:\Program Files\Java\jdk-19\bin\server\jvm.dll
0x00007ffeeea00000 - 0x00007ffeeea27000 	C:\WINDOWS\SYSTEM32\WINMM.dll
0x00007ffef2d80000 - 0x00007ffef2d89000 	C:\WINDOWS\SYSTEM32\WSOCK32.dll
0x00007ffefc1e0000 - 0x00007ffefc24b000 	C:\WINDOWS\System32\WS2_32.dll
0x00007ffef8300000 - 0x00007ffef8312000 	C:\WINDOWS\SYSTEM32\kernel.appcore.dll
0x00007ffef7d00000 - 0x00007ffef7d0a000 	C:\Program Files\Java\jdk-19\bin\jimage.dll
0x00007ffee83b0000 - 0x00007ffee8594000 	C:\WINDOWS\SYSTEM32\DBGHELP.DLL
0x00007ffee99c0000 - 0x00007ffee99f5000 	C:\WINDOWS\SYSTEM32\dbgcore.DLL
0x00007ffefa710000 - 0x00007ffefa792000 	C:\WINDOWS\System32\bcryptPrimitives.dll
0x00007ffef4f70000 - 0x00007ffef4f7e000 	C:\Program Files\Java\jdk-19\bin\instrument.dll
0x00007ffef12d0000 - 0x00007ffef12f6000 	C:\Program Files\Java\jdk-19\bin\java.dll
0x00007ffee0070000 - 0x00007ffee0147000 	C:\Program Files\Java\jdk-19\bin\jsvml.dll
0x00007ffefc250000 - 0x00007ffefc994000 	C:\WINDOWS\System32\SHELL32.dll
0x00007ffef85e0000 - 0x00007ffef8d72000 	C:\WINDOWS\SYSTEM32\windows.storage.dll
0x00007ffefb5c0000 - 0x00007ffefb915000 	C:\WINDOWS\System32\combase.dll
0x00007ffef9e00000 - 0x00007ffef9e30000 	C:\WINDOWS\SYSTEM32\Wldp.dll
0x00007ffefbd30000 - 0x00007ffefbddd000 	C:\WINDOWS\System32\SHCORE.dll
0x00007ffefb920000 - 0x00007ffefb975000 	C:\WINDOWS\System32\shlwapi.dll
0x00007ffefa4a0000 - 0x00007ffefa4bf000 	C:\WINDOWS\SYSTEM32\profapi.dll
0x00007ffef11a0000 - 0x00007ffef11b8000 	C:\Program Files\Java\jdk-19\bin\zip.dll
0x00007ffef5690000 - 0x00007ffef56a3000 	C:\Program Files\Java\jdk-19\bin\net.dll
0x00007ffef2320000 - 0x00007ffef242c000 	C:\WINDOWS\SYSTEM32\WINHTTP.dll
0x00007ffef9be0000 - 0x00007ffef9c4a000 	C:\WINDOWS\system32\mswsock.dll
0x00007ffef12b0000 - 0x00007ffef12c6000 	C:\Program Files\Java\jdk-19\bin\nio.dll
0x00007ffee9ae0000 - 0x00007ffee9afa000 	C:\Program Files\JetBrains\IntelliJ IDEA 2022.3.1\bin\breakgen64.dll
0x00007ffeec830000 - 0x00007ffeec838000 	C:\Program Files\Java\jdk-19\bin\extnet.dll
0x00007ffef1190000 - 0x00007ffef119a000 	C:\Program Files\Java\jdk-19\bin\management.dll
0x00007ffeec850000 - 0x00007ffeec85b000 	C:\Program Files\Java\jdk-19\bin\management_ext.dll
0x00007ffefb080000 - 0x00007ffefb088000 	C:\WINDOWS\System32\PSAPI.DLL
0x00007ffeec840000 - 0x00007ffeec84e000 	C:\Program Files\Java\jdk-19\bin\sunmscapi.dll
0x00007ffefa7a0000 - 0x00007ffefa8f6000 	C:\WINDOWS\System32\CRYPT32.dll
0x00007ffef9f50000 - 0x00007ffef9f77000 	C:\WINDOWS\SYSTEM32\ncrypt.dll
0x00007ffef9f10000 - 0x00007ffef9f4b000 	C:\WINDOWS\SYSTEM32\NTASN1.dll
0x00007ffedadb0000 - 0x00007ffedadb7000 	C:\WINDOWS\system32\wshunix.dll
0x00007ffef9e40000 - 0x00007ffef9e58000 	C:\WINDOWS\SYSTEM32\CRYPTSP.dll
0x00007ffef9520000 - 0x00007ffef9554000 	C:\WINDOWS\system32\rsaenh.dll
0x00007ffefadc0000 - 0x00007ffefade7000 	C:\WINDOWS\System32\bcrypt.dll
0x00007ffefa420000 - 0x00007ffefa44e000 	C:\WINDOWS\SYSTEM32\USERENV.dll
0x00007ffef9d70000 - 0x00007ffef9d7c000 	C:\WINDOWS\SYSTEM32\CRYPTBASE.dll
0x00007ffef98f0000 - 0x00007ffef992b000 	C:\WINDOWS\SYSTEM32\IPHLPAPI.DLL
0x00007ffefbfa0000 - 0x00007ffefbfa8000 	C:\WINDOWS\System32\NSI.dll
0x00007ffef4450000 - 0x00007ffef4467000 	C:\WINDOWS\SYSTEM32\dhcpcsvc6.DLL
0x00007ffef4430000 - 0x00007ffef444d000 	C:\WINDOWS\SYSTEM32\dhcpcsvc.DLL
0x00007ffef9930000 - 0x00007ffef99fa000 	C:\WINDOWS\SYSTEM32\DNSAPI.dll
0x00007ffecfb40000 - 0x00007ffecfe08000 	C:\Users\neera\AppData\Local\Temp\io_grpc_netty_shaded_netty_tcnative_windows_x86_6417690448414334740904.dll
0x00007ffed0360000 - 0x00007ffed04f1000 	C:\Program Files\Java\jdk-19\bin\awt.dll
0x00007ffefcbf0000 - 0x00007ffefccbd000 	C:\WINDOWS\System32\OLEAUT32.dll
0x00007ffef7d60000 - 0x00007ffef7df1000 	C:\WINDOWS\SYSTEM32\apphelp.dll
0x00007ffef82d0000 - 0x00007ffef82ff000 	C:\WINDOWS\system32\DWMAPI.DLL
0x00007ffef7f10000 - 0x00007ffef7fae000 	C:\WINDOWS\system32\uxtheme.dll
0x00007ffed9710000 - 0x00007ffed9835000 	C:\WINDOWS\system32\opengl32.dll
0x00007ffeda260000 - 0x00007ffeda28c000 	C:\WINDOWS\SYSTEM32\GLU32.dll
0x00007ffefc9a0000 - 0x00007ffefcab5000 	C:\WINDOWS\System32\MSCTF.dll
0x00007ffefcac0000 - 0x00007ffefcbea000 	C:\WINDOWS\System32\ole32.dll
0x00007ffe90710000 - 0x00007ffe93941000 	D:\OpenCV\opencv\build\java\x64\opencv_java460.dll
0x00007ffedb890000 - 0x00007ffedb914000 	C:\WINDOWS\SYSTEM32\MF.dll
0x00007ffef4bb0000 - 0x00007ffef4d6c000 	C:\WINDOWS\SYSTEM32\MFPlat.DLL
0x00007ffecff70000 - 0x00007ffed007a000 	C:\WINDOWS\SYSTEM32\MFReadWrite.dll
0x00007ffefae60000 - 0x00007ffefaeae000 	C:\WINDOWS\System32\cfgmgr32.dll
0x00007ffecc9f0000 - 0x00007ffecce7e000 	C:\WINDOWS\SYSTEM32\MFCORE.DLL
0x00007ffefa3d0000 - 0x00007ffefa41b000 	C:\WINDOWS\SYSTEM32\powrprof.dll
0x00007ffef5680000 - 0x00007ffef5689000 	C:\WINDOWS\SYSTEM32\ksuser.dll
0x00007ffef4af0000 - 0x00007ffef4b24000 	C:\WINDOWS\SYSTEM32\RTWorkQ.DLL
0x00007ffefa3b0000 - 0x00007ffefa3c2000 	C:\WINDOWS\SYSTEM32\UMPDC.dll
0x00007ffee7aa0000 - 0x00007ffee7ace000 	C:\Program Files\Java\jdk-19\bin\javajpeg.dll
0x00007ffee3270000 - 0x00007ffee32f6000 	C:\Program Files\Java\jdk-19\bin\freetype.dll
0x00007ffed8640000 - 0x00007ffed8705000 	C:\Program Files\Java\jdk-19\bin\fontmanager.dll
0x00007ffefbde0000 - 0x00007ffefbe8f000 	C:\WINDOWS\System32\clbcatq.dll
0x00007ffef3ce0000 - 0x00007ffef3e94000 	C:\WINDOWS\SYSTEM32\WindowsCodecs.dll
0x00007ffed8840000 - 0x00007ffed887e000 	C:\WINDOWS\system32\dataexchange.dll
0x00007ffef6200000 - 0x00007ffef6463000 	C:\WINDOWS\system32\d3d11.dll
0x00007ffef7140000 - 0x00007ffef7323000 	C:\WINDOWS\system32\dcomp.dll
0x00007ffef8de0000 - 0x00007ffef8ed3000 	C:\WINDOWS\system32\dxgi.dll
0x00007ffef3f80000 - 0x00007ffef4180000 	C:\WINDOWS\system32\twinapi.appcore.dll
0x00007ffeefce0000 - 0x00007ffeefdd9000 	C:\WINDOWS\SYSTEM32\textinputframework.dll
0x00007ffef76b0000 - 0x00007ffef7a0e000 	C:\WINDOWS\System32\CoreUIComponents.dll
0x00007ffef7a10000 - 0x00007ffef7b02000 	C:\WINDOWS\System32\CoreMessaging.dll
0x00007ffef9640000 - 0x00007ffef9673000 	C:\WINDOWS\SYSTEM32\ntmarta.dll
0x00007ffef6e90000 - 0x00007ffef6fe4000 	C:\WINDOWS\SYSTEM32\wintypes.dll
0x00007ffef35a0000 - 0x00007ffef35d7000 	C:\WINDOWS\SYSTEM32\CompPkgSup.DLL
0x00007ffe99a60000 - 0x00007ffe9a186000 	C:\Windows\System32\Windows.Media.dll
0x00007ffef2430000 - 0x00007ffef2516000 	C:\Windows\System32\Windows.ApplicationModel.dll
0x00007ffee7a30000 - 0x00007ffee7a9d000 	C:\Windows\System32\FrameServerClient.dll
0x00007ffeda920000 - 0x00007ffeda987000 	C:\Windows\System32\MFSENSORGROUP.dll
0x00007ffef41e0000 - 0x00007ffef42d7000 	C:\Windows\System32\AppXDeploymentClient.dll
0x00007ffef4960000 - 0x00007ffef496a000 	C:\WINDOWS\SYSTEM32\AVRT.dll
0x00007ffeec7c0000 - 0x00007ffeec7cd000 	C:\Windows\System32\vidcap.ax
0x00007ffee3580000 - 0x00007ffee35a7000 	C:\Windows\System32\kswdmcap.ax
0x00007ffecc880000 - 0x00007ffecc9ec000 	C:\Windows\System32\MFC42.dll
0x00007ffee0700000 - 0x00007ffee0846000 	C:\Windows\System32\Windows.StateRepositoryPS.dll
0x00007ffec3310000 - 0x00007ffec34b0000 	C:\Program Files\Intel\Media SDK\mfx_mft_mjpgvd_64.dll
0x00007ffef6080000 - 0x00007ffef6176000 	C:\WINDOWS\SYSTEM32\PROPSYS.dll
0x00007ffee6060000 - 0x00007ffee610c000 	C:\WINDOWS\SYSTEM32\TextShaping.dll
0x00007ffef02f0000 - 0x00007ffef032b000 	C:\WINDOWS\SYSTEM32\dxcore.dll
0x00007ffee39a0000 - 0x00007ffee39bd000 	C:\Windows\System32\mfmjpegdec.dll
0x00007ffeb3450000 - 0x00007ffeb357d000 	C:\Windows\System32\mfperfhelper.dll
0x00007ffeb2f10000 - 0x00007ffeb3070000 	C:\WINDOWS\System32\msvproc.dll
0x00007ffee38c0000 - 0x00007ffee38da000 	C:\WINDOWS\SYSTEM32\OpenCL.dll
0x00007ffed10d0000 - 0x00007ffed1137000 	C:\WINDOWS\SYSTEM32\IntelOpenCL64.dll
0x00007ffec3140000 - 0x00007ffec3302000 	C:\Program Files (x86)\Common Files\Intel\OpenCL\bin\x64\intelocl64.dll
0x00007ffecf780000 - 0x00007ffecf81d000 	C:\Program Files (x86)\Common Files\Intel\OpenCL\bin\x64\task_executor64.dll
0x00007ffeceee0000 - 0x00007ffecefb8000 	C:\Program Files (x86)\Common Files\Intel\OpenCL\bin\x64\cpu_device64.dll
0x00007ffea8e60000 - 0x00007ffea9321000 	C:\WINDOWS\SYSTEM32\igdrcl64.dll
0x00007ffed9140000 - 0x00007ffed9183000 	C:\WINDOWS\SYSTEM32\igdfcl64.dll
0x00007ffe98cc0000 - 0x00007ffe99236000 	C:\WINDOWS\SYSTEM32\igdmcl64.dll
0x00007ffecff00000 - 0x00007ffecff6d000 	C:\WINDOWS\SYSTEM32\igdbcl64.dll
0x00007ffeecbb0000 - 0x00007ffeed5ef000 	C:\WINDOWS\SYSTEM32\igdusc64.dll

dbghelp: loaded successfully - version: 4.0.5 - missing functions: none
symbol engine: initialized successfully - sym options: 0x614 - pdb path: .;C:\Program Files\Java\jdk-19\bin;C:\WINDOWS\SYSTEM32;C:\WINDOWS\WinSxS\amd64_microsoft.windows.common-controls_6595b64144ccf1df_6.0.19041.1110_none_60b5254171f9507e;C:\Program Files\Java\jdk-19\bin\server;C:\Program Files\JetBrains\IntelliJ IDEA 2022.3.1\bin;C:\Users\neera\AppData\Local\Temp;D:\OpenCV\opencv\build\java\x64;C:\Program Files\Intel\Media SDK;C:\Program Files (x86)\Common Files\Intel\OpenCL\bin\x64

VM Arguments:
jvm_args: -Djava.library.path=D:\OpenCV\opencv\build\java\x64 -javaagent:C:\Program Files\JetBrains\IntelliJ IDEA 2022.3.1\lib\idea_rt.jar=52067:C:\Program Files\JetBrains\IntelliJ IDEA 2022.3.1\bin -Dfile.encoding=UTF-8 -Dsun.stdout.encoding=UTF-8 -Dsun.stderr.encoding=UTF-8 
java_command: org.example.AddNewUser
java_class_path (initial): C:\Users\neera\IdeaProjects\charAll\target\classes;C:\Users\neera\.m2\repository\com\google\firebase\firebase-admin\9.1.1\firebase-admin-9.1.1.jar;C:\Users\neera\.m2\repository\com\google\api-client\google-api-client\2.0.0\google-api-client-2.0.0.jar;C:\Users\neera\.m2\repository\com\google\oauth-client\google-oauth-client\1.34.1\google-oauth-client-1.34.1.jar;C:\Users\neera\.m2\repository\com\google\http-client\google-http-client-gson\1.42.1\google-http-client-gson-1.42.1.jar;C:\Users\neera\.m2\repository\com\google\http-client\google-http-client-apache-v2\1.42.1\google-http-client-apache-v2-1.42.1.jar;C:\Users\neera\.m2\repository\org\apache\httpcomponents\httpcore\4.4.15\httpcore-4.4.15.jar;C:\Users\neera\.m2\repository\org\apache\httpcomponents\httpclient\4.5.13\httpclient-4.5.13.jar;C:\Users\neera\.m2\repository\com\google\api-client\google-api-client-gson\2.0.0\google-api-client-gson-2.0.0.jar;C:\Users\neera\.m2\repository\com\google\http-client\google-http-client\1.42.2\google-http-client-1.42.2.jar;C:\Users\neera\.m2\repository\com\google\code\findbugs\jsr305\3.0.2\jsr305-3.0.2.jar;C:\Users\neera\.m2\repository\com\google\j2objc\j2objc-annotations\1.3\j2objc-annotations-1.3.jar;C:\Users\neera\.m2\repository\io\opencensus\opencensus-api\0.31.1\opencensus-api-0.31.1.jar;C:\Users\neera\.m2\repository\io\opencensus\opencensus-contrib-http-util\0.31.1\opencensus-contrib-http-util-0.31.1.jar;C:\Users\neera\.m2\repository\com\google\api\api-common\2.2.1\api-common-2.2.1.jar;C:\Users\neera\.m2\repository\javax\annotation\javax.annotation-api\1.3.2\javax.annotation-api-1.3.2.jar;C:\Users\neera\.m2\repository\com\google\auto\value\auto-value-annotations\1.9\auto-value-annotations-1.9.jar;C:\Users\neera\.m2\repository\com\google\auth\google-auth-library-oauth2-http\1.12.1\google-auth-library-oauth2-http-1.12.1.jar;C:\Users\neera\.m2\repository\com\google\auth\google-auth-library-credentials\1.12.1\google-auth-library-credentials-1.12.1.jar;C:\Users\neera\.m2\repository\com\google\cloud\google-cloud-storage\2.14.0\google-cloud-storage-2.14.0.jar;C:\Users\neera\.m2\repository\com\google\guava\failureaccess\1.0.1\failureaccess-1.0.1.jar;C:\Users\neera\.m2\repository\com\google\guava\listenablefuture\9999.0-empty-to-avoid-conflict-with-guava\listenablefuture-9999.0-empty-to-avoid-conflict-with-guava.jar;C:\Users\neera\.m2\repository\com\google\http-client\google-http-client-jackson2\1.42.2\google-http-client-jackson2-1.42.2.jar;C:\Users\neera\.m2\repository\com\google\apis\google-api-services-storage\v1-rev20220705-2.0.0\google-api-services-storage-v1-rev20220705-2.0.0.jar;C:\Users\neera\.m2\repository\com\google\code\gson\gson\2.9.1\gson-2.9.1.jar;C:\Users\neera\.m2\repository\com\google\cloud\google-cloud-core\2.8.22\google-cloud-core-2.8.22.jar;C:\Users\neera\.m2\repository\com\google\cloud\google-cloud-core-http\2.8.22\google-cloud-core-http-2.8.22.jar;C:\Users\neera\.m2\repository\com\google\http-client\google-http-client-appengine\1.42.2\google-http-client-appengine-1.42.2.jar;C:\Users\neera\.m2\repository\com\google\api\gax-httpjson\0.104.4\gax-httpjson-0.104.4.jar;C:\Users\neera\.m2\repository\com\google\cloud\google-cloud-core-grpc\2.8.22\google-cloud-core-grpc-2.8.22.jar;C:\Users\neera\.m2\repository\io\grpc\grpc-core\1.50.1\grpc-core-1.50.1.jar;C:\Users\neera\.m2\repository\com\google\android\annotations\4.1.1.4\annotations-4.1.1.4.jar;C:\Users\neera\.m2\repository\org\codehaus\mojo\animal-sniffer-annotations\1.22\animal-sniffer-annotations-1.22.jar;C:\Users\neera\.m2\repository\com\google\api\gax\2.19.4\gax-2.19.4.jar;C:\Users\neera\.m2\repository\com\google\api\gax-grpc\2.19.4\gax-grpc-2.19.4.jar;C:\Users\neera\.m2\repository\io\grpc\grpc-alts\1.50.1\grpc-alts-1.50.1.jar;C:\Users\neera\.m2\repository\io\grpc\grpc-grpclb\1.50.1\grpc-grpclb-1.50.1.jar;C:\Users\neera\.m2\repository\org\conscrypt\conscrypt-openjdk-uber\2.5.2\conscrypt-openjdk-uber-2.5.2.jar;C:\Users\neera\.m2\repository\io\grpc\grpc-context\1.50.1\grpc-context-1.50.1.jar;C:\Users\neera\.m2\repository\com\google\api\grpc\proto-google-iam-v1\1.6.4\proto-google-iam-v1-1.6.4.jar;C:\Users\neera\.m2\repository\com\google\protobuf\protobuf-java\3.21.8\protobuf-java-3.21.8.jar;C:\Users\neera\.m2\repository\com\google\protobuf\protobuf-java-util\3.21.8\protobuf-java-util-3.21.8.jar;C:\Users\neera\.m2\repository\com\google\api\grpc\proto-google-common-protos\2.9.6\proto-google-common-protos-2.9.6.jar;C:\Users\neera\.m2\repository\org\threeten\threetenbp\1.6.3\threetenbp-1.6.3.jar;C:\Users\neera\.m2\repository\com\google\api\grpc\proto-google-cloud-storage-v2\2.14.0-alpha\proto-google-cloud-storage-v2-2.14.0-alpha.jar;C:\Users\neera\.m2\repository\com\google\api\grpc\grpc-google-cloud-storage-v2\2.14.0-alpha\grpc-google-cloud-storage-v2-2.14.0-alpha.jar;C:\Users\neera\.m2\repository\io\grpc\grpc-protobuf\1.50.1\grpc-protobuf-1.50.1.jar;C:\Users\neera\.m2\repository\com\google\api\grpc\gapic-google-cloud-storage-v2\2.14.0-alpha\gapic-google-cloud-storage-v2-2.14.0-alpha.jar;C:\Users\neera\.m2\repository\com\fasterxml\jackson\core\jackson-core\2.13.4\jackson-core-2.13.4.jar;C:\Users\neera\.m2\repository\io\grpc\grpc-api\1.50.1\grpc-api-1.50.1.jar;C:\Users\neera\.m2\repository\io\grpc\grpc-netty-shaded\1.50.1\grpc-netty-shaded-1.50.1.jar;C:\Users\neera\.m2\repository\io\perfmark\perfmark-api\0.25.0\perfmark-api-0.25.0.jar;C:\Users\neera\.m2\repository\io\grpc\grpc-auth\1.50.1\grpc-auth-1.50.1.jar;C:\Users\neera\.m2\repository\io\grpc\grpc-stub\1.50.1\grpc-stub-1.50.1.jar;C:\Users\neera\.m2\repository\io\grpc\grpc-googleapis\1.50.1\grpc-googleapis-1.50.1.jar;C:\Users\neera\.m2\repository\org\checkerframework\checker-qual\3.26.0\checker-qual-3.26.0.jar;C:\Users\neera\.m2\repository\io\grpc\grpc-xds\1.50.1\grpc-xds-1.50.1.jar;C:\Users\neera\.m2\repository\io\opencensus\opencensus-proto\0.2.0\opencensus-proto-0.2.0.jar;C:\Users\neera\.m2\repository\io\grpc\grpc-services\1.50.1\grpc-services-1.50.1.jar;C:\Users\neera\.m2\repository\com\google\re2j\re2j\1.6\re2j-1.6.jar;C:\Users\neera\.m2\repository\com\google\api\grpc\grpc-google-iam-v1\1.6.4\grpc-google-iam-v1-1.6.4.jar;C:\Users\neera\.m2\repository\io\grpc\grpc-protobuf-lite\1.50.1\grpc-protobuf-lite-1.50.1.jar;C:\Users\neera\.m2\repository\com\google\cloud\google-cloud-firestore\3.7.0\google-cloud-firestore-3.7.0.jar;C:\Users\neera\.m2\repository\commons-logging\commons-logging\1.2\commons-logging-1.2.jar;C:\Users\neera\.m2\repository\commons-codec\commons-codec\1.15\commons-codec-1.15.jar;C:\Users\neera\.m2\repository\com\google\api\grpc\proto-google-cloud-firestore-v1\3.7.0\proto-google-cloud-firestore-v1-3.7.0.jar;C:\Users\neera\.m2\repository\com\google\cloud\proto-google-cloud-firestore-bundle-v1\3.7.0\proto-google-cloud-firestore-bundle-v1-3.7.0.jar;C:\Users\neera\.m2\repository\io\opencensus\opencensus-contrib-grpc-util\0.31.1\opencensus-contrib-grpc-util-0.31.1.jar;C:\Users\neera\.m2\repository\com\google\errorprone\error_prone_annotations\2.16\error_prone_annotations-2.16.jar;C:\Users\neera\.m2\repository\com\google\guava\guava\31.1-jre\guava-31.1-jre.jar;C:\Users\neera\.m2\repository\org\slf4j\slf4j-api\2.0.3\slf4j-api-2.0.3.jar;C:\Users\neera\.m2\repository\io\netty\netty-codec-http\4.1.84.Final\netty-codec-http-4.1.84.Final.jar;C:\Users\neera\.m2\repository\io\netty\netty-common\4.1.84.Final\netty-common-4.1.84.Final.jar;C:\Users\neera\.m2\repository\io\netty\netty-buffer\4.1.84.Final\netty-buffer-4.1.84.Final.jar;C:\Users\neera\.m2\repository\io\netty\netty-codec\4.1.84.Final\netty-codec-4.1.84.Final.jar;C:\Users\neera\.m2\repository\io\netty\netty-handler\4.1.84.Final\netty-handler-4.1.84.Final.jar;C:\Users\neera\.m2\repository\io\netty\netty-resolver\4.1.84.Final\netty-resolver-4.1.84.Final.jar;C:\Users\neera\.m2\repository\io\netty\netty-transport-native-unix-common\4.1.84.Final\netty-transport-native-unix-common-4.1.84.Final.jar;C:\Users\neera\.m2\repository\io\netty\netty-transport\4.1.84.Final\netty-transport-4.1.84.Final.jar;C:\Users\neera\.m2\repository\org\bytedeco\javacv-platform\1.3.3\javacv-platform-1.3.3.jar;C:\Users\neera\.m2\repository\org\bytedeco\javacpp\1.3.3\javacpp-1.3.3.jar;C:\Users\neera\.m2\repository\org\bytedeco\javacv\1.3.3\javacv-1.3.3.jar;C:\Users\neera\.m2\repository\org\bytedeco\javacpp-presets\opencv\3.2.0-1.3\opencv-3.2.0-1.3.jar;C:\Users\neera\.m2\repository\org\bytedeco\javacpp-presets\ffmpeg\3.2.1-1.3\ffmpeg-3.2.1-1.3.jar;C:\Users\neera\.m2\repository\org\bytedeco\javacpp-presets\flycapture\2.9.3.43-1.3\flycapture-2.9.3.43-1.3.jar;C:\Users\neera\.m2\repository\org\bytedeco\javacpp-presets\libdc1394\2.2.4-1.3\libdc1394-2.2.4-1.3.jar;C:\Users\neera\.m2\repository\org\bytedeco\javacpp-presets\libfreenect\0.5.3-1.3\libfreenect-0.5.3-1.3.jar;C:\Users\neera\.m2\repository\org\bytedeco\javacpp-presets\libfreenect2\0.2.0-1.3\libfreenect2-0.2.0-1.3.jar;C:\Users\neera\.m2\repository\org\bytedeco\javacpp-presets\librealsense\1.9.6-1.3\librealsense-1.9.6-1.3.jar;C:\Users\neera\.m2\repository\org\bytedeco\javacpp-presets\videoinput\0.200-1.3\videoinput-0.200-1.3.jar;C:\Users\neera\.m2\repository\org\bytedeco\javacpp-presets\artoolkitplus\2.3.1-1.3\artoolkitplus-2.3.1-1.3.jar;C:\Users\neera\.m2\repository\org\bytedeco\javacpp-presets\flandmark\1.07-1.3\flandmark-1.07-1.3.jar;C:\Users\neera\.m2\repository\org\bytedeco\javacpp-presets\opencv-platform\3.2.0-1.3\opencv-platform-3.2.0-1.3.jar;C:\Users\neera\.m2\repository\org\bytedeco\javacpp-presets\opencv\3.2.0-1.3\opencv-3.2.0-1.3-android-arm.jar;C:\Users\neera\.m2\repository\org\bytedeco\javacpp-presets\opencv\3.2.0-1.3\opencv-3.2.0-1.3-android-x86.jar;C:\Users\neera\.m2\repository\org\bytedeco\javacpp-presets\opencv\3.2.0-1.3\opencv-3.2.0-1.3-linux-x86.jar;C:\Users\neera\.m2\repository\org\bytedeco\javacpp-presets\opencv\3.2.0-1.3\opencv-3.2.0-1.3-linux-x86_64.jar;C:\Users\neera\.m2\repository\org\bytedeco\javacpp-presets\opencv\3.2.0-1.3\opencv-3.2.0-1.3-linux-armhf.jar;C:\Users\neera\.m2\repository\org\bytedeco\javacpp-presets\opencv\3.2.0-1.3\opencv-3.2.0-1.3-linux-ppc64le.jar;C:\Users\neera\.m2\repository\org\bytedeco\javacpp-presets\opencv\3.2.0-1.3\opencv-3.2.0-1.3-macosx-x86_64.jar;C:\Users\neera\.m2\repository\org\bytedeco\javacpp-presets\opencv\3.2.0-1.3\opencv-3.2.0-1.3-windows-x86.jar;C:\Users\neera\.m2\repository\org\bytedeco\javacpp-presets\opencv\3.2.0-1.3\opencv-3.2.0-1.3-windows-x86_64.jar;C:\Users\neera\.m2\repository\org\bytedeco\javacpp-presets\ffmpeg-platform\3.2.1-1.3\ffmpeg-platform-3.2.1-1.3.jar;C:\Users\neera\.m2\repository\org\bytedeco\javacpp-presets\ffmpeg\3.2.1-1.3\ffmpeg-3.2.1-1.3-android-arm.jar;C:\Users\neera\.m2\repository\org\bytedeco\javacpp-presets\ffmpeg\3.2.1-1.3\ffmpeg-3.2.1-1.3-android-x86.jar;C:\Users\neera\.m2\repository\org\bytedeco\javacpp-presets\ffmpeg\3.2.1-1.3\ffmpeg-3.2.1-1.3-linux-x86.jar;C:\Users\neera\.m2\repository\org\bytedeco\javacpp-presets\ffmpeg\3.2.1-1.3\ffmpeg-3.2.1-1.3-linux-x86_64.jar;C:\Users\neera\.m2\repository\org\bytedeco\javacpp-presets\ffmpeg\3.2.1-1.3\ffmpeg-3.2.1-1.3-linux-armhf.jar;C:\Users\neera\.m2\repository\org\bytedeco\javacpp-presets\ffmpeg\3.2.1-1.3\ffmpeg-3.2.1-1.3-linux-ppc64le.jar;C:\Users\neera\.m2\repository\org\bytedeco\javacpp-presets\ffmpeg\3.2.1-1.3\ffmpeg-3.2.1-1.3-macosx-x86_64.jar;C:\Users\neera\.m2\repository\org\bytedeco\javacpp-presets\ffmpeg\3.2.1-1.3\ffmpeg-3.2.1-1.3-windows-x86.jar;C:\Users\neera\.m2\repository\org\bytedeco\javacpp-presets\ffmpeg\3.2.1-1.3\ffmpeg-3.2.1-1.3-windows-x86_64.jar;C:\Users\neera\.m2\repository\org\bytedeco\javacpp-presets\flycapture-platform\2.9.3.43-1.3\flycapture-platform-2.9.3.43-1.3.jar;C:\Users\neera\.m2\repository\org\bytedeco\javacpp-presets\flycapture\2.9.3.43-1.3\flycapture-2.9.3.43-1.3-linux-x86.jar;C:\Users\neera\.m2\repository\org\bytedeco\javacpp-presets\flycapture\2.9.3.43-1.3\flycapture-2.9.3.43-1.3-linux-x86_64.jar;C:\Users\neera\.m2\repository\org\bytedeco\javacpp-presets\flycapture\2.9.3.43-1.3\flycapture-2.9.3.43-1.3-linux-armhf.jar;C:\Users\neera\.m2\repository\org\bytedeco\javacpp-presets\flycapture\2.9.3.43-1.3\flycapture-2.9.3.43-1.3-windows-x86.jar;C:\Users\neera\.m2\repository\org\bytedeco\javacpp-presets\flycapture\2.9.3.43-1.3\flycapture-2.9.3.43-1.3-windows-x86_64.jar;C:\Users\neera\.m2\repository\org\bytedeco\javacpp-presets\libdc1394-platform\2.2.4-1.3\libdc1394-platform-2.2.4-1.3.jar;C:\Users\neera\.m2\repository\org\bytedeco\javacpp-presets\libdc1394\2.2.4-1.3\libdc1394-2.2.4-1.3-linux-x86.jar;C:\Users\neera\.m2\repository\org\bytedeco\javacpp-presets\libdc1394\2.2.4-1.3\libdc1394-2.2.4-1.3-linux-x86_64.jar;C:\Users\neera\.m2\repository\org\bytedeco\javacpp-presets\libdc1394\2.2.4-1.3\libdc1394-2.2.4-1.3-linux-armhf.jar;C:\Users\neera\.m2\repository\org\bytedeco\javacpp-presets\libdc1394\2.2.4-1.3\libdc1394-2.2.4-1.3-linux-ppc64le.jar;C:\Users\neera\.m2\repository\org\bytedeco\javacpp-presets\libdc1394\2.2.4-1.3\libdc1394-2.2.4-1.3-macosx-x86_64.jar;C:\Users\neera\.m2\repository\org\bytedeco\javacpp-presets\libdc1394\2.2.4-1.3\libdc1394-2.2.4-1.3-windows-x86.jar;C:\Users\neera\.m2\repository\org\bytedeco\javacpp-presets\libdc1394\2.2.4-1.3\libdc1394-2.2.4-1.3-windows-x86_64.jar;C:\Users\neera\.m2\repository\org\bytedeco\javacpp-presets\libfreenect-platform\0.5.3-1.3\libfreenect-platform-0.5.3-1.3.jar;C:\Users\neera\.m2\repository\org\bytedeco\javacpp-presets\libfreenect\0.5.3-1.3\libfreenect-0.5.3-1.3-linux-x86.jar;C:\Users\neera\.m2\repository\org\bytedeco\javacpp-presets\libfreenect\0.5.3-1.3\libfreenect-0.5.3-1.3-linux-x86_64.jar;C:\Users\neera\.m2\repository\org\bytedeco\javacpp-presets\libfreenect\0.5.3-1.3\libfreenect-0.5.3-1.3-linux-armhf.jar;C:\Users\neera\.m2\repository\org\bytedeco\javacpp-presets\libfreenect\0.5.3-1.3\libfreenect-0.5.3-1.3-linux-ppc64le.jar;C:\Users\neera\.m2\repository\org\bytedeco\javacpp-presets\libfreenect\0.5.3-1.3\libfreenect-0.5.3-1.3-macosx-x86_64.jar;C:\Users\neera\.m2\repository\org\bytedeco\javacpp-presets\libfreenect\0.5.3-1.3\libfreenect-0.5.3-1.3-windows-x86.jar;C:\Users\neera\.m2\repository\org\bytedeco\javacpp-presets\libfreenect\0.5.3-1.3\libfreenect-0.5.3-1.3-windows-x86_64.jar;C:\Users\neera\.m2\repository\org\bytedeco\javacpp-presets\libfreenect2-platform\0.2.0-1.3\libfreenect2-platform-0.2.0-1.3.jar;C:\Users\neera\.m2\repository\org\bytedeco\javacpp-presets\libfreenect2\0.2.0-1.3\libfreenect2-0.2.0-1.3-linux-x86.jar;C:\Users\neera\.m2\repository\org\bytedeco\javacpp-presets\libfreenect2\0.2.0-1.3\libfreenect2-0.2.0-1.3-linux-x86_64.jar;C:\Users\neera\.m2\repository\org\bytedeco\javacpp-presets\librealsense-platform\1.9.6-1.3\librealsense-platform-1.9.6-1.3.jar;C:\Users\neera\.m2\repository\org\bytedeco\javacpp-presets\librealsense\1.9.6-1.3\librealsense-1.9.6-1.3-linux-x86.jar;C:\Users\neera\.m2\repository\org\bytedeco\javacpp-presets\librealsense\1.9.6-1.3\librealsense-1.9.6-1.3-linux-x86_64.jar;C:\Users\neera\.m2\repository\org\bytedeco\javacpp-presets\videoinput-platform\0.200-1.3\videoinput-platform-0.200-1.3.jar;C:\Users\neera\.m2\repository\org\bytedeco\javacpp-presets\videoinput\0.200-1.3\videoinput-0.200-1.3-windows-x86.jar;C:\Users\neera\.m2\repository\org\bytedeco\javacpp-presets\videoinput\0.200-1.3\videoinput-0.200-1.3-windows-x86_64.jar;C:\Users\neera\.m2\repository\org\bytedeco\javacpp-presets\artoolkitplus-platform\2.3.1-1.3\artoolkitplus-platform-2.3.1-1.3.jar;C:\Users\neera\.m2\repository\org\bytedeco\javacpp-presets\artoolkitplus\2.3.1-1.3\artoolkitplus-2.3.1-1.3-android-arm.jar;C:\Users\neera\.m2\repository\org\bytedeco\javacpp-presets\artoolkitplus\2.3.1-1.3\artoolkitplus-2.3.1-1.3-android-x86.jar;C:\Users\neera\.m2\repository\org\bytedeco\javacpp-presets\artoolkitplus\2.3.1-1.3\artoolkitplus-2.3.1-1.3-linux-x86.jar;C:\Users\neera\.m2\repository\org\bytedeco\javacpp-presets\artoolkitplus\2.3.1-1.3\artoolkitplus-2.3.1-1.3-linux-x86_64.jar;C:\Users\neera\.m2\repository\org\bytedeco\javacpp-presets\artoolkitplus\2.3.1-1.3\artoolkitplus-2.3.1-1.3-linux-armhf.jar;C:\Users\neera\.m2\repository\org\bytedeco\javacpp-presets\artoolkitplus\2.3.1-1.3\artoolkitplus-2.3.1-1.3-linux-ppc64le.jar;C:\Users\neera\.m2\repository\org\bytedeco\javacpp-presets\artoolkitplus\2.3.1-1.3\artoolkitplus-2.3.1-1.3-macosx-x86_64.jar;C:\Users\neera\.m2\repository\org\bytedeco\javacpp-presets\artoolkitplus\2.3.1-1.3\artoolkitplus-2.3.1-1.3-windows-x86.jar;C:\Users\neera\.m2\repository\org\bytedeco\javacpp-presets\artoolkitplus\2.3.1-1.3\artoolkitplus-2.3.1-1.3-windows-x86_64.jar;C:\Users\neera\.m2\repository\org\bytedeco\javacpp-presets\flandmark-platform\1.07-1.3\flandmark-platform-1.07-1.3.jar;C:\Users\neera\.m2\repository\org\bytedeco\javacpp-presets\flandmark\1.07-1.3\flandmark-1.07-1.3-android-arm.jar;C:\Users\neera\.m2\repository\org\bytedeco\javacpp-presets\flandmark\1.07-1.3\flandmark-1.07-1.3-android-x86.jar;C:\Users\neera\.m2\repository\org\bytedeco\javacpp-presets\flandmark\1.07-1.3\flandmark-1.07-1.3-linux-x86.jar;C:\Users\neera\.m2\repository\org\bytedeco\javacpp-presets\flandmark\1.07-1.3\flandmark-1.07-1.3-linux-x86_64.jar;C:\Users\neera\.m2\repository\org\bytedeco\javacpp-presets\flandmark\1.07-1.3\flandmark-1.07-1.3-linux-armhf.jar;C:\Users\neera\.m2\repository\org\bytedeco\javacpp-presets\flandmark\1.07-1.3\flandmark-1.07-1.3-linux-ppc64le.jar;C:\Users\neera\.m2\repository\org\bytedeco\javacpp-presets\flandmark\1.07-1.3\flandmark-1.07-1.3-macosx-x86_64.jar;C:\Users\neera\.m2\repository\org\bytedeco\javacpp-presets\flandmark\1.07-1.3\flandmark-1.07-1.3-windows-x86.jar;C:\Users\neera\.m2\repository\org\bytedeco\javacpp-presets\flandmark\1.07-1.3\flandmark-1.07-1.3-windows-x86_64.jar;D:\OpenCV\opencv\build\java\opencv-460.jar
Launcher Type: SUN_STANDARD

[Global flags]
     intx CICompilerCount                          = 3                                         {product} {ergonomic}
     uint ConcGCThreads                            = 1                                         {product} {ergonomic}
     uint G1ConcRefinementThreads                  = 4                                         {product} {ergonomic}
   size_t G1HeapRegionSize                         = 1048576                                   {product} {ergonomic}
    uintx GCDrainStackTargetSize                   = 64                                        {product} {ergonomic}
   size_t InitialHeapSize                          = 134217728                                 {product} {ergonomic}
   size_t MarkStackSize                            = 4194304                                   {product} {ergonomic}
   size_t MaxHeapSize                              = 2128609280                                {product} {ergonomic}
   size_t MaxNewSize                               = 1277165568                                {product} {ergonomic}
   size_t MinHeapDeltaBytes                        = 1048576                                   {product} {ergonomic}
   size_t MinHeapSize                              = 8388608                                   {product} {ergonomic}
    uintx NonNMethodCodeHeapSize                   = 5832780                                {pd product} {ergonomic}
    uintx NonProfiledCodeHeapSize                  = 122912730                              {pd product} {ergonomic}
    uintx ProfiledCodeHeapSize                     = 122912730                              {pd product} {ergonomic}
    uintx ReservedCodeCacheSize                    = 251658240                              {pd product} {ergonomic}
     bool SegmentedCodeCache                       = true                                      {product} {ergonomic}
   size_t SoftMaxHeapSize                          = 2128609280                             {manageable} {ergonomic}
     bool UseCompressedClassPointers               = true                           {product lp64_product} {ergonomic}
     bool UseCompressedOops                        = true                           {product lp64_product} {ergonomic}
     bool UseG1GC                                  = true                                      {product} {ergonomic}
     bool UseLargePagesIndividualAllocation        = false                                  {pd product} {ergonomic}

Logging:
Log output configuration:
 #0: stdout all=off uptime,level,tags foldmultilines=false
 #1: stderr all=off uptime,level,tags foldmultilines=false

Environment Variables:
JAVA_HOME=C:\Program Files\Java\jdk1.8.0_202
PATH=C:\Program Files\Common Files\Oracle\Java\javapath;C:\Program Files (x86)\Common Files\Oracle\Java\javapath;C:\WINDOWS\system32;C:\WINDOWS;C:\WINDOWS\System32\Wbem;C:\WINDOWS\System32\WindowsPowerShell\v1.0\;C:\WINDOWS\System32\OpenSSH\;C:\Program Files\Git\cmd;D:\opencv\opencv\build\bin;C:\Program Files\nodejs\;C:\Users\neera\AppData\Local\Programs\Python\Python38;D:\com\googlecode\javacv\cpp\windows-x86_64;D:\OpenCV\opencv\build\java\x64;C:\Program Files\Java\jdk1.8.0_202\bin;C:\Program Files\Java\jdk-11.0.16.1\bin;C:\Program Files\Java\jdk-19\bin;C:\Program Files\Java\jre1.8.0_351\bin;;C:\Program Files\Docker\Docker\resources\bin;C:\Program Files\Java\jdk1.8.0_202/bin;C:\Program Files\Common Files\Oracle\Java\javapath;C:\Program Files (x86)\Common Files\Oracle\Java\javapath;C:\WINDOWS\system32;C:\WINDOWS;C:\WINDOWS\System32\Wbem;C:\WINDOWS\System32\WindowsPowerShell\v1.0\;C:\WINDOWS\System32\OpenSSH\;C:\Program Files\Git\cmd;D:\opencv\opencv\build\bin;C:\Program Files\nodejs\;C:\Users\neera\AppData\Local\Programs\Python\Python38;D:\com\googlecode\javacv\cpp\windows-x86_64;D:\OpenCV\opencv\build\java\x64;C:\Program Files\Java\jdk1.8.0_202\bin;C:\Program Files\Java\jdk-11.0.16.1\bin;C:\Program Files\Java\jdk-19\bin;C:\Program Files\Java\jre1.8.0_351\bin;;C:\Program Files\Docker\Docker\resources\bin
USERNAME=neera
OS=Windows_NT
PROCESSOR_IDENTIFIER=Intel64 Family 6 Model 69 Stepping 1, GenuineIntel
TMP=C:\Users\neera\AppData\Local\Temp
TEMP=C:\Users\neera\AppData\Local\Temp



---------------  S Y S T E M  ---------------

OS:
 Windows 10 , 64 bit Build 19041 (10.0.19041.2364)
OS uptime: 0 days 10:36 hours
Hyper-V role detected

CPU: total 4 (initial active 4) (2 cores per cpu, 2 threads per core) family 6 model 69 stepping 1 microcode 0x25, cx8, cmov, fxsr, ht, mmx, sse, sse2, sse3, ssse3, sse4.1, sse4.2, popcnt, lzcnt, tsc, tscinvbit, avx, avx2, aes, erms, clmul, bmi1, bmi2, fma, vzeroupper, clflush, hv, rdtscp

Memory: 4k page, system-wide physical 8113M (1699M free)
TotalPageFile size 11697M (AvailPageFile size 1962M)
current process WorkingSet (physical memory assigned to process): 241M, peak: 457M
current process commit charge ("private bytes"): 339M, peak: 540M

vm_info: Java HotSpot(TM) 64-Bit Server VM (19.0.1+10-21) for windows-amd64 JRE (19.0.1+10-21), built on 2022-09-14T12:45:06Z by "mach5one" with MS VC++ 17.1 (VS2022)

END.
