#
# A fatal error has been detected by the Java Runtime Environment:
#
#  EXCEPTION_ACCESS_VIOLATION (0xc0000005) at pc=0x00007ffecd61faad, pid=13504, tid=1960
#
# JRE version: Java(TM) SE Runtime Environment (19.0.1+10) (build 19.0.1+10-21)
# Java VM: Java HotSpot(TM) 64-Bit Server VM (19.0.1+10-21, mixed mode, sharing, tiered, compressed oops, compressed class ptrs, g1 gc, windows-amd64)
# Problematic frame:
# C  [ntdll.dll+0x2faad]
#
# No core dump will be written. Minidumps are not enabled by default on client versions of Windows
#
# If you would like to submit a bug report, please visit:
#   https://bugreport.java.com/bugreport/crash.jsp
#

---------------  S U M M A R Y ------------

Command Line: -Djava.library.path=D:\OpenCV\opencv\build\java\x64 -javaagent:C:\Program Files\JetBrains\IntelliJ IDEA Community Edition 2022.3\lib\idea_rt.jar=55080:C:\Program Files\JetBrains\IntelliJ IDEA Community Edition 2022.3\bin -Dfile.encoding=UTF-8 -Dsun.stdout.encoding=UTF-8 -Dsun.stderr.encoding=UTF-8 com.raven.main.Main

Host: Intel(R) Core(TM) i7-4600U CPU @ 2.10GHz, 4 cores, 7G,  Windows 10 , 64 bit Build 19041 (10.0.19041.2546)
Time: Sat Mar 25 05:05:29 2023 India Standard Time elapsed time: 1409.901228 seconds (0d 0h 23m 29s)

---------------  T H R E A D  ---------------

Current thread (0x000001dc79a91f10):  VMThread "VM Thread" [stack: 0x0000009c69800000,0x0000009c69900000] [id=1960]

Stack: [0x0000009c69800000,0x0000009c69900000],  sp=0x0000009c698fefd0,  free space=1019k
Native frames: (J=compiled Java code, j=interpreted, Vv=VM code, C=native code)
C  [ntdll.dll+0x2faad]
C  [igdrcl64.dll+0x904e9]


siginfo: EXCEPTION_ACCESS_VIOLATION (0xc0000005), writing address 0x0000000000000018


Registers:
RAX=0x0000009c68c48000, RBX=0x0000009c698ff058, RCX=0x0000000000000010, RDX=0x0000000000000010
RSP=0x0000009c698fefd0, RBP=0x0000009c698ff580, RSI=0x00000000ffffffff, RDI=0x000001dc00db1970
R8 =0x000000000000003a, R9 =0x000000000000003a, R10=0x0000000000000038, R11=0x0000009c698ff070
R12=0x000001dc7dd4ac50, R13=0x0000000000000040, R14=0x000001dc7dd4b388, R15=0x0000009c698ff230
RIP=0x00007ffecd61faad, EFLAGS=0x0000000000010202


Register to memory mapping:

RIP=0x00007ffecd61faad ntdll.dll
RAX=0x0000009c68c48000 points into unknown readable memory: 0x0000000000000000 | 00 00 00 00 00 00 00 00
RBX=0x0000009c698ff058 points into unknown readable memory: 0x0000000000000010 | 10 00 00 00 00 00 00 00
RCX=0x0000000000000010 is an unknown value
RDX=0x0000000000000010 is an unknown value
RSP=0x0000009c698fefd0 points into unknown readable memory: 0x0000000000000000 | 00 00 00 00 00 00 00 00
RBP=0x0000009c698ff580 points into unknown readable memory: 0x0000009c698ff6c9 | c9 f6 8f 69 9c 00 00 00
RSI=
[error occurred during error reporting (printing register info), id 0xc0000005, EXCEPTION_ACCESS_VIOLATION (0xc0000005) at pc=0x00007ffe99802406]

Top of Stack: (sp=0x0000009c698fefd0)
0x0000009c698fefd0:   0000000000000000 00007ffecd000000
0x0000009c698fefe0:   0004000100040000 000001dc59b02002
0x0000009c698feff0:   0000000000000008 00007ffe956004e9
0x0000009c698ff000:   0000000000000000 0000000000000000
0x0000009c698ff010:   0000000000000000 000001dc59000000
0x0000009c698ff020:   0000000000000000 00007ffe955e8868
0x0000009c698ff030:   0000000000000000 0000000000000000
0x0000009c698ff040:   0000000000000000 00007ffec74cf3da
0x0000009c698ff050:   fffffffffffffffe 0000000000000010
0x0000009c698ff060:   0000ff692e19de01 00007ffec74cfbb5
0x0000009c698ff070:   000001dc0195e2f0 00007ffe955e2455
0x0000009c698ff080:   00007ffe9a0f72a0 000001dc00db1970
0x0000009c698ff090:   000001dc7e616fa0 00007ffecd615ba1
0x0000009c698ff0a0:   000001dc7e616fa0 00007ffe6f2300be
0x0000009c698ff0b0:   000001dc0195e2c0 0000000000000000
0x0000009c698ff0c0:   000001dc59910000 0000000000000004 

Instructions: (pc=0x00007ffecd61faad)
0x00007ffecd61f9ad:   48 b8 7f 7f 7f 7f 7f 7f 7f 7f 41 8b c8 48 0b cb
0x00007ffecd61f9bd:   48 23 c8 83 e6 1f 49 89 8c f4 40 a5 16 00 48 81
0x00007ffecd61f9cd:   c4 98 00 00 00 41 5f 41 5e 41 5d 41 5c 5f 5e 5b
0x00007ffecd61f9dd:   5d c3 cc 33 d2 41 8b c6 41 f7 f0 44 8b c8 e9 d6
0x00007ffecd61f9ed:   fc ff ff 41 8d 57 ff 41 85 d7 0f 84 93 38 08 00
0x00007ffecd61f9fd:   41 b8 00 10 00 00 41 b9 ff ff 00 00 e9 bc 38 08
0x00007ffecd61fa0d:   00 cc cc cc cc cc cc 48 8b c4 48 89 58 08 48 89
0x00007ffecd61fa1d:   68 10 48 89 70 18 48 89 78 20 41 56 48 83 ec 20
0x00007ffecd61fa2d:   40 8a ea 4c 8d 35 99 d1 13 00 48 8b f1 33 db 48
0x00007ffecd61fa3d:   8d 0d 9d d1 13 00 e8 58 00 00 00 4c 8b 05 81 d1
0x00007ffecd61fa4d:   13 00 4d 3b c6 0f 85 88 3b 08 00 48 85 db 75 33
0x00007ffecd61fa5d:   48 8d 0d 7c d1 13 00 e8 c7 f7 ff ff 48 85 db 0f
0x00007ffecd61fa6d:   85 a3 3b 08 00 33 c0 48 8b 5c 24 30 48 8b 6c 24
0x00007ffecd61fa7d:   38 48 8b 74 24 40 48 8b 7c 24 48 48 83 c4 20 41
0x00007ffecd61fa8d:   5e c3 cc f0 ff 43 3c eb c7 cc cc cc cc cc cc cc
0x00007ffecd61fa9d:   cc cc cc 48 83 ec 28 65 48 8b 04 25 30 00 00 00
0x00007ffecd61faad:   f0 0f ba 71 08 00 48 8b 40 48 73 13 48 89 41 10
0x00007ffecd61fabd:   33 c0 c7 41 0c 01 00 00 00 48 83 c4 28 c3 cc 48
0x00007ffecd61facd:   39 41 10 75 0b ff 41 0c 33 c0 48 83 c4 28 c3 cc
0x00007ffecd61fadd:   e8 0e 00 00 00 eb e2 cc cc cc cc cc cc cc cc cc
0x00007ffecd61faed:   cc cc cc 48 89 5c 24 18 55 56 57 41 54 41 55 41
0x00007ffecd61fafd:   56 41 57 48 83 ec 20 8b 41 20 48 8b f1 48 0f ba
0x00007ffecd61fb0d:   e0 1a 0f 82 df 01 00 00 33 ff 40 32 ed 66 83 3c
0x00007ffecd61fb1d:   25 6a 03 fe 7f 01 76 19 48 8b 7e 20 48 8b c7 81
0x00007ffecd61fb2d:   e7 ff ff ff 00 25 00 00 00 02 48 85 c0 40 0f 95
0x00007ffecd61fb3d:   c5 45 32 ff b0 01 45 32 e4 41 bd 01 00 00 00 45
0x00007ffecd61fb4d:   33 c0 ba 6a 03 fe 7f 84 c0 0f 84 14 01 00 00 8b
0x00007ffecd61fb5d:   46 08 4c 8d 4e 08 45 84 e4 41 be 03 00 00 00 45
0x00007ffecd61fb6d:   0f 44 f5 41 84 c5 0f 85 e2 00 00 00 8d 0c bf 03
0x00007ffecd61fb7d:   c9 66 44 39 2a 0f 86 e8 00 00 00 4d 85 c9 74 0e
0x00007ffecd61fb8d:   80 3c 25 97 02 fe 7f 00 0f 85 a9 3a 08 00 0f b7
0x00007ffecd61fb9d:   1c 25 d6 02 fe 7f 83 fb 0c 0f 85 a2 00 00 00 b8 


Stack slot to memory mapping:
stack at sp + 0 slots: 0x0 is NULL
stack at sp + 1 slots: 0x00007ffecd000000 SHELL32.dll
stack at sp + 2 slots: 0x0004000100040000 is an unknown value
stack at sp + 3 slots: 0x000001dc59b02002 points into unknown readable memory: 65 cd fe 7f 00 00
stack at sp + 4 slots: 0x0000000000000008 is an unknown value
stack at sp + 5 slots: 0x00007ffe956004e9 igdrcl64.dll
stack at sp + 6 slots: 0x0 is NULL
stack at sp + 7 slots: 0x0 is NULL

VM_Operation (0x0000009c68ffee40): Exit, mode: safepoint, requested by thread 0x000001dc7f172f50


---------------  P R O C E S S  ---------------

Threads class SMR info:
_java_thread_list=0x000001dc06dab7f0, length=27, elements={
0x000001dc79aae5f0, 0x000001dc79aaf580, 0x000001dc79ab4160, 0x000001dc79ab4a90,
0x000001dc79ab53c0, 0x000001dc79ab6020, 0x000001dc79abbd30, 0x000001dc7dd27ec0,
0x000001dc79a7ffe0, 0x000001dc7dec6b10, 0x000001dc7e590360, 0x000001dc7e6a32a0,
0x000001dc5bafbd90, 0x000001dc7f46fe40, 0x000001dc7f9cc630, 0x000001dc7f9ce0c0,
0x000001dc7f9ccb80, 0x000001dc7f9ce610, 0x000001dc7f9cd620, 0x000001dc7f9cb640,
0x000001dc7f9cbb90, 0x000001dc7f9cc0e0, 0x000001dc7f178450, 0x000001dc7f179990,
0x000001dc7f176470, 0x000001dc7f179ee0, 0x000001dc7f172f50
}

Java Threads: ( => current thread )
  0x000001dc79aae5f0 JavaThread "Reference Handler" daemon [_thread_blocked, id=9316, stack(0x0000009c69900000,0x0000009c69a00000)]
  0x000001dc79aaf580 JavaThread "Finalizer" daemon [_thread_blocked, id=12340, stack(0x0000009c69a00000,0x0000009c69b00000)]
  0x000001dc79ab4160 JavaThread "Attach Listener" daemon [_thread_blocked, id=12144, stack(0x0000009c69c00000,0x0000009c69d00000)]
  0x000001dc79ab4a90 JavaThread "Service Thread" daemon [_thread_blocked, id=9436, stack(0x0000009c69d00000,0x0000009c69e00000)]
  0x000001dc79ab53c0 JavaThread "Monitor Deflation Thread" daemon [_thread_blocked, id=9528, stack(0x0000009c69e00000,0x0000009c69f00000)]
  0x000001dc79ab6020 JavaThread "C2 CompilerThread0" daemon [_thread_blocked, id=12016, stack(0x0000009c69f00000,0x0000009c6a000000)]
  0x000001dc79abbd30 JavaThread "C1 CompilerThread0" daemon [_thread_blocked, id=13480, stack(0x0000009c6a000000,0x0000009c6a100000)]
  0x000001dc7dd27ec0 JavaThread "Sweeper thread" daemon [_thread_blocked, id=9680, stack(0x0000009c6a100000,0x0000009c6a200000)]
  0x000001dc79a7ffe0 JavaThread "Common-Cleaner" daemon [_thread_blocked, id=11212, stack(0x0000009c6a200000,0x0000009c6a300000)]
  0x000001dc7dec6b10 JavaThread "Monitor Ctrl-Break" daemon [_thread_in_native, id=1016, stack(0x0000009c6a300000,0x0000009c6a400000)]
  0x000001dc7e590360 JavaThread "Notification Thread" daemon [_thread_blocked, id=1076, stack(0x0000009c6a400000,0x0000009c6a500000)]
  0x000001dc7e6a32a0 JavaThread "Java2D Disposer" daemon [_thread_blocked, id=9840, stack(0x0000009c6a600000,0x0000009c6a700000)]
  0x000001dc5bafbd90 JavaThread "DestroyJavaVM" [_thread_blocked, id=11392, stack(0x0000009c69200000,0x0000009c69300000)]
  0x000001dc7f46fe40 JavaThread "TimerQueue" daemon [_thread_blocked, id=13996, stack(0x0000009c6af00000,0x0000009c6b000000)]
  0x000001dc7f9cc630 JavaThread "Gax-1" daemon [_thread_blocked, id=11280, stack(0x0000009c6b000000,0x0000009c6b100000)]
  0x000001dc7f9ce0c0 JavaThread "grpc-nio-worker-ELG-1-1" daemon [_thread_in_native, id=608, stack(0x0000009c6b100000,0x0000009c6b200000)]
  0x000001dc7f9ccb80 JavaThread "grpc-nio-worker-ELG-1-2" daemon [_thread_in_native, id=3432, stack(0x0000009c6b300000,0x0000009c6b400000)]
  0x000001dc7f9ce610 JavaThread "Jndi-Dns-address-change-listener" daemon [_thread_in_native, id=3412, stack(0x0000009c6b400000,0x0000009c6b500000)]
  0x000001dc7f9cd620 JavaThread "grpc-nio-worker-ELG-1-3" daemon [_thread_in_native, id=13004, stack(0x0000009c6b500000,0x0000009c6b600000)]
  0x000001dc7f9cb640 JavaThread "grpc-nio-worker-ELG-1-4" daemon [_thread_in_native, id=8472, stack(0x0000009c6b700000,0x0000009c6b800000)]
  0x000001dc7f9cbb90 JavaThread "Gax-2" daemon [_thread_blocked, id=4496, stack(0x0000009c6b900000,0x0000009c6ba00000)]
  0x000001dc7f9cc0e0 JavaThread "Gax-3" daemon [_thread_blocked, id=6280, stack(0x0000009c6ae00000,0x0000009c6af00000)]
  0x000001dc7f178450 JavaThread "Gax-4" daemon [_thread_blocked, id=4772, stack(0x0000009c6bc00000,0x0000009c6bd00000)]
  0x000001dc7f179990 JavaThread "AWT-Shutdown" [_thread_blocked, id=10940, stack(0x0000009c6a700000,0x0000009c6a800000)]
  0x000001dc7f176470 JavaThread "AWT-EventQueue-0" [_thread_blocked, id=9248, stack(0x0000009c6aa00000,0x0000009c6ab00000)]
  0x000001dc7f179ee0 JavaThread "JavaCPP Deallocator" daemon [_thread_blocked, id=13868, stack(0x0000009c6c500000,0x0000009c6c600000)]
  0x000001dc7f172f50 JavaThread "SIGINT handler" daemon [_thread_blocked, id=2764, stack(0x0000009c68f00000,0x0000009c69000000)]

Other Threads:
=>0x000001dc79a91f10 VMThread "VM Thread" [stack: 0x0000009c69800000,0x0000009c69900000] [id=1960]
  0x000001dc5bb59a60 WorkerThread "GC Thread#0" [stack: 0x0000009c69300000,0x0000009c69400000] [id=12236]
  0x000001dc7e74e5c0 WorkerThread "GC Thread#1" [stack: 0x0000009c6ab00000,0x0000009c6ac00000] [id=1324]
  0x000001dc7e74e890 WorkerThread "GC Thread#2" [stack: 0x0000009c6ac00000,0x0000009c6ad00000] [id=10160]
  0x000001dc7e74eb60 WorkerThread "GC Thread#3" [stack: 0x0000009c6ad00000,0x0000009c6ae00000] [id=8608]
  0x000001dc5bb6b790 ConcurrentGCThread "G1 Main Marker" terminated
  0x000001dc5bb6c360 WorkerThread "G1 Conc#0" [stack: 0x0000009c69500000,0x0000009c69600000] [id=13716]
  0x000001dc7994e520 ConcurrentGCThread "G1 Refine#0" terminated
  0x000001dc7994f200 ConcurrentGCThread "G1 Service" terminated

Threads with active compile tasks:

VM state: at safepoint (shutting down)

VM Mutex/Monitor currently owned by a thread:  ([mutex/lock_event])
[0x000001dc5baf53e0] Threads_lock - owner thread: 0x000001dc79a91f10
[0x000001dc5baf60d0] Heap_lock - owner thread: 0x000001dc7f172f50

Heap address: 0x0000000081200000, size: 2030 MB, Compressed Oops mode: 32-bit

CDS archive(s) mapped at: [0x0000000800000000-0x0000000800c40000-0x0000000800c40000), size 12845056, SharedBaseAddress: 0x0000000800000000, ArchiveRelocationMode: 0.
Compressed class space mapped at: 0x0000000801000000-0x0000000841000000, reserved size: 1073741824
Narrow klass base: 0x0000000800000000, Narrow klass shift: 0, Narrow klass range: 0x100000000

GC Precious Log:
 CardTable entry size: 512
 Card Set container configuration: InlinePtr #cards 5 size 8 Array Of Cards #cards 12 size 40 Howl #buckets 4 coarsen threshold 1843 Howl Bitmap #cards 512 size 80 coarsen threshold 460 Card regions per heap region 1 cards per card region 2048
 CPUs: 4 total, 4 available
 Memory: 8113M
 Large Page Support: Disabled
 NUMA Support: Disabled
 Compressed Oops: Enabled (32-bit)
 Heap Region Size: 1M
 Heap Min Capacity: 8M
 Heap Initial Capacity: 128M
 Heap Max Capacity: 2030M
 Pre-touch: Disabled
 Parallel Workers: 4
 Concurrent Workers: 1
 Concurrent Refinement Workers: 4
 Periodic GC: Disabled

Heap:
 garbage-first heap   total 65536K, used 21446K [0x0000000081200000, 0x0000000100000000)
  region size 1024K, 3 young (3072K), 1 survivors (1024K)
 Metaspace       used 45771K, committed 46144K, reserved 1114112K
  class space    used 5047K, committed 5248K, reserved 1048576K

Heap Regions: E=young(eden), S=young(survivor), O=old, HS=humongous(starts), HC=humongous(continues), CS=collection set, F=free, OA=open archive, CA=closed archive, TAMS=top-at-mark-start (previous, next)
|   0|0x0000000081200000, 0x0000000081300000, 0x0000000081300000|100%|HS|  |TAMS 0x0000000081300000, 0x0000000081200000| Complete 
|   1|0x0000000081300000, 0x0000000081300000, 0x0000000081400000|  0%| F|  |TAMS 0x0000000081300000, 0x0000000081300000| Untracked 
|   2|0x0000000081400000, 0x0000000081500000, 0x0000000081500000|100%| O|  |TAMS 0x0000000081500000, 0x0000000081400000| Untracked 
|   3|0x0000000081500000, 0x0000000081600000, 0x0000000081600000|100%| O|  |TAMS 0x0000000081600000, 0x0000000081500000| Untracked 
|   4|0x0000000081600000, 0x0000000081700000, 0x0000000081700000|100%| O|  |TAMS 0x0000000081700000, 0x0000000081600000| Untracked 
|   5|0x0000000081700000, 0x0000000081800000, 0x0000000081800000|100%| O|  |TAMS 0x0000000081800000, 0x0000000081700000| Untracked 
|   6|0x0000000081800000, 0x0000000081900000, 0x0000000081900000|100%| O|  |TAMS 0x0000000081900000, 0x0000000081800000| Untracked 
|   7|0x0000000081900000, 0x0000000081a00000, 0x0000000081a00000|100%| O|  |TAMS 0x0000000081a00000, 0x0000000081900000| Untracked 
|   8|0x0000000081a00000, 0x0000000081b00000, 0x0000000081b00000|100%| O|  |TAMS 0x0000000081b00000, 0x0000000081a00000| Untracked 
|   9|0x0000000081b00000, 0x0000000081c00000, 0x0000000081c00000|100%| O|  |TAMS 0x0000000081c00000, 0x0000000081b00000| Untracked 
|  10|0x0000000081c00000, 0x0000000081d00000, 0x0000000081d00000|100%| O|  |TAMS 0x0000000081d00000, 0x0000000081c00000| Untracked 
|  11|0x0000000081d00000, 0x0000000081d00000, 0x0000000081e00000|  0%| F|  |TAMS 0x0000000081d00000, 0x0000000081d00000| Untracked 
|  12|0x0000000081e00000, 0x0000000081e00000, 0x0000000081f00000|  0%| F|  |TAMS 0x0000000081e00000, 0x0000000081e00000| Untracked 
|  13|0x0000000081f00000, 0x0000000081f00000, 0x0000000082000000|  0%| F|  |TAMS 0x0000000081f00000, 0x0000000081f00000| Untracked 
|  14|0x0000000082000000, 0x0000000082100000, 0x0000000082100000|100%| O|  |TAMS 0x0000000082100000, 0x0000000082000000| Untracked 
|  15|0x0000000082100000, 0x00000000821c6c00, 0x0000000082200000| 77%| O|  |TAMS 0x00000000821c6c00, 0x0000000082100000| Untracked 
|  16|0x0000000082200000, 0x0000000082200000, 0x0000000082300000|  0%| F|  |TAMS 0x0000000082200000, 0x0000000082200000| Untracked 
|  17|0x0000000082300000, 0x00000000823dba00, 0x0000000082400000| 85%| O|  |TAMS 0x00000000823dba00, 0x0000000082300000| Complete 
|  18|0x0000000082400000, 0x0000000082500000, 0x0000000082500000|100%|HS|  |TAMS 0x0000000082400000, 0x0000000082400000| Complete 
|  19|0x0000000082500000, 0x0000000082600000, 0x0000000082600000|100%|HC|  |TAMS 0x0000000082500000, 0x0000000082500000| Complete 
|  20|0x0000000082600000, 0x0000000082700000, 0x0000000082700000|100%|HC|  |TAMS 0x0000000082600000, 0x0000000082600000| Complete 
|  21|0x0000000082700000, 0x0000000082800000, 0x0000000082800000|100%|HC|  |TAMS 0x0000000082700000, 0x0000000082700000| Complete 
|  22|0x0000000082800000, 0x0000000082800000, 0x0000000082900000|  0%| F|  |TAMS 0x0000000082800000, 0x0000000082800000| Untracked 
|  23|0x0000000082900000, 0x0000000082900000, 0x0000000082a00000|  0%| F|  |TAMS 0x0000000082900000, 0x0000000082900000| Untracked 
|  24|0x0000000082a00000, 0x0000000082a00000, 0x0000000082b00000|  0%| F|  |TAMS 0x0000000082a00000, 0x0000000082a00000| Untracked 
|  25|0x0000000082b00000, 0x0000000082c00000, 0x0000000082c00000|100%| O|  |TAMS 0x0000000082c00000, 0x0000000082b00000| Untracked 
|  26|0x0000000082c00000, 0x0000000082d00000, 0x0000000082d00000|100%| O|  |TAMS 0x0000000082d00000, 0x0000000082c00000| Untracked 
|  27|0x0000000082d00000, 0x0000000082d00000, 0x0000000082e00000|  0%| F|  |TAMS 0x0000000082d00000, 0x0000000082d00000| Untracked 
|  28|0x0000000082e00000, 0x0000000082e00000, 0x0000000082f00000|  0%| F|  |TAMS 0x0000000082e00000, 0x0000000082e00000| Untracked 
|  29|0x0000000082f00000, 0x0000000082f00000, 0x0000000083000000|  0%| F|  |TAMS 0x0000000082f00000, 0x0000000082f00000| Untracked 
|  30|0x0000000083000000, 0x0000000083000000, 0x0000000083100000|  0%| F|  |TAMS 0x0000000083000000, 0x0000000083000000| Untracked 
|  31|0x0000000083100000, 0x0000000083100000, 0x0000000083200000|  0%| F|  |TAMS 0x0000000083100000, 0x0000000083100000| Untracked 
|  32|0x0000000083200000, 0x0000000083200000, 0x0000000083300000|  0%| F|  |TAMS 0x0000000083200000, 0x0000000083200000| Untracked 
|  33|0x0000000083300000, 0x0000000083300000, 0x0000000083400000|  0%| F|  |TAMS 0x0000000083300000, 0x0000000083300000| Untracked 
|  34|0x0000000083400000, 0x0000000083400000, 0x0000000083500000|  0%| F|  |TAMS 0x0000000083400000, 0x0000000083400000| Untracked 
|  35|0x0000000083500000, 0x0000000083500000, 0x0000000083600000|  0%| F|  |TAMS 0x0000000083500000, 0x0000000083500000| Untracked 
|  36|0x0000000083600000, 0x0000000083600000, 0x0000000083700000|  0%| F|  |TAMS 0x0000000083600000, 0x0000000083600000| Untracked 
|  37|0x0000000083700000, 0x0000000083700000, 0x0000000083800000|  0%| F|  |TAMS 0x0000000083700000, 0x0000000083700000| Untracked 
|  38|0x0000000083800000, 0x0000000083800000, 0x0000000083900000|  0%| F|  |TAMS 0x0000000083800000, 0x0000000083800000| Untracked 
|  39|0x0000000083900000, 0x0000000083900000, 0x0000000083a00000|  0%| F|  |TAMS 0x0000000083900000, 0x0000000083900000| Untracked 
|  40|0x0000000083a00000, 0x0000000083a00000, 0x0000000083b00000|  0%| F|  |TAMS 0x0000000083a00000, 0x0000000083a00000| Untracked 
|  41|0x0000000083b00000, 0x0000000083b00000, 0x0000000083c00000|  0%| F|  |TAMS 0x0000000083b00000, 0x0000000083b00000| Untracked 
|  42|0x0000000083c00000, 0x0000000083c00000, 0x0000000083d00000|  0%| F|  |TAMS 0x0000000083c00000, 0x0000000083c00000| Untracked 
|  43|0x0000000083d00000, 0x0000000083d00000, 0x0000000083e00000|  0%| F|  |TAMS 0x0000000083d00000, 0x0000000083d00000| Untracked 
|  44|0x0000000083e00000, 0x0000000083e00000, 0x0000000083f00000|  0%| F|  |TAMS 0x0000000083e00000, 0x0000000083e00000| Untracked 
|  45|0x0000000083f00000, 0x0000000083f00000, 0x0000000084000000|  0%| F|  |TAMS 0x0000000083f00000, 0x0000000083f00000| Untracked 
|  46|0x0000000084000000, 0x000000008404f520, 0x0000000084100000| 30%| S|CS|TAMS 0x0000000084000000, 0x0000000084000000| Complete 
|  47|0x0000000084100000, 0x0000000084100000, 0x0000000084200000|  0%| F|  |TAMS 0x0000000084100000, 0x0000000084100000| Untracked 
|  48|0x0000000084200000, 0x0000000084200000, 0x0000000084300000|  0%| F|  |TAMS 0x0000000084200000, 0x0000000084200000| Untracked 
|  49|0x0000000084300000, 0x0000000084300000, 0x0000000084400000|  0%| F|  |TAMS 0x0000000084300000, 0x0000000084300000| Untracked 
|  50|0x0000000084400000, 0x0000000084400000, 0x0000000084500000|  0%| F|  |TAMS 0x0000000084400000, 0x0000000084400000| Untracked 
|  51|0x0000000084500000, 0x0000000084500000, 0x0000000084600000|  0%| F|  |TAMS 0x0000000084500000, 0x0000000084500000| Untracked 
|  52|0x0000000084600000, 0x0000000084600000, 0x0000000084700000|  0%| F|  |TAMS 0x0000000084600000, 0x0000000084600000| Untracked 
|  53|0x0000000084700000, 0x0000000084800000, 0x0000000084800000|100%|HS|  |TAMS 0x0000000084800000, 0x0000000084700000| Complete 
|  54|0x0000000084800000, 0x0000000084800000, 0x0000000084900000|  0%| F|  |TAMS 0x0000000084800000, 0x0000000084800000| Untracked 
|  55|0x0000000084900000, 0x0000000084900000, 0x0000000084a00000|  0%| F|  |TAMS 0x0000000084900000, 0x0000000084900000| Untracked 
|  56|0x0000000084a00000, 0x0000000084a00000, 0x0000000084b00000|  0%| F|  |TAMS 0x0000000084a00000, 0x0000000084a00000| Untracked 
|  57|0x0000000084b00000, 0x0000000084b00000, 0x0000000084c00000|  0%| F|  |TAMS 0x0000000084b00000, 0x0000000084b00000| Untracked 
|  58|0x0000000084c00000, 0x0000000084c00000, 0x0000000084d00000|  0%| F|  |TAMS 0x0000000084c00000, 0x0000000084c00000| Untracked 
|  59|0x0000000084d00000, 0x0000000084d00000, 0x0000000084e00000|  0%| F|  |TAMS 0x0000000084d00000, 0x0000000084d00000| Untracked 
|  60|0x0000000084e00000, 0x0000000084e00000, 0x0000000084f00000|  0%| F|  |TAMS 0x0000000084e00000, 0x0000000084e00000| Untracked 
|  61|0x0000000084f00000, 0x0000000084f00000, 0x0000000085000000|  0%| F|  |TAMS 0x0000000084f00000, 0x0000000084f00000| Untracked 
|  62|0x0000000085000000, 0x0000000085032030, 0x0000000085100000| 19%| E|  |TAMS 0x0000000085000000, 0x0000000085000000| Complete 
|2029|0x00000000fff00000, 0x0000000100000000, 0x0000000100000000|100%| E|CS|TAMS 0x00000000fff00000, 0x00000000fff00000| Complete 

Card table byte_map: [0x000001dc72e50000,0x000001dc73250000] _byte_map_base: 0x000001dc72a47000

Marking Bits (Prev, Next): (CMBitMap*) 0x000001dc5bb5b0e0, (CMBitMap*) 0x000001dc5bb5b0a0
 Prev Bits: [0x000001dc75610000, 0x000001dc775c8000)
 Next Bits: [0x000001dc73650000, 0x000001dc75608000)

Polling page: 0x000001dc59960000

Metaspace:

Usage:
  Non-class:     39.77 MB used.
      Class:      4.93 MB used.
       Both:     44.70 MB used.

Virtual space:
  Non-class space:       64.00 MB reserved,      39.94 MB ( 62%) committed,  1 nodes.
      Class space:        1.00 GB reserved,       5.12 MB ( <1%) committed,  1 nodes.
             Both:        1.06 GB reserved,      45.06 MB (  4%) committed. 

Chunk freelists:
   Non-Class:  3.78 MB
       Class:  2.80 MB
        Both:  6.58 MB

MaxMetaspaceSize: unlimited
CompressedClassSpaceSize: 1.00 GB
Initial GC threshold: 21.00 MB
Current GC threshold: 75.12 MB
CDS: on
MetaspaceReclaimPolicy: balanced
 - commit_granule_bytes: 65536.
 - commit_granule_words: 8192.
 - virtual_space_node_default_size: 8388608.
 - enlarge_chunks_in_place: 1.
 - new_chunks_are_fully_committed: 0.
 - uncommit_free_chunks: 1.
 - use_allocation_guard: 0.


Internal statistics:

num_allocs_failed_limit: 9.
num_arena_births: 362.
num_arena_deaths: 0.
num_vsnodes_births: 2.
num_vsnodes_deaths: 0.
num_space_committed: 721.
num_space_uncommitted: 0.
num_chunks_returned_to_freelist: 9.
num_chunks_taken_from_freelist: 1202.
num_chunk_merges: 3.
num_chunk_splits: 944.
num_chunks_enlarged: 804.
num_inconsistent_stats: 0.

CodeHeap 'non-profiled nmethods': size=120000Kb used=3549Kb max_used=3549Kb free=116450Kb
 bounds [0x000001dc6b520000, 0x000001dc6b8a0000, 0x000001dc72a50000]
CodeHeap 'profiled nmethods': size=120000Kb used=10478Kb max_used=10478Kb free=109521Kb
 bounds [0x000001dc63a50000, 0x000001dc64490000, 0x000001dc6af80000]
CodeHeap 'non-nmethods': size=5760Kb used=1805Kb max_used=1843Kb free=3954Kb
 bounds [0x000001dc6af80000, 0x000001dc6b1f0000, 0x000001dc6b520000]
 total_blobs=6605 nmethods=5431 adapters=1084
 compilation: enabled
              stopped_count=0, restarted_count=0
 full_count=0

Compilation events (20 events):
Event: 1123.508 Thread 0x000001dc79abbd30 6167       3       com.sun.jndi.dns.DnsName::size (8 bytes)
Event: 1123.509 Thread 0x000001dc79abbd30 nmethod 6167 0x000001dc63fdec10 code [0x000001dc63fdeda0, 0x000001dc63fdef58]
Event: 1123.509 Thread 0x000001dc79abbd30 6168       3       sun.security.provider.SHA2::implDigest (98 bytes)
Event: 1123.514 Thread 0x000001dc79abbd30 nmethod 6168 0x000001dc63fdd190 code [0x000001dc63fdd4a0, 0x000001dc63fde5a8]
Event: 1242.723 Thread 0x000001dc79ab6020 6169       4       java.lang.Thread::interrupted (7 bytes)
Event: 1242.724 Thread 0x000001dc79ab6020 nmethod 6169 0x000001dc6b896e10 code [0x000001dc6b896f80, 0x000001dc6b896ff8]
Event: 1272.671 Thread 0x000001dc79abbd30 6170       1       java.util.concurrent.ThreadPoolExecutor::getQueue (5 bytes)
Event: 1272.672 Thread 0x000001dc79abbd30 nmethod 6170 0x000001dc6b897110 code [0x000001dc6b8972a0, 0x000001dc6b897358]
Event: 1282.676 Thread 0x000001dc79abbd30 6171       3       java.util.concurrent.ScheduledThreadPoolExecutor$DelayedWorkQueue::setIndex (16 bytes)
Event: 1282.676 Thread 0x000001dc79abbd30 nmethod 6171 0x000001dc63fdcc10 code [0x000001dc63fdcdc0, 0x000001dc63fdd0d8]
Event: 1409.135 Thread 0x000001dc79abbd30 6172       3       java.util.AbstractCollection::toArray (144 bytes)
Event: 1409.136 Thread 0x000001dc79abbd30 nmethod 6172 0x000001dc63fdb310 code [0x000001dc63fdb5e0, 0x000001dc63fdc818]
Event: 1409.136 Thread 0x000001dc79abbd30 6173       3       java.util.Collections$3::nextElement (10 bytes)
Event: 1409.136 Thread 0x000001dc79abbd30 nmethod 6173 0x000001dc63fdae90 code [0x000001dc63fdb040, 0x000001dc63fdb208]
Event: 1409.136 Thread 0x000001dc79abbd30 6174       1       java.util.concurrent.CopyOnWriteArrayList::getArray (5 bytes)
Event: 1409.136 Thread 0x000001dc79abbd30 nmethod 6174 0x000001dc6b897410 code [0x000001dc6b8975a0, 0x000001dc6b897658]
Event: 1409.136 Thread 0x000001dc79abbd30 6175       3       java.util.logging.LogManager::checkPermission (16 bytes)
Event: 1409.136 Thread 0x000001dc79abbd30 nmethod 6175 0x000001dc63fdaa10 code [0x000001dc63fdabc0, 0x000001dc63fdadb8]
Event: 1409.136 Thread 0x000001dc79abbd30 6176   !   3       java.util.logging.LogManager$LoggerContext::findLogger (113 bytes)
Event: 1409.137 Thread 0x000001dc79abbd30 nmethod 6176 0x000001dc63fd9290 code [0x000001dc63fd9540, 0x000001dc63fda468]

GC Heap History (20 events):
Event: 359.563 GC heap before
{Heap before GC invocations=332 (full 0):
 garbage-first heap   total 89088K, used 24097K [0x0000000081200000, 0x0000000100000000)
  region size 1024K, 2 young (2048K), 1 survivors (1024K)
 Metaspace       used 40287K, committed 40704K, reserved 1114112K
  class space    used 4531K, committed 4736K, reserved 1048576K
}
Event: 359.564 GC heap after
{Heap after GC invocations=333 (full 0):
 garbage-first heap   total 89088K, used 19998K [0x0000000081200000, 0x0000000100000000)
  region size 1024K, 1 young (1024K), 1 survivors (1024K)
 Metaspace       used 40287K, committed 40704K, reserved 1114112K
  class space    used 4531K, committed 4736K, reserved 1048576K
}
Event: 362.506 GC heap before
{Heap before GC invocations=334 (full 0):
 garbage-first heap   total 88064K, used 86558K [0x0000000081200000, 0x0000000100000000)
  region size 1024K, 26 young (26624K), 1 survivors (1024K)
 Metaspace       used 40287K, committed 40704K, reserved 1114112K
  class space    used 4531K, committed 4736K, reserved 1048576K
}
Event: 362.507 GC heap after
{Heap after GC invocations=335 (full 0):
 garbage-first heap   total 90112K, used 58924K [0x0000000081200000, 0x0000000100000000)
  region size 1024K, 1 young (1024K), 1 survivors (1024K)
 Metaspace       used 40287K, committed 40704K, reserved 1114112K
  class space    used 4531K, committed 4736K, reserved 1048576K
}
Event: 362.844 GC heap before
{Heap before GC invocations=335 (full 0):
 garbage-first heap   total 90112K, used 66092K [0x0000000081200000, 0x0000000100000000)
  region size 1024K, 4 young (4096K), 1 survivors (1024K)
 Metaspace       used 40287K, committed 40704K, reserved 1114112K
  class space    used 4531K, committed 4736K, reserved 1048576K
}
Event: 362.846 GC heap after
{Heap after GC invocations=336 (full 0):
 garbage-first heap   total 90112K, used 24102K [0x0000000081200000, 0x0000000100000000)
  region size 1024K, 1 young (1024K), 1 survivors (1024K)
 Metaspace       used 40287K, committed 40704K, reserved 1114112K
  class space    used 4531K, committed 4736K, reserved 1048576K
}
Event: 362.998 GC heap before
{Heap before GC invocations=336 (full 0):
 garbage-first heap   total 90112K, used 24102K [0x0000000081200000, 0x0000000100000000)
  region size 1024K, 2 young (2048K), 1 survivors (1024K)
 Metaspace       used 40287K, committed 40704K, reserved 1114112K
  class space    used 4531K, committed 4736K, reserved 1048576K
}
Event: 363.000 GC heap after
{Heap after GC invocations=337 (full 0):
 garbage-first heap   total 90112K, used 20007K [0x0000000081200000, 0x0000000100000000)
  region size 1024K, 1 young (1024K), 1 survivors (1024K)
 Metaspace       used 40287K, committed 40704K, reserved 1114112K
  class space    used 4531K, committed 4736K, reserved 1048576K
}
Event: 371.615 GC heap before
{Heap before GC invocations=338 (full 0):
 garbage-first heap   total 86016K, used 83495K [0x0000000081200000, 0x0000000100000000)
  region size 1024K, 27 young (27648K), 1 survivors (1024K)
 Metaspace       used 41146K, committed 41472K, reserved 1114112K
  class space    used 4621K, committed 4800K, reserved 1048576K
}
Event: 371.617 GC heap after
{Heap after GC invocations=339 (full 0):
 garbage-first heap   total 87040K, used 56346K [0x0000000081200000, 0x0000000100000000)
  region size 1024K, 1 young (1024K), 1 survivors (1024K)
 Metaspace       used 41146K, committed 41472K, reserved 1114112K
  class space    used 4621K, committed 4800K, reserved 1048576K
}
Event: 371.869 GC heap before
{Heap before GC invocations=339 (full 0):
 garbage-first heap   total 87040K, used 58394K [0x0000000081200000, 0x0000000100000000)
  region size 1024K, 4 young (4096K), 1 survivors (1024K)
 Metaspace       used 42054K, committed 42432K, reserved 1114112K
  class space    used 4674K, committed 4864K, reserved 1048576K
}
Event: 371.873 GC heap after
{Heap after GC invocations=340 (full 0):
 garbage-first heap   total 87040K, used 19572K [0x0000000081200000, 0x0000000100000000)
  region size 1024K, 1 young (1024K), 1 survivors (1024K)
 Metaspace       used 42054K, committed 42432K, reserved 1114112K
  class space    used 4674K, committed 4864K, reserved 1048576K
}
Event: 389.274 GC heap before
{Heap before GC invocations=340 (full 0):
 garbage-first heap   total 87040K, used 67700K [0x0000000081200000, 0x0000000100000000)
  region size 1024K, 49 young (50176K), 1 survivors (1024K)
 Metaspace       used 44052K, committed 44352K, reserved 1114112K
  class space    used 4884K, committed 5056K, reserved 1048576K
}
Event: 389.276 GC heap after
{Heap after GC invocations=341 (full 0):
 garbage-first heap   total 87040K, used 20165K [0x0000000081200000, 0x0000000100000000)
  region size 1024K, 1 young (1024K), 1 survivors (1024K)
 Metaspace       used 44052K, committed 44352K, reserved 1114112K
  class space    used 4884K, committed 5056K, reserved 1048576K
}
Event: 882.200 GC heap before
{Heap before GC invocations=342 (full 0):
 garbage-first heap   total 65536K, used 59077K [0x0000000081200000, 0x0000000100000000)
  region size 1024K, 38 young (38912K), 1 survivors (1024K)
 Metaspace       used 45589K, committed 45952K, reserved 1114112K
  class space    used 4999K, committed 5184K, reserved 1048576K
}
Event: 882.203 GC heap after
{Heap after GC invocations=343 (full 0):
 garbage-first heap   total 65536K, used 21734K [0x0000000081200000, 0x0000000100000000)
  region size 1024K, 2 young (2048K), 2 survivors (2048K)
 Metaspace       used 45589K, committed 45952K, reserved 1114112K
  class space    used 4999K, committed 5184K, reserved 1048576K
}
Event: 882.918 GC heap before
{Heap before GC invocations=343 (full 0):
 garbage-first heap   total 65536K, used 22758K [0x0000000081200000, 0x0000000100000000)
  region size 1024K, 3 young (3072K), 2 survivors (2048K)
 Metaspace       used 45611K, committed 45952K, reserved 1114112K
  class space    used 4999K, committed 5184K, reserved 1048576K
}
Event: 882.922 GC heap after
{Heap after GC invocations=344 (full 0):
 garbage-first heap   total 65536K, used 21293K [0x0000000081200000, 0x0000000100000000)
  region size 1024K, 1 young (1024K), 1 survivors (1024K)
 Metaspace       used 45611K, committed 45952K, reserved 1114112K
  class space    used 4999K, committed 5184K, reserved 1048576K
}
Event: 888.577 GC heap before
{Heap before GC invocations=344 (full 0):
 garbage-first heap   total 65536K, used 32557K [0x0000000081200000, 0x0000000100000000)
  region size 1024K, 14 young (14336K), 1 survivors (1024K)
 Metaspace       used 45741K, committed 46144K, reserved 1114112K
  class space    used 5044K, committed 5248K, reserved 1048576K
}
Event: 888.579 GC heap after
{Heap after GC invocations=345 (full 0):
 garbage-first heap   total 65536K, used 21446K [0x0000000081200000, 0x0000000100000000)
  region size 1024K, 1 young (1024K), 1 survivors (1024K)
 Metaspace       used 45741K, committed 46144K, reserved 1114112K
  class space    used 5044K, committed 5248K, reserved 1048576K
}

Dll operation events (20 events):
Event: 8.126 Loaded shared library C:\Program Files\Java\jdk-19\bin\javajpeg.dll
Event: 371.700 Loaded shared library C:\Users\neera\.javacpp\cache\opencv-3.2.0-1.3-windows-x86_64.jar\org\bytedeco\javacpp\windows-x86_64\msvcr120.dll
Event: 371.723 Loaded shared library C:\Users\neera\.javacpp\cache\opencv-3.2.0-1.3-windows-x86_64.jar\org\bytedeco\javacpp\windows-x86_64\msvcp120.dll
Event: 371.742 Loaded shared library C:\Users\neera\.javacpp\cache\opencv-3.2.0-1.3-windows-x86_64.jar\org\bytedeco\javacpp\windows-x86_64\opencv_core320.dll
Event: 371.783 Loaded shared library C:\Users\neera\.javacpp\cache\opencv-3.2.0-1.3-windows-x86_64.jar\org\bytedeco\javacpp\windows-x86_64\opencv_imgproc320.dll
Event: 371.800 Loaded shared library C:\Users\neera\.javacpp\cache\opencv-3.2.0-1.3-windows-x86_64.jar\org\bytedeco\javacpp\windows-x86_64\jniopencv_core.dll
Event: 372.237 Loaded shared library C:\Users\neera\.javacpp\cache\opencv-3.2.0-1.3-windows-x86_64.jar\org\bytedeco\javacpp\windows-x86_64\jniopencv_imgproc.dll
Event: 372.404 Loaded shared library C:\Users\neera\.javacpp\cache\opencv-3.2.0-1.3-windows-x86_64.jar\org\bytedeco\javacpp\windows-x86_64\opencv_imgcodecs320.dll
Event: 372.419 Loaded shared library C:\Users\neera\.javacpp\cache\opencv-3.2.0-1.3-windows-x86_64.jar\org\bytedeco\javacpp\windows-x86_64\jniopencv_imgcodecs.dll
Event: 385.408 Loaded shared library C:\Users\neera\.javacpp\cache\opencv-3.2.0-1.3-windows-x86_64.jar\org\bytedeco\javacpp\windows-x86_64\opencv_videoio320.dll
Event: 385.417 Loaded shared library C:\Users\neera\.javacpp\cache\opencv-3.2.0-1.3-windows-x86_64.jar\org\bytedeco\javacpp\windows-x86_64\jniopencv_videoio.dll
Event: 385.486 Loaded shared library C:\Users\neera\.javacpp\cache\opencv-3.2.0-1.3-windows-x86_64.jar\org\bytedeco\javacpp\windows-x86_64\opencv_highgui320.dll
Event: 385.499 Loaded shared library C:\Users\neera\.javacpp\cache\opencv-3.2.0-1.3-windows-x86_64.jar\org\bytedeco\javacpp\windows-x86_64\jniopencv_highgui.dll
Event: 385.540 Loaded shared library C:\Users\neera\.javacpp\cache\opencv-3.2.0-1.3-windows-x86_64.jar\org\bytedeco\javacpp\windows-x86_64\opencv_ml320.dll
Event: 385.551 Loaded shared library C:\Users\neera\.javacpp\cache\opencv-3.2.0-1.3-windows-x86_64.jar\org\bytedeco\javacpp\windows-x86_64\jniopencv_ml.dll
Event: 385.614 Loaded shared library C:\Users\neera\.javacpp\cache\opencv-3.2.0-1.3-windows-x86_64.jar\org\bytedeco\javacpp\windows-x86_64\opencv_objdetect320.dll
Event: 385.626 Loaded shared library C:\Users\neera\.javacpp\cache\opencv-3.2.0-1.3-windows-x86_64.jar\org\bytedeco\javacpp\windows-x86_64\jniopencv_objdetect.dll
Event: 385.711 Loaded shared library C:\Users\neera\.javacpp\cache\opencv-3.2.0-1.3-windows-x86_64.jar\org\bytedeco\javacpp\windows-x86_64\opencv_face320.dll
Event: 385.721 Loaded shared library C:\Users\neera\.javacpp\cache\opencv-3.2.0-1.3-windows-x86_64.jar\org\bytedeco\javacpp\windows-x86_64\jniopencv_face.dll
Event: 877.116 Loaded shared library C:\Program Files\Java\jdk-19\bin\verify.dll

Deoptimization events (20 events):
Event: 888.547 Thread 0x000001dc7f176470 Uncommon trap: trap_request=0xffffffde fr.pc=0x000001dc6b875bf8 relative=0x00000000000003d8
Event: 888.547 Thread 0x000001dc7f176470 Uncommon trap: reason=class_check action=maybe_recompile pc=0x000001dc6b875bf8 method=net.miginfocom.swing.SwingContainerWrapper.getLayout()Ljava/lang/Object; @ 4 c2
Event: 888.547 Thread 0x000001dc7f176470 DEOPT PACKING pc=0x000001dc6b875bf8 sp=0x0000009c6aafdb60
Event: 888.547 Thread 0x000001dc7f176470 DEOPT UNPACKING pc=0x000001dc6afe6da3 sp=0x0000009c6aafda70 mode 2
Event: 888.547 Thread 0x000001dc7f176470 Uncommon trap: trap_request=0xffffffde fr.pc=0x000001dc6b875bf8 relative=0x00000000000003d8
Event: 888.547 Thread 0x000001dc7f176470 Uncommon trap: reason=class_check action=maybe_recompile pc=0x000001dc6b875bf8 method=net.miginfocom.swing.SwingContainerWrapper.getLayout()Ljava/lang/Object; @ 4 c2
Event: 888.547 Thread 0x000001dc7f176470 DEOPT PACKING pc=0x000001dc6b875bf8 sp=0x0000009c6aafdb60
Event: 888.547 Thread 0x000001dc7f176470 DEOPT UNPACKING pc=0x000001dc6afe6da3 sp=0x0000009c6aafda70 mode 2
Event: 888.549 Thread 0x000001dc7f176470 Uncommon trap: trap_request=0xffffffde fr.pc=0x000001dc6b875bf8 relative=0x00000000000003d8
Event: 888.549 Thread 0x000001dc7f176470 Uncommon trap: reason=class_check action=maybe_recompile pc=0x000001dc6b875bf8 method=net.miginfocom.swing.SwingContainerWrapper.getLayout()Ljava/lang/Object; @ 4 c2
Event: 888.549 Thread 0x000001dc7f176470 DEOPT PACKING pc=0x000001dc6b875bf8 sp=0x0000009c6aafe020
Event: 888.549 Thread 0x000001dc7f176470 DEOPT UNPACKING pc=0x000001dc6afe6da3 sp=0x0000009c6aafdf30 mode 2
Event: 888.580 Thread 0x000001dc7f176470 Uncommon trap: trap_request=0xffffffde fr.pc=0x000001dc6b566d0c relative=0x0000000000000aec
Event: 888.581 Thread 0x000001dc7f176470 Uncommon trap: reason=class_check action=maybe_recompile pc=0x000001dc6b566d0c method=sun.java2d.SunGraphics2D.setPaint(Ljava/awt/Paint;)V @ 9 c2
Event: 888.581 Thread 0x000001dc7f176470 DEOPT PACKING pc=0x000001dc6b566d0c sp=0x0000009c6aafe760
Event: 888.581 Thread 0x000001dc7f176470 DEOPT UNPACKING pc=0x000001dc6afe6da3 sp=0x0000009c6aafe720 mode 2
Event: 888.581 Thread 0x000001dc7f176470 Uncommon trap: trap_request=0xffffffde fr.pc=0x000001dc6b566d0c relative=0x0000000000000aec
Event: 888.581 Thread 0x000001dc7f176470 Uncommon trap: reason=class_check action=maybe_recompile pc=0x000001dc6b566d0c method=sun.java2d.SunGraphics2D.setPaint(Ljava/awt/Paint;)V @ 9 c2
Event: 888.581 Thread 0x000001dc7f176470 DEOPT PACKING pc=0x000001dc6b566d0c sp=0x0000009c6aafea00
Event: 888.581 Thread 0x000001dc7f176470 DEOPT UNPACKING pc=0x000001dc6afe6da3 sp=0x0000009c6aafe9c0 mode 2

Classes loaded (20 events):
Event: 877.199 Loading class java/awt/PointerInfo
Event: 877.199 Loading class java/awt/PointerInfo done
Event: 877.199 Loading class javax/accessibility/AccessibleStateSet
Event: 877.200 Loading class javax/accessibility/AccessibleStateSet done
Event: 877.224 Loading class java/awt/geom/Arc2D
Event: 877.225 Loading class java/awt/geom/Arc2D done
Event: 877.229 Loading class javax/swing/InputVerifier
Event: 877.229 Loading class javax/swing/InputVerifier done
Event: 877.234 Loading class java/awt/Canvas
Event: 877.235 Loading class java/awt/Canvas done
Event: 877.235 Loading class java/awt/Scrollbar
Event: 877.236 Loading class java/awt/Scrollbar done
Event: 877.274 Loading class java/awt/ColorPaintContext
Event: 877.274 Loading class java/awt/ColorPaintContext done
Event: 1409.132 Loading class jdk/internal/misc/Signal$1
Event: 1409.132 Loading class jdk/internal/misc/Signal$1 done
Event: 1409.135 Loading class java/util/WeakHashMap$KeyIterator
Event: 1409.135 Loading class java/util/WeakHashMap$HashIterator
Event: 1409.135 Loading class java/util/WeakHashMap$HashIterator done
Event: 1409.135 Loading class java/util/WeakHashMap$KeyIterator done

Classes unloaded (0 events):
No events

Classes redefined (0 events):
No events

Internal exceptions (20 events):
Event: 359.234 Thread 0x000001dc7f1759d0 Exception <a 'java/lang/ArrayIndexOutOfBoundsException'{0x00000000ffe00248}: Index 0 out of bounds for length 0> (0x00000000ffe00248) 
thrown [s\open\src\hotspot\share\interpreter\interpreterRuntime.cpp, line 432]
Event: 362.172 Thread 0x000001dc7f1759d0 Exception <a 'java/lang/ArrayIndexOutOfBoundsException'{0x0000000086685f58}: Index 0 out of bounds for length 0> (0x0000000086685f58) 
thrown [s\open\src\hotspot\share\interpreter\interpreterRuntime.cpp, line 432]
Event: 363.782 Thread 0x000001dc7f1759d0 Exception <a 'java/lang/ArrayIndexOutOfBoundsException'{0x0000000086682118}: Index 0 out of bounds for length 0> (0x0000000086682118) 
thrown [s\open\src\hotspot\share\interpreter\interpreterRuntime.cpp, line 432]
Event: 364.707 Thread 0x000001dc7f1759d0 Exception <a 'java/lang/ArrayIndexOutOfBoundsException'{0x00000000866842e0}: Index 0 out of bounds for length 0> (0x00000000866842e0) 
thrown [s\open\src\hotspot\share\interpreter\interpreterRuntime.cpp, line 432]
Event: 371.633 Thread 0x000001dc7f1739f0 Exception <a 'java/lang/NoSuchMethodError'{0x00000000fff912a0}: 'int java.lang.invoke.DirectMethodHandle$Holder.invokeStatic(java.lang.Object, java.lang.Object, java.lang.Object, java.lang.Object)'> (0x00000000fff912a0) 
thrown [s\open\src\hotspot\share\interpreter\linkResolver.cpp, line 774]
Event: 371.633 Thread 0x000001dc7f1739f0 Exception <a 'java/lang/NoSuchMethodError'{0x00000000fff94ca0}: 'int java.lang.invoke.DirectMethodHandle$Holder.invokeStaticInit(java.lang.Object, java.lang.Object, java.lang.Object, java.lang.Object)'> (0x00000000fff94ca0) 
thrown [s\open\src\hotspot\share\interpreter\linkResolver.cpp, line 774]
Event: 371.634 Thread 0x000001dc7f1739f0 Exception <a 'java/lang/IncompatibleClassChangeError'{0x00000000fff9dbd8}: Found class java.lang.Object, but interface was expected> (0x00000000fff9dbd8) 
thrown [s\open\src\hotspot\share\interpreter\linkResolver.cpp, line 841]
Event: 371.634 Thread 0x000001dc7f1739f0 Exception <a 'java/lang/NoSuchMethodError'{0x00000000fffa08e0}: 'void java.lang.invoke.DirectMethodHandle$Holder.invokeStaticInit(java.lang.Object, java.lang.Object)'> (0x00000000fffa08e0) 
thrown [s\open\src\hotspot\share\interpreter\linkResolver.cpp, line 774]
Event: 371.635 Thread 0x000001dc7f1739f0 Exception <a 'java/lang/NoSuchMethodError'{0x00000000fffa6450}: 'int java.lang.invoke.DirectMethodHandle$Holder.invokeStaticInit(java.lang.Object, java.lang.Object)'> (0x00000000fffa6450) 
thrown [s\open\src\hotspot\share\interpreter\linkResolver.cpp, line 774]
Event: 395.827 Thread 0x000001dc7f172f50 Exception <a 'java/io/FileNotFoundException'{0x00000000843ff318}> (0x00000000843ff318) 
thrown [s\open\src\hotspot\share\prims\jni.cpp, line 517]
Event: 404.105 Thread 0x000001dc7f1739f0 Implicit null exception at 0x000001dc6b755875 to 0x000001dc6b755ff8
Event: 405.425 Thread 0x000001dc7f1739f0 Implicit null exception at 0x000001dc6b63dacf to 0x000001dc6b63dc70
Event: 877.137 Thread 0x000001dc7f176470 Exception <a 'java/lang/ClassNotFoundException'{0x0000000083185320}: java/lang/ObjectCustomizer> (0x0000000083185320) 
thrown [s\open\src\hotspot\share\classfile\systemDictionary.cpp, line 255]
Event: 877.147 Thread 0x000001dc7f176470 Exception <a 'java/lang/IncompatibleClassChangeError'{0x000000008318a360}: Found class java.lang.Object, but interface was expected> (0x000000008318a360) 
thrown [s\open\src\hotspot\share\interpreter\linkResolver.cpp, line 841]
Event: 877.157 Thread 0x000001dc7f176470 Exception <a 'java/lang/ClassNotFoundException'{0x00000000831a65c0}: net/miginfocom/layout/UnitValueCustomizer> (0x00000000831a65c0) 
thrown [s\open\src\hotspot\share\classfile\systemDictionary.cpp, line 255]
Event: 877.161 Thread 0x000001dc7f176470 Exception <a 'java/lang/ClassNotFoundException'{0x00000000831c12b0}: java/lang/ObjectCustomizer> (0x00000000831c12b0) 
thrown [s\open\src\hotspot\share\classfile\systemDictionary.cpp, line 255]
Event: 877.163 Thread 0x000001dc7f176470 Exception <a 'java/lang/ClassNotFoundException'{0x00000000831caf98}: net/miginfocom/layout/BoundSizeCustomizer> (0x00000000831caf98) 
thrown [s\open\src\hotspot\share\classfile\systemDictionary.cpp, line 255]
Event: 877.178 Thread 0x000001dc7f176470 Implicit null exception at 0x000001dc6b7763ef to 0x000001dc6b776498
Event: 877.250 Thread 0x000001dc7f176470 Exception <a 'java/lang/NoSuchMethodError'{0x0000000082f6ed50}: 'int java.lang.invoke.DirectMethodHandle$Holder.invokeVirtual(java.lang.Object, java.lang.Object)'> (0x0000000082f6ed50) 
thrown [s\open\src\hotspot\share\interpreter\linkResolver.cpp, line 774]
Event: 880.198 Thread 0x000001dc7f176470 Exception <a 'java/lang/NoSuchMethodError'{0x0000000082fc50f8}: 'void java.lang.invoke.DirectMethodHandle$Holder.invokeVirtual(java.lang.Object, java.lang.Object, int)'> (0x0000000082fc50f8) 
thrown [s\open\src\hotspot\share\interpreter\linkResolver.cpp, line 774]

VM Operations (20 events):
Event: 880.210 Executing VM operation: Cleanup done
Event: 881.221 Executing VM operation: Cleanup
Event: 881.221 Executing VM operation: Cleanup done
Event: 882.200 Executing VM operation: G1CollectForAllocation
Event: 882.203 Executing VM operation: G1CollectForAllocation done
Event: 882.918 Executing VM operation: G1CollectForAllocation
Event: 882.922 Executing VM operation: G1CollectForAllocation done
Event: 883.933 Executing VM operation: Cleanup
Event: 883.934 Executing VM operation: Cleanup done
Event: 887.964 Executing VM operation: Cleanup
Event: 887.964 Executing VM operation: Cleanup done
Event: 888.577 Executing VM operation: G1TryInitiateConcMark
Event: 888.579 Executing VM operation: G1TryInitiateConcMark done
Event: 888.617 Executing VM operation: G1PauseRemark
Event: 888.621 Executing VM operation: G1PauseRemark done
Event: 888.638 Executing VM operation: G1PauseCleanup
Event: 888.638 Executing VM operation: G1PauseCleanup done
Event: 1124.416 Executing VM operation: Cleanup
Event: 1124.416 Executing VM operation: Cleanup done
Event: 1409.247 Executing VM operation: Exit

Events (20 events):
Event: 705.517 Thread 0x000001dc7f1739f0 Thread exited: 0x000001dc7f1739f0
Event: 877.172 Thread 0x000001dc7f172f50 Thread added: 0x000001dc7f172f50
Event: 880.850 Thread 0x000001dc7dd09730 Thread added: 0x000001dc7dd09730
Event: 880.991 Thread 0x000001dc7dd09730 Thread exited: 0x000001dc7dd09730
Event: 882.182 Thread 0x000001dc7f172f50 Thread exited: 0x000001dc7f172f50
Event: 883.050 Thread 0x000001dc7f172f50 Thread added: 0x000001dc7f172f50
Event: 943.458 Thread 0x000001dc7f172f50 Thread exited: 0x000001dc7f172f50
Event: 1123.491 Thread 0x000001dc7f172f50 Thread added: 0x000001dc7f172f50
Event: 1183.544 Thread 0x000001dc7f172f50 Thread exited: 0x000001dc7f172f50
Event: 1409.132 Thread 0x000001dc7f172f50 Thread added: 0x000001dc7f172f50
Event: 1409.133 Thread 0x000001dc7f1734a0 Thread added: 0x000001dc7f1734a0
Event: 1409.133 Thread 0x000001dc7f174490 Thread added: 0x000001dc7f174490
Event: 1409.133 Thread 0x000001dc7f1739f0 Thread added: 0x000001dc7f1739f0
Event: 1409.133 Thread 0x000001dc7f174f30 Thread added: 0x000001dc7f174f30
Event: 1409.136 Thread 0x000001dc7f174490 Thread exited: 0x000001dc7f174490
Event: 1409.136 Thread 0x000001dc7f174f30 Thread exited: 0x000001dc7f174f30
Event: 1409.137 Thread 0x000001dc7f1734a0 Thread exited: 0x000001dc7f1734a0
Event: 1409.137 Thread 0x000001dc7e6ae0b0 Thread exited: 0x000001dc7e6ae0b0
Event: 1409.246 Thread 0x000001dc7f1739f0 Thread exited: 0x000001dc7f1739f0
Event: 1409.247 Thread 0x000001dc79ab2420 Thread exited: 0x000001dc79ab2420


Dynamic libraries:
0x00007ff76ce10000 - 0x00007ff76ce20000 	C:\Program Files\Java\jdk-19\bin\java.exe
0x00007ffecd5f0000 - 0x00007ffecd7e8000 	C:\WINDOWS\SYSTEM32\ntdll.dll
0x00007ffecc200000 - 0x00007ffecc2bf000 	C:\WINDOWS\System32\KERNEL32.DLL
0x00007ffecacf0000 - 0x00007ffecafc2000 	C:\WINDOWS\System32\KERNELBASE.dll
0x00007ffecb130000 - 0x00007ffecb230000 	C:\WINDOWS\System32\ucrtbase.dll
0x00007ffec55f0000 - 0x00007ffec5608000 	C:\Program Files\Java\jdk-19\bin\jli.dll
0x00007ffecd360000 - 0x00007ffecd40e000 	C:\WINDOWS\System32\ADVAPI32.dll
0x00007ffecbc40000 - 0x00007ffecbcde000 	C:\WINDOWS\System32\msvcrt.dll
0x00007ffecbd60000 - 0x00007ffecbdfc000 	C:\WINDOWS\System32\sechost.dll
0x00007ffec4fa0000 - 0x00007ffec4fbb000 	C:\Program Files\Java\jdk-19\bin\VCRUNTIME140.dll
0x00007ffecd120000 - 0x00007ffecd244000 	C:\WINDOWS\System32\RPCRT4.dll
0x00007ffecbf60000 - 0x00007ffecc101000 	C:\WINDOWS\System32\USER32.dll
0x00007ffeca080000 - 0x00007ffeca31a000 	C:\WINDOWS\WinSxS\amd64_microsoft.windows.common-controls_6595b64144ccf1df_6.0.19041.1110_none_60b5254171f9507e\COMCTL32.dll
0x00007ffecbe00000 - 0x00007ffecbe2b000 	C:\WINDOWS\System32\GDI32.dll
0x00007ffecb580000 - 0x00007ffecb5a2000 	C:\WINDOWS\System32\win32u.dll
0x00007ffecb020000 - 0x00007ffecb12f000 	C:\WINDOWS\System32\gdi32full.dll
0x00007ffeb9940000 - 0x00007ffeb994a000 	C:\WINDOWS\SYSTEM32\VERSION.dll
0x00007ffecb230000 - 0x00007ffecb2cd000 	C:\WINDOWS\System32\msvcp_win.dll
0x00007ffecc110000 - 0x00007ffecc140000 	C:\WINDOWS\System32\IMM32.DLL
0x00007ffec8b10000 - 0x00007ffec8b1c000 	C:\Program Files\Java\jdk-19\bin\vcruntime140_1.dll
0x00007ffebff70000 - 0x00007ffebfffe000 	C:\Program Files\Java\jdk-19\bin\msvcp140.dll
0x00007ffe994e0000 - 0x00007ffe9a1a0000 	C:\Program Files\Java\jdk-19\bin\server\jvm.dll
0x00007ffec8b00000 - 0x00007ffec8b09000 	C:\WINDOWS\SYSTEM32\WSOCK32.dll
0x00007ffecc3e0000 - 0x00007ffecc44b000 	C:\WINDOWS\System32\WS2_32.dll
0x00007ffec02b0000 - 0x00007ffec02d7000 	C:\WINDOWS\SYSTEM32\WINMM.dll
0x00007ffec7d70000 - 0x00007ffec7d82000 	C:\WINDOWS\SYSTEM32\kernel.appcore.dll
0x00007ffec55e0000 - 0x00007ffec55ea000 	C:\Program Files\Java\jdk-19\bin\jimage.dll
0x00007ffeca610000 - 0x00007ffeca7f4000 	C:\WINDOWS\SYSTEM32\DBGHELP.DLL
0x00007ffeca5d0000 - 0x00007ffeca605000 	C:\WINDOWS\SYSTEM32\dbgcore.DLL
0x00007ffecb5b0000 - 0x00007ffecb632000 	C:\WINDOWS\System32\bcryptPrimitives.dll
0x00007ffec4df0000 - 0x00007ffec4dfe000 	C:\Program Files\Java\jdk-19\bin\instrument.dll
0x00007ffec4ed0000 - 0x00007ffec4ef6000 	C:\Program Files\Java\jdk-19\bin\java.dll
0x00007ffebfe90000 - 0x00007ffebff67000 	C:\Program Files\Java\jdk-19\bin\jsvml.dll
0x00007ffecc9d0000 - 0x00007ffecd115000 	C:\WINDOWS\System32\SHELL32.dll
0x00007ffec8070000 - 0x00007ffec8802000 	C:\WINDOWS\SYSTEM32\windows.storage.dll
0x00007ffecc450000 - 0x00007ffecc7a5000 	C:\WINDOWS\System32\combase.dll
0x00007ffec9f60000 - 0x00007ffec9f90000 	C:\WINDOWS\SYSTEM32\Wldp.dll
0x00007ffecd250000 - 0x00007ffecd2fd000 	C:\WINDOWS\System32\SHCORE.dll
0x00007ffecc7b0000 - 0x00007ffecc805000 	C:\WINDOWS\System32\shlwapi.dll
0x00007ffecac30000 - 0x00007ffecac4f000 	C:\WINDOWS\SYSTEM32\profapi.dll
0x00007ffec4d90000 - 0x00007ffec4da8000 	C:\Program Files\Java\jdk-19\bin\zip.dll
0x00007ffec4eb0000 - 0x00007ffec4ec3000 	C:\Program Files\Java\jdk-19\bin\net.dll
0x00007ffec1300000 - 0x00007ffec140a000 	C:\WINDOWS\SYSTEM32\WINHTTP.dll
0x00007ffec9ce0000 - 0x00007ffec9d4a000 	C:\WINDOWS\system32\mswsock.dll
0x00007ffec4e00000 - 0x00007ffec4e16000 	C:\Program Files\Java\jdk-19\bin\nio.dll
0x00007ffec4ce0000 - 0x00007ffec4cfa000 	C:\Program Files\JetBrains\IntelliJ IDEA Community Edition 2022.3\bin\breakgen64.dll
0x00007ffec4cd0000 - 0x00007ffec4cd8000 	C:\Program Files\Java\jdk-19\bin\extnet.dll
0x00007ffea6020000 - 0x00007ffea61b1000 	C:\Program Files\Java\jdk-19\bin\awt.dll
0x00007ffecb640000 - 0x00007ffecb70d000 	C:\WINDOWS\System32\OLEAUT32.dll
0x00007ffec77b0000 - 0x00007ffec7840000 	C:\WINDOWS\SYSTEM32\apphelp.dll
0x00007ffec7980000 - 0x00007ffec7a1e000 	C:\WINDOWS\system32\uxtheme.dll
0x00007ffecc2c0000 - 0x00007ffecc3d4000 	C:\WINDOWS\System32\MSCTF.dll
0x00007ffecbe30000 - 0x00007ffecbf5a000 	C:\WINDOWS\System32\ole32.dll
0x00007ffec7b60000 - 0x00007ffec7b8f000 	C:\WINDOWS\system32\DWMAPI.DLL
0x00007ffea5f90000 - 0x00007ffea6016000 	C:\Program Files\Java\jdk-19\bin\freetype.dll
0x00007ffe9f7d0000 - 0x00007ffe9f895000 	C:\Program Files\Java\jdk-19\bin\fontmanager.dll
0x00007ffeaa310000 - 0x00007ffeaa435000 	C:\WINDOWS\system32\opengl32.dll
0x00007ffeaa100000 - 0x00007ffeaa12c000 	C:\WINDOWS\SYSTEM32\GLU32.dll
0x00007ffec3890000 - 0x00007ffec389a000 	C:\Program Files\Java\jdk-19\bin\management.dll
0x00007ffec3880000 - 0x00007ffec388b000 	C:\Program Files\Java\jdk-19\bin\management_ext.dll
0x00007ffecb730000 - 0x00007ffecb738000 	C:\WINDOWS\System32\PSAPI.DLL
0x00007ffec3870000 - 0x00007ffec387e000 	C:\Program Files\Java\jdk-19\bin\sunmscapi.dll
0x00007ffecb340000 - 0x00007ffecb496000 	C:\WINDOWS\System32\CRYPT32.dll
0x00007ffeca050000 - 0x00007ffeca077000 	C:\WINDOWS\SYSTEM32\ncrypt.dll
0x00007ffeca010000 - 0x00007ffeca04b000 	C:\WINDOWS\SYSTEM32\NTASN1.dll
0x00007ffec5040000 - 0x00007ffec5047000 	C:\WINDOWS\system32\wshunix.dll
0x00007ffeca9a0000 - 0x00007ffeca9b8000 	C:\WINDOWS\SYSTEM32\CRYPTSP.dll
0x00007ffec9680000 - 0x00007ffec96b4000 	C:\WINDOWS\system32\rsaenh.dll
0x00007ffecb4a0000 - 0x00007ffecb4c7000 	C:\WINDOWS\System32\bcrypt.dll
0x00007ffecabf0000 - 0x00007ffecac1e000 	C:\WINDOWS\SYSTEM32\USERENV.dll
0x00007ffec9ed0000 - 0x00007ffec9edc000 	C:\WINDOWS\SYSTEM32\CRYPTBASE.dll
0x00007ffec99f0000 - 0x00007ffec9a2b000 	C:\WINDOWS\SYSTEM32\IPHLPAPI.DLL
0x00007ffecd5a0000 - 0x00007ffecd5a8000 	C:\WINDOWS\System32\NSI.dll
0x00007ffec26c0000 - 0x00007ffec26d7000 	C:\WINDOWS\SYSTEM32\dhcpcsvc6.DLL
0x00007ffec2640000 - 0x00007ffec265d000 	C:\WINDOWS\SYSTEM32\dhcpcsvc.DLL
0x00007ffec9a30000 - 0x00007ffec9afb000 	C:\WINDOWS\SYSTEM32\DNSAPI.dll
0x00007ffe97b70000 - 0x00007ffe97e38000 	C:\Users\neera\AppData\Local\Temp\io_grpc_netty_shaded_netty_tcnative_windows_x86_645289842881317260296.dll
0x00007ffebd990000 - 0x00007ffebd99a000 	C:\Windows\System32\rasadhlp.dll
0x00007ffebf380000 - 0x00007ffebf400000 	C:\WINDOWS\System32\fwpuclnt.dll
0x00007ffe6dc20000 - 0x00007ffe70e51000 	D:\OpenCV\opencv\build\java\x64\opencv_java460.dll
0x00007ffec4760000 - 0x00007ffec491c000 	C:\WINDOWS\SYSTEM32\MFPlat.DLL
0x00007ffecafd0000 - 0x00007ffecb01e000 	C:\WINDOWS\System32\cfgmgr32.dll
0x00007ffe9f6c0000 - 0x00007ffe9f7ca000 	C:\WINDOWS\SYSTEM32\MFReadWrite.dll
0x00007ffe7daa0000 - 0x00007ffe7db24000 	C:\WINDOWS\SYSTEM32\MF.dll
0x00007ffe97000000 - 0x00007ffe9748e000 	C:\WINDOWS\SYSTEM32\MFCORE.DLL
0x00007ffecab60000 - 0x00007ffecabab000 	C:\WINDOWS\SYSTEM32\powrprof.dll
0x00007ffeafa00000 - 0x00007ffeafa09000 	C:\WINDOWS\SYSTEM32\ksuser.dll
0x00007ffec45f0000 - 0x00007ffec4624000 	C:\WINDOWS\SYSTEM32\RTWorkQ.DLL
0x00007ffecab40000 - 0x00007ffecab52000 	C:\WINDOWS\SYSTEM32\UMPDC.dll
0x00007ffec3830000 - 0x00007ffec385e000 	C:\Program Files\Java\jdk-19\bin\javajpeg.dll
0x00007ffebeaf0000 - 0x00007ffebebe9000 	C:\WINDOWS\SYSTEM32\textinputframework.dll
0x00007ffec7130000 - 0x00007ffec748e000 	C:\WINDOWS\System32\CoreUIComponents.dll
0x00007ffec7490000 - 0x00007ffec7582000 	C:\WINDOWS\System32\CoreMessaging.dll
0x00007ffec5c80000 - 0x00007ffec5dd4000 	C:\WINDOWS\SYSTEM32\wintypes.dll
0x00007ffeca960000 - 0x00007ffeca993000 	C:\WINDOWS\SYSTEM32\ntmarta.dll
0x00007ffecd410000 - 0x00007ffecd4b9000 	C:\WINDOWS\System32\clbcatq.dll
0x00007ffec3040000 - 0x00007ffec31f4000 	C:\WINDOWS\SYSTEM32\WindowsCodecs.dll
0x00007ffea7fc0000 - 0x00007ffea7ffe000 	C:\WINDOWS\system32\dataexchange.dll
0x00007ffec5f30000 - 0x00007ffec6193000 	C:\WINDOWS\system32\d3d11.dll
0x00007ffec6bc0000 - 0x00007ffec6da3000 	C:\WINDOWS\system32\dcomp.dll
0x00007ffec8f00000 - 0x00007ffec8ff3000 	C:\WINDOWS\system32\dxgi.dll
0x00007ffec38a0000 - 0x00007ffec3aa0000 	C:\WINDOWS\system32\twinapi.appcore.dll
0x00007ffec3cf0000 - 0x00007ffec3d27000 	C:\WINDOWS\SYSTEM32\CompPkgSup.DLL
0x00007ffea8430000 - 0x00007ffea849d000 	C:\Windows\System32\FrameServerClient.dll
0x00007ffea9510000 - 0x00007ffea9577000 	C:\Windows\System32\MFSENSORGROUP.dll
0x00007ffec45e0000 - 0x00007ffec45ea000 	C:\WINDOWS\SYSTEM32\AVRT.dll
0x00007ffe795e0000 - 0x00007ffe79d06000 	C:\Windows\System32\Windows.Media.dll
0x00007ffec2140000 - 0x00007ffec2226000 	C:\Windows\System32\Windows.ApplicationModel.dll
0x00007ffec4630000 - 0x00007ffec4729000 	C:\Windows\System32\AppXDeploymentClient.dll
0x00007ffec2ce0000 - 0x00007ffec2ced000 	C:\Windows\System32\vidcap.ax
0x00007ffeb8c40000 - 0x00007ffeb8c67000 	C:\Windows\System32\kswdmcap.ax
0x00007ffe96570000 - 0x00007ffe966dc000 	C:\Windows\System32\MFC42.dll
0x00007ffeb1a30000 - 0x00007ffeb1b76000 	C:\Windows\System32\Windows.StateRepositoryPS.dll
0x00007ffe963d0000 - 0x00007ffe96570000 	C:\Program Files\Intel\Media SDK\mfx_mft_mjpgvd_64.dll
0x00007ffec5970000 - 0x00007ffec5a66000 	C:\WINDOWS\SYSTEM32\PROPSYS.dll
0x00007ffeb4f60000 - 0x00007ffeb500c000 	C:\WINDOWS\SYSTEM32\TextShaping.dll
0x00007ffebf090000 - 0x00007ffebf0cb000 	C:\WINDOWS\SYSTEM32\dxcore.dll
0x00007ffec2cc0000 - 0x00007ffec2cdd000 	C:\Windows\System32\mfmjpegdec.dll
0x00007ffe7d6f0000 - 0x00007ffe7d81d000 	C:\Windows\System32\mfperfhelper.dll
0x00007ffe7d590000 - 0x00007ffe7d6f0000 	C:\WINDOWS\System32\msvproc.dll
0x00007ffeb9bf0000 - 0x00007ffeb9c0a000 	C:\WINDOWS\SYSTEM32\OpenCL.dll
0x00007ffea6c50000 - 0x00007ffea6cb7000 	C:\WINDOWS\SYSTEM32\IntelOpenCL64.dll
0x00007ffe95a40000 - 0x00007ffe95c02000 	C:\Program Files (x86)\Common Files\Intel\OpenCL\bin\x64\intelocl64.dll
0x00007ffea4c20000 - 0x00007ffea4cbd000 	C:\Program Files (x86)\Common Files\Intel\OpenCL\bin\x64\task_executor64.dll
0x00007ffe9cf80000 - 0x00007ffe9d058000 	C:\Program Files (x86)\Common Files\Intel\OpenCL\bin\x64\cpu_device64.dll
0x00007ffe95570000 - 0x00007ffe95a31000 	C:\WINDOWS\SYSTEM32\igdrcl64.dll
0x00007ffeb1200000 - 0x00007ffeb1243000 	C:\WINDOWS\SYSTEM32\igdfcl64.dll
0x00007ffe94ff0000 - 0x00007ffe95566000 	C:\WINDOWS\SYSTEM32\igdmcl64.dll

dbghelp: loaded successfully - version: 4.0.5 - missing functions: none
symbol engine: initialized successfully - sym options: 0x614 - pdb path: .;C:\Program Files\Java\jdk-19\bin;C:\WINDOWS\SYSTEM32;C:\WINDOWS\WinSxS\amd64_microsoft.windows.common-controls_6595b64144ccf1df_6.0.19041.1110_none_60b5254171f9507e;C:\Program Files\Java\jdk-19\bin\server;C:\Program Files\JetBrains\IntelliJ IDEA Community Edition 2022.3\bin;C:\Users\neera\AppData\Local\Temp;D:\OpenCV\opencv\build\java\x64;C:\Program Files\Intel\Media SDK;C:\Program Files (x86)\Common Files\Intel\OpenCL\bin\x64;C:\Users\neera\.javacpp\cache\opencv-3.2.0-1.3-windows-x86_64.jar\org\bytedeco\javacpp\windows-x86_64

VM Arguments:
jvm_args: -Djava.library.path=D:\OpenCV\opencv\build\java\x64 -javaagent:C:\Program Files\JetBrains\IntelliJ IDEA Community Edition 2022.3\lib\idea_rt.jar=55080:C:\Program Files\JetBrains\IntelliJ IDEA Community Edition 2022.3\bin -Dfile.encoding=UTF-8 -Dsun.stdout.encoding=UTF-8 -Dsun.stderr.encoding=UTF-8 
java_command: com.raven.main.Main
java_class_path (initial): D:\swingGUITester\target\classes;C:\Users\neera\.m2\repository\com\google\firebase\firebase-admin\9.1.1\firebase-admin-9.1.1.jar;C:\Users\neera\.m2\repository\com\google\api-client\google-api-client\2.0.0\google-api-client-2.0.0.jar;C:\Users\neera\.m2\repository\com\google\oauth-client\google-oauth-client\1.34.1\google-oauth-client-1.34.1.jar;C:\Users\neera\.m2\repository\com\google\http-client\google-http-client-gson\1.42.1\google-http-client-gson-1.42.1.jar;C:\Users\neera\.m2\repository\com\google\http-client\google-http-client-apache-v2\1.42.1\google-http-client-apache-v2-1.42.1.jar;C:\Users\neera\.m2\repository\org\apache\httpcomponents\httpcore\4.4.15\httpcore-4.4.15.jar;C:\Users\neera\.m2\repository\org\apache\httpcomponents\httpclient\4.5.13\httpclient-4.5.13.jar;C:\Users\neera\.m2\repository\com\google\api-client\google-api-client-gson\2.0.0\google-api-client-gson-2.0.0.jar;C:\Users\neera\.m2\repository\com\google\http-client\google-http-client\1.42.2\google-http-client-1.42.2.jar;C:\Users\neera\.m2\repository\com\google\code\findbugs\jsr305\3.0.2\jsr305-3.0.2.jar;C:\Users\neera\.m2\repository\com\google\j2objc\j2objc-annotations\1.3\j2objc-annotations-1.3.jar;C:\Users\neera\.m2\repository\io\opencensus\opencensus-api\0.31.1\opencensus-api-0.31.1.jar;C:\Users\neera\.m2\repository\io\opencensus\opencensus-contrib-http-util\0.31.1\opencensus-contrib-http-util-0.31.1.jar;C:\Users\neera\.m2\repository\com\google\api\api-common\2.2.1\api-common-2.2.1.jar;C:\Users\neera\.m2\repository\javax\annotation\javax.annotation-api\1.3.2\javax.annotation-api-1.3.2.jar;C:\Users\neera\.m2\repository\com\google\auto\value\auto-value-annotations\1.9\auto-value-annotations-1.9.jar;C:\Users\neera\.m2\repository\com\google\auth\google-auth-library-oauth2-http\1.12.1\google-auth-library-oauth2-http-1.12.1.jar;C:\Users\neera\.m2\repository\com\google\auth\google-auth-library-credentials\1.12.1\google-auth-library-credentials-1.12.1.jar;C:\Users\neera\.m2\repository\com\google\cloud\google-cloud-storage\2.14.0\google-cloud-storage-2.14.0.jar;C:\Users\neera\.m2\repository\com\google\guava\failureaccess\1.0.1\failureaccess-1.0.1.jar;C:\Users\neera\.m2\repository\com\google\guava\listenablefuture\9999.0-empty-to-avoid-conflict-with-guava\listenablefuture-9999.0-empty-to-avoid-conflict-with-guava.jar;C:\Users\neera\.m2\repository\com\google\http-client\google-http-client-jackson2\1.42.2\google-http-client-jackson2-1.42.2.jar;C:\Users\neera\.m2\repository\com\google\apis\google-api-services-storage\v1-rev20220705-2.0.0\google-api-services-storage-v1-rev20220705-2.0.0.jar;C:\Users\neera\.m2\repository\com\google\code\gson\gson\2.9.1\gson-2.9.1.jar;C:\Users\neera\.m2\repository\com\google\cloud\google-cloud-core\2.8.22\google-cloud-core-2.8.22.jar;C:\Users\neera\.m2\repository\com\google\cloud\google-cloud-core-http\2.8.22\google-cloud-core-http-2.8.22.jar;C:\Users\neera\.m2\repository\com\google\http-client\google-http-client-appengine\1.42.2\google-http-client-appengine-1.42.2.jar;C:\Users\neera\.m2\repository\com\google\api\gax-httpjson\0.104.4\gax-httpjson-0.104.4.jar;C:\Users\neera\.m2\repository\com\google\cloud\google-cloud-core-grpc\2.8.22\google-cloud-core-grpc-2.8.22.jar;C:\Users\neera\.m2\repository\io\grpc\grpc-core\1.50.1\grpc-core-1.50.1.jar;C:\Users\neera\.m2\repository\com\google\android\annotations\4.1.1.4\annotations-4.1.1.4.jar;C:\Users\neera\.m2\repository\org\codehaus\mojo\animal-sniffer-annotations\1.22\animal-sniffer-annotations-1.22.jar;C:\Users\neera\.m2\repository\com\google\api\gax\2.19.4\gax-2.19.4.jar;C:\Users\neera\.m2\repository\com\google\api\gax-grpc\2.19.4\gax-grpc-2.19.4.jar;C:\Users\neera\.m2\repository\io\grpc\grpc-alts\1.50.1\grpc-alts-1.50.1.jar;C:\Users\neera\.m2\repository\io\grpc\grpc-grpclb\1.50.1\grpc-grpclb-1.50.1.jar;C:\Users\neera\.m2\repository\org\conscrypt\conscrypt-openjdk-uber\2.5.2\conscrypt-openjdk-uber-2.5.2.jar;C:\Users\neera\.m2\repository\io\grpc\grpc-context\1.50.1\grpc-context-1.50.1.jar;C:\Users\neera\.m2\repository\com\google\api\grpc\proto-google-iam-v1\1.6.4\proto-google-iam-v1-1.6.4.jar;C:\Users\neera\.m2\repository\com\google\protobuf\protobuf-java\3.21.8\protobuf-java-3.21.8.jar;C:\Users\neera\.m2\repository\com\google\protobuf\protobuf-java-util\3.21.8\protobuf-java-util-3.21.8.jar;C:\Users\neera\.m2\repository\com\google\api\grpc\proto-google-common-protos\2.9.6\proto-google-common-protos-2.9.6.jar;C:\Users\neera\.m2\repository\org\threeten\threetenbp\1.6.3\threetenbp-1.6.3.jar;C:\Users\neera\.m2\repository\com\google\api\grpc\proto-google-cloud-storage-v2\2.14.0-alpha\proto-google-cloud-storage-v2-2.14.0-alpha.jar;C:\Users\neera\.m2\repository\com\google\api\grpc\grpc-google-cloud-storage-v2\2.14.0-alpha\grpc-google-cloud-storage-v2-2.14.0-alpha.jar;C:\Users\neera\.m2\repository\io\grpc\grpc-protobuf\1.50.1\grpc-protobuf-1.50.1.jar;C:\Users\neera\.m2\repository\com\google\api\grpc\gapic-google-cloud-storage-v2\2.14.0-alpha\gapic-google-cloud-storage-v2-2.14.0-alpha.jar;C:\Users\neera\.m2\repository\com\fasterxml\jackson\core\jackson-core\2.13.4\jackson-core-2.13.4.jar;C:\Users\neera\.m2\repository\io\grpc\grpc-api\1.50.1\grpc-api-1.50.1.jar;C:\Users\neera\.m2\repository\io\grpc\grpc-netty-shaded\1.50.1\grpc-netty-shaded-1.50.1.jar;C:\Users\neera\.m2\repository\io\perfmark\perfmark-api\0.25.0\perfmark-api-0.25.0.jar;C:\Users\neera\.m2\repository\io\grpc\grpc-auth\1.50.1\grpc-auth-1.50.1.jar;C:\Users\neera\.m2\repository\io\grpc\grpc-stub\1.50.1\grpc-stub-1.50.1.jar;C:\Users\neera\.m2\repository\io\grpc\grpc-googleapis\1.50.1\grpc-googleapis-1.50.1.jar;C:\Users\neera\.m2\repository\org\checkerframework\checker-qual\3.26.0\checker-qual-3.26.0.jar;C:\Users\neera\.m2\repository\io\grpc\grpc-xds\1.50.1\grpc-xds-1.50.1.jar;C:\Users\neera\.m2\repository\io\opencensus\opencensus-proto\0.2.0\opencensus-proto-0.2.0.jar;C:\Users\neera\.m2\repository\io\grpc\grpc-services\1.50.1\grpc-services-1.50.1.jar;C:\Users\neera\.m2\repository\com\google\re2j\re2j\1.6\re2j-1.6.jar;C:\Users\neera\.m2\repository\com\google\api\grpc\grpc-google-iam-v1\1.6.4\grpc-google-iam-v1-1.6.4.jar;C:\Users\neera\.m2\repository\io\grpc\grpc-protobuf-lite\1.50.1\grpc-protobuf-lite-1.50.1.jar;C:\Users\neera\.m2\repository\com\google\cloud\google-cloud-firestore\3.7.0\google-cloud-firestore-3.7.0.jar;C:\Users\neera\.m2\repository\commons-logging\commons-logging\1.2\commons-logging-1.2.jar;C:\Users\neera\.m2\repository\commons-codec\commons-codec\1.15\commons-codec-1.15.jar;C:\Users\neera\.m2\repository\com\google\api\grpc\proto-google-cloud-firestore-v1\3.7.0\proto-google-cloud-firestore-v1-3.7.0.jar;C:\Users\neera\.m2\repository\com\google\cloud\proto-google-cloud-firestore-bundle-v1\3.7.0\proto-google-cloud-firestore-bundle-v1-3.7.0.jar;C:\Users\neera\.m2\repository\io\opencensus\opencensus-contrib-grpc-util\0.31.1\opencensus-contrib-grpc-util-0.31.1.jar;C:\Users\neera\.m2\repository\com\google\errorprone\error_prone_annotations\2.16\error_prone_annotations-2.16.jar;C:\Users\neera\.m2\repository\com\google\guava\guava\31.1-jre\guava-31.1-jre.jar;C:\Users\neera\.m2\repository\org\slf4j\slf4j-api\2.0.3\slf4j-api-2.0.3.jar;C:\Users\neera\.m2\repository\io\netty\netty-codec-http\4.1.84.Final\netty-codec-http-4.1.84.Final.jar;C:\Users\neera\.m2\repository\io\netty\netty-common\4.1.84.Final\netty-common-4.1.84.Final.jar;C:\Users\neera\.m2\repository\io\netty\netty-buffer\4.1.84.Final\netty-buffer-4.1.84.Final.jar;C:\Users\neera\.m2\repository\io\netty\netty-codec\4.1.84.Final\netty-codec-4.1.84.Final.jar;C:\Users\neera\.m2\repository\io\netty\netty-handler\4.1.84.Final\netty-handler-4.1.84.Final.jar;C:\Users\neera\.m2\repository\io\netty\netty-resolver\4.1.84.Final\netty-resolver-4.1.84.Final.jar;C:\Users\neera\.m2\repository\io\netty\netty-transport-native-unix-common\4.1.84.Final\netty-transport-native-unix-common-4.1.84.Final.jar;C:\Users\neera\.m2\repository\io\netty\netty-transport\4.1.84.Final\netty-transport-4.1.84.Final.jar;C:\Users\neera\.m2\repository\org\bytedeco\javacv-platform\1.3.3\javacv-platform-1.3.3.jar;C:\Users\neera\.m2\repository\org\bytedeco\javacpp\1.3.3\javacpp-1.3.3.jar;C:\Users\neera\.m2\repository\org\bytedeco\javacv\1.3.3\javacv-1.3.3.jar;C:\Users\neera\.m2\repository\org\bytedeco\javacpp-presets\opencv\3.2.0-1.3\opencv-3.2.0-1.3.jar;C:\Users\neera\.m2\repository\org\bytedeco\javacpp-presets\ffmpeg\3.2.1-1.3\ffmpeg-3.2.1-1.3.jar;C:\Users\neera\.m2\repository\org\bytedeco\javacpp-presets\flycapture\2.9.3.43-1.3\flycapture-2.9.3.43-1.3.jar;C:\Users\neera\.m2\repository\org\bytedeco\javacpp-presets\libdc1394\2.2.4-1.3\libdc1394-2.2.4-1.3.jar;C:\Users\neera\.m2\repository\org\bytedeco\javacpp-presets\libfreenect\0.5.3-1.3\libfreenect-0.5.3-1.3.jar;C:\Users\neera\.m2\repository\org\bytedeco\javacpp-presets\libfreenect2\0.2.0-1.3\libfreenect2-0.2.0-1.3.jar;C:\Users\neera\.m2\repository\org\bytedeco\javacpp-presets\librealsense\1.9.6-1.3\librealsense-1.9.6-1.3.jar;C:\Users\neera\.m2\repository\org\bytedeco\javacpp-presets\videoinput\0.200-1.3\videoinput-0.200-1.3.jar;C:\Users\neera\.m2\repository\org\bytedeco\javacpp-presets\artoolkitplus\2.3.1-1.3\artoolkitplus-2.3.1-1.3.jar;C:\Users\neera\.m2\repository\org\bytedeco\javacpp-presets\flandmark\1.07-1.3\flandmark-1.07-1.3.jar;C:\Users\neera\.m2\repository\org\bytedeco\javacpp-presets\opencv-platform\3.2.0-1.3\opencv-platform-3.2.0-1.3.jar;C:\Users\neera\.m2\repository\org\bytedeco\javacpp-presets\opencv\3.2.0-1.3\opencv-3.2.0-1.3-android-arm.jar;C:\Users\neera\.m2\repository\org\bytedeco\javacpp-presets\opencv\3.2.0-1.3\opencv-3.2.0-1.3-android-x86.jar;C:\Users\neera\.m2\repository\org\bytedeco\javacpp-presets\opencv\3.2.0-1.3\opencv-3.2.0-1.3-linux-x86.jar;C:\Users\neera\.m2\repository\org\bytedeco\javacpp-presets\opencv\3.2.0-1.3\opencv-3.2.0-1.3-linux-x86_64.jar;C:\Users\neera\.m2\repository\org\bytedeco\javacpp-presets\opencv\3.2.0-1.3\opencv-3.2.0-1.3-linux-armhf.jar;C:\Users\neera\.m2\repository\org\bytedeco\javacpp-presets\opencv\3.2.0-1.3\opencv-3.2.0-1.3-linux-ppc64le.jar;C:\Users\neera\.m2\repository\org\bytedeco\javacpp-presets\opencv\3.2.0-1.3\opencv-3.2.0-1.3-macosx-x86_64.jar;C:\Users\neera\.m2\repository\org\bytedeco\javacpp-presets\opencv\3.2.0-1.3\opencv-3.2.0-1.3-windows-x86.jar;C:\Users\neera\.m2\repository\org\bytedeco\javacpp-presets\opencv\3.2.0-1.3\opencv-3.2.0-1.3-windows-x86_64.jar;C:\Users\neera\.m2\repository\org\bytedeco\javacpp-presets\ffmpeg-platform\3.2.1-1.3\ffmpeg-platform-3.2.1-1.3.jar;C:\Users\neera\.m2\repository\org\bytedeco\javacpp-presets\ffmpeg\3.2.1-1.3\ffmpeg-3.2.1-1.3-android-arm.jar;C:\Users\neera\.m2\repository\org\bytedeco\javacpp-presets\ffmpeg\3.2.1-1.3\ffmpeg-3.2.1-1.3-android-x86.jar;C:\Users\neera\.m2\repository\org\bytedeco\javacpp-presets\ffmpeg\3.2.1-1.3\ffmpeg-3.2.1-1.3-linux-x86.jar;C:\Users\neera\.m2\repository\org\bytedeco\javacpp-presets\ffmpeg\3.2.1-1.3\ffmpeg-3.2.1-1.3-linux-x86_64.jar;C:\Users\neera\.m2\repository\org\bytedeco\javacpp-presets\ffmpeg\3.2.1-1.3\ffmpeg-3.2.1-1.3-linux-armhf.jar;C:\Users\neera\.m2\repository\org\bytedeco\javacpp-presets\ffmpeg\3.2.1-1.3\ffmpeg-3.2.1-1.3-linux-ppc64le.jar;C:\Users\neera\.m2\repository\org\bytedeco\javacpp-presets\ffmpeg\3.2.1-1.3\ffmpeg-3.2.1-1.3-macosx-x86_64.jar;C:\Users\neera\.m2\repository\org\bytedeco\javacpp-presets\ffmpeg\3.2.1-1.3\ffmpeg-3.2.1-1.3-windows-x86.jar;C:\Users\neera\.m2\repository\org\bytedeco\javacpp-presets\ffmpeg\3.2.1-1.3\ffmpeg-3.2.1-1.3-windows-x86_64.jar;C:\Users\neera\.m2\repository\org\bytedeco\javacpp-presets\flycapture-platform\2.9.3.43-1.3\flycapture-platform-2.9.3.43-1.3.jar;C:\Users\neera\.m2\repository\org\bytedeco\javacpp-presets\flycapture\2.9.3.43-1.3\flycapture-2.9.3.43-1.3-linux-x86.jar;C:\Users\neera\.m2\repository\org\bytedeco\javacpp-presets\flycapture\2.9.3.43-1.3\flycapture-2.9.3.43-1.3-linux-x86_64.jar;C:\Users\neera\.m2\repository\org\bytedeco\javacpp-presets\flycapture\2.9.3.43-1.3\flycapture-2.9.3.43-1.3-linux-armhf.jar;C:\Users\neera\.m2\repository\org\bytedeco\javacpp-presets\flycapture\2.9.3.43-1.3\flycapture-2.9.3.43-1.3-windows-x86.jar;C:\Users\neera\.m2\repository\org\bytedeco\javacpp-presets\flycapture\2.9.3.43-1.3\flycapture-2.9.3.43-1.3-windows-x86_64.jar;C:\Users\neera\.m2\repository\org\bytedeco\javacpp-presets\libdc1394-platform\2.2.4-1.3\libdc1394-platform-2.2.4-1.3.jar;C:\Users\neera\.m2\repository\org\bytedeco\javacpp-presets\libdc1394\2.2.4-1.3\libdc1394-2.2.4-1.3-linux-x86.jar;C:\Users\neera\.m2\repository\org\bytedeco\javacpp-presets\libdc1394\2.2.4-1.3\libdc1394-2.2.4-1.3-linux-x86_64.jar;C:\Users\neera\.m2\repository\org\bytedeco\javacpp-presets\libdc1394\2.2.4-1.3\libdc1394-2.2.4-1.3-linux-armhf.jar;C:\Users\neera\.m2\repository\org\bytedeco\javacpp-presets\libdc1394\2.2.4-1.3\libdc1394-2.2.4-1.3-linux-ppc64le.jar;C:\Users\neera\.m2\repository\org\bytedeco\javacpp-presets\libdc1394\2.2.4-1.3\libdc1394-2.2.4-1.3-macosx-x86_64.jar;C:\Users\neera\.m2\repository\org\bytedeco\javacpp-presets\libdc1394\2.2.4-1.3\libdc1394-2.2.4-1.3-windows-x86.jar;C:\Users\neera\.m2\repository\org\bytedeco\javacpp-presets\libdc1394\2.2.4-1.3\libdc1394-2.2.4-1.3-windows-x86_64.jar;C:\Users\neera\.m2\repository\org\bytedeco\javacpp-presets\libfreenect-platform\0.5.3-1.3\libfreenect-platform-0.5.3-1.3.jar;C:\Users\neera\.m2\repository\org\bytedeco\javacpp-presets\libfreenect\0.5.3-1.3\libfreenect-0.5.3-1.3-linux-x86.jar;C:\Users\neera\.m2\repository\org\bytedeco\javacpp-presets\libfreenect\0.5.3-1.3\libfreenect-0.5.3-1.3-linux-x86_64.jar;C:\Users\neera\.m2\repository\org\bytedeco\javacpp-presets\libfreenect\0.5.3-1.3\libfreenect-0.5.3-1.3-linux-armhf.jar;C:\Users\neera\.m2\repository\org\bytedeco\javacpp-presets\libfreenect\0.5.3-1.3\libfreenect-0.5.3-1.3-linux-ppc64le.jar;C:\Users\neera\.m2\repository\org\bytedeco\javacpp-presets\libfreenect\0.5.3-1.3\libfreenect-0.5.3-1.3-macosx-x86_64.jar;C:\Users\neera\.m2\repository\org\bytedeco\javacpp-presets\libfreenect\0.5.3-1.3\libfreenect-0.5.3-1.3-windows-x86.jar;C:\Users\neera\.m2\repository\org\bytedeco\javacpp-presets\libfreenect\0.5.3-1.3\libfreenect-0.5.3-1.3-windows-x86_64.jar;C:\Users\neera\.m2\repository\org\bytedeco\javacpp-presets\libfreenect2-platform\0.2.0-1.3\libfreenect2-platform-0.2.0-1.3.jar;C:\Users\neera\.m2\repository\org\bytedeco\javacpp-presets\libfreenect2\0.2.0-1.3\libfreenect2-0.2.0-1.3-linux-x86.jar;C:\Users\neera\.m2\repository\org\bytedeco\javacpp-presets\libfreenect2\0.2.0-1.3\libfreenect2-0.2.0-1.3-linux-x86_64.jar;C:\Users\neera\.m2\repository\org\bytedeco\javacpp-presets\librealsense-platform\1.9.6-1.3\librealsense-platform-1.9.6-1.3.jar;C:\Users\neera\.m2\repository\org\bytedeco\javacpp-presets\librealsense\1.9.6-1.3\librealsense-1.9.6-1.3-linux-x86.jar;C:\Users\neera\.m2\repository\org\bytedeco\javacpp-presets\librealsense\1.9.6-1.3\librealsense-1.9.6-1.3-linux-x86_64.jar;C:\Users\neera\.m2\repository\org\bytedeco\javacpp-presets\videoinput-platform\0.200-1.3\videoinput-platform-0.200-1.3.jar;C:\Users\neera\.m2\repository\org\bytedeco\javacpp-presets\videoinput\0.200-1.3\videoinput-0.200-1.3-windows-x86.jar;C:\Users\neera\.m2\repository\org\bytedeco\javacpp-presets\videoinput\0.200-1.3\videoinput-0.200-1.3-windows-x86_64.jar;C:\Users\neera\.m2\repository\org\bytedeco\javacpp-presets\artoolkitplus-platform\2.3.1-1.3\artoolkitplus-platform-2.3.1-1.3.jar;C:\Users\neera\.m2\repository\org\bytedeco\javacpp-presets\artoolkitplus\2.3.1-1.3\artoolkitplus-2.3.1-1.3-android-arm.jar;C:\Users\neera\.m2\repository\org\bytedeco\javacpp-presets\artoolkitplus\2.3.1-1.3\artoolkitplus-2.3.1-1.3-android-x86.jar;C:\Users\neera\.m2\repository\org\bytedeco\javacpp-presets\artoolkitplus\2.3.1-1.3\artoolkitplus-2.3.1-1.3-linux-x86.jar;C:\Users\neera\.m2\repository\org\bytedeco\javacpp-presets\artoolkitplus\2.3.1-1.3\artoolkitplus-2.3.1-1.3-linux-x86_64.jar;C:\Users\neera\.m2\repository\org\bytedeco\javacpp-presets\artoolkitplus\2.3.1-1.3\artoolkitplus-2.3.1-1.3-linux-armhf.jar;C:\Users\neera\.m2\repository\org\bytedeco\javacpp-presets\artoolkitplus\2.3.1-1.3\artoolkitplus-2.3.1-1.3-linux-ppc64le.jar;C:\Users\neera\.m2\repository\org\bytedeco\javacpp-presets\artoolkitplus\2.3.1-1.3\artoolkitplus-2.3.1-1.3-macosx-x86_64.jar;C:\Users\neera\.m2\repository\org\bytedeco\javacpp-presets\artoolkitplus\2.3.1-1.3\artoolkitplus-2.3.1-1.3-windows-x86.jar;C:\Users\neera\.m2\repository\org\bytedeco\javacpp-presets\artoolkitplus\2.3.1-1.3\artoolkitplus-2.3.1-1.3-windows-x86_64.jar;C:\Users\neera\.m2\repository\org\bytedeco\javacpp-presets\flandmark-platform\1.07-1.3\flandmark-platform-1.07-1.3.jar;C:\Users\neera\.m2\repository\org\bytedeco\javacpp-presets\flandmark\1.07-1.3\flandmark-1.07-1.3-android-arm.jar;C:\Users\neera\.m2\repository\org\bytedeco\javacpp-presets\flandmark\1.07-1.3\flandmark-1.07-1.3-android-x86.jar;C:\Users\neera\.m2\repository\org\bytedeco\javacpp-presets\flandmark\1.07-1.3\flandmark-1.07-1.3-linux-x86.jar;C:\Users\neera\.m2\repository\org\bytedeco\javacpp-presets\flandmark\1.07-1.3\flandmark-1.07-1.3-linux-x86_64.jar;C:\Users\neera\.m2\repository\org\bytedeco\javacpp-presets\flandmark\1.07-1.3\flandmark-1.07-1.3-linux-armhf.jar;C:\Users\neera\.m2\repository\org\bytedeco\javacpp-presets\flandmark\1.07-1.3\flandmark-1.07-1.3-linux-ppc64le.jar;C:\Users\neera\.m2\repository\org\bytedeco\javacpp-presets\flandmark\1.07-1.3\flandmark-1.07-1.3-macosx-x86_64.jar;C:\Users\neera\.m2\repository\org\bytedeco\javacpp-presets\flandmark\1.07-1.3\flandmark-1.07-1.3-windows-x86.jar;C:\Users\neera\.m2\repository\org\bytedeco\javacpp-presets\flandmark\1.07-1.3\flandmark-1.07-1.3-windows-x86_64.jar;C:\Users\neera\Downloads\TimingFramework-0.55.jar;C:\Users\neera\Downloads\webcam-capture-0.3.12-dist (1).zip;C:\Users\neera\Downloads\miglayout-4.0.jar;D:\OpenCV\opencv\build\java\opencv-460.jar
Launcher Type: SUN_STANDARD

[Global flags]
     intx CICompilerCount                          = 3                                         {product} {ergonomic}
     uint ConcGCThreads                            = 1                                         {product} {ergonomic}
     uint G1ConcRefinementThreads                  = 4                                         {product} {ergonomic}
   size_t G1HeapRegionSize                         = 1048576                                   {product} {ergonomic}
    uintx GCDrainStackTargetSize                   = 64                                        {product} {ergonomic}
   size_t InitialHeapSize                          = 134217728                                 {product} {ergonomic}
   size_t MarkStackSize                            = 4194304                                   {product} {ergonomic}
   size_t MaxHeapSize                              = 2128609280                                {product} {ergonomic}
   size_t MaxNewSize                               = 1277165568                                {product} {ergonomic}
   size_t MinHeapDeltaBytes                        = 1048576                                   {product} {ergonomic}
   size_t MinHeapSize                              = 8388608                                   {product} {ergonomic}
    uintx NonNMethodCodeHeapSize                   = 5832780                                {pd product} {ergonomic}
    uintx NonProfiledCodeHeapSize                  = 122912730                              {pd product} {ergonomic}
    uintx ProfiledCodeHeapSize                     = 122912730                              {pd product} {ergonomic}
    uintx ReservedCodeCacheSize                    = 251658240                              {pd product} {ergonomic}
     bool SegmentedCodeCache                       = true                                      {product} {ergonomic}
   size_t SoftMaxHeapSize                          = 2128609280                             {manageable} {ergonomic}
     bool UseCompressedClassPointers               = true                           {product lp64_product} {ergonomic}
     bool UseCompressedOops                        = true                           {product lp64_product} {ergonomic}
     bool UseG1GC                                  = true                                      {product} {ergonomic}
     bool UseLargePagesIndividualAllocation        = false                                  {pd product} {ergonomic}

Logging:
Log output configuration:
 #0: stdout all=off uptime,level,tags foldmultilines=false
 #1: stderr all=off uptime,level,tags foldmultilines=false

Environment Variables:
JAVA_HOME=C:\Program Files\Java\jdk1.8.0_202
PATH=C:\Program Files\Common Files\Oracle\Java\javapath;C:\Program Files (x86)\Common Files\Oracle\Java\javapath;C:\WINDOWS\system32;C:\WINDOWS;C:\WINDOWS\System32\Wbem;C:\WINDOWS\System32\WindowsPowerShell\v1.0\;C:\WINDOWS\System32\OpenSSH\;C:\Program Files\Git\cmd;D:\opencv\opencv\build\bin;C:\Program Files\nodejs\;C:\Users\neera\AppData\Local\Programs\Python\Python38;D:\com\googlecode\javacv\cpp\windows-x86_64;D:\OpenCV\opencv\build\java\x64;C:\Program Files\Java\jdk1.8.0_202\bin;C:\Program Files\Java\jdk-11.0.16.1\bin;C:\Program Files\Java\jdk-19\bin;C:\Program Files\Java\jre1.8.0_351\bin;;C:\Program Files\Docker\Docker\resources\bin;C:\Users\neera\.cargo\bin;C:\Program Files\Java\jdk1.8.0_202/bin;C:\Program Files\Common Files\Oracle\Java\javapath;C:\Program Files (x86)\Common Files\Oracle\Java\javapath;C:\WINDOWS\system32;C:\WINDOWS;C:\WINDOWS\System32\Wbem;C:\WINDOWS\System32\WindowsPowerShell\v1.0\;C:\WINDOWS\System32\OpenSSH\;C:\Program Files\Git\cmd;D:\opencv\opencv\build\bin;C:\Program Files\nodejs\;C:\Users\neera\AppData\Local\Programs\Python\Python38;D:\com\googlecode\javacv\cpp\windows-x86_64;D:\OpenCV\opencv\build\java\x64;C:\Program Files\Java\jdk1.8.0_202\bin;C:\Program Files\Java\jdk-11.0.16.1\bin;C:\Program Files\Java\jdk-19\bin;C:\Program Files\Java\jre1.8.0_351\bin;;C:\Program Files\Docker\Docker\resources\bin;C:\Users\neera\AppData\Local\Programs\Microsoft VS Code\bin
USERNAME=neera
OS=Windows_NT
PROCESSOR_IDENTIFIER=Intel64 Family 6 Model 69 Stepping 1, GenuineIntel
TMP=C:\Users\neera\AppData\Local\Temp
TEMP=C:\Users\neera\AppData\Local\Temp



---------------  S Y S T E M  ---------------

OS:
 Windows 10 , 64 bit Build 19041 (10.0.19041.2546)
OS uptime: 0 days 20:24 hours
Hyper-V role detected

CPU: total 4 (initial active 4) (2 cores per cpu, 2 threads per core) family 6 model 69 stepping 1 microcode 0x25, cx8, cmov, fxsr, ht, mmx, sse, sse2, sse3, ssse3, sse4.1, sse4.2, popcnt, lzcnt, tsc, tscinvbit, avx, avx2, aes, erms, clmul, bmi1, bmi2, fma, vzeroupper, clflush, hv, rdtscp

Memory: 4k page, system-wide physical 8113M (1007M free)
TotalPageFile size 12221M (AvailPageFile size 2572M)
current process WorkingSet (physical memory assigned to process): 252M, peak: 629M
current process commit charge ("private bytes"): 257M, peak: 655M

vm_info: Java HotSpot(TM) 64-Bit Server VM (19.0.1+10-21) for windows-amd64 JRE (19.0.1+10-21), built on 2022-09-14T12:45:06Z by "mach5one" with MS VC++ 17.1 (VS2022)

END.
