#
# A fatal error has been detected by the Java Runtime Environment:
#
#  EXCEPTION_ACCESS_VIOLATION (0xc0000005) at pc=0x00007ffefce9faad, pid=13876, tid=6816
#
# JRE version: Java(TM) SE Runtime Environment (19.0.1+10) (build 19.0.1+10-21)
# Java VM: Java HotSpot(TM) 64-Bit Server VM (19.0.1+10-21, mixed mode, sharing, tiered, compressed oops, compressed class ptrs, g1 gc, windows-amd64)
# Problematic frame:
# C  [ntdll.dll+0x2faad]
#
# No core dump will be written. Minidumps are not enabled by default on client versions of Windows
#
# If you would like to submit a bug report, please visit:
#   https://bugreport.java.com/bugreport/crash.jsp
#

---------------  S U M M A R Y ------------

Command Line: -Djava.library.path=D:\OpenCV\opencv\build\java\x64 -javaagent:C:\Program Files\JetBrains\IntelliJ IDEA 2022.3.1\lib\idea_rt.jar=55469:C:\Program Files\JetBrains\IntelliJ IDEA 2022.3.1\bin -Dfile.encoding=UTF-8 -Dsun.stdout.encoding=UTF-8 -Dsun.stderr.encoding=UTF-8 org.example.AddNewUser

Host: Intel(R) Core(TM) i7-4600U CPU @ 2.10GHz, 4 cores, 7G,  Windows 10 , 64 bit Build 19041 (10.0.19041.2364)
Time: Tue Jan 31 23:32:11 2023 India Standard Time elapsed time: 180.180983 seconds (0d 0h 3m 0s)

---------------  T H R E A D  ---------------

Current thread (0x00000268fb965bd0):  VMThread "VM Thread" [stack: 0x000000c6c3000000,0x000000c6c3100000] [id=6816]

Stack: [0x000000c6c3000000,0x000000c6c3100000],  sp=0x000000c6c30fed80,  free space=1019k
Native frames: (J=compiled Java code, j=interpreted, Vv=VM code, C=native code)
C  [ntdll.dll+0x2faad]
C  [igdrcl64.dll+0x904e9]


siginfo: EXCEPTION_ACCESS_VIOLATION (0xc0000005), writing address 0x0000000000000018


Registers:
RAX=0x000000c6c25c6000, RBX=0x000000c6c30fee08, RCX=0x0000000000000010, RDX=0x0000000000000010
RSP=0x000000c6c30fed80, RBP=0x000000c6c30ff330, RSI=0x00000000ffffffff, RDI=0x0000026880946980
R8 =0x000000000000003a, R9 =0x000000000000003a, R10=0x0000000000000038, R11=0x000000c6c30fee20
R12=0x00000268ffca35f0, R13=0x0000000000000040, R14=0x00000268ffca3d28, R15=0x000000c6c30fefe0
RIP=0x00007ffefce9faad, EFLAGS=0x0000000000010202


Register to memory mapping:

RIP=0x00007ffefce9faad ntdll.dll
RAX=0x000000c6c25c6000 points into unknown readable memory: 0x0000000000000000 | 00 00 00 00 00 00 00 00
RBX=0x000000c6c30fee08 points into unknown readable memory: 0x0000000000000010 | 10 00 00 00 00 00 00 00
RCX=0x0000000000000010 is an unknown value
RDX=0x0000000000000010 is an unknown value
RSP=0x000000c6c30fed80 points into unknown readable memory: 0x0000000000000000 | 00 00 00 00 00 00 00 00
RBP=0x000000c6c30ff330 points into unknown readable memory: 0x000000c6c30ff479 | 79 f4 0f c3 c6 00 00 00
RSI=0x00000000ffffffff is pointing into object: Ljava.internal.vm.FillerArray; 
{0x00000000ffffffb8} - klass: {type array int}
 - length: 14
RDI=0x0000026880946980 points into unknown readable memory: 0x00007ffec3484e00 | 00 4e 48 c3 fe 7f 00 00
R8 =0x000000000000003a is an unknown value
R9 =0x000000000000003a is an unknown value
R10=0x0000000000000038 is an unknown value
R11=0x000000c6c30fee20 points into unknown readable memory: 0x00000268808bcff0 | f0 cf 8b 80 68 02 00 00
R12=0x00000268ffca35f0 points into unknown readable memory: 0xffe940903b69be93 | 93 be 69 3b 90 40 e9 ff
R13=0x0000000000000040 is an unknown value
R14=0x00000268ffca3d28 points into unknown readable memory: 0x000069e774a9be94 | 94 be a9 74 e7 69 00 00
R15=0x000000c6c30fefe0 points into unknown readable memory: 0x000000c6c30ff000 | 00 f0 0f c3 c6 00 00 00


Top of Stack: (sp=0x000000c6c30fed80)
0x000000c6c30fed80:   0000000000000000 0000000000000000
0x000000c6c30fed90:   0000000000000000 0000000000000000
0x000000c6c30feda0:   0000000000000000 00007ffec30704e9
0x000000c6c30fedb0:   0000000000000000 0000000000000000
0x000000c6c30fedc0:   0000000000000000 0000000000000000
0x000000c6c30fedd0:   0000000000000000 00007ffec3058868
0x000000c6c30fede0:   0000000000000000 0000000000000000
0x000000c6c30fedf0:   0000000000000000 0000000000000000
0x000000c6c30fee00:   fffffffffffffffe 0000000000000010
0x000000c6c30fee10:   00006921b7a65201 0000000000000000
0x000000c6c30fee20:   00000268808bcff0 00007ffec3052455
0x000000c6c30fee30:   0000000000000000 0000026880946980
0x000000c6c30fee40:   0000026888edd4f0 0000000000000001
0x000000c6c30fee50:   0000026888edd4f0 00007ffe91d200be
0x000000c6c30fee60:   00000268808bd770 0000000000000000
0x000000c6c30fee70:   00000268db890000 0000000000000000 

Instructions: (pc=0x00007ffefce9faad)
0x00007ffefce9f9ad:   48 b8 7f 7f 7f 7f 7f 7f 7f 7f 41 8b c8 48 0b cb
0x00007ffefce9f9bd:   48 23 c8 83 e6 1f 49 89 8c f4 40 a5 16 00 48 81
0x00007ffefce9f9cd:   c4 98 00 00 00 41 5f 41 5e 41 5d 41 5c 5f 5e 5b
0x00007ffefce9f9dd:   5d c3 cc 33 d2 41 8b c6 41 f7 f0 44 8b c8 e9 d6
0x00007ffefce9f9ed:   fc ff ff 41 8d 57 ff 41 85 d7 0f 84 93 38 08 00
0x00007ffefce9f9fd:   41 b8 00 10 00 00 41 b9 ff ff 00 00 e9 bc 38 08
0x00007ffefce9fa0d:   00 cc cc cc cc cc cc 48 8b c4 48 89 58 08 48 89
0x00007ffefce9fa1d:   68 10 48 89 70 18 48 89 78 20 41 56 48 83 ec 20
0x00007ffefce9fa2d:   40 8a ea 4c 8d 35 99 d1 13 00 48 8b f1 33 db 48
0x00007ffefce9fa3d:   8d 0d 9d d1 13 00 e8 58 00 00 00 4c 8b 05 81 d1
0x00007ffefce9fa4d:   13 00 4d 3b c6 0f 85 88 3b 08 00 48 85 db 75 33
0x00007ffefce9fa5d:   48 8d 0d 7c d1 13 00 e8 c7 f7 ff ff 48 85 db 0f
0x00007ffefce9fa6d:   85 a3 3b 08 00 33 c0 48 8b 5c 24 30 48 8b 6c 24
0x00007ffefce9fa7d:   38 48 8b 74 24 40 48 8b 7c 24 48 48 83 c4 20 41
0x00007ffefce9fa8d:   5e c3 cc f0 ff 43 3c eb c7 cc cc cc cc cc cc cc
0x00007ffefce9fa9d:   cc cc cc 48 83 ec 28 65 48 8b 04 25 30 00 00 00
0x00007ffefce9faad:   f0 0f ba 71 08 00 48 8b 40 48 73 13 48 89 41 10
0x00007ffefce9fabd:   33 c0 c7 41 0c 01 00 00 00 48 83 c4 28 c3 cc 48
0x00007ffefce9facd:   39 41 10 75 0b ff 41 0c 33 c0 48 83 c4 28 c3 cc
0x00007ffefce9fadd:   e8 0e 00 00 00 eb e2 cc cc cc cc cc cc cc cc cc
0x00007ffefce9faed:   cc cc cc 48 89 5c 24 18 55 56 57 41 54 41 55 41
0x00007ffefce9fafd:   56 41 57 48 83 ec 20 8b 41 20 48 8b f1 48 0f ba
0x00007ffefce9fb0d:   e0 1a 0f 82 df 01 00 00 33 ff 40 32 ed 66 83 3c
0x00007ffefce9fb1d:   25 6a 03 fe 7f 01 76 19 48 8b 7e 20 48 8b c7 81
0x00007ffefce9fb2d:   e7 ff ff ff 00 25 00 00 00 02 48 85 c0 40 0f 95
0x00007ffefce9fb3d:   c5 45 32 ff b0 01 45 32 e4 41 bd 01 00 00 00 45
0x00007ffefce9fb4d:   33 c0 ba 6a 03 fe 7f 84 c0 0f 84 14 01 00 00 8b
0x00007ffefce9fb5d:   46 08 4c 8d 4e 08 45 84 e4 41 be 03 00 00 00 45
0x00007ffefce9fb6d:   0f 44 f5 41 84 c5 0f 85 e2 00 00 00 8d 0c bf 03
0x00007ffefce9fb7d:   c9 66 44 39 2a 0f 86 e8 00 00 00 4d 85 c9 74 0e
0x00007ffefce9fb8d:   80 3c 25 97 02 fe 7f 00 0f 85 a9 3a 08 00 0f b7
0x00007ffefce9fb9d:   1c 25 d6 02 fe 7f 83 fb 0c 0f 85 a2 00 00 00 b8 


Stack slot to memory mapping:
stack at sp + 0 slots: 0x0 is NULL
stack at sp + 1 slots: 0x0 is NULL
stack at sp + 2 slots: 0x0 is NULL
stack at sp + 3 slots: 0x0 is NULL
stack at sp + 4 slots: 0x0 is NULL
stack at sp + 5 slots: 0x00007ffec30704e9 igdrcl64.dll
stack at sp + 6 slots: 0x0 is NULL
stack at sp + 7 slots: 0x0 is NULL

VM_Operation (0x000000c6c27ff0f0): Exit, mode: safepoint, requested by thread 0x0000026881230070


---------------  P R O C E S S  ---------------

Threads class SMR info:
_java_thread_list=0x00000268898beec0, length=21, elements={
0x00000268fb97f2f0, 0x00000268fb97fcf0, 0x00000268fb985390, 0x00000268fb988080,
0x00000268fb98dd40, 0x00000268fb99bec0, 0x00000268fb99fc40, 0x00000268fb9b8ee0,
0x00000268fb9b9430, 0x00000268fb9b8440, 0x00000268fb9b9980, 0x00000268fb9b9ed0,
0x00000268fb9b69b0, 0x00000268fb9b7ef0, 0x0000026881230b10, 0x000002688122db40,
0x00000268812305c0, 0x000002688122fb20, 0x000002688122cb50, 0x000002688122f080,
0x0000026881230070
}

Java Threads: ( => current thread )
  0x00000268fb97f2f0 JavaThread "Reference Handler" daemon [_thread_blocked, id=13072, stack(0x000000c6c3100000,0x000000c6c3200000)]
  0x00000268fb97fcf0 JavaThread "Finalizer" daemon [_thread_blocked, id=6800, stack(0x000000c6c3200000,0x000000c6c3300000)]
  0x00000268fb985390 JavaThread "Attach Listener" daemon [_thread_blocked, id=13412, stack(0x000000c6c3400000,0x000000c6c3500000)]
  0x00000268fb988080 JavaThread "Service Thread" daemon [_thread_blocked, id=7472, stack(0x000000c6c3500000,0x000000c6c3600000)]
  0x00000268fb98dd40 JavaThread "Monitor Deflation Thread" daemon [_thread_blocked, id=13676, stack(0x000000c6c3600000,0x000000c6c3700000)]
  0x00000268fb99bec0 JavaThread "C2 CompilerThread0" daemon [_thread_blocked, id=2968, stack(0x000000c6c3700000,0x000000c6c3800000)]
  0x00000268fb99fc40 JavaThread "C1 CompilerThread0" daemon [_thread_blocked, id=1692, stack(0x000000c6c3800000,0x000000c6c3900000)]
  0x00000268fb9b8ee0 JavaThread "Sweeper thread" daemon [_thread_blocked, id=10628, stack(0x000000c6c3900000,0x000000c6c3a00000)]
  0x00000268fb9b9430 JavaThread "Common-Cleaner" daemon [_thread_blocked, id=11856, stack(0x000000c6c3a00000,0x000000c6c3b00000)]
  0x00000268fb9b8440 JavaThread "Monitor Ctrl-Break" daemon [_thread_in_native, id=2112, stack(0x000000c6c3b00000,0x000000c6c3c00000)]
  0x00000268fb9b9980 JavaThread "Notification Thread" daemon [_thread_blocked, id=9936, stack(0x000000c6c3c00000,0x000000c6c3d00000)]
  0x00000268fb9b9ed0 JavaThread "Gax-1" daemon [_thread_blocked, id=11228, stack(0x000000c6c4200000,0x000000c6c4300000)]
  0x00000268fb9b69b0 JavaThread "Java2D Disposer" daemon [_thread_blocked, id=12368, stack(0x000000c6c4300000,0x000000c6c4400000)]
  0x00000268fb9b7ef0 JavaThread "AWT-Shutdown" [_thread_blocked, id=11064, stack(0x000000c6c4400000,0x000000c6c4500000)]
  0x0000026881230b10 JavaThread "AWT-EventQueue-0" [_thread_blocked, id=7692, stack(0x000000c6c3e00000,0x000000c6c3f00000)]
  0x000002688122db40 JavaThread "DestroyJavaVM" [_thread_blocked, id=5888, stack(0x000000c6c2a00000,0x000000c6c2b00000)]
  0x00000268812305c0 JavaThread "TimerQueue" daemon [_thread_blocked, id=13772, stack(0x000000c6c4900000,0x000000c6c4a00000)]
  0x000002688122fb20 JavaThread "Gax-2" daemon [_thread_blocked, id=13340, stack(0x000000c6c5d00000,0x000000c6c5e00000)]
  0x000002688122cb50 JavaThread "Gax-3" daemon [_thread_blocked, id=11268, stack(0x000000c6c5100000,0x000000c6c5200000)]
  0x000002688122f080 JavaThread "Gax-4" daemon [_thread_blocked, id=12624, stack(0x000000c6c5c00000,0x000000c6c5d00000)]
  0x0000026881230070 JavaThread "SIGINT handler" daemon [_thread_blocked, id=12584, stack(0x000000c6c2700000,0x000000c6c2800000)]

Other Threads:
=>0x00000268fb965bd0 VMThread "VM Thread" [stack: 0x000000c6c3000000,0x000000c6c3100000] [id=6816]
  0x00000268dda3a520 WorkerThread "GC Thread#0" [stack: 0x000000c6c2b00000,0x000000c6c2c00000] [id=6684]
  0x0000026880467030 WorkerThread "GC Thread#1" [stack: 0x000000c6c3f00000,0x000000c6c4000000] [id=352]
  0x0000026880467300 WorkerThread "GC Thread#2" [stack: 0x000000c6c4000000,0x000000c6c4100000] [id=11452]
  0x00000268808dfc40 WorkerThread "GC Thread#3" [stack: 0x000000c6c4100000,0x000000c6c4200000] [id=11304]
  0x00000268dda4b3e0 ConcurrentGCThread "G1 Main Marker" terminated
  0x00000268dda4c5b0 WorkerThread "G1 Conc#0" [stack: 0x000000c6c2d00000,0x000000c6c2e00000] [id=9536]
  0x00000268dda8e060 ConcurrentGCThread "G1 Refine#0" terminated
  0x00000268dda8e7b0 ConcurrentGCThread "G1 Service" terminated

Threads with active compile tasks:

VM state: at safepoint (shutting down)

VM Mutex/Monitor currently owned by a thread:  ([mutex/lock_event])
[0x00000268dd9d4f70] Threads_lock - owner thread: 0x00000268fb965bd0
[0x00000268dd9d5cf0] Heap_lock - owner thread: 0x0000026881230070

Heap address: 0x0000000081200000, size: 2030 MB, Compressed Oops mode: 32-bit

CDS archive(s) mapped at: [0x0000000800000000-0x0000000800c40000-0x0000000800c40000), size 12845056, SharedBaseAddress: 0x0000000800000000, ArchiveRelocationMode: 0.
Compressed class space mapped at: 0x0000000801000000-0x0000000841000000, reserved size: 1073741824
Narrow klass base: 0x0000000800000000, Narrow klass shift: 0, Narrow klass range: 0x100000000

GC Precious Log:
 CardTable entry size: 512
 Card Set container configuration: InlinePtr #cards 5 size 8 Array Of Cards #cards 12 size 40 Howl #buckets 4 coarsen threshold 1843 Howl Bitmap #cards 512 size 80 coarsen threshold 460 Card regions per heap region 1 cards per card region 2048
 CPUs: 4 total, 4 available
 Memory: 8113M
 Large Page Support: Disabled
 NUMA Support: Disabled
 Compressed Oops: Enabled (32-bit)
 Heap Region Size: 1M
 Heap Min Capacity: 8M
 Heap Initial Capacity: 128M
 Heap Max Capacity: 2030M
 Pre-touch: Disabled
 Parallel Workers: 4
 Concurrent Workers: 1
 Concurrent Refinement Workers: 4
 Periodic GC: Disabled

Heap:
 garbage-first heap   total 195584K, used 97715K [0x0000000081200000, 0x0000000100000000)
  region size 1024K, 12 young (12288K), 1 survivors (1024K)
 Metaspace       used 26128K, committed 26432K, reserved 1114112K
  class space    used 2832K, committed 3008K, reserved 1048576K

Heap Regions: E=young(eden), S=young(survivor), O=old, HS=humongous(starts), HC=humongous(continues), CS=collection set, F=free, OA=open archive, CA=closed archive, TAMS=top-at-mark-start (previous, next)
|   0|0x0000000081200000, 0x0000000081300000, 0x0000000081300000|100%|HS|  |TAMS 0x0000000081300000, 0x0000000081300000| Complete 
|   1|0x0000000081300000, 0x0000000081400000, 0x0000000081400000|100%| O|  |TAMS 0x0000000081400000, 0x0000000081400000| Untracked 
|   2|0x0000000081400000, 0x0000000081500000, 0x0000000081500000|100%| O|  |TAMS 0x0000000081500000, 0x0000000081500000| Untracked 
|   3|0x0000000081500000, 0x0000000081600000, 0x0000000081600000|100%| O|  |TAMS 0x0000000081600000, 0x0000000081600000| Untracked 
|   4|0x0000000081600000, 0x0000000081700000, 0x0000000081700000|100%| O|  |TAMS 0x0000000081700000, 0x0000000081700000| Untracked 
|   5|0x0000000081700000, 0x0000000081800000, 0x0000000081800000|100%|HS|  |TAMS 0x0000000081700000, 0x0000000081700000| Complete 
|   6|0x0000000081800000, 0x0000000081900000, 0x0000000081900000|100%|HC|  |TAMS 0x0000000081800000, 0x0000000081800000| Complete 
|   7|0x0000000081900000, 0x0000000081a00000, 0x0000000081a00000|100%|HS|  |TAMS 0x0000000081900000, 0x0000000081900000| Complete 
|   8|0x0000000081a00000, 0x0000000081b00000, 0x0000000081b00000|100%|HC|  |TAMS 0x0000000081a00000, 0x0000000081a00000| Complete 
|   9|0x0000000081b00000, 0x0000000081c00000, 0x0000000081c00000|100%|HS|  |TAMS 0x0000000081b00000, 0x0000000081c00000| Complete 
|  10|0x0000000081c00000, 0x0000000081d00000, 0x0000000081d00000|100%|HC|  |TAMS 0x0000000081c00000, 0x0000000081d00000| Complete 
|  11|0x0000000081d00000, 0x0000000081e00000, 0x0000000081e00000|100%|HS|  |TAMS 0x0000000081d00000, 0x0000000081d00000| Complete 
|  12|0x0000000081e00000, 0x0000000081f00000, 0x0000000081f00000|100%|HC|  |TAMS 0x0000000081e00000, 0x0000000081e00000| Complete 
|  13|0x0000000081f00000, 0x0000000082000000, 0x0000000082000000|100%|HS|  |TAMS 0x0000000081f00000, 0x0000000081f00000| Complete 
|  14|0x0000000082000000, 0x0000000082100000, 0x0000000082100000|100%|HC|  |TAMS 0x0000000082000000, 0x0000000082000000| Complete 
|  15|0x0000000082100000, 0x0000000082200000, 0x0000000082200000|100%|HS|  |TAMS 0x0000000082100000, 0x0000000082100000| Complete 
|  16|0x0000000082200000, 0x0000000082300000, 0x0000000082300000|100%|HC|  |TAMS 0x0000000082200000, 0x0000000082200000| Complete 
|  17|0x0000000082300000, 0x0000000082400000, 0x0000000082400000|100%|HS|  |TAMS 0x0000000082300000, 0x0000000082400000| Complete 
|  18|0x0000000082400000, 0x0000000082500000, 0x0000000082500000|100%|HC|  |TAMS 0x0000000082400000, 0x0000000082500000| Complete 
|  19|0x0000000082500000, 0x0000000082600000, 0x0000000082600000|100%|HS|  |TAMS 0x0000000082500000, 0x0000000082600000| Complete 
|  20|0x0000000082600000, 0x0000000082700000, 0x0000000082700000|100%|HC|  |TAMS 0x0000000082600000, 0x0000000082700000| Complete 
|  21|0x0000000082700000, 0x0000000082800000, 0x0000000082800000|100%|HS|  |TAMS 0x0000000082700000, 0x0000000082800000| Complete 
|  22|0x0000000082800000, 0x0000000082900000, 0x0000000082900000|100%|HC|  |TAMS 0x0000000082800000, 0x0000000082900000| Complete 
|  23|0x0000000082900000, 0x0000000082a00000, 0x0000000082a00000|100%|HS|  |TAMS 0x0000000082900000, 0x0000000082a00000| Complete 
|  24|0x0000000082a00000, 0x0000000082b00000, 0x0000000082b00000|100%|HC|  |TAMS 0x0000000082a00000, 0x0000000082b00000| Complete 
|  25|0x0000000082b00000, 0x0000000082c00000, 0x0000000082c00000|100%|HS|  |TAMS 0x0000000082b00000, 0x0000000082c00000| Complete 
|  26|0x0000000082c00000, 0x0000000082d00000, 0x0000000082d00000|100%|HC|  |TAMS 0x0000000082c00000, 0x0000000082d00000| Complete 
|  27|0x0000000082d00000, 0x0000000082e00000, 0x0000000082e00000|100%| O|  |TAMS 0x0000000082d00000, 0x0000000082e00000| Untracked 
|  28|0x0000000082e00000, 0x0000000082f00000, 0x0000000082f00000|100%| O|  |TAMS 0x0000000082e00000, 0x0000000082f00000| Untracked 
|  29|0x0000000082f00000, 0x0000000083000000, 0x0000000083000000|100%|HS|  |TAMS 0x0000000082f00000, 0x0000000083000000| Complete 
|  30|0x0000000083000000, 0x0000000083100000, 0x0000000083100000|100%|HC|  |TAMS 0x0000000083000000, 0x0000000083100000| Complete 
|  31|0x0000000083100000, 0x0000000083200000, 0x0000000083200000|100%|HS|  |TAMS 0x0000000083100000, 0x0000000083200000| Complete 
|  32|0x0000000083200000, 0x0000000083300000, 0x0000000083300000|100%|HC|  |TAMS 0x0000000083200000, 0x0000000083300000| Complete 
|  33|0x0000000083300000, 0x0000000083400000, 0x0000000083400000|100%|HS|  |TAMS 0x0000000083300000, 0x0000000083400000| Complete 
|  34|0x0000000083400000, 0x0000000083500000, 0x0000000083500000|100%|HC|  |TAMS 0x0000000083400000, 0x0000000083500000| Complete 
|  35|0x0000000083500000, 0x0000000083600000, 0x0000000083600000|100%|HS|  |TAMS 0x0000000083500000, 0x0000000083600000| Complete 
|  36|0x0000000083600000, 0x0000000083700000, 0x0000000083700000|100%|HC|  |TAMS 0x0000000083600000, 0x0000000083700000| Complete 
|  37|0x0000000083700000, 0x0000000083800000, 0x0000000083800000|100%|HS|  |TAMS 0x0000000083700000, 0x0000000083800000| Complete 
|  38|0x0000000083800000, 0x0000000083900000, 0x0000000083900000|100%|HC|  |TAMS 0x0000000083800000, 0x0000000083900000| Complete 
|  39|0x0000000083900000, 0x0000000083a00000, 0x0000000083a00000|100%|HS|  |TAMS 0x0000000083900000, 0x0000000083a00000| Complete 
|  40|0x0000000083a00000, 0x0000000083b00000, 0x0000000083b00000|100%|HC|  |TAMS 0x0000000083a00000, 0x0000000083b00000| Complete 
|  41|0x0000000083b00000, 0x0000000083c00000, 0x0000000083c00000|100%|HS|  |TAMS 0x0000000083b00000, 0x0000000083c00000| Complete 
|  42|0x0000000083c00000, 0x0000000083d00000, 0x0000000083d00000|100%|HC|  |TAMS 0x0000000083c00000, 0x0000000083d00000| Complete 
|  43|0x0000000083d00000, 0x0000000083e00000, 0x0000000083e00000|100%|HS|  |TAMS 0x0000000083d00000, 0x0000000083e00000| Complete 
|  44|0x0000000083e00000, 0x0000000083f00000, 0x0000000083f00000|100%|HC|  |TAMS 0x0000000083e00000, 0x0000000083f00000| Complete 
|  45|0x0000000083f00000, 0x0000000084000000, 0x0000000084000000|100%|HS|  |TAMS 0x0000000083f00000, 0x0000000084000000| Complete 
|  46|0x0000000084000000, 0x0000000084100000, 0x0000000084100000|100%|HC|  |TAMS 0x0000000084000000, 0x0000000084100000| Complete 
|  47|0x0000000084100000, 0x0000000084200000, 0x0000000084200000|100%|HS|  |TAMS 0x0000000084100000, 0x0000000084200000| Complete 
|  48|0x0000000084200000, 0x0000000084300000, 0x0000000084300000|100%|HC|  |TAMS 0x0000000084200000, 0x0000000084300000| Complete 
|  49|0x0000000084300000, 0x0000000084400000, 0x0000000084400000|100%|HS|  |TAMS 0x0000000084300000, 0x0000000084400000| Complete 
|  50|0x0000000084400000, 0x0000000084500000, 0x0000000084500000|100%|HC|  |TAMS 0x0000000084400000, 0x0000000084500000| Complete 
|  51|0x0000000084500000, 0x0000000084600000, 0x0000000084600000|100%|HS|  |TAMS 0x0000000084500000, 0x0000000084600000| Complete 
|  52|0x0000000084600000, 0x0000000084700000, 0x0000000084700000|100%|HC|  |TAMS 0x0000000084600000, 0x0000000084700000| Complete 
|  53|0x0000000084700000, 0x0000000084800000, 0x0000000084800000|100%|HS|  |TAMS 0x0000000084700000, 0x0000000084800000| Complete 
|  54|0x0000000084800000, 0x0000000084900000, 0x0000000084900000|100%|HC|  |TAMS 0x0000000084800000, 0x0000000084900000| Complete 
|  55|0x0000000084900000, 0x0000000084a00000, 0x0000000084a00000|100%|HS|  |TAMS 0x0000000084900000, 0x0000000084a00000| Complete 
|  56|0x0000000084a00000, 0x0000000084b00000, 0x0000000084b00000|100%|HC|  |TAMS 0x0000000084a00000, 0x0000000084b00000| Complete 
|  57|0x0000000084b00000, 0x0000000084c00000, 0x0000000084c00000|100%|HS|  |TAMS 0x0000000084b00000, 0x0000000084c00000| Complete 
|  58|0x0000000084c00000, 0x0000000084d00000, 0x0000000084d00000|100%|HC|  |TAMS 0x0000000084c00000, 0x0000000084d00000| Complete 
|  59|0x0000000084d00000, 0x0000000084e00000, 0x0000000084e00000|100%|HS|  |TAMS 0x0000000084d00000, 0x0000000084e00000| Complete 
|  60|0x0000000084e00000, 0x0000000084f00000, 0x0000000084f00000|100%|HC|  |TAMS 0x0000000084e00000, 0x0000000084f00000| Complete 
|  61|0x0000000084f00000, 0x0000000085000000, 0x0000000085000000|100%|HS|  |TAMS 0x0000000084f00000, 0x0000000085000000| Complete 
|  62|0x0000000085000000, 0x0000000085100000, 0x0000000085100000|100%|HC|  |TAMS 0x0000000085000000, 0x0000000085100000| Complete 
|  63|0x0000000085100000, 0x0000000085200000, 0x0000000085200000|100%|HS|  |TAMS 0x0000000085100000, 0x0000000085200000| Complete 
|  64|0x0000000085200000, 0x0000000085300000, 0x0000000085300000|100%|HC|  |TAMS 0x0000000085200000, 0x0000000085300000| Complete 
|  65|0x0000000085300000, 0x0000000085400000, 0x0000000085400000|100%|HS|  |TAMS 0x0000000085300000, 0x0000000085400000| Complete 
|  66|0x0000000085400000, 0x0000000085500000, 0x0000000085500000|100%|HC|  |TAMS 0x0000000085400000, 0x0000000085500000| Complete 
|  67|0x0000000085500000, 0x0000000085600000, 0x0000000085600000|100%|HS|  |TAMS 0x0000000085500000, 0x0000000085600000| Complete 
|  68|0x0000000085600000, 0x0000000085700000, 0x0000000085700000|100%|HC|  |TAMS 0x0000000085600000, 0x0000000085700000| Complete 
|  69|0x0000000085700000, 0x0000000085800000, 0x0000000085800000|100%|HS|  |TAMS 0x0000000085700000, 0x0000000085800000| Complete 
|  70|0x0000000085800000, 0x0000000085900000, 0x0000000085900000|100%|HC|  |TAMS 0x0000000085800000, 0x0000000085900000| Complete 
|  71|0x0000000085900000, 0x0000000085a00000, 0x0000000085a00000|100%|HS|  |TAMS 0x0000000085900000, 0x0000000085a00000| Complete 
|  72|0x0000000085a00000, 0x0000000085b00000, 0x0000000085b00000|100%|HC|  |TAMS 0x0000000085a00000, 0x0000000085b00000| Complete 
|  73|0x0000000085b00000, 0x0000000085c00000, 0x0000000085c00000|100%|HS|  |TAMS 0x0000000085b00000, 0x0000000085c00000| Complete 
|  74|0x0000000085c00000, 0x0000000085d00000, 0x0000000085d00000|100%|HC|  |TAMS 0x0000000085c00000, 0x0000000085d00000| Complete 
|  75|0x0000000085d00000, 0x0000000085e00000, 0x0000000085e00000|100%|HS|  |TAMS 0x0000000085d00000, 0x0000000085d00000| Complete 
|  76|0x0000000085e00000, 0x0000000085f00000, 0x0000000085f00000|100%|HC|  |TAMS 0x0000000085e00000, 0x0000000085e00000| Complete 
|  77|0x0000000085f00000, 0x0000000086000000, 0x0000000086000000|100%|HS|  |TAMS 0x0000000085f00000, 0x0000000086000000| Complete 
|  78|0x0000000086000000, 0x0000000086100000, 0x0000000086100000|100%|HC|  |TAMS 0x0000000086000000, 0x0000000086100000| Complete 
|  79|0x0000000086100000, 0x0000000086200000, 0x0000000086200000|100%|HS|  |TAMS 0x0000000086100000, 0x0000000086200000| Complete 
|  80|0x0000000086200000, 0x0000000086300000, 0x0000000086300000|100%|HC|  |TAMS 0x0000000086200000, 0x0000000086300000| Complete 
|  81|0x0000000086300000, 0x0000000086344600, 0x0000000086400000| 26%| O|  |TAMS 0x0000000086300000, 0x0000000086344600| Untracked 
|  82|0x0000000086400000, 0x0000000086400000, 0x0000000086500000|  0%| F|  |TAMS 0x0000000086400000, 0x0000000086400000| Untracked 
|  83|0x0000000086500000, 0x0000000086500000, 0x0000000086600000|  0%| F|  |TAMS 0x0000000086500000, 0x0000000086500000| Untracked 
|  84|0x0000000086600000, 0x0000000086600000, 0x0000000086700000|  0%| F|  |TAMS 0x0000000086600000, 0x0000000086600000| Untracked 
|  85|0x0000000086700000, 0x0000000086700000, 0x0000000086800000|  0%| F|  |TAMS 0x0000000086700000, 0x0000000086700000| Untracked 
|  86|0x0000000086800000, 0x0000000086800000, 0x0000000086900000|  0%| F|  |TAMS 0x0000000086800000, 0x0000000086800000| Untracked 
|  87|0x0000000086900000, 0x0000000086900000, 0x0000000086a00000|  0%| F|  |TAMS 0x0000000086900000, 0x0000000086900000| Untracked 
|  88|0x0000000086a00000, 0x0000000086a00000, 0x0000000086b00000|  0%| F|  |TAMS 0x0000000086a00000, 0x0000000086a00000| Untracked 
|  89|0x0000000086b00000, 0x0000000086b00000, 0x0000000086c00000|  0%| F|  |TAMS 0x0000000086b00000, 0x0000000086b00000| Untracked 
|  90|0x0000000086c00000, 0x0000000086c00000, 0x0000000086d00000|  0%| F|  |TAMS 0x0000000086c00000, 0x0000000086c00000| Untracked 
|  91|0x0000000086d00000, 0x0000000086d00000, 0x0000000086e00000|  0%| F|  |TAMS 0x0000000086d00000, 0x0000000086d00000| Untracked 
|  92|0x0000000086e00000, 0x0000000086e00000, 0x0000000086f00000|  0%| F|  |TAMS 0x0000000086e00000, 0x0000000086e00000| Untracked 
|  93|0x0000000086f00000, 0x0000000086f00000, 0x0000000087000000|  0%| F|  |TAMS 0x0000000086f00000, 0x0000000086f00000| Untracked 
|  94|0x0000000087000000, 0x0000000087000000, 0x0000000087100000|  0%| F|  |TAMS 0x0000000087000000, 0x0000000087000000| Untracked 
|  95|0x0000000087100000, 0x0000000087100000, 0x0000000087200000|  0%| F|  |TAMS 0x0000000087100000, 0x0000000087100000| Untracked 
|  96|0x0000000087200000, 0x0000000087200000, 0x0000000087300000|  0%| F|  |TAMS 0x0000000087200000, 0x0000000087200000| Untracked 
|  97|0x0000000087300000, 0x0000000087300000, 0x0000000087400000|  0%| F|  |TAMS 0x0000000087300000, 0x0000000087300000| Untracked 
|  98|0x0000000087400000, 0x0000000087400000, 0x0000000087500000|  0%| F|  |TAMS 0x0000000087400000, 0x0000000087400000| Untracked 
|  99|0x0000000087500000, 0x0000000087500000, 0x0000000087600000|  0%| F|  |TAMS 0x0000000087500000, 0x0000000087500000| Untracked 
| 100|0x0000000087600000, 0x0000000087600000, 0x0000000087700000|  0%| F|  |TAMS 0x0000000087600000, 0x0000000087600000| Untracked 
| 101|0x0000000087700000, 0x0000000087700000, 0x0000000087800000|  0%| F|  |TAMS 0x0000000087700000, 0x0000000087700000| Untracked 
| 102|0x0000000087800000, 0x0000000087800000, 0x0000000087900000|  0%| F|  |TAMS 0x0000000087800000, 0x0000000087800000| Untracked 
| 103|0x0000000087900000, 0x0000000087900000, 0x0000000087a00000|  0%| F|  |TAMS 0x0000000087900000, 0x0000000087900000| Untracked 
| 104|0x0000000087a00000, 0x0000000087a00000, 0x0000000087b00000|  0%| F|  |TAMS 0x0000000087a00000, 0x0000000087a00000| Untracked 
| 105|0x0000000087b00000, 0x0000000087b00000, 0x0000000087c00000|  0%| F|  |TAMS 0x0000000087b00000, 0x0000000087b00000| Untracked 
| 106|0x0000000087c00000, 0x0000000087c00000, 0x0000000087d00000|  0%| F|  |TAMS 0x0000000087c00000, 0x0000000087c00000| Untracked 
| 107|0x0000000087d00000, 0x0000000087d00000, 0x0000000087e00000|  0%| F|  |TAMS 0x0000000087d00000, 0x0000000087d00000| Untracked 
| 108|0x0000000087e00000, 0x0000000087e00000, 0x0000000087f00000|  0%| F|  |TAMS 0x0000000087e00000, 0x0000000087e00000| Untracked 
| 109|0x0000000087f00000, 0x0000000087f00000, 0x0000000088000000|  0%| F|  |TAMS 0x0000000087f00000, 0x0000000087f00000| Untracked 
| 110|0x0000000088000000, 0x0000000088000000, 0x0000000088100000|  0%| F|  |TAMS 0x0000000088000000, 0x0000000088000000| Untracked 
| 111|0x0000000088100000, 0x0000000088100000, 0x0000000088200000|  0%| F|  |TAMS 0x0000000088100000, 0x0000000088100000| Untracked 
| 112|0x0000000088200000, 0x0000000088200000, 0x0000000088300000|  0%| F|  |TAMS 0x0000000088200000, 0x0000000088200000| Untracked 
| 113|0x0000000088300000, 0x0000000088300000, 0x0000000088400000|  0%| F|  |TAMS 0x0000000088300000, 0x0000000088300000| Untracked 
| 114|0x0000000088400000, 0x0000000088400000, 0x0000000088500000|  0%| F|  |TAMS 0x0000000088400000, 0x0000000088400000| Untracked 
| 115|0x0000000088500000, 0x0000000088500000, 0x0000000088600000|  0%| F|  |TAMS 0x0000000088500000, 0x0000000088500000| Untracked 
| 116|0x0000000088600000, 0x0000000088600000, 0x0000000088700000|  0%| F|  |TAMS 0x0000000088600000, 0x0000000088600000| Untracked 
| 117|0x0000000088700000, 0x0000000088700000, 0x0000000088800000|  0%| F|  |TAMS 0x0000000088700000, 0x0000000088700000| Untracked 
| 118|0x0000000088800000, 0x0000000088800000, 0x0000000088900000|  0%| F|  |TAMS 0x0000000088800000, 0x0000000088800000| Untracked 
| 119|0x0000000088900000, 0x0000000088900000, 0x0000000088a00000|  0%| F|  |TAMS 0x0000000088900000, 0x0000000088900000| Untracked 
| 120|0x0000000088a00000, 0x0000000088a00000, 0x0000000088b00000|  0%| F|  |TAMS 0x0000000088a00000, 0x0000000088a00000| Untracked 
| 121|0x0000000088b00000, 0x0000000088b00000, 0x0000000088c00000|  0%| F|  |TAMS 0x0000000088b00000, 0x0000000088b00000| Untracked 
| 122|0x0000000088c00000, 0x0000000088c00000, 0x0000000088d00000|  0%| F|  |TAMS 0x0000000088c00000, 0x0000000088c00000| Untracked 
| 123|0x0000000088d00000, 0x0000000088d00000, 0x0000000088e00000|  0%| F|  |TAMS 0x0000000088d00000, 0x0000000088d00000| Untracked 
| 124|0x0000000088e00000, 0x0000000088e00000, 0x0000000088f00000|  0%| F|  |TAMS 0x0000000088e00000, 0x0000000088e00000| Untracked 
| 125|0x0000000088f00000, 0x0000000088f00000, 0x0000000089000000|  0%| F|  |TAMS 0x0000000088f00000, 0x0000000088f00000| Untracked 
| 126|0x0000000089000000, 0x0000000089000000, 0x0000000089100000|  0%| F|  |TAMS 0x0000000089000000, 0x0000000089000000| Untracked 
| 127|0x0000000089100000, 0x0000000089100000, 0x0000000089200000|  0%| F|  |TAMS 0x0000000089100000, 0x0000000089100000| Untracked 
| 128|0x0000000089200000, 0x0000000089200000, 0x0000000089300000|  0%| F|  |TAMS 0x0000000089200000, 0x0000000089200000| Untracked 
| 129|0x0000000089300000, 0x0000000089300000, 0x0000000089400000|  0%| F|  |TAMS 0x0000000089300000, 0x0000000089300000| Untracked 
| 130|0x0000000089400000, 0x0000000089400000, 0x0000000089500000|  0%| F|  |TAMS 0x0000000089400000, 0x0000000089400000| Untracked 
| 131|0x0000000089500000, 0x0000000089500000, 0x0000000089600000|  0%| F|  |TAMS 0x0000000089500000, 0x0000000089500000| Untracked 
| 132|0x0000000089600000, 0x0000000089600000, 0x0000000089700000|  0%| F|  |TAMS 0x0000000089600000, 0x0000000089600000| Untracked 
| 133|0x0000000089700000, 0x0000000089700000, 0x0000000089800000|  0%| F|  |TAMS 0x0000000089700000, 0x0000000089700000| Untracked 
| 134|0x0000000089800000, 0x0000000089800000, 0x0000000089900000|  0%| F|  |TAMS 0x0000000089800000, 0x0000000089800000| Untracked 
| 135|0x0000000089900000, 0x0000000089900000, 0x0000000089a00000|  0%| F|  |TAMS 0x0000000089900000, 0x0000000089900000| Untracked 
| 136|0x0000000089a00000, 0x0000000089a00000, 0x0000000089b00000|  0%| F|  |TAMS 0x0000000089a00000, 0x0000000089a00000| Untracked 
| 137|0x0000000089b00000, 0x0000000089b00000, 0x0000000089c00000|  0%| F|  |TAMS 0x0000000089b00000, 0x0000000089b00000| Untracked 
| 138|0x0000000089c00000, 0x0000000089c00000, 0x0000000089d00000|  0%| F|  |TAMS 0x0000000089c00000, 0x0000000089c00000| Untracked 
| 139|0x0000000089d00000, 0x0000000089d00000, 0x0000000089e00000|  0%| F|  |TAMS 0x0000000089d00000, 0x0000000089d00000| Untracked 
| 140|0x0000000089e00000, 0x0000000089e00000, 0x0000000089f00000|  0%| F|  |TAMS 0x0000000089e00000, 0x0000000089e00000| Untracked 
| 141|0x0000000089f00000, 0x0000000089f00000, 0x000000008a000000|  0%| F|  |TAMS 0x0000000089f00000, 0x0000000089f00000| Untracked 
| 142|0x000000008a000000, 0x000000008a000000, 0x000000008a100000|  0%| F|  |TAMS 0x000000008a000000, 0x000000008a000000| Untracked 
| 143|0x000000008a100000, 0x000000008a100000, 0x000000008a200000|  0%| F|  |TAMS 0x000000008a100000, 0x000000008a100000| Untracked 
| 144|0x000000008a200000, 0x000000008a200000, 0x000000008a300000|  0%| F|  |TAMS 0x000000008a200000, 0x000000008a200000| Untracked 
| 145|0x000000008a300000, 0x000000008a300000, 0x000000008a400000|  0%| F|  |TAMS 0x000000008a300000, 0x000000008a300000| Untracked 
| 146|0x000000008a400000, 0x000000008a400000, 0x000000008a500000|  0%| F|  |TAMS 0x000000008a400000, 0x000000008a400000| Untracked 
| 147|0x000000008a500000, 0x000000008a500000, 0x000000008a600000|  0%| F|  |TAMS 0x000000008a500000, 0x000000008a500000| Untracked 
| 148|0x000000008a600000, 0x000000008a600000, 0x000000008a700000|  0%| F|  |TAMS 0x000000008a600000, 0x000000008a600000| Untracked 
| 149|0x000000008a700000, 0x000000008a700000, 0x000000008a800000|  0%| F|  |TAMS 0x000000008a700000, 0x000000008a700000| Untracked 
| 150|0x000000008a800000, 0x000000008a800000, 0x000000008a900000|  0%| F|  |TAMS 0x000000008a800000, 0x000000008a800000| Untracked 
| 151|0x000000008a900000, 0x000000008a928988, 0x000000008aa00000| 15%| S|CS|TAMS 0x000000008a900000, 0x000000008a900000| Complete 
| 152|0x000000008aa00000, 0x000000008aa00000, 0x000000008ab00000|  0%| F|  |TAMS 0x000000008aa00000, 0x000000008aa00000| Untracked 
| 153|0x000000008ab00000, 0x000000008ab00000, 0x000000008ac00000|  0%| F|  |TAMS 0x000000008ab00000, 0x000000008ab00000| Untracked 
| 154|0x000000008ac00000, 0x000000008ac00000, 0x000000008ad00000|  0%| F|  |TAMS 0x000000008ac00000, 0x000000008ac00000| Untracked 
| 155|0x000000008ad00000, 0x000000008ad00000, 0x000000008ae00000|  0%| F|  |TAMS 0x000000008ad00000, 0x000000008ad00000| Untracked 
| 156|0x000000008ae00000, 0x000000008ae00000, 0x000000008af00000|  0%| F|  |TAMS 0x000000008ae00000, 0x000000008ae00000| Untracked 
| 157|0x000000008af00000, 0x000000008af00000, 0x000000008b000000|  0%| F|  |TAMS 0x000000008af00000, 0x000000008af00000| Untracked 
| 158|0x000000008b000000, 0x000000008b000000, 0x000000008b100000|  0%| F|  |TAMS 0x000000008b000000, 0x000000008b000000| Untracked 
| 159|0x000000008b100000, 0x000000008b100000, 0x000000008b200000|  0%| F|  |TAMS 0x000000008b100000, 0x000000008b100000| Untracked 
| 160|0x000000008b200000, 0x000000008b200000, 0x000000008b300000|  0%| F|  |TAMS 0x000000008b200000, 0x000000008b200000| Untracked 
| 161|0x000000008b300000, 0x000000008b300000, 0x000000008b400000|  0%| F|  |TAMS 0x000000008b300000, 0x000000008b300000| Untracked 
| 162|0x000000008b400000, 0x000000008b400000, 0x000000008b500000|  0%| F|  |TAMS 0x000000008b400000, 0x000000008b400000| Untracked 
| 163|0x000000008b500000, 0x000000008b500000, 0x000000008b600000|  0%| F|  |TAMS 0x000000008b500000, 0x000000008b500000| Untracked 
| 164|0x000000008b600000, 0x000000008b600000, 0x000000008b700000|  0%| F|  |TAMS 0x000000008b600000, 0x000000008b600000| Untracked 
| 165|0x000000008b700000, 0x000000008b700000, 0x000000008b800000|  0%| F|  |TAMS 0x000000008b700000, 0x000000008b700000| Untracked 
| 166|0x000000008b800000, 0x000000008b800000, 0x000000008b900000|  0%| F|  |TAMS 0x000000008b800000, 0x000000008b800000| Untracked 
| 167|0x000000008b900000, 0x000000008b900000, 0x000000008ba00000|  0%| F|  |TAMS 0x000000008b900000, 0x000000008b900000| Untracked 
| 168|0x000000008ba00000, 0x000000008ba00000, 0x000000008bb00000|  0%| F|  |TAMS 0x000000008ba00000, 0x000000008ba00000| Untracked 
| 169|0x000000008bb00000, 0x000000008bb00000, 0x000000008bc00000|  0%| F|  |TAMS 0x000000008bb00000, 0x000000008bb00000| Untracked 
| 170|0x000000008bc00000, 0x000000008bc00000, 0x000000008bd00000|  0%| F|  |TAMS 0x000000008bc00000, 0x000000008bc00000| Untracked 
| 171|0x000000008bd00000, 0x000000008bd00000, 0x000000008be00000|  0%| F|  |TAMS 0x000000008bd00000, 0x000000008bd00000| Untracked 
| 172|0x000000008be00000, 0x000000008be00000, 0x000000008bf00000|  0%| F|  |TAMS 0x000000008be00000, 0x000000008be00000| Untracked 
| 173|0x000000008bf00000, 0x000000008bf00000, 0x000000008c000000|  0%| F|  |TAMS 0x000000008bf00000, 0x000000008bf00000| Untracked 
| 174|0x000000008c000000, 0x000000008c000000, 0x000000008c100000|  0%| F|  |TAMS 0x000000008c000000, 0x000000008c000000| Untracked 
| 175|0x000000008c100000, 0x000000008c100000, 0x000000008c200000|  0%| F|  |TAMS 0x000000008c100000, 0x000000008c100000| Untracked 
| 176|0x000000008c200000, 0x000000008c2f3b58, 0x000000008c300000| 95%| E|  |TAMS 0x000000008c200000, 0x000000008c200000| Complete 
| 177|0x000000008c300000, 0x000000008c400000, 0x000000008c400000|100%| E|CS|TAMS 0x000000008c300000, 0x000000008c300000| Complete 
| 178|0x000000008c400000, 0x000000008c500000, 0x000000008c500000|100%| E|CS|TAMS 0x000000008c400000, 0x000000008c400000| Complete 
| 179|0x000000008c500000, 0x000000008c600000, 0x000000008c600000|100%| E|CS|TAMS 0x000000008c500000, 0x000000008c500000| Complete 
| 180|0x000000008c600000, 0x000000008c700000, 0x000000008c700000|100%| E|CS|TAMS 0x000000008c600000, 0x000000008c600000| Complete 
| 181|0x000000008c700000, 0x000000008c800000, 0x000000008c800000|100%| E|CS|TAMS 0x000000008c700000, 0x000000008c700000| Complete 
| 182|0x000000008c800000, 0x000000008c900000, 0x000000008c900000|100%| E|CS|TAMS 0x000000008c800000, 0x000000008c800000| Complete 
| 183|0x000000008c900000, 0x000000008ca00000, 0x000000008ca00000|100%| E|CS|TAMS 0x000000008c900000, 0x000000008c900000| Complete 
| 184|0x000000008ca00000, 0x000000008cb00000, 0x000000008cb00000|100%| E|CS|TAMS 0x000000008ca00000, 0x000000008ca00000| Complete 
| 185|0x000000008cb00000, 0x000000008cc00000, 0x000000008cc00000|100%| E|CS|TAMS 0x000000008cb00000, 0x000000008cb00000| Complete 
| 186|0x000000008cc00000, 0x000000008cd00000, 0x000000008cd00000|100%| E|CS|TAMS 0x000000008cc00000, 0x000000008cc00000| Complete 
|2026|0x00000000ffc00000, 0x00000000ffd00000, 0x00000000ffd00000|100%| O|  |TAMS 0x00000000ffc00000, 0x00000000ffd00000| Untracked 
|2027|0x00000000ffd00000, 0x00000000ffe00000, 0x00000000ffe00000|100%| O|  |TAMS 0x00000000ffd00000, 0x00000000ffe00000| Untracked 
|2028|0x00000000ffe00000, 0x00000000fff00000, 0x00000000fff00000|100%| O|  |TAMS 0x00000000ffe00000, 0x00000000fff00000| Untracked 
|2029|0x00000000fff00000, 0x0000000100000000, 0x0000000100000000|100%| O|  |TAMS 0x00000000fff00000, 0x0000000100000000| Untracked 

Card table byte_map: [0x00000268f4d30000,0x00000268f5130000] _byte_map_base: 0x00000268f4927000

Marking Bits (Prev, Next): (CMBitMap*) 0x00000268dda3ab90, (CMBitMap*) 0x00000268dda3ab50
 Prev Bits: [0x00000268f74f0000, 0x00000268f94a8000)
 Next Bits: [0x00000268f5530000, 0x00000268f74e8000)

Polling page: 0x00000268dd190000

Metaspace:

Usage:
  Non-class:     22.75 MB used.
      Class:      2.77 MB used.
       Both:     25.52 MB used.

Virtual space:
  Non-class space:       64.00 MB reserved,      22.88 MB ( 36%) committed,  1 nodes.
      Class space:        1.00 GB reserved,       2.94 MB ( <1%) committed,  1 nodes.
             Both:        1.06 GB reserved,      25.81 MB (  2%) committed. 

Chunk freelists:
   Non-Class:  982.00 KB
       Class:  1.06 MB
        Both:  2.02 MB

MaxMetaspaceSize: unlimited
CompressedClassSpaceSize: 1.00 GB
Initial GC threshold: 21.00 MB
Current GC threshold: 35.44 MB
CDS: on
MetaspaceReclaimPolicy: balanced
 - commit_granule_bytes: 65536.
 - commit_granule_words: 8192.
 - virtual_space_node_default_size: 8388608.
 - enlarge_chunks_in_place: 1.
 - new_chunks_are_fully_committed: 0.
 - uncommit_free_chunks: 1.
 - use_allocation_guard: 0.


Internal statistics:

num_allocs_failed_limit: 3.
num_arena_births: 270.
num_arena_deaths: 0.
num_vsnodes_births: 2.
num_vsnodes_deaths: 0.
num_space_committed: 413.
num_space_uncommitted: 0.
num_chunks_returned_to_freelist: 3.
num_chunks_taken_from_freelist: 689.
num_chunk_merges: 0.
num_chunk_splits: 522.
num_chunks_enlarged: 429.
num_inconsistent_stats: 0.

CodeHeap 'non-profiled nmethods': size=120000Kb used=954Kb max_used=954Kb free=119045Kb
 bounds [0x00000268ed400000, 0x00000268ed670000, 0x00000268f4930000]
CodeHeap 'profiled nmethods': size=120000Kb used=5684Kb max_used=5684Kb free=114315Kb
 bounds [0x00000268e5930000, 0x00000268e5ec0000, 0x00000268ece60000]
CodeHeap 'non-nmethods': size=5760Kb used=1700Kb max_used=1716Kb free=4059Kb
 bounds [0x00000268ece60000, 0x00000268ed0d0000, 0x00000268ed400000]
 total_blobs=3961 nmethods=2919 adapters=952
 compilation: enabled
              stopped_count=0, restarted_count=0
 full_count=0

Compilation events (20 events):
Event: 116.173 Thread 0x00000268fb99fc40 2910       3       java.awt.Component::updateCursorImmediately (55 bytes)
Event: 116.174 Thread 0x00000268fb99fc40 nmethod 2910 0x00000268e5eb8290 code [0x00000268e5eb84c0, 0x00000268e5eb8d98]
Event: 116.194 Thread 0x00000268fb99bec0 2911       4       java.util.concurrent.locks.AbstractQueuedSynchronizer$Node::setStatusRelaxed (12 bytes)
Event: 116.195 Thread 0x00000268fb99bec0 nmethod 2911 0x00000268ed4ede90 code [0x00000268ed4ee000, 0x00000268ed4ee078]
Event: 116.235 Thread 0x00000268fb99fc40 2912       3       sun.awt.windows.WComponentPeer::handleJavaMouseEvent (75 bytes)
Event: 116.237 Thread 0x00000268fb99fc40 nmethod 2912 0x00000268e5eb8f90 code [0x00000268e5eb9260, 0x00000268e5eba2c8]
Event: 117.036 Thread 0x00000268fb99fc40 2913       1       java.awt.AWTEvent::isConsumed (5 bytes)
Event: 117.037 Thread 0x00000268fb99fc40 nmethod 2913 0x00000268ed4ee190 code [0x00000268ed4ee320, 0x00000268ed4ee3f8]
Event: 117.045 Thread 0x00000268fb99bec0 2914       4       java.util.HashMap::afterNodeRemoval (1 bytes)
Event: 117.046 Thread 0x00000268fb99bec0 nmethod 2914 0x00000268ed4ee490 code [0x00000268ed4ee600, 0x00000268ed4ee678]
Event: 117.923 Thread 0x00000268fb99fc40 2915       3       sun.awt.WeakIdentityHashMap::get (19 bytes)
Event: 117.924 Thread 0x00000268fb99fc40 nmethod 2915 0x00000268e5eba890 code [0x00000268e5ebaac0, 0x00000268e5ebb278]
Event: 117.925 Thread 0x00000268fb99fc40 2916       3       sun.awt.WeakIdentityHashMap::getMap (31 bytes)
Event: 117.925 Thread 0x00000268fb99fc40 nmethod 2916 0x00000268e5ebb510 code [0x00000268e5ebb6e0, 0x00000268e5ebba38]
Event: 117.925 Thread 0x00000268fb99fc40 2917       3       sun.awt.WeakIdentityHashMap$WeakKey::<init> (15 bytes)
Event: 117.926 Thread 0x00000268fb99fc40 nmethod 2917 0x00000268e5ebbb90 code [0x00000268e5ebbd60, 0x00000268e5ebc0c8]
Event: 118.293 Thread 0x00000268fb99fc40 2918       3       sun.util.locale.BaseLocale::getInstance (150 bytes)
Event: 118.299 Thread 0x00000268fb99fc40 nmethod 2918 0x00000268e5ebc210 code [0x00000268e5ebc480, 0x00000268e5ebcf28]
Event: 179.486 Thread 0x00000268fb99fc40 2919       1       java.util.concurrent.CopyOnWriteArrayList::getArray (5 bytes)
Event: 179.486 Thread 0x00000268fb99fc40 nmethod 2919 0x00000268ed4ee790 code [0x00000268ed4ee920, 0x00000268ed4ee9d8]

GC Heap History (20 events):
Event: 92.075 GC heap before
{Heap before GC invocations=51 (full 0):
 garbage-first heap   total 195584K, used 94631K [0x0000000081200000, 0x0000000100000000)
  region size 1024K, 9 young (9216K), 1 survivors (1024K)
 Metaspace       used 26097K, committed 26432K, reserved 1114112K
  class space    used 2830K, committed 3008K, reserved 1048576K
}
Event: 92.076 GC heap after
{Heap after GC invocations=52 (full 0):
 garbage-first heap   total 195584K, used 34210K [0x0000000081200000, 0x0000000100000000)
  region size 1024K, 1 young (1024K), 1 survivors (1024K)
 Metaspace       used 26097K, committed 26432K, reserved 1114112K
  class space    used 2830K, committed 3008K, reserved 1048576K
}
Event: 95.186 GC heap before
{Heap before GC invocations=52 (full 0):
 garbage-first heap   total 195584K, used 121250K [0x0000000081200000, 0x0000000100000000)
  region size 1024K, 35 young (35840K), 1 survivors (1024K)
 Metaspace       used 26097K, committed 26432K, reserved 1114112K
  class space    used 2830K, committed 3008K, reserved 1048576K
}
Event: 95.188 GC heap after
{Heap after GC invocations=53 (full 0):
 garbage-first heap   total 195584K, used 75178K [0x0000000081200000, 0x0000000100000000)
  region size 1024K, 1 young (1024K), 1 survivors (1024K)
 Metaspace       used 26097K, committed 26432K, reserved 1114112K
  class space    used 2830K, committed 3008K, reserved 1048576K
}
Event: 95.908 GC heap before
{Heap before GC invocations=53 (full 0):
 garbage-first heap   total 195584K, used 94634K [0x0000000081200000, 0x0000000100000000)
  region size 1024K, 9 young (9216K), 1 survivors (1024K)
 Metaspace       used 26097K, committed 26432K, reserved 1114112K
  class space    used 2830K, committed 3008K, reserved 1048576K
}
Event: 95.909 GC heap after
{Heap after GC invocations=54 (full 0):
 garbage-first heap   total 195584K, used 34210K [0x0000000081200000, 0x0000000100000000)
  region size 1024K, 1 young (1024K), 1 survivors (1024K)
 Metaspace       used 26097K, committed 26432K, reserved 1114112K
  class space    used 2830K, committed 3008K, reserved 1048576K
}
Event: 98.953 GC heap before
{Heap before GC invocations=54 (full 0):
 garbage-first heap   total 195584K, used 121250K [0x0000000081200000, 0x0000000100000000)
  region size 1024K, 35 young (35840K), 1 survivors (1024K)
 Metaspace       used 26099K, committed 26432K, reserved 1114112K
  class space    used 2830K, committed 3008K, reserved 1048576K
}
Event: 98.954 GC heap after
{Heap after GC invocations=55 (full 0):
 garbage-first heap   total 195584K, used 75173K [0x0000000081200000, 0x0000000100000000)
  region size 1024K, 1 young (1024K), 1 survivors (1024K)
 Metaspace       used 26099K, committed 26432K, reserved 1114112K
  class space    used 2830K, committed 3008K, reserved 1048576K
}
Event: 99.641 GC heap before
{Heap before GC invocations=55 (full 0):
 garbage-first heap   total 195584K, used 94629K [0x0000000081200000, 0x0000000100000000)
  region size 1024K, 9 young (9216K), 1 survivors (1024K)
 Metaspace       used 26100K, committed 26432K, reserved 1114112K
  class space    used 2830K, committed 3008K, reserved 1048576K
}
Event: 99.642 GC heap after
{Heap after GC invocations=56 (full 0):
 garbage-first heap   total 195584K, used 34209K [0x0000000081200000, 0x0000000100000000)
  region size 1024K, 1 young (1024K), 1 survivors (1024K)
 Metaspace       used 26100K, committed 26432K, reserved 1114112K
  class space    used 2830K, committed 3008K, reserved 1048576K
}
Event: 102.714 GC heap before
{Heap before GC invocations=56 (full 0):
 garbage-first heap   total 195584K, used 121249K [0x0000000081200000, 0x0000000100000000)
  region size 1024K, 35 young (35840K), 1 survivors (1024K)
 Metaspace       used 26100K, committed 26432K, reserved 1114112K
  class space    used 2830K, committed 3008K, reserved 1048576K
}
Event: 102.715 GC heap after
{Heap after GC invocations=57 (full 0):
 garbage-first heap   total 195584K, used 75182K [0x0000000081200000, 0x0000000100000000)
  region size 1024K, 1 young (1024K), 1 survivors (1024K)
 Metaspace       used 26100K, committed 26432K, reserved 1114112K
  class space    used 2830K, committed 3008K, reserved 1048576K
}
Event: 103.497 GC heap before
{Heap before GC invocations=57 (full 0):
 garbage-first heap   total 195584K, used 94638K [0x0000000081200000, 0x0000000100000000)
  region size 1024K, 9 young (9216K), 1 survivors (1024K)
 Metaspace       used 26100K, committed 26432K, reserved 1114112K
  class space    used 2830K, committed 3008K, reserved 1048576K
}
Event: 103.498 GC heap after
{Heap after GC invocations=58 (full 0):
 garbage-first heap   total 195584K, used 34217K [0x0000000081200000, 0x0000000100000000)
  region size 1024K, 1 young (1024K), 1 survivors (1024K)
 Metaspace       used 26100K, committed 26432K, reserved 1114112K
  class space    used 2830K, committed 3008K, reserved 1048576K
}
Event: 106.604 GC heap before
{Heap before GC invocations=58 (full 0):
 garbage-first heap   total 195584K, used 121257K [0x0000000081200000, 0x0000000100000000)
  region size 1024K, 35 young (35840K), 1 survivors (1024K)
 Metaspace       used 26100K, committed 26432K, reserved 1114112K
  class space    used 2830K, committed 3008K, reserved 1048576K
}
Event: 106.605 GC heap after
{Heap after GC invocations=59 (full 0):
 garbage-first heap   total 195584K, used 75185K [0x0000000081200000, 0x0000000100000000)
  region size 1024K, 1 young (1024K), 1 survivors (1024K)
 Metaspace       used 26100K, committed 26432K, reserved 1114112K
  class space    used 2830K, committed 3008K, reserved 1048576K
}
Event: 107.371 GC heap before
{Heap before GC invocations=59 (full 0):
 garbage-first heap   total 195584K, used 94641K [0x0000000081200000, 0x0000000100000000)
  region size 1024K, 9 young (9216K), 1 survivors (1024K)
 Metaspace       used 26100K, committed 26432K, reserved 1114112K
  class space    used 2830K, committed 3008K, reserved 1048576K
}
Event: 107.373 GC heap after
{Heap after GC invocations=60 (full 0):
 garbage-first heap   total 195584K, used 34220K [0x0000000081200000, 0x0000000100000000)
  region size 1024K, 1 young (1024K), 1 survivors (1024K)
 Metaspace       used 26100K, committed 26432K, reserved 1114112K
  class space    used 2830K, committed 3008K, reserved 1048576K
}
Event: 110.608 GC heap before
{Heap before GC invocations=60 (full 0):
 garbage-first heap   total 195584K, used 121260K [0x0000000081200000, 0x0000000100000000)
  region size 1024K, 35 young (35840K), 1 survivors (1024K)
 Metaspace       used 26100K, committed 26432K, reserved 1114112K
  class space    used 2830K, committed 3008K, reserved 1048576K
}
Event: 110.609 GC heap after
{Heap after GC invocations=61 (full 0):
 garbage-first heap   total 195584K, used 75187K [0x0000000081200000, 0x0000000100000000)
  region size 1024K, 1 young (1024K), 1 survivors (1024K)
 Metaspace       used 26100K, committed 26432K, reserved 1114112K
  class space    used 2830K, committed 3008K, reserved 1048576K
}

Dll operation events (19 events):
Event: 0.011 Loaded shared library C:\Program Files\Java\jdk-19\bin\java.dll
Event: 0.025 Loaded shared library C:\Program Files\Java\jdk-19\bin\jsvml.dll
Event: 0.251 Loaded shared library C:\Program Files\Java\jdk-19\bin\zip.dll
Event: 0.254 Loaded shared library C:\Program Files\Java\jdk-19\bin\instrument.dll
Event: 0.262 Loaded shared library C:\Program Files\Java\jdk-19\bin\net.dll
Event: 0.265 Loaded shared library C:\Program Files\Java\jdk-19\bin\nio.dll
Event: 0.273 Loaded shared library C:\Program Files\Java\jdk-19\bin\zip.dll
Event: 0.512 Loaded shared library C:\Program Files\JetBrains\IntelliJ IDEA 2022.3.1\bin\breakgen64.dll
Event: 0.528 Loaded shared library C:\Program Files\Java\jdk-19\bin\extnet.dll
Event: 0.581 Loaded shared library C:\Program Files\Java\jdk-19\bin\jimage.dll
Event: 1.055 Loaded shared library C:\Program Files\Java\jdk-19\bin\management.dll
Event: 1.061 Loaded shared library C:\Program Files\Java\jdk-19\bin\management_ext.dll
Event: 1.133 Loaded shared library C:\Program Files\Java\jdk-19\bin\sunmscapi.dll
Event: 1.479 Loaded shared library C:\Users\neera\AppData\Local\Temp\io_grpc_netty_shaded_netty_tcnative_windows_x86_64617106783607994646.dll
Event: 2.120 Loaded shared library C:\Program Files\Java\jdk-19\bin\awt.dll
Event: 2.313 Loaded shared library D:\OpenCV\opencv\build\java\x64\opencv_java460.dll
Event: 2.349 Loaded shared library C:\Program Files\Java\jdk-19\bin\javajpeg.dll
Event: 2.459 Loaded shared library C:\Program Files\Java\jdk-19\bin\freetype.dll
Event: 2.460 Loaded shared library C:\Program Files\Java\jdk-19\bin\fontmanager.dll

Deoptimization events (20 events):
Event: 13.945 Thread 0x000002688122cb50 DEOPT PACKING pc=0x00000268ed4b2fa4 sp=0x000000c6c54fe370
Event: 13.945 Thread 0x000002688122cb50 DEOPT UNPACKING pc=0x00000268ecec6da3 sp=0x000000c6c54fe340 mode 2
Event: 18.767 Thread 0x0000026881230b10 Uncommon trap: trap_request=0xffffffde fr.pc=0x00000268ed410f3c relative=0x000000000000019c
Event: 18.767 Thread 0x0000026881230b10 Uncommon trap: reason=class_check action=maybe_recompile pc=0x00000268ed410f3c method=java.lang.String.equals(Ljava/lang/Object;)Z @ 8 c2
Event: 18.767 Thread 0x0000026881230b10 DEOPT PACKING pc=0x00000268ed410f3c sp=0x000000c6c3efe370
Event: 18.767 Thread 0x0000026881230b10 DEOPT UNPACKING pc=0x00000268ecec6da3 sp=0x000000c6c3efe318 mode 2
Event: 18.767 Thread 0x0000026881230b10 Uncommon trap: trap_request=0xffffffde fr.pc=0x00000268ed410f3c relative=0x000000000000019c
Event: 18.767 Thread 0x0000026881230b10 Uncommon trap: reason=class_check action=maybe_recompile pc=0x00000268ed410f3c method=java.lang.String.equals(Ljava/lang/Object;)Z @ 8 c2
Event: 18.767 Thread 0x0000026881230b10 DEOPT PACKING pc=0x00000268ed410f3c sp=0x000000c6c3efe370
Event: 18.767 Thread 0x0000026881230b10 DEOPT UNPACKING pc=0x00000268ecec6da3 sp=0x000000c6c3efe318 mode 2
Event: 18.791 Thread 0x0000026881230b10 Uncommon trap: trap_request=0xffffffde fr.pc=0x00000268ed410f3c relative=0x000000000000019c
Event: 18.791 Thread 0x0000026881230b10 Uncommon trap: reason=class_check action=maybe_recompile pc=0x00000268ed410f3c method=java.lang.String.equals(Ljava/lang/Object;)Z @ 8 c2
Event: 18.791 Thread 0x0000026881230b10 DEOPT PACKING pc=0x00000268ed410f3c sp=0x000000c6c3efe370
Event: 18.791 Thread 0x0000026881230b10 DEOPT UNPACKING pc=0x00000268ecec6da3 sp=0x000000c6c3efe318 mode 2
Event: 18.791 Thread 0x0000026881230b10 Uncommon trap: trap_request=0xffffffde fr.pc=0x00000268ed410f3c relative=0x000000000000019c
Event: 18.791 Thread 0x0000026881230b10 Uncommon trap: reason=class_check action=maybe_recompile pc=0x00000268ed410f3c method=java.lang.String.equals(Ljava/lang/Object;)Z @ 8 c2
Event: 18.791 Thread 0x0000026881230b10 DEOPT PACKING pc=0x00000268ed410f3c sp=0x000000c6c3efe370
Event: 18.791 Thread 0x0000026881230b10 DEOPT UNPACKING pc=0x00000268ecec6da3 sp=0x000000c6c3efe318 mode 2
Event: 65.039 Thread 0x0000026881230b10 DEOPT PACKING pc=0x00000268e5cb2d1c sp=0x000000c6c3efee90
Event: 65.039 Thread 0x0000026881230b10 DEOPT UNPACKING pc=0x00000268ecec7543 sp=0x000000c6c3efe320 mode 0

Classes loaded (20 events):
Event: 23.573 Loading class java/awt/WaitDispatchSupport$1
Event: 23.573 Loading class java/awt/WaitDispatchSupport$1 done
Event: 23.573 Loading class java/awt/WaitDispatchSupport$2
Event: 23.573 Loading class java/awt/WaitDispatchSupport$2 done
Event: 23.573 Loading class java/awt/WaitDispatchSupport$4
Event: 23.573 Loading class java/awt/WaitDispatchSupport$4 done
Event: 25.590 Loading class javax/swing/Autoscroller
Event: 25.590 Loading class javax/swing/Autoscroller done
Event: 25.615 Loading class java/awt/Component$3
Event: 25.615 Loading class java/awt/Component$3 done
Event: 26.479 Loading class java/lang/Throwable$WrappedPrintStream
Event: 26.479 Loading class java/lang/Throwable$PrintStreamOrWriter
Event: 26.479 Loading class java/lang/Throwable$PrintStreamOrWriter done
Event: 26.479 Loading class java/lang/Throwable$WrappedPrintStream done
Event: 179.484 Loading class jdk/internal/misc/Signal$1
Event: 179.484 Loading class jdk/internal/misc/Signal$1 done
Event: 179.486 Loading class java/util/WeakHashMap$KeyIterator
Event: 179.486 Loading class java/util/WeakHashMap$HashIterator
Event: 179.486 Loading class java/util/WeakHashMap$HashIterator done
Event: 179.486 Loading class java/util/WeakHashMap$KeyIterator done

Classes unloaded (0 events):
No events

Classes redefined (0 events):
No events

Internal exceptions (20 events):
Event: 56.612 Thread 0x000002688122eb30 Exception <a 'java/lang/ArrayIndexOutOfBoundsException'{0x000000008cb872f0}: Index 0 out of bounds for length 0> (0x000000008cb872f0) 
thrown [s\open\src\hotspot\share\interpreter\interpreterRuntime.cpp, line 432]
Event: 56.723 Thread 0x000002688122eb30 Exception <a 'java/lang/ArrayIndexOutOfBoundsException'{0x000000008cb994d8}: Index 0 out of bounds for length 0> (0x000000008cb994d8) 
thrown [s\open\src\hotspot\share\interpreter\interpreterRuntime.cpp, line 432]
Event: 56.844 Thread 0x000002688122eb30 Exception <a 'java/lang/ArrayIndexOutOfBoundsException'{0x000000008cbab9a0}: Index 0 out of bounds for length 0> (0x000000008cbab9a0) 
thrown [s\open\src\hotspot\share\interpreter\interpreterRuntime.cpp, line 432]
Event: 58.567 Thread 0x000002688122eb30 Exception <a 'java/lang/ArrayIndexOutOfBoundsException'{0x000000008cbc1590}: Index 0 out of bounds for length 0> (0x000000008cbc1590) 
thrown [s\open\src\hotspot\share\interpreter\interpreterRuntime.cpp, line 432]
Event: 58.672 Thread 0x000002688122eb30 Exception <a 'java/lang/ArrayIndexOutOfBoundsException'{0x000000008cbc1d68}: Index 0 out of bounds for length 0> (0x000000008cbc1d68) 
thrown [s\open\src\hotspot\share\interpreter\interpreterRuntime.cpp, line 432]
Event: 82.864 Thread 0x000002688122eb30 Exception <a 'java/lang/ArrayIndexOutOfBoundsException'{0x000000008cbbabb8}: Index 0 out of bounds for length 0> (0x000000008cbbabb8) 
thrown [s\open\src\hotspot\share\interpreter\interpreterRuntime.cpp, line 432]
Event: 82.974 Thread 0x000002688122eb30 Exception <a 'java/lang/ArrayIndexOutOfBoundsException'{0x000000008cbbb390}: Index 0 out of bounds for length 0> (0x000000008cbbb390) 
thrown [s\open\src\hotspot\share\interpreter\interpreterRuntime.cpp, line 432]
Event: 83.084 Thread 0x000002688122eb30 Exception <a 'java/lang/ArrayIndexOutOfBoundsException'{0x000000008cbbbb68}: Index 0 out of bounds for length 0> (0x000000008cbbbb68) 
thrown [s\open\src\hotspot\share\interpreter\interpreterRuntime.cpp, line 432]
Event: 83.195 Thread 0x000002688122eb30 Exception <a 'java/lang/ArrayIndexOutOfBoundsException'{0x000000008cbbc340}: Index 0 out of bounds for length 0> (0x000000008cbbc340) 
thrown [s\open\src\hotspot\share\interpreter\interpreterRuntime.cpp, line 432]
Event: 83.314 Thread 0x000002688122eb30 Exception <a 'java/lang/ArrayIndexOutOfBoundsException'{0x000000008cbbcb18}: Index 0 out of bounds for length 0> (0x000000008cbbcb18) 
thrown [s\open\src\hotspot\share\interpreter\interpreterRuntime.cpp, line 432]
Event: 83.426 Thread 0x000002688122eb30 Exception <a 'java/lang/ArrayIndexOutOfBoundsException'{0x000000008cbbd2f0}: Index 0 out of bounds for length 0> (0x000000008cbbd2f0) 
thrown [s\open\src\hotspot\share\interpreter\interpreterRuntime.cpp, line 432]
Event: 83.537 Thread 0x000002688122eb30 Exception <a 'java/lang/ArrayIndexOutOfBoundsException'{0x000000008cbbdac8}: Index 0 out of bounds for length 0> (0x000000008cbbdac8) 
thrown [s\open\src\hotspot\share\interpreter\interpreterRuntime.cpp, line 432]
Event: 83.648 Thread 0x000002688122eb30 Exception <a 'java/lang/ArrayIndexOutOfBoundsException'{0x000000008cbbe2a0}: Index 0 out of bounds for length 0> (0x000000008cbbe2a0) 
thrown [s\open\src\hotspot\share\interpreter\interpreterRuntime.cpp, line 432]
Event: 83.784 Thread 0x000002688122eb30 Exception <a 'java/lang/ArrayIndexOutOfBoundsException'{0x000000008cb751c8}: Index 0 out of bounds for length 0> (0x000000008cb751c8) 
thrown [s\open\src\hotspot\share\interpreter\interpreterRuntime.cpp, line 432]
Event: 85.426 Thread 0x000002688122eb30 Exception <a 'java/lang/ArrayIndexOutOfBoundsException'{0x000000008cbbce38}: Index 0 out of bounds for length 0> (0x000000008cbbce38) 
thrown [s\open\src\hotspot\share\interpreter\interpreterRuntime.cpp, line 432]
Event: 85.653 Thread 0x000002688122eb30 Exception <a 'java/lang/ArrayIndexOutOfBoundsException'{0x000000008cbbdb48}: Index 0 out of bounds for length 0> (0x000000008cbbdb48) 
thrown [s\open\src\hotspot\share\interpreter\interpreterRuntime.cpp, line 432]
Event: 99.291 Thread 0x000002688122eb30 Exception <a 'java/lang/ArrayIndexOutOfBoundsException'{0x000000008cb98760}: Index 0 out of bounds for length 0> (0x000000008cb98760) 
thrown [s\open\src\hotspot\share\interpreter\interpreterRuntime.cpp, line 432]
Event: 99.407 Thread 0x000002688122eb30 Exception <a 'java/lang/ArrayIndexOutOfBoundsException'{0x000000008cbaa7e8}: Index 0 out of bounds for length 0> (0x000000008cbaa7e8) 
thrown [s\open\src\hotspot\share\interpreter\interpreterRuntime.cpp, line 432]
Event: 99.523 Thread 0x000002688122eb30 Exception <a 'java/lang/ArrayIndexOutOfBoundsException'{0x000000008cbbc7f0}: Index 0 out of bounds for length 0> (0x000000008cbbc7f0) 
thrown [s\open\src\hotspot\share\interpreter\interpreterRuntime.cpp, line 432]
Event: 99.633 Thread 0x000002688122eb30 Exception <a 'java/lang/ArrayIndexOutOfBoundsException'{0x000000008cbce808}: Index 0 out of bounds for length 0> (0x000000008cbce808) 
thrown [s\open\src\hotspot\share\interpreter\interpreterRuntime.cpp, line 432]

VM Operations (20 events):
Event: 98.954 Executing VM operation: G1TryInitiateConcMark done
Event: 99.641 Executing VM operation: G1TryInitiateConcMark
Event: 99.642 Executing VM operation: G1TryInitiateConcMark done
Event: 102.714 Executing VM operation: G1TryInitiateConcMark
Event: 102.715 Executing VM operation: G1TryInitiateConcMark done
Event: 103.497 Executing VM operation: G1TryInitiateConcMark
Event: 103.498 Executing VM operation: G1TryInitiateConcMark done
Event: 106.604 Executing VM operation: G1TryInitiateConcMark
Event: 106.605 Executing VM operation: G1TryInitiateConcMark done
Event: 107.371 Executing VM operation: G1TryInitiateConcMark
Event: 107.373 Executing VM operation: G1TryInitiateConcMark done
Event: 110.608 Executing VM operation: G1TryInitiateConcMark
Event: 110.609 Executing VM operation: G1TryInitiateConcMark done
Event: 115.667 Executing VM operation: Cleanup
Event: 115.667 Executing VM operation: Cleanup done
Event: 117.686 Executing VM operation: Cleanup
Event: 117.686 Executing VM operation: Cleanup done
Event: 118.697 Executing VM operation: Cleanup
Event: 118.697 Executing VM operation: Cleanup done
Event: 179.601 Executing VM operation: Exit

Events (20 events):
Event: 11.955 Thread 0x000002688122fb20 Thread added: 0x000002688122fb20
Event: 21.441 Thread 0x000002688122cb50 Thread exited: 0x000002688122cb50
Event: 21.958 Thread 0x000002688122cb50 Thread added: 0x000002688122cb50
Event: 23.530 Thread 0x000002688122e5e0 Thread added: 0x000002688122e5e0
Event: 25.622 Thread 0x000002688122eb30 Thread added: 0x000002688122eb30
Event: 26.479 Thread 0x0000026881231060 Thread exited: 0x0000026881231060
Event: 31.953 Thread 0x000002688122f080 Thread added: 0x000002688122f080
Event: 111.228 Thread 0x000002688122eb30 Thread exited: 0x000002688122eb30
Event: 116.231 Thread 0x000002688122e5e0 Thread exited: 0x000002688122e5e0
Event: 179.485 Thread 0x0000026881230070 Thread added: 0x0000026881230070
Event: 179.485 Thread 0x000002688122f5d0 Thread added: 0x000002688122f5d0
Event: 179.485 Thread 0x0000026881231060 Thread added: 0x0000026881231060
Event: 179.485 Thread 0x000002688122b610 Thread added: 0x000002688122b610
Event: 179.485 Thread 0x000002688122e5e0 Thread added: 0x000002688122e5e0
Event: 179.486 Thread 0x0000026881231060 Thread exited: 0x0000026881231060
Event: 179.487 Thread 0x000002688122e5e0 Thread exited: 0x000002688122e5e0
Event: 179.487 Thread 0x000002688122f5d0 Thread exited: 0x000002688122f5d0
Event: 179.492 Thread 0x00000268fb9b7450 Thread exited: 0x00000268fb9b7450
Event: 179.599 Thread 0x000002688122b610 Thread exited: 0x000002688122b610
Event: 179.601 Thread 0x00000268fb983e40 Thread exited: 0x00000268fb983e40


Dynamic libraries:
0x00007ff774870000 - 0x00007ff774880000 	C:\Program Files\Java\jdk-19\bin\java.exe
0x00007ffefce70000 - 0x00007ffefd068000 	C:\WINDOWS\SYSTEM32\ntdll.dll
0x00007ffefbb90000 - 0x00007ffefbc4f000 	C:\WINDOWS\System32\KERNEL32.DLL
0x00007ffefa900000 - 0x00007ffefabd2000 	C:\WINDOWS\System32\KERNELBASE.dll
0x00007ffefac10000 - 0x00007ffefad10000 	C:\WINDOWS\System32\ucrtbase.dll
0x00007ffef5ef0000 - 0x00007ffef5f0b000 	C:\Program Files\Java\jdk-19\bin\VCRUNTIME140.dll
0x00007ffef6060000 - 0x00007ffef6078000 	C:\Program Files\Java\jdk-19\bin\jli.dll
0x00007ffefb0a0000 - 0x00007ffefb14e000 	C:\WINDOWS\System32\ADVAPI32.dll
0x00007ffefc010000 - 0x00007ffefc0ae000 	C:\WINDOWS\System32\msvcrt.dll
0x00007ffefccc0000 - 0x00007ffefcd5c000 	C:\WINDOWS\System32\sechost.dll
0x00007ffefc0b0000 - 0x00007ffefc1d5000 	C:\WINDOWS\System32\RPCRT4.dll
0x00007ffefb9e0000 - 0x00007ffefbb81000 	C:\WINDOWS\System32\USER32.dll
0x00007ffefabe0000 - 0x00007ffefac02000 	C:\WINDOWS\System32\win32u.dll
0x00007ffefbef0000 - 0x00007ffefbf1b000 	C:\WINDOWS\System32\GDI32.dll
0x00007ffefa600000 - 0x00007ffefa70f000 	C:\WINDOWS\System32\gdi32full.dll
0x00007ffeec210000 - 0x00007ffeec4aa000 	C:\WINDOWS\WinSxS\amd64_microsoft.windows.common-controls_6595b64144ccf1df_6.0.19041.1110_none_60b5254171f9507e\COMCTL32.dll
0x00007ffefa560000 - 0x00007ffefa5fd000 	C:\WINDOWS\System32\msvcp_win.dll
0x00007ffee9960000 - 0x00007ffee996a000 	C:\WINDOWS\SYSTEM32\VERSION.dll
0x00007ffefcd60000 - 0x00007ffefcd92000 	C:\WINDOWS\System32\IMM32.DLL
0x00007ffef7d20000 - 0x00007ffef7d2c000 	C:\Program Files\Java\jdk-19\bin\vcruntime140_1.dll
0x00007ffee7ad0000 - 0x00007ffee7b5e000 	C:\Program Files\Java\jdk-19\bin\msvcp140.dll
0x00007ffece070000 - 0x00007ffeced30000 	C:\Program Files\Java\jdk-19\bin\server\jvm.dll
0x00007ffeeea00000 - 0x00007ffeeea27000 	C:\WINDOWS\SYSTEM32\WINMM.dll
0x00007ffef2d80000 - 0x00007ffef2d89000 	C:\WINDOWS\SYSTEM32\WSOCK32.dll
0x00007ffefc1e0000 - 0x00007ffefc24b000 	C:\WINDOWS\System32\WS2_32.dll
0x00007ffef8300000 - 0x00007ffef8312000 	C:\WINDOWS\SYSTEM32\kernel.appcore.dll
0x00007ffef7d00000 - 0x00007ffef7d0a000 	C:\Program Files\Java\jdk-19\bin\jimage.dll
0x00007ffee83b0000 - 0x00007ffee8594000 	C:\WINDOWS\SYSTEM32\DBGHELP.DLL
0x00007ffee99c0000 - 0x00007ffee99f5000 	C:\WINDOWS\SYSTEM32\dbgcore.DLL
0x00007ffefa710000 - 0x00007ffefa792000 	C:\WINDOWS\System32\bcryptPrimitives.dll
0x00007ffef6050000 - 0x00007ffef605e000 	C:\Program Files\Java\jdk-19\bin\instrument.dll
0x00007ffef12d0000 - 0x00007ffef12f6000 	C:\Program Files\Java\jdk-19\bin\java.dll
0x00007ffee0070000 - 0x00007ffee0147000 	C:\Program Files\Java\jdk-19\bin\jsvml.dll
0x00007ffefc250000 - 0x00007ffefc994000 	C:\WINDOWS\System32\SHELL32.dll
0x00007ffef85e0000 - 0x00007ffef8d72000 	C:\WINDOWS\SYSTEM32\windows.storage.dll
0x00007ffefb5c0000 - 0x00007ffefb915000 	C:\WINDOWS\System32\combase.dll
0x00007ffef9e00000 - 0x00007ffef9e30000 	C:\WINDOWS\SYSTEM32\Wldp.dll
0x00007ffefbd30000 - 0x00007ffefbddd000 	C:\WINDOWS\System32\SHCORE.dll
0x00007ffefb920000 - 0x00007ffefb975000 	C:\WINDOWS\System32\shlwapi.dll
0x00007ffefa4a0000 - 0x00007ffefa4bf000 	C:\WINDOWS\SYSTEM32\profapi.dll
0x00007ffef11a0000 - 0x00007ffef11b8000 	C:\Program Files\Java\jdk-19\bin\zip.dll
0x00007ffef5690000 - 0x00007ffef56a3000 	C:\Program Files\Java\jdk-19\bin\net.dll
0x00007ffef2320000 - 0x00007ffef242c000 	C:\WINDOWS\SYSTEM32\WINHTTP.dll
0x00007ffef9be0000 - 0x00007ffef9c4a000 	C:\WINDOWS\system32\mswsock.dll
0x00007ffef12b0000 - 0x00007ffef12c6000 	C:\Program Files\Java\jdk-19\bin\nio.dll
0x00007ffee9ae0000 - 0x00007ffee9afa000 	C:\Program Files\JetBrains\IntelliJ IDEA 2022.3.1\bin\breakgen64.dll
0x00007ffef0620000 - 0x00007ffef0628000 	C:\Program Files\Java\jdk-19\bin\extnet.dll
0x00007ffef12a0000 - 0x00007ffef12aa000 	C:\Program Files\Java\jdk-19\bin\management.dll
0x00007ffef1190000 - 0x00007ffef119b000 	C:\Program Files\Java\jdk-19\bin\management_ext.dll
0x00007ffefb080000 - 0x00007ffefb088000 	C:\WINDOWS\System32\PSAPI.DLL
0x00007ffef0650000 - 0x00007ffef065e000 	C:\Program Files\Java\jdk-19\bin\sunmscapi.dll
0x00007ffefa7a0000 - 0x00007ffefa8f6000 	C:\WINDOWS\System32\CRYPT32.dll
0x00007ffef9f50000 - 0x00007ffef9f77000 	C:\WINDOWS\SYSTEM32\ncrypt.dll
0x00007ffef9f10000 - 0x00007ffef9f4b000 	C:\WINDOWS\SYSTEM32\NTASN1.dll
0x00007ffedadb0000 - 0x00007ffedadb7000 	C:\WINDOWS\system32\wshunix.dll
0x00007ffef9e40000 - 0x00007ffef9e58000 	C:\WINDOWS\SYSTEM32\CRYPTSP.dll
0x00007ffef9520000 - 0x00007ffef9554000 	C:\WINDOWS\system32\rsaenh.dll
0x00007ffefadc0000 - 0x00007ffefade7000 	C:\WINDOWS\System32\bcrypt.dll
0x00007ffefa420000 - 0x00007ffefa44e000 	C:\WINDOWS\SYSTEM32\USERENV.dll
0x00007ffef9d70000 - 0x00007ffef9d7c000 	C:\WINDOWS\SYSTEM32\CRYPTBASE.dll
0x00007ffef98f0000 - 0x00007ffef992b000 	C:\WINDOWS\SYSTEM32\IPHLPAPI.DLL
0x00007ffefbfa0000 - 0x00007ffefbfa8000 	C:\WINDOWS\System32\NSI.dll
0x00007ffef4450000 - 0x00007ffef4467000 	C:\WINDOWS\SYSTEM32\dhcpcsvc6.DLL
0x00007ffef4430000 - 0x00007ffef444d000 	C:\WINDOWS\SYSTEM32\dhcpcsvc.DLL
0x00007ffef9930000 - 0x00007ffef99fa000 	C:\WINDOWS\SYSTEM32\DNSAPI.dll
0x00007ffecef40000 - 0x00007ffecf208000 	C:\Users\neera\AppData\Local\Temp\io_grpc_netty_shaded_netty_tcnative_windows_x86_64617106783607994646.dll
0x00007ffed0360000 - 0x00007ffed04f1000 	C:\Program Files\Java\jdk-19\bin\awt.dll
0x00007ffefcbf0000 - 0x00007ffefccbd000 	C:\WINDOWS\System32\OLEAUT32.dll
0x00007ffef7d60000 - 0x00007ffef7df1000 	C:\WINDOWS\SYSTEM32\apphelp.dll
0x00007ffef82d0000 - 0x00007ffef82ff000 	C:\WINDOWS\system32\DWMAPI.DLL
0x00007ffef7f10000 - 0x00007ffef7fae000 	C:\WINDOWS\system32\uxtheme.dll
0x00007ffed9710000 - 0x00007ffed9835000 	C:\WINDOWS\system32\opengl32.dll
0x00007ffeda260000 - 0x00007ffeda28c000 	C:\WINDOWS\SYSTEM32\GLU32.dll
0x00007ffefc9a0000 - 0x00007ffefcab5000 	C:\WINDOWS\System32\MSCTF.dll
0x00007ffefcac0000 - 0x00007ffefcbea000 	C:\WINDOWS\System32\ole32.dll
0x00007ffe90710000 - 0x00007ffe93941000 	D:\OpenCV\opencv\build\java\x64\opencv_java460.dll
0x00007ffedb890000 - 0x00007ffedb914000 	C:\WINDOWS\SYSTEM32\MF.dll
0x00007ffef4bb0000 - 0x00007ffef4d6c000 	C:\WINDOWS\SYSTEM32\MFPlat.DLL
0x00007ffefae60000 - 0x00007ffefaeae000 	C:\WINDOWS\System32\cfgmgr32.dll
0x00007ffed1030000 - 0x00007ffed113a000 	C:\WINDOWS\SYSTEM32\MFReadWrite.dll
0x00007ffecd7a0000 - 0x00007ffecdc2e000 	C:\WINDOWS\SYSTEM32\MFCORE.DLL
0x00007ffefa3d0000 - 0x00007ffefa41b000 	C:\WINDOWS\SYSTEM32\powrprof.dll
0x00007ffef5680000 - 0x00007ffef5689000 	C:\WINDOWS\SYSTEM32\ksuser.dll
0x00007ffef4af0000 - 0x00007ffef4b24000 	C:\WINDOWS\SYSTEM32\RTWorkQ.DLL
0x00007ffefa3b0000 - 0x00007ffefa3c2000 	C:\WINDOWS\SYSTEM32\UMPDC.dll
0x00007ffee7a60000 - 0x00007ffee7a8e000 	C:\Program Files\Java\jdk-19\bin\javajpeg.dll
0x00007ffeda900000 - 0x00007ffeda986000 	C:\Program Files\Java\jdk-19\bin\freetype.dll
0x00007ffed8640000 - 0x00007ffed8705000 	C:\Program Files\Java\jdk-19\bin\fontmanager.dll
0x00007ffefbde0000 - 0x00007ffefbe8f000 	C:\WINDOWS\System32\clbcatq.dll
0x00007ffef3ce0000 - 0x00007ffef3e94000 	C:\WINDOWS\SYSTEM32\WindowsCodecs.dll
0x00007ffed8840000 - 0x00007ffed887e000 	C:\WINDOWS\system32\dataexchange.dll
0x00007ffef7140000 - 0x00007ffef7323000 	C:\WINDOWS\system32\dcomp.dll
0x00007ffef6200000 - 0x00007ffef6463000 	C:\WINDOWS\system32\d3d11.dll
0x00007ffef8de0000 - 0x00007ffef8ed3000 	C:\WINDOWS\system32\dxgi.dll
0x00007ffef3f80000 - 0x00007ffef4180000 	C:\WINDOWS\system32\twinapi.appcore.dll
0x00007ffeefce0000 - 0x00007ffeefdd9000 	C:\WINDOWS\SYSTEM32\textinputframework.dll
0x00007ffef76b0000 - 0x00007ffef7a0e000 	C:\WINDOWS\System32\CoreUIComponents.dll
0x00007ffef7a10000 - 0x00007ffef7b02000 	C:\WINDOWS\System32\CoreMessaging.dll
0x00007ffef9640000 - 0x00007ffef9673000 	C:\WINDOWS\SYSTEM32\ntmarta.dll
0x00007ffef6e90000 - 0x00007ffef6fe4000 	C:\WINDOWS\SYSTEM32\wintypes.dll
0x00007ffef35a0000 - 0x00007ffef35d7000 	C:\WINDOWS\SYSTEM32\CompPkgSup.DLL
0x00007ffe99a60000 - 0x00007ffe9a186000 	C:\Windows\System32\Windows.Media.dll
0x00007ffef2430000 - 0x00007ffef2516000 	C:\Windows\System32\Windows.ApplicationModel.dll
0x00007ffed0fc0000 - 0x00007ffed102d000 	C:\Windows\System32\FrameServerClient.dll
0x00007ffed02f0000 - 0x00007ffed0357000 	C:\Windows\System32\MFSENSORGROUP.dll
0x00007ffef41e0000 - 0x00007ffef42d7000 	C:\Windows\System32\AppXDeploymentClient.dll
0x00007ffef4960000 - 0x00007ffef496a000 	C:\WINDOWS\SYSTEM32\AVRT.dll
0x00007ffeec830000 - 0x00007ffeec83d000 	C:\Windows\System32\vidcap.ax
0x00007ffee7a30000 - 0x00007ffee7a57000 	C:\Windows\System32\kswdmcap.ax
0x00007ffecf6b0000 - 0x00007ffecf81c000 	C:\Windows\System32\MFC42.dll
0x00007ffee0700000 - 0x00007ffee0846000 	C:\Windows\System32\Windows.StateRepositoryPS.dll
0x00007ffecd230000 - 0x00007ffecd3d0000 	C:\Program Files\Intel\Media SDK\mfx_mft_mjpgvd_64.dll
0x00007ffef6080000 - 0x00007ffef6176000 	C:\WINDOWS\SYSTEM32\PROPSYS.dll
0x00007ffee6060000 - 0x00007ffee610c000 	C:\WINDOWS\SYSTEM32\TextShaping.dll
0x00007ffef02f0000 - 0x00007ffef032b000 	C:\WINDOWS\SYSTEM32\dxcore.dll
0x00007ffee39a0000 - 0x00007ffee39bd000 	C:\Windows\System32\mfmjpegdec.dll
0x00007ffeb3450000 - 0x00007ffeb357d000 	C:\Windows\System32\mfperfhelper.dll
0x00007ffeb2f10000 - 0x00007ffeb3070000 	C:\WINDOWS\System32\msvproc.dll
0x00007ffee38c0000 - 0x00007ffee38da000 	C:\WINDOWS\SYSTEM32\OpenCL.dll
0x00007ffed0280000 - 0x00007ffed02e7000 	C:\WINDOWS\SYSTEM32\IntelOpenCL64.dll
0x00007ffecccb0000 - 0x00007ffecce72000 	C:\Program Files (x86)\Common Files\Intel\OpenCL\bin\x64\intelocl64.dll
0x00007ffecfee0000 - 0x00007ffecff7d000 	C:\Program Files (x86)\Common Files\Intel\OpenCL\bin\x64\task_executor64.dll
0x00007ffecdf90000 - 0x00007ffece068000 	C:\Program Files (x86)\Common Files\Intel\OpenCL\bin\x64\cpu_device64.dll
0x00007ffec2fe0000 - 0x00007ffec34a1000 	C:\WINDOWS\SYSTEM32\igdrcl64.dll
0x00007ffee36a0000 - 0x00007ffee36e3000 	C:\WINDOWS\SYSTEM32\igdfcl64.dll
0x00007ffea8db0000 - 0x00007ffea9326000 	C:\WINDOWS\SYSTEM32\igdmcl64.dll
0x00007ffecf500000 - 0x00007ffecf56d000 	C:\WINDOWS\SYSTEM32\igdbcl64.dll
0x00007ffeecbb0000 - 0x00007ffeed5ef000 	C:\WINDOWS\SYSTEM32\igdusc64.dll

dbghelp: loaded successfully - version: 4.0.5 - missing functions: none
symbol engine: initialized successfully - sym options: 0x614 - pdb path: .;C:\Program Files\Java\jdk-19\bin;C:\WINDOWS\SYSTEM32;C:\WINDOWS\WinSxS\amd64_microsoft.windows.common-controls_6595b64144ccf1df_6.0.19041.1110_none_60b5254171f9507e;C:\Program Files\Java\jdk-19\bin\server;C:\Program Files\JetBrains\IntelliJ IDEA 2022.3.1\bin;C:\Users\neera\AppData\Local\Temp;D:\OpenCV\opencv\build\java\x64;C:\Program Files\Intel\Media SDK;C:\Program Files (x86)\Common Files\Intel\OpenCL\bin\x64

VM Arguments:
jvm_args: -Djava.library.path=D:\OpenCV\opencv\build\java\x64 -javaagent:C:\Program Files\JetBrains\IntelliJ IDEA 2022.3.1\lib\idea_rt.jar=55469:C:\Program Files\JetBrains\IntelliJ IDEA 2022.3.1\bin -Dfile.encoding=UTF-8 -Dsun.stdout.encoding=UTF-8 -Dsun.stderr.encoding=UTF-8 
java_command: org.example.AddNewUser
java_class_path (initial): C:\Users\neera\IdeaProjects\charAll\target\classes;C:\Users\neera\.m2\repository\com\google\firebase\firebase-admin\9.1.1\firebase-admin-9.1.1.jar;C:\Users\neera\.m2\repository\com\google\api-client\google-api-client\2.0.0\google-api-client-2.0.0.jar;C:\Users\neera\.m2\repository\com\google\oauth-client\google-oauth-client\1.34.1\google-oauth-client-1.34.1.jar;C:\Users\neera\.m2\repository\com\google\http-client\google-http-client-gson\1.42.1\google-http-client-gson-1.42.1.jar;C:\Users\neera\.m2\repository\com\google\http-client\google-http-client-apache-v2\1.42.1\google-http-client-apache-v2-1.42.1.jar;C:\Users\neera\.m2\repository\org\apache\httpcomponents\httpcore\4.4.15\httpcore-4.4.15.jar;C:\Users\neera\.m2\repository\org\apache\httpcomponents\httpclient\4.5.13\httpclient-4.5.13.jar;C:\Users\neera\.m2\repository\com\google\api-client\google-api-client-gson\2.0.0\google-api-client-gson-2.0.0.jar;C:\Users\neera\.m2\repository\com\google\http-client\google-http-client\1.42.2\google-http-client-1.42.2.jar;C:\Users\neera\.m2\repository\com\google\code\findbugs\jsr305\3.0.2\jsr305-3.0.2.jar;C:\Users\neera\.m2\repository\com\google\j2objc\j2objc-annotations\1.3\j2objc-annotations-1.3.jar;C:\Users\neera\.m2\repository\io\opencensus\opencensus-api\0.31.1\opencensus-api-0.31.1.jar;C:\Users\neera\.m2\repository\io\opencensus\opencensus-contrib-http-util\0.31.1\opencensus-contrib-http-util-0.31.1.jar;C:\Users\neera\.m2\repository\com\google\api\api-common\2.2.1\api-common-2.2.1.jar;C:\Users\neera\.m2\repository\javax\annotation\javax.annotation-api\1.3.2\javax.annotation-api-1.3.2.jar;C:\Users\neera\.m2\repository\com\google\auto\value\auto-value-annotations\1.9\auto-value-annotations-1.9.jar;C:\Users\neera\.m2\repository\com\google\auth\google-auth-library-oauth2-http\1.12.1\google-auth-library-oauth2-http-1.12.1.jar;C:\Users\neera\.m2\repository\com\google\auth\google-auth-library-credentials\1.12.1\google-auth-library-credentials-1.12.1.jar;C:\Users\neera\.m2\repository\com\google\cloud\google-cloud-storage\2.14.0\google-cloud-storage-2.14.0.jar;C:\Users\neera\.m2\repository\com\google\guava\failureaccess\1.0.1\failureaccess-1.0.1.jar;C:\Users\neera\.m2\repository\com\google\guava\listenablefuture\9999.0-empty-to-avoid-conflict-with-guava\listenablefuture-9999.0-empty-to-avoid-conflict-with-guava.jar;C:\Users\neera\.m2\repository\com\google\http-client\google-http-client-jackson2\1.42.2\google-http-client-jackson2-1.42.2.jar;C:\Users\neera\.m2\repository\com\google\apis\google-api-services-storage\v1-rev20220705-2.0.0\google-api-services-storage-v1-rev20220705-2.0.0.jar;C:\Users\neera\.m2\repository\com\google\code\gson\gson\2.9.1\gson-2.9.1.jar;C:\Users\neera\.m2\repository\com\google\cloud\google-cloud-core\2.8.22\google-cloud-core-2.8.22.jar;C:\Users\neera\.m2\repository\com\google\cloud\google-cloud-core-http\2.8.22\google-cloud-core-http-2.8.22.jar;C:\Users\neera\.m2\repository\com\google\http-client\google-http-client-appengine\1.42.2\google-http-client-appengine-1.42.2.jar;C:\Users\neera\.m2\repository\com\google\api\gax-httpjson\0.104.4\gax-httpjson-0.104.4.jar;C:\Users\neera\.m2\repository\com\google\cloud\google-cloud-core-grpc\2.8.22\google-cloud-core-grpc-2.8.22.jar;C:\Users\neera\.m2\repository\io\grpc\grpc-core\1.50.1\grpc-core-1.50.1.jar;C:\Users\neera\.m2\repository\com\google\android\annotations\4.1.1.4\annotations-4.1.1.4.jar;C:\Users\neera\.m2\repository\org\codehaus\mojo\animal-sniffer-annotations\1.22\animal-sniffer-annotations-1.22.jar;C:\Users\neera\.m2\repository\com\google\api\gax\2.19.4\gax-2.19.4.jar;C:\Users\neera\.m2\repository\com\google\api\gax-grpc\2.19.4\gax-grpc-2.19.4.jar;C:\Users\neera\.m2\repository\io\grpc\grpc-alts\1.50.1\grpc-alts-1.50.1.jar;C:\Users\neera\.m2\repository\io\grpc\grpc-grpclb\1.50.1\grpc-grpclb-1.50.1.jar;C:\Users\neera\.m2\repository\org\conscrypt\conscrypt-openjdk-uber\2.5.2\conscrypt-openjdk-uber-2.5.2.jar;C:\Users\neera\.m2\repository\io\grpc\grpc-context\1.50.1\grpc-context-1.50.1.jar;C:\Users\neera\.m2\repository\com\google\api\grpc\proto-google-iam-v1\1.6.4\proto-google-iam-v1-1.6.4.jar;C:\Users\neera\.m2\repository\com\google\protobuf\protobuf-java\3.21.8\protobuf-java-3.21.8.jar;C:\Users\neera\.m2\repository\com\google\protobuf\protobuf-java-util\3.21.8\protobuf-java-util-3.21.8.jar;C:\Users\neera\.m2\repository\com\google\api\grpc\proto-google-common-protos\2.9.6\proto-google-common-protos-2.9.6.jar;C:\Users\neera\.m2\repository\org\threeten\threetenbp\1.6.3\threetenbp-1.6.3.jar;C:\Users\neera\.m2\repository\com\google\api\grpc\proto-google-cloud-storage-v2\2.14.0-alpha\proto-google-cloud-storage-v2-2.14.0-alpha.jar;C:\Users\neera\.m2\repository\com\google\api\grpc\grpc-google-cloud-storage-v2\2.14.0-alpha\grpc-google-cloud-storage-v2-2.14.0-alpha.jar;C:\Users\neera\.m2\repository\io\grpc\grpc-protobuf\1.50.1\grpc-protobuf-1.50.1.jar;C:\Users\neera\.m2\repository\com\google\api\grpc\gapic-google-cloud-storage-v2\2.14.0-alpha\gapic-google-cloud-storage-v2-2.14.0-alpha.jar;C:\Users\neera\.m2\repository\com\fasterxml\jackson\core\jackson-core\2.13.4\jackson-core-2.13.4.jar;C:\Users\neera\.m2\repository\io\grpc\grpc-api\1.50.1\grpc-api-1.50.1.jar;C:\Users\neera\.m2\repository\io\grpc\grpc-netty-shaded\1.50.1\grpc-netty-shaded-1.50.1.jar;C:\Users\neera\.m2\repository\io\perfmark\perfmark-api\0.25.0\perfmark-api-0.25.0.jar;C:\Users\neera\.m2\repository\io\grpc\grpc-auth\1.50.1\grpc-auth-1.50.1.jar;C:\Users\neera\.m2\repository\io\grpc\grpc-stub\1.50.1\grpc-stub-1.50.1.jar;C:\Users\neera\.m2\repository\io\grpc\grpc-googleapis\1.50.1\grpc-googleapis-1.50.1.jar;C:\Users\neera\.m2\repository\org\checkerframework\checker-qual\3.26.0\checker-qual-3.26.0.jar;C:\Users\neera\.m2\repository\io\grpc\grpc-xds\1.50.1\grpc-xds-1.50.1.jar;C:\Users\neera\.m2\repository\io\opencensus\opencensus-proto\0.2.0\opencensus-proto-0.2.0.jar;C:\Users\neera\.m2\repository\io\grpc\grpc-services\1.50.1\grpc-services-1.50.1.jar;C:\Users\neera\.m2\repository\com\google\re2j\re2j\1.6\re2j-1.6.jar;C:\Users\neera\.m2\repository\com\google\api\grpc\grpc-google-iam-v1\1.6.4\grpc-google-iam-v1-1.6.4.jar;C:\Users\neera\.m2\repository\io\grpc\grpc-protobuf-lite\1.50.1\grpc-protobuf-lite-1.50.1.jar;C:\Users\neera\.m2\repository\com\google\cloud\google-cloud-firestore\3.7.0\google-cloud-firestore-3.7.0.jar;C:\Users\neera\.m2\repository\commons-logging\commons-logging\1.2\commons-logging-1.2.jar;C:\Users\neera\.m2\repository\commons-codec\commons-codec\1.15\commons-codec-1.15.jar;C:\Users\neera\.m2\repository\com\google\api\grpc\proto-google-cloud-firestore-v1\3.7.0\proto-google-cloud-firestore-v1-3.7.0.jar;C:\Users\neera\.m2\repository\com\google\cloud\proto-google-cloud-firestore-bundle-v1\3.7.0\proto-google-cloud-firestore-bundle-v1-3.7.0.jar;C:\Users\neera\.m2\repository\io\opencensus\opencensus-contrib-grpc-util\0.31.1\opencensus-contrib-grpc-util-0.31.1.jar;C:\Users\neera\.m2\repository\com\google\errorprone\error_prone_annotations\2.16\error_prone_annotations-2.16.jar;C:\Users\neera\.m2\repository\com\google\guava\guava\31.1-jre\guava-31.1-jre.jar;C:\Users\neera\.m2\repository\org\slf4j\slf4j-api\2.0.3\slf4j-api-2.0.3.jar;C:\Users\neera\.m2\repository\io\netty\netty-codec-http\4.1.84.Final\netty-codec-http-4.1.84.Final.jar;C:\Users\neera\.m2\repository\io\netty\netty-common\4.1.84.Final\netty-common-4.1.84.Final.jar;C:\Users\neera\.m2\repository\io\netty\netty-buffer\4.1.84.Final\netty-buffer-4.1.84.Final.jar;C:\Users\neera\.m2\repository\io\netty\netty-codec\4.1.84.Final\netty-codec-4.1.84.Final.jar;C:\Users\neera\.m2\repository\io\netty\netty-handler\4.1.84.Final\netty-handler-4.1.84.Final.jar;C:\Users\neera\.m2\repository\io\netty\netty-resolver\4.1.84.Final\netty-resolver-4.1.84.Final.jar;C:\Users\neera\.m2\repository\io\netty\netty-transport-native-unix-common\4.1.84.Final\netty-transport-native-unix-common-4.1.84.Final.jar;C:\Users\neera\.m2\repository\io\netty\netty-transport\4.1.84.Final\netty-transport-4.1.84.Final.jar;C:\Users\neera\.m2\repository\org\bytedeco\javacv-platform\1.3.3\javacv-platform-1.3.3.jar;C:\Users\neera\.m2\repository\org\bytedeco\javacpp\1.3.3\javacpp-1.3.3.jar;C:\Users\neera\.m2\repository\org\bytedeco\javacv\1.3.3\javacv-1.3.3.jar;C:\Users\neera\.m2\repository\org\bytedeco\javacpp-presets\opencv\3.2.0-1.3\opencv-3.2.0-1.3.jar;C:\Users\neera\.m2\repository\org\bytedeco\javacpp-presets\ffmpeg\3.2.1-1.3\ffmpeg-3.2.1-1.3.jar;C:\Users\neera\.m2\repository\org\bytedeco\javacpp-presets\flycapture\2.9.3.43-1.3\flycapture-2.9.3.43-1.3.jar;C:\Users\neera\.m2\repository\org\bytedeco\javacpp-presets\libdc1394\2.2.4-1.3\libdc1394-2.2.4-1.3.jar;C:\Users\neera\.m2\repository\org\bytedeco\javacpp-presets\libfreenect\0.5.3-1.3\libfreenect-0.5.3-1.3.jar;C:\Users\neera\.m2\repository\org\bytedeco\javacpp-presets\libfreenect2\0.2.0-1.3\libfreenect2-0.2.0-1.3.jar;C:\Users\neera\.m2\repository\org\bytedeco\javacpp-presets\librealsense\1.9.6-1.3\librealsense-1.9.6-1.3.jar;C:\Users\neera\.m2\repository\org\bytedeco\javacpp-presets\videoinput\0.200-1.3\videoinput-0.200-1.3.jar;C:\Users\neera\.m2\repository\org\bytedeco\javacpp-presets\artoolkitplus\2.3.1-1.3\artoolkitplus-2.3.1-1.3.jar;C:\Users\neera\.m2\repository\org\bytedeco\javacpp-presets\flandmark\1.07-1.3\flandmark-1.07-1.3.jar;C:\Users\neera\.m2\repository\org\bytedeco\javacpp-presets\opencv-platform\3.2.0-1.3\opencv-platform-3.2.0-1.3.jar;C:\Users\neera\.m2\repository\org\bytedeco\javacpp-presets\opencv\3.2.0-1.3\opencv-3.2.0-1.3-android-arm.jar;C:\Users\neera\.m2\repository\org\bytedeco\javacpp-presets\opencv\3.2.0-1.3\opencv-3.2.0-1.3-android-x86.jar;C:\Users\neera\.m2\repository\org\bytedeco\javacpp-presets\opencv\3.2.0-1.3\opencv-3.2.0-1.3-linux-x86.jar;C:\Users\neera\.m2\repository\org\bytedeco\javacpp-presets\opencv\3.2.0-1.3\opencv-3.2.0-1.3-linux-x86_64.jar;C:\Users\neera\.m2\repository\org\bytedeco\javacpp-presets\opencv\3.2.0-1.3\opencv-3.2.0-1.3-linux-armhf.jar;C:\Users\neera\.m2\repository\org\bytedeco\javacpp-presets\opencv\3.2.0-1.3\opencv-3.2.0-1.3-linux-ppc64le.jar;C:\Users\neera\.m2\repository\org\bytedeco\javacpp-presets\opencv\3.2.0-1.3\opencv-3.2.0-1.3-macosx-x86_64.jar;C:\Users\neera\.m2\repository\org\bytedeco\javacpp-presets\opencv\3.2.0-1.3\opencv-3.2.0-1.3-windows-x86.jar;C:\Users\neera\.m2\repository\org\bytedeco\javacpp-presets\opencv\3.2.0-1.3\opencv-3.2.0-1.3-windows-x86_64.jar;C:\Users\neera\.m2\repository\org\bytedeco\javacpp-presets\ffmpeg-platform\3.2.1-1.3\ffmpeg-platform-3.2.1-1.3.jar;C:\Users\neera\.m2\repository\org\bytedeco\javacpp-presets\ffmpeg\3.2.1-1.3\ffmpeg-3.2.1-1.3-android-arm.jar;C:\Users\neera\.m2\repository\org\bytedeco\javacpp-presets\ffmpeg\3.2.1-1.3\ffmpeg-3.2.1-1.3-android-x86.jar;C:\Users\neera\.m2\repository\org\bytedeco\javacpp-presets\ffmpeg\3.2.1-1.3\ffmpeg-3.2.1-1.3-linux-x86.jar;C:\Users\neera\.m2\repository\org\bytedeco\javacpp-presets\ffmpeg\3.2.1-1.3\ffmpeg-3.2.1-1.3-linux-x86_64.jar;C:\Users\neera\.m2\repository\org\bytedeco\javacpp-presets\ffmpeg\3.2.1-1.3\ffmpeg-3.2.1-1.3-linux-armhf.jar;C:\Users\neera\.m2\repository\org\bytedeco\javacpp-presets\ffmpeg\3.2.1-1.3\ffmpeg-3.2.1-1.3-linux-ppc64le.jar;C:\Users\neera\.m2\repository\org\bytedeco\javacpp-presets\ffmpeg\3.2.1-1.3\ffmpeg-3.2.1-1.3-macosx-x86_64.jar;C:\Users\neera\.m2\repository\org\bytedeco\javacpp-presets\ffmpeg\3.2.1-1.3\ffmpeg-3.2.1-1.3-windows-x86.jar;C:\Users\neera\.m2\repository\org\bytedeco\javacpp-presets\ffmpeg\3.2.1-1.3\ffmpeg-3.2.1-1.3-windows-x86_64.jar;C:\Users\neera\.m2\repository\org\bytedeco\javacpp-presets\flycapture-platform\2.9.3.43-1.3\flycapture-platform-2.9.3.43-1.3.jar;C:\Users\neera\.m2\repository\org\bytedeco\javacpp-presets\flycapture\2.9.3.43-1.3\flycapture-2.9.3.43-1.3-linux-x86.jar;C:\Users\neera\.m2\repository\org\bytedeco\javacpp-presets\flycapture\2.9.3.43-1.3\flycapture-2.9.3.43-1.3-linux-x86_64.jar;C:\Users\neera\.m2\repository\org\bytedeco\javacpp-presets\flycapture\2.9.3.43-1.3\flycapture-2.9.3.43-1.3-linux-armhf.jar;C:\Users\neera\.m2\repository\org\bytedeco\javacpp-presets\flycapture\2.9.3.43-1.3\flycapture-2.9.3.43-1.3-windows-x86.jar;C:\Users\neera\.m2\repository\org\bytedeco\javacpp-presets\flycapture\2.9.3.43-1.3\flycapture-2.9.3.43-1.3-windows-x86_64.jar;C:\Users\neera\.m2\repository\org\bytedeco\javacpp-presets\libdc1394-platform\2.2.4-1.3\libdc1394-platform-2.2.4-1.3.jar;C:\Users\neera\.m2\repository\org\bytedeco\javacpp-presets\libdc1394\2.2.4-1.3\libdc1394-2.2.4-1.3-linux-x86.jar;C:\Users\neera\.m2\repository\org\bytedeco\javacpp-presets\libdc1394\2.2.4-1.3\libdc1394-2.2.4-1.3-linux-x86_64.jar;C:\Users\neera\.m2\repository\org\bytedeco\javacpp-presets\libdc1394\2.2.4-1.3\libdc1394-2.2.4-1.3-linux-armhf.jar;C:\Users\neera\.m2\repository\org\bytedeco\javacpp-presets\libdc1394\2.2.4-1.3\libdc1394-2.2.4-1.3-linux-ppc64le.jar;C:\Users\neera\.m2\repository\org\bytedeco\javacpp-presets\libdc1394\2.2.4-1.3\libdc1394-2.2.4-1.3-macosx-x86_64.jar;C:\Users\neera\.m2\repository\org\bytedeco\javacpp-presets\libdc1394\2.2.4-1.3\libdc1394-2.2.4-1.3-windows-x86.jar;C:\Users\neera\.m2\repository\org\bytedeco\javacpp-presets\libdc1394\2.2.4-1.3\libdc1394-2.2.4-1.3-windows-x86_64.jar;C:\Users\neera\.m2\repository\org\bytedeco\javacpp-presets\libfreenect-platform\0.5.3-1.3\libfreenect-platform-0.5.3-1.3.jar;C:\Users\neera\.m2\repository\org\bytedeco\javacpp-presets\libfreenect\0.5.3-1.3\libfreenect-0.5.3-1.3-linux-x86.jar;C:\Users\neera\.m2\repository\org\bytedeco\javacpp-presets\libfreenect\0.5.3-1.3\libfreenect-0.5.3-1.3-linux-x86_64.jar;C:\Users\neera\.m2\repository\org\bytedeco\javacpp-presets\libfreenect\0.5.3-1.3\libfreenect-0.5.3-1.3-linux-armhf.jar;C:\Users\neera\.m2\repository\org\bytedeco\javacpp-presets\libfreenect\0.5.3-1.3\libfreenect-0.5.3-1.3-linux-ppc64le.jar;C:\Users\neera\.m2\repository\org\bytedeco\javacpp-presets\libfreenect\0.5.3-1.3\libfreenect-0.5.3-1.3-macosx-x86_64.jar;C:\Users\neera\.m2\repository\org\bytedeco\javacpp-presets\libfreenect\0.5.3-1.3\libfreenect-0.5.3-1.3-windows-x86.jar;C:\Users\neera\.m2\repository\org\bytedeco\javacpp-presets\libfreenect\0.5.3-1.3\libfreenect-0.5.3-1.3-windows-x86_64.jar;C:\Users\neera\.m2\repository\org\bytedeco\javacpp-presets\libfreenect2-platform\0.2.0-1.3\libfreenect2-platform-0.2.0-1.3.jar;C:\Users\neera\.m2\repository\org\bytedeco\javacpp-presets\libfreenect2\0.2.0-1.3\libfreenect2-0.2.0-1.3-linux-x86.jar;C:\Users\neera\.m2\repository\org\bytedeco\javacpp-presets\libfreenect2\0.2.0-1.3\libfreenect2-0.2.0-1.3-linux-x86_64.jar;C:\Users\neera\.m2\repository\org\bytedeco\javacpp-presets\librealsense-platform\1.9.6-1.3\librealsense-platform-1.9.6-1.3.jar;C:\Users\neera\.m2\repository\org\bytedeco\javacpp-presets\librealsense\1.9.6-1.3\librealsense-1.9.6-1.3-linux-x86.jar;C:\Users\neera\.m2\repository\org\bytedeco\javacpp-presets\librealsense\1.9.6-1.3\librealsense-1.9.6-1.3-linux-x86_64.jar;C:\Users\neera\.m2\repository\org\bytedeco\javacpp-presets\videoinput-platform\0.200-1.3\videoinput-platform-0.200-1.3.jar;C:\Users\neera\.m2\repository\org\bytedeco\javacpp-presets\videoinput\0.200-1.3\videoinput-0.200-1.3-windows-x86.jar;C:\Users\neera\.m2\repository\org\bytedeco\javacpp-presets\videoinput\0.200-1.3\videoinput-0.200-1.3-windows-x86_64.jar;C:\Users\neera\.m2\repository\org\bytedeco\javacpp-presets\artoolkitplus-platform\2.3.1-1.3\artoolkitplus-platform-2.3.1-1.3.jar;C:\Users\neera\.m2\repository\org\bytedeco\javacpp-presets\artoolkitplus\2.3.1-1.3\artoolkitplus-2.3.1-1.3-android-arm.jar;C:\Users\neera\.m2\repository\org\bytedeco\javacpp-presets\artoolkitplus\2.3.1-1.3\artoolkitplus-2.3.1-1.3-android-x86.jar;C:\Users\neera\.m2\repository\org\bytedeco\javacpp-presets\artoolkitplus\2.3.1-1.3\artoolkitplus-2.3.1-1.3-linux-x86.jar;C:\Users\neera\.m2\repository\org\bytedeco\javacpp-presets\artoolkitplus\2.3.1-1.3\artoolkitplus-2.3.1-1.3-linux-x86_64.jar;C:\Users\neera\.m2\repository\org\bytedeco\javacpp-presets\artoolkitplus\2.3.1-1.3\artoolkitplus-2.3.1-1.3-linux-armhf.jar;C:\Users\neera\.m2\repository\org\bytedeco\javacpp-presets\artoolkitplus\2.3.1-1.3\artoolkitplus-2.3.1-1.3-linux-ppc64le.jar;C:\Users\neera\.m2\repository\org\bytedeco\javacpp-presets\artoolkitplus\2.3.1-1.3\artoolkitplus-2.3.1-1.3-macosx-x86_64.jar;C:\Users\neera\.m2\repository\org\bytedeco\javacpp-presets\artoolkitplus\2.3.1-1.3\artoolkitplus-2.3.1-1.3-windows-x86.jar;C:\Users\neera\.m2\repository\org\bytedeco\javacpp-presets\artoolkitplus\2.3.1-1.3\artoolkitplus-2.3.1-1.3-windows-x86_64.jar;C:\Users\neera\.m2\repository\org\bytedeco\javacpp-presets\flandmark-platform\1.07-1.3\flandmark-platform-1.07-1.3.jar;C:\Users\neera\.m2\repository\org\bytedeco\javacpp-presets\flandmark\1.07-1.3\flandmark-1.07-1.3-android-arm.jar;C:\Users\neera\.m2\repository\org\bytedeco\javacpp-presets\flandmark\1.07-1.3\flandmark-1.07-1.3-android-x86.jar;C:\Users\neera\.m2\repository\org\bytedeco\javacpp-presets\flandmark\1.07-1.3\flandmark-1.07-1.3-linux-x86.jar;C:\Users\neera\.m2\repository\org\bytedeco\javacpp-presets\flandmark\1.07-1.3\flandmark-1.07-1.3-linux-x86_64.jar;C:\Users\neera\.m2\repository\org\bytedeco\javacpp-presets\flandmark\1.07-1.3\flandmark-1.07-1.3-linux-armhf.jar;C:\Users\neera\.m2\repository\org\bytedeco\javacpp-presets\flandmark\1.07-1.3\flandmark-1.07-1.3-linux-ppc64le.jar;C:\Users\neera\.m2\repository\org\bytedeco\javacpp-presets\flandmark\1.07-1.3\flandmark-1.07-1.3-macosx-x86_64.jar;C:\Users\neera\.m2\repository\org\bytedeco\javacpp-presets\flandmark\1.07-1.3\flandmark-1.07-1.3-windows-x86.jar;C:\Users\neera\.m2\repository\org\bytedeco\javacpp-presets\flandmark\1.07-1.3\flandmark-1.07-1.3-windows-x86_64.jar;D:\OpenCV\opencv\build\java\opencv-460.jar
Launcher Type: SUN_STANDARD

[Global flags]
     intx CICompilerCount                          = 3                                         {product} {ergonomic}
     uint ConcGCThreads                            = 1                                         {product} {ergonomic}
     uint G1ConcRefinementThreads                  = 4                                         {product} {ergonomic}
   size_t G1HeapRegionSize                         = 1048576                                   {product} {ergonomic}
    uintx GCDrainStackTargetSize                   = 64                                        {product} {ergonomic}
   size_t InitialHeapSize                          = 134217728                                 {product} {ergonomic}
   size_t MarkStackSize                            = 4194304                                   {product} {ergonomic}
   size_t MaxHeapSize                              = 2128609280                                {product} {ergonomic}
   size_t MaxNewSize                               = 1277165568                                {product} {ergonomic}
   size_t MinHeapDeltaBytes                        = 1048576                                   {product} {ergonomic}
   size_t MinHeapSize                              = 8388608                                   {product} {ergonomic}
    uintx NonNMethodCodeHeapSize                   = 5832780                                {pd product} {ergonomic}
    uintx NonProfiledCodeHeapSize                  = 122912730                              {pd product} {ergonomic}
    uintx ProfiledCodeHeapSize                     = 122912730                              {pd product} {ergonomic}
    uintx ReservedCodeCacheSize                    = 251658240                              {pd product} {ergonomic}
     bool SegmentedCodeCache                       = true                                      {product} {ergonomic}
   size_t SoftMaxHeapSize                          = 2128609280                             {manageable} {ergonomic}
     bool UseCompressedClassPointers               = true                           {product lp64_product} {ergonomic}
     bool UseCompressedOops                        = true                           {product lp64_product} {ergonomic}
     bool UseG1GC                                  = true                                      {product} {ergonomic}
     bool UseLargePagesIndividualAllocation        = false                                  {pd product} {ergonomic}

Logging:
Log output configuration:
 #0: stdout all=off uptime,level,tags foldmultilines=false
 #1: stderr all=off uptime,level,tags foldmultilines=false

Environment Variables:
JAVA_HOME=C:\Program Files\Java\jdk1.8.0_202
PATH=C:\Program Files\Common Files\Oracle\Java\javapath;C:\Program Files (x86)\Common Files\Oracle\Java\javapath;C:\WINDOWS\system32;C:\WINDOWS;C:\WINDOWS\System32\Wbem;C:\WINDOWS\System32\WindowsPowerShell\v1.0\;C:\WINDOWS\System32\OpenSSH\;C:\Program Files\Git\cmd;D:\opencv\opencv\build\bin;C:\Program Files\nodejs\;C:\Users\neera\AppData\Local\Programs\Python\Python38;D:\com\googlecode\javacv\cpp\windows-x86_64;D:\OpenCV\opencv\build\java\x64;C:\Program Files\Java\jdk1.8.0_202\bin;C:\Program Files\Java\jdk-11.0.16.1\bin;C:\Program Files\Java\jdk-19\bin;C:\Program Files\Java\jre1.8.0_351\bin;;C:\Program Files\Docker\Docker\resources\bin;C:\Program Files\Java\jdk1.8.0_202/bin;C:\Program Files\Common Files\Oracle\Java\javapath;C:\Program Files (x86)\Common Files\Oracle\Java\javapath;C:\WINDOWS\system32;C:\WINDOWS;C:\WINDOWS\System32\Wbem;C:\WINDOWS\System32\WindowsPowerShell\v1.0\;C:\WINDOWS\System32\OpenSSH\;C:\Program Files\Git\cmd;D:\opencv\opencv\build\bin;C:\Program Files\nodejs\;C:\Users\neera\AppData\Local\Programs\Python\Python38;D:\com\googlecode\javacv\cpp\windows-x86_64;D:\OpenCV\opencv\build\java\x64;C:\Program Files\Java\jdk1.8.0_202\bin;C:\Program Files\Java\jdk-11.0.16.1\bin;C:\Program Files\Java\jdk-19\bin;C:\Program Files\Java\jre1.8.0_351\bin;;C:\Program Files\Docker\Docker\resources\bin
USERNAME=neera
OS=Windows_NT
PROCESSOR_IDENTIFIER=Intel64 Family 6 Model 69 Stepping 1, GenuineIntel
TMP=C:\Users\neera\AppData\Local\Temp
TEMP=C:\Users\neera\AppData\Local\Temp



---------------  S Y S T E M  ---------------

OS:
 Windows 10 , 64 bit Build 19041 (10.0.19041.2364)
OS uptime: 0 days 14:25 hours
Hyper-V role detected

CPU: total 4 (initial active 4) (2 cores per cpu, 2 threads per core) family 6 model 69 stepping 1 microcode 0x25, cx8, cmov, fxsr, ht, mmx, sse, sse2, sse3, ssse3, sse4.1, sse4.2, popcnt, lzcnt, tsc, tscinvbit, avx, avx2, aes, erms, clmul, bmi1, bmi2, fma, vzeroupper, clflush, hv, rdtscp

Memory: 4k page, system-wide physical 8113M (1740M free)
TotalPageFile size 11697M (AvailPageFile size 1797M)
current process WorkingSet (physical memory assigned to process): 367M, peak: 780M
current process commit charge ("private bytes"): 453M, peak: 873M

vm_info: Java HotSpot(TM) 64-Bit Server VM (19.0.1+10-21) for windows-amd64 JRE (19.0.1+10-21), built on 2022-09-14T12:45:06Z by "mach5one" with MS VC++ 17.1 (VS2022)

END.
