#
# A fatal error has been detected by the Java Runtime Environment:
#
#  EXCEPTION_ACCESS_VIOLATION (0xc0000005) at pc=0x00007ffecd61faad, pid=6404, tid=572
#
# JRE version: Java(TM) SE Runtime Environment (19.0.1+10) (build 19.0.1+10-21)
# Java VM: Java HotSpot(TM) 64-Bit Server VM (19.0.1+10-21, mixed mode, sharing, tiered, compressed oops, compressed class ptrs, g1 gc, windows-amd64)
# Problematic frame:
# C  [ntdll.dll+0x2faad]
#
# No core dump will be written. Minidumps are not enabled by default on client versions of Windows
#
# If you would like to submit a bug report, please visit:
#   https://bugreport.java.com/bugreport/crash.jsp
#

---------------  S U M M A R Y ------------

Command Line: -Djava.library.path=D:\OpenCV\opencv\build\java\x64 -javaagent:C:\Program Files\JetBrains\IntelliJ IDEA Community Edition 2022.3\lib\idea_rt.jar=53686:C:\Program Files\JetBrains\IntelliJ IDEA Community Edition 2022.3\bin -Dfile.encoding=UTF-8 -Dsun.stdout.encoding=UTF-8 -Dsun.stderr.encoding=UTF-8 com.raven.main.Main

Host: Intel(R) Core(TM) i7-4600U CPU @ 2.10GHz, 4 cores, 7G,  Windows 10 , 64 bit Build 19041 (10.0.19041.2546)
Time: Sat Mar 25 01:50:48 2023 India Standard Time elapsed time: 355.137198 seconds (0d 0h 5m 55s)

---------------  T H R E A D  ---------------

Current thread (0x000002237e1628a0):  VMThread "VM Thread" [stack: 0x000000cb39400000,0x000000cb39500000] [id=572]

Stack: [0x000000cb39400000,0x000000cb39500000],  sp=0x000000cb394fefe0,  free space=1019k
Native frames: (J=compiled Java code, j=interpreted, Vv=VM code, C=native code)
C  [ntdll.dll+0x2faad]
C  [igdrcl64.dll+0x904e9]


siginfo: EXCEPTION_ACCESS_VIOLATION (0xc0000005), writing address 0x0000000000000018


Registers:
RAX=0x000000cb389d7000, RBX=0x000000cb394ff068, RCX=0x0000000000000010, RDX=0x0000000000000010
RSP=0x000000cb394fefe0, RBP=0x000000cb394ff590, RSI=0x00000000ffffffff, RDI=0x00000223063c88e0
R8 =0x000000000000003a, R9 =0x000000000000003a, R10=0x0000000000000038, R11=0x000000cb394ff080
R12=0x000002237f48c040, R13=0x0000000000000040, R14=0x000002237f48c778, R15=0x000000cb394ff240
RIP=0x00007ffecd61faad, EFLAGS=0x0000000000010202


Register to memory mapping:

RIP=0x00007ffecd61faad ntdll.dll
RAX=0x000000cb389d7000 points into unknown readable memory: 0x0000000000000000 | 00 00 00 00 00 00 00 00
RBX=0x000000cb394ff068 points into unknown readable memory: 0x0000000000000010 | 10 00 00 00 00 00 00 00
RCX=0x0000000000000010 is an unknown value
RDX=0x0000000000000010 is an unknown value
RSP=0x000000cb394fefe0 points into unknown readable memory: 0x0000000000000000 | 00 00 00 00 00 00 00 00
RBP=0x000000cb394ff590 points into unknown readable memory: 0x000000cb394ff6d9 | d9 f6 4f 39 cb 00 00 00
RSI=0x00000000ffffffff is an unallocated location in the heap
RDI=0x00000223063c88e0 points into unknown readable memory: 0x00007ffe72ac4e00 | 00 4e ac 72 fe 7f 00 00
R8 =0x000000000000003a is an unknown value
R9 =0x000000000000003a is an unknown value
R10=0x0000000000000038 is an unknown value
R11=0x000000cb394ff080 points into unknown readable memory: 0x0000022307aa8520 | 20 85 aa 07 23 02 00 00
R12=0x000002237f48c040 points into unknown readable memory: 0x003fe5ef7a18b687 | 87 b6 18 7a ef e5 3f 00
R13=0x0000000000000040 is an unknown value
R14=0x000002237f48c778 points into unknown readable memory: 0x00001ad59ca2c887 | 87 c8 a2 9c d5 1a 00 00
R15=0x000000cb394ff240 points into unknown readable memory: 0x000000cb394ff260 | 60 f2 4f 39 cb 00 00 00


Top of Stack: (sp=0x000000cb394fefe0)
0x000000cb394fefe0:   0000000000000000 0000000000000000
0x000000cb394feff0:   0000000000000000 0000000000000000
0x000000cb394ff000:   0000000000000000 00007ffe726b04e9
0x000000cb394ff010:   0000000000000000 0000000000000000
0x000000cb394ff020:   0000000000000000 0000000000000000
0x000000cb394ff030:   0000000000000000 00007ffe72698868
0x000000cb394ff040:   0000000000000000 00007ffecd61358a
0x000000cb394ff050:   0000000000000000 0000000000000000
0x000000cb394ff060:   fffffffffffffffe 0000000000000010
0x000000cb394ff070:   00001a1ea5ed2701 0000000000000000
0x000000cb394ff080:   0000022307aa8520 00007ffe72692455
0x000000cb394ff090:   0000000000000000 00000223063c88e0
0x000000cb394ff0a0:   0000022306be7530 000000000000000d
0x000000cb394ff0b0:   0000022306be7530 00007ffe750800be
0x000000cb394ff0c0:   0000022307aa8640 0000000000000000
0x000000cb394ff0d0:   000002235dfc0000 0000000000000000 

Instructions: (pc=0x00007ffecd61faad)
0x00007ffecd61f9ad:   48 b8 7f 7f 7f 7f 7f 7f 7f 7f 41 8b c8 48 0b cb
0x00007ffecd61f9bd:   48 23 c8 83 e6 1f 49 89 8c f4 40 a5 16 00 48 81
0x00007ffecd61f9cd:   c4 98 00 00 00 41 5f 41 5e 41 5d 41 5c 5f 5e 5b
0x00007ffecd61f9dd:   5d c3 cc 33 d2 41 8b c6 41 f7 f0 44 8b c8 e9 d6
0x00007ffecd61f9ed:   fc ff ff 41 8d 57 ff 41 85 d7 0f 84 93 38 08 00
0x00007ffecd61f9fd:   41 b8 00 10 00 00 41 b9 ff ff 00 00 e9 bc 38 08
0x00007ffecd61fa0d:   00 cc cc cc cc cc cc 48 8b c4 48 89 58 08 48 89
0x00007ffecd61fa1d:   68 10 48 89 70 18 48 89 78 20 41 56 48 83 ec 20
0x00007ffecd61fa2d:   40 8a ea 4c 8d 35 99 d1 13 00 48 8b f1 33 db 48
0x00007ffecd61fa3d:   8d 0d 9d d1 13 00 e8 58 00 00 00 4c 8b 05 81 d1
0x00007ffecd61fa4d:   13 00 4d 3b c6 0f 85 88 3b 08 00 48 85 db 75 33
0x00007ffecd61fa5d:   48 8d 0d 7c d1 13 00 e8 c7 f7 ff ff 48 85 db 0f
0x00007ffecd61fa6d:   85 a3 3b 08 00 33 c0 48 8b 5c 24 30 48 8b 6c 24
0x00007ffecd61fa7d:   38 48 8b 74 24 40 48 8b 7c 24 48 48 83 c4 20 41
0x00007ffecd61fa8d:   5e c3 cc f0 ff 43 3c eb c7 cc cc cc cc cc cc cc
0x00007ffecd61fa9d:   cc cc cc 48 83 ec 28 65 48 8b 04 25 30 00 00 00
0x00007ffecd61faad:   f0 0f ba 71 08 00 48 8b 40 48 73 13 48 89 41 10
0x00007ffecd61fabd:   33 c0 c7 41 0c 01 00 00 00 48 83 c4 28 c3 cc 48
0x00007ffecd61facd:   39 41 10 75 0b ff 41 0c 33 c0 48 83 c4 28 c3 cc
0x00007ffecd61fadd:   e8 0e 00 00 00 eb e2 cc cc cc cc cc cc cc cc cc
0x00007ffecd61faed:   cc cc cc 48 89 5c 24 18 55 56 57 41 54 41 55 41
0x00007ffecd61fafd:   56 41 57 48 83 ec 20 8b 41 20 48 8b f1 48 0f ba
0x00007ffecd61fb0d:   e0 1a 0f 82 df 01 00 00 33 ff 40 32 ed 66 83 3c
0x00007ffecd61fb1d:   25 6a 03 fe 7f 01 76 19 48 8b 7e 20 48 8b c7 81
0x00007ffecd61fb2d:   e7 ff ff ff 00 25 00 00 00 02 48 85 c0 40 0f 95
0x00007ffecd61fb3d:   c5 45 32 ff b0 01 45 32 e4 41 bd 01 00 00 00 45
0x00007ffecd61fb4d:   33 c0 ba 6a 03 fe 7f 84 c0 0f 84 14 01 00 00 8b
0x00007ffecd61fb5d:   46 08 4c 8d 4e 08 45 84 e4 41 be 03 00 00 00 45
0x00007ffecd61fb6d:   0f 44 f5 41 84 c5 0f 85 e2 00 00 00 8d 0c bf 03
0x00007ffecd61fb7d:   c9 66 44 39 2a 0f 86 e8 00 00 00 4d 85 c9 74 0e
0x00007ffecd61fb8d:   80 3c 25 97 02 fe 7f 00 0f 85 a9 3a 08 00 0f b7
0x00007ffecd61fb9d:   1c 25 d6 02 fe 7f 83 fb 0c 0f 85 a2 00 00 00 b8 


Stack slot to memory mapping:
stack at sp + 0 slots: 0x0 is NULL
stack at sp + 1 slots: 0x0 is NULL
stack at sp + 2 slots: 0x0 is NULL
stack at sp + 3 slots: 0x0 is NULL
stack at sp + 4 slots: 0x0 is NULL
stack at sp + 5 slots: 0x00007ffe726b04e9 igdrcl64.dll
stack at sp + 6 slots: 0x0 is NULL
stack at sp + 7 slots: 0x0 is NULL

VM_Operation (0x000000cb38cff2a0): Exit, mode: safepoint, requested by thread 0x000002237ee4d3f0


---------------  P R O C E S S  ---------------

Threads class SMR info:
_java_thread_list=0x000002237f1fc9c0, length=27, elements={
0x000002237e184a30, 0x000002237e185460, 0x000002237e18c8e0, 0x000002237e18a1a0,
0x000002237e18aad0, 0x000002237e18b540, 0x000002237e190230, 0x000002237e19e4d0,
0x000002237e1bf600, 0x000002237e1533b0, 0x000002237ee1e3c0, 0x000002237ec30f40,
0x000002237ed89990, 0x000002237ed5d270, 0x000002237ee809c0, 0x00000223601daa10,
0x000002237f3c9d00, 0x000002237f3c9260, 0x000002237f3cb790, 0x000002237f3ca7a0,
0x000002237f3ca250, 0x000002237f3cacf0, 0x000002237f3c97b0, 0x000002237f3cb240,
0x000002237ee48440, 0x000002237ee49ed0, 0x000002237ee4d3f0
}

Java Threads: ( => current thread )
  0x000002237e184a30 JavaThread "Reference Handler" daemon [_thread_blocked, id=6972, stack(0x000000cb39500000,0x000000cb39600000)]
  0x000002237e185460 JavaThread "Finalizer" daemon [_thread_blocked, id=3580, stack(0x000000cb39600000,0x000000cb39700000)]
  0x000002237e18c8e0 JavaThread "Signal Dispatcher" daemon [_thread_blocked, id=11144, stack(0x000000cb39700000,0x000000cb39800000)]
  0x000002237e18a1a0 JavaThread "Attach Listener" daemon [_thread_blocked, id=14048, stack(0x000000cb39800000,0x000000cb39900000)]
  0x000002237e18aad0 JavaThread "Service Thread" daemon [_thread_blocked, id=6868, stack(0x000000cb39900000,0x000000cb39a00000)]
  0x000002237e18b540 JavaThread "Monitor Deflation Thread" daemon [_thread_blocked, id=5700, stack(0x000000cb39a00000,0x000000cb39b00000)]
  0x000002237e190230 JavaThread "C2 CompilerThread0" daemon [_thread_blocked, id=4864, stack(0x000000cb39b00000,0x000000cb39c00000)]
  0x000002237e19e4d0 JavaThread "C1 CompilerThread0" daemon [_thread_blocked, id=2136, stack(0x000000cb39c00000,0x000000cb39d00000)]
  0x000002237e1bf600 JavaThread "Sweeper thread" daemon [_thread_blocked, id=14080, stack(0x000000cb39d00000,0x000000cb39e00000)]
  0x000002237e1533b0 JavaThread "Common-Cleaner" daemon [_thread_blocked, id=9812, stack(0x000000cb39e00000,0x000000cb39f00000)]
  0x000002237ee1e3c0 JavaThread "Monitor Ctrl-Break" daemon [_thread_in_native, id=4520, stack(0x000000cb3a000000,0x000000cb3a100000)]
  0x000002237ec30f40 JavaThread "Notification Thread" daemon [_thread_blocked, id=5536, stack(0x000000cb3a100000,0x000000cb3a200000)]
  0x000002237ed89990 JavaThread "Java2D Disposer" daemon [_thread_blocked, id=8704, stack(0x000000cb3a300000,0x000000cb3a400000)]
  0x000002237ed5d270 JavaThread "AWT-Shutdown" [_thread_blocked, id=12624, stack(0x000000cb3a400000,0x000000cb3a500000)]
  0x000002237ee809c0 JavaThread "AWT-EventQueue-0" [_thread_blocked, id=10940, stack(0x000000cb3a600000,0x000000cb3a700000)]
  0x00000223601daa10 JavaThread "DestroyJavaVM" [_thread_blocked, id=9048, stack(0x000000cb38e00000,0x000000cb38f00000)]
  0x000002237f3c9d00 JavaThread "TimerQueue" daemon [_thread_blocked, id=12600, stack(0x000000cb3a800000,0x000000cb3a900000)]
  0x000002237f3c9260 JavaThread "Gax-1" daemon [_thread_blocked, id=3412, stack(0x000000cb39f00000,0x000000cb3a000000)]
  0x000002237f3cb790 JavaThread "grpc-nio-worker-ELG-1-1" daemon [_thread_in_native, id=6848, stack(0x000000cb3ac00000,0x000000cb3ad00000)]
  0x000002237f3ca7a0 JavaThread "grpc-nio-worker-ELG-1-2" daemon [_thread_in_native, id=10784, stack(0x000000cb3ae00000,0x000000cb3af00000)]
  0x000002237f3ca250 JavaThread "Jndi-Dns-address-change-listener" daemon [_thread_in_native, id=11892, stack(0x000000cb3af00000,0x000000cb3b000000)]
  0x000002237f3cacf0 JavaThread "grpc-nio-worker-ELG-1-3" daemon [_thread_in_native, id=11400, stack(0x000000cb3b100000,0x000000cb3b200000)]
  0x000002237f3c97b0 JavaThread "grpc-nio-worker-ELG-1-4" daemon [_thread_in_native, id=11916, stack(0x000000cb3b300000,0x000000cb3b400000)]
  0x000002237f3cb240 JavaThread "Gax-2" daemon [_thread_blocked, id=10440, stack(0x000000cb3a700000,0x000000cb3a800000)]
  0x000002237ee48440 JavaThread "Gax-3" daemon [_thread_blocked, id=3860, stack(0x000000cb3b500000,0x000000cb3b600000)]
  0x000002237ee49ed0 JavaThread "Gax-4" daemon [_thread_blocked, id=6760, stack(0x000000cb3b900000,0x000000cb3ba00000)]
  0x000002237ee4d3f0 JavaThread "SIGINT handler" daemon [_thread_blocked, id=14040, stack(0x000000cb38c00000,0x000000cb38d00000)]

Other Threads:
=>0x000002237e1628a0 VMThread "VM Thread" [stack: 0x000000cb39400000,0x000000cb39500000] [id=572]
  0x00000223602398e0 WorkerThread "GC Thread#0" [stack: 0x000000cb38f00000,0x000000cb39000000] [id=6920]
  0x000002237f3cd6a0 WorkerThread "GC Thread#1" [stack: 0x000000cb3a900000,0x000000cb3aa00000] [id=4228]
  0x000002237f2a1210 WorkerThread "GC Thread#2" [stack: 0x000000cb3aa00000,0x000000cb3ab00000] [id=13348]
  0x000002237f0c16f0 WorkerThread "GC Thread#3" [stack: 0x000000cb3ab00000,0x000000cb3ac00000] [id=904]
  0x000002236024b7b0 ConcurrentGCThread "G1 Main Marker" terminated
  0x000002236024c980 WorkerThread "G1 Conc#0" [stack: 0x000000cb39100000,0x000000cb39200000] [id=8384]
  0x000002236028eaa0 ConcurrentGCThread "G1 Refine#0" terminated
  0x000002237e021790 ConcurrentGCThread "G1 Service" terminated

Threads with active compile tasks:

VM state: at safepoint (shutting down)

VM Mutex/Monitor currently owned by a thread:  ([mutex/lock_event])
[0x00000223601d7ee0] Threads_lock - owner thread: 0x000002237e1628a0
[0x00000223601d6620] Heap_lock - owner thread: 0x000002237ee4d3f0

Heap address: 0x0000000081200000, size: 2030 MB, Compressed Oops mode: 32-bit

CDS archive(s) mapped at: [0x0000000800000000-0x0000000800c40000-0x0000000800c40000), size 12845056, SharedBaseAddress: 0x0000000800000000, ArchiveRelocationMode: 0.
Compressed class space mapped at: 0x0000000801000000-0x0000000841000000, reserved size: 1073741824
Narrow klass base: 0x0000000800000000, Narrow klass shift: 0, Narrow klass range: 0x100000000

GC Precious Log:
 CardTable entry size: 512
 Card Set container configuration: InlinePtr #cards 5 size 8 Array Of Cards #cards 12 size 40 Howl #buckets 4 coarsen threshold 1843 Howl Bitmap #cards 512 size 80 coarsen threshold 460 Card regions per heap region 1 cards per card region 2048
 CPUs: 4 total, 4 available
 Memory: 8113M
 Large Page Support: Disabled
 NUMA Support: Disabled
 Compressed Oops: Enabled (32-bit)
 Heap Region Size: 1M
 Heap Min Capacity: 8M
 Heap Initial Capacity: 128M
 Heap Max Capacity: 2030M
 Pre-touch: Disabled
 Parallel Workers: 4
 Concurrent Workers: 1
 Concurrent Refinement Workers: 4
 Periodic GC: Disabled

Heap:
 garbage-first heap   total 138240K, used 58323K [0x0000000081200000, 0x0000000100000000)
  region size 1024K, 18 young (18432K), 1 survivors (1024K)
 Metaspace       used 41205K, committed 41472K, reserved 1114112K
  class space    used 4551K, committed 4672K, reserved 1048576K

Heap Regions: E=young(eden), S=young(survivor), O=old, HS=humongous(starts), HC=humongous(continues), CS=collection set, F=free, OA=open archive, CA=closed archive, TAMS=top-at-mark-start (previous, next)
|   0|0x0000000081200000, 0x0000000081300000, 0x0000000081300000|100%|HS|  |TAMS 0x0000000081300000, 0x0000000081300000| Complete 
|   1|0x0000000081300000, 0x0000000081400000, 0x0000000081400000|100%| O|  |TAMS 0x0000000081400000, 0x0000000081400000| Untracked 
|   2|0x0000000081400000, 0x0000000081500000, 0x0000000081500000|100%| O|  |TAMS 0x0000000081500000, 0x0000000081500000| Untracked 
|   3|0x0000000081500000, 0x0000000081600000, 0x0000000081600000|100%| O|  |TAMS 0x0000000081600000, 0x0000000081600000| Untracked 
|   4|0x0000000081600000, 0x0000000081700000, 0x0000000081700000|100%| O|  |TAMS 0x0000000081700000, 0x0000000081700000| Untracked 
|   5|0x0000000081700000, 0x0000000081800000, 0x0000000081800000|100%| O|  |TAMS 0x0000000081800000, 0x0000000081800000| Untracked 
|   6|0x0000000081800000, 0x0000000081900000, 0x0000000081900000|100%| O|  |TAMS 0x0000000081900000, 0x0000000081900000| Untracked 
|   7|0x0000000081900000, 0x0000000081a00000, 0x0000000081a00000|100%| O|  |TAMS 0x0000000081a00000, 0x0000000081a00000| Untracked 
|   8|0x0000000081a00000, 0x0000000081b00000, 0x0000000081b00000|100%| O|  |TAMS 0x0000000081b00000, 0x0000000081b00000| Untracked 
|   9|0x0000000081b00000, 0x0000000081c00000, 0x0000000081c00000|100%| O|  |TAMS 0x0000000081c00000, 0x0000000081c00000| Untracked 
|  10|0x0000000081c00000, 0x0000000081d00000, 0x0000000081d00000|100%| O|  |TAMS 0x0000000081d00000, 0x0000000081d00000| Untracked 
|  11|0x0000000081d00000, 0x0000000081d00000, 0x0000000081e00000|  0%| F|  |TAMS 0x0000000081d00000, 0x0000000081d00000| Untracked 
|  12|0x0000000081e00000, 0x0000000081f00000, 0x0000000081f00000|100%| O|  |TAMS 0x0000000081f00000, 0x0000000081f00000| Untracked 
|  13|0x0000000081f00000, 0x0000000082000000, 0x0000000082000000|100%|HS|  |TAMS 0x0000000082000000, 0x0000000082000000| Complete 
|  14|0x0000000082000000, 0x0000000082100000, 0x0000000082100000|100%|HC|  |TAMS 0x0000000082100000, 0x0000000082100000| Complete 
|  15|0x0000000082100000, 0x0000000082200000, 0x0000000082200000|100%|HC|  |TAMS 0x0000000082200000, 0x0000000082200000| Complete 
|  16|0x0000000082200000, 0x0000000082300000, 0x0000000082300000|100%|HS|  |TAMS 0x0000000082300000, 0x0000000082300000| Complete 
|  17|0x0000000082300000, 0x0000000082400000, 0x0000000082400000|100%|HC|  |TAMS 0x0000000082400000, 0x0000000082400000| Complete 
|  18|0x0000000082400000, 0x0000000082500000, 0x0000000082500000|100%| O|  |TAMS 0x0000000082500000, 0x0000000082500000| Untracked 
|  19|0x0000000082500000, 0x0000000082600000, 0x0000000082600000|100%|HS|  |TAMS 0x0000000082500000, 0x0000000082500000| Complete 
|  20|0x0000000082600000, 0x0000000082700000, 0x0000000082700000|100%|HC|  |TAMS 0x0000000082600000, 0x0000000082600000| Complete 
|  21|0x0000000082700000, 0x0000000082800000, 0x0000000082800000|100%|HS|  |TAMS 0x0000000082700000, 0x0000000082700000| Complete 
|  22|0x0000000082800000, 0x0000000082900000, 0x0000000082900000|100%|HC|  |TAMS 0x0000000082800000, 0x0000000082800000| Complete 
|  23|0x0000000082900000, 0x0000000082a00000, 0x0000000082a00000|100%|HS|  |TAMS 0x0000000082900000, 0x0000000082900000| Complete 
|  24|0x0000000082a00000, 0x0000000082b00000, 0x0000000082b00000|100%|HC|  |TAMS 0x0000000082a00000, 0x0000000082a00000| Complete 
|  25|0x0000000082b00000, 0x0000000082c00000, 0x0000000082c00000|100%|HS|  |TAMS 0x0000000082b00000, 0x0000000082b00000| Complete 
|  26|0x0000000082c00000, 0x0000000082d00000, 0x0000000082d00000|100%|HC|  |TAMS 0x0000000082c00000, 0x0000000082c00000| Complete 
|  27|0x0000000082d00000, 0x0000000082e00000, 0x0000000082e00000|100%|HS|  |TAMS 0x0000000082d00000, 0x0000000082d00000| Complete 
|  28|0x0000000082e00000, 0x0000000082f00000, 0x0000000082f00000|100%|HC|  |TAMS 0x0000000082e00000, 0x0000000082e00000| Complete 
|  29|0x0000000082f00000, 0x0000000083000000, 0x0000000083000000|100%|HS|  |TAMS 0x0000000082f00000, 0x0000000082f00000| Complete 
|  30|0x0000000083000000, 0x0000000083100000, 0x0000000083100000|100%|HC|  |TAMS 0x0000000083000000, 0x0000000083000000| Complete 
|  31|0x0000000083100000, 0x0000000083200000, 0x0000000083200000|100%|HS|  |TAMS 0x0000000083100000, 0x0000000083100000| Complete 
|  32|0x0000000083200000, 0x0000000083300000, 0x0000000083300000|100%|HC|  |TAMS 0x0000000083200000, 0x0000000083200000| Complete 
|  33|0x0000000083300000, 0x000000008338e000, 0x0000000083400000| 55%| O|  |TAMS 0x000000008337bc00, 0x000000008338d600| Untracked 
|  34|0x0000000083400000, 0x0000000083500000, 0x0000000083500000|100%|HS|  |TAMS 0x0000000083400000, 0x0000000083400000| Complete 
|  35|0x0000000083500000, 0x0000000083600000, 0x0000000083600000|100%|HC|  |TAMS 0x0000000083500000, 0x0000000083500000| Complete 
|  36|0x0000000083600000, 0x0000000083700000, 0x0000000083700000|100%|HS|  |TAMS 0x0000000083600000, 0x0000000083600000| Complete 
|  37|0x0000000083700000, 0x0000000083800000, 0x0000000083800000|100%|HC|  |TAMS 0x0000000083700000, 0x0000000083700000| Complete 
|  38|0x0000000083800000, 0x0000000083900000, 0x0000000083900000|100%|HS|  |TAMS 0x0000000083800000, 0x0000000083800000| Complete 
|  39|0x0000000083900000, 0x0000000083a00000, 0x0000000083a00000|100%|HC|  |TAMS 0x0000000083900000, 0x0000000083900000| Complete 
|  40|0x0000000083a00000, 0x0000000083a00000, 0x0000000083b00000|  0%| F|  |TAMS 0x0000000083a00000, 0x0000000083a00000| Untracked 
|  41|0x0000000083b00000, 0x0000000083b00000, 0x0000000083c00000|  0%| F|  |TAMS 0x0000000083b00000, 0x0000000083b00000| Untracked 
|  42|0x0000000083c00000, 0x0000000083c00000, 0x0000000083d00000|  0%| F|  |TAMS 0x0000000083c00000, 0x0000000083c00000| Untracked 
|  43|0x0000000083d00000, 0x0000000083d00000, 0x0000000083e00000|  0%| F|  |TAMS 0x0000000083d00000, 0x0000000083d00000| Untracked 
|  44|0x0000000083e00000, 0x0000000083e00000, 0x0000000083f00000|  0%| F|  |TAMS 0x0000000083e00000, 0x0000000083e00000| Untracked 
|  45|0x0000000083f00000, 0x0000000083f00000, 0x0000000084000000|  0%| F|  |TAMS 0x0000000083f00000, 0x0000000083f00000| Untracked 
|  46|0x0000000084000000, 0x0000000084000000, 0x0000000084100000|  0%| F|  |TAMS 0x0000000084000000, 0x0000000084000000| Untracked 
|  47|0x0000000084100000, 0x0000000084100000, 0x0000000084200000|  0%| F|  |TAMS 0x0000000084100000, 0x0000000084100000| Untracked 
|  48|0x0000000084200000, 0x0000000084200000, 0x0000000084300000|  0%| F|  |TAMS 0x0000000084200000, 0x0000000084200000| Untracked 
|  49|0x0000000084300000, 0x0000000084300000, 0x0000000084400000|  0%| F|  |TAMS 0x0000000084300000, 0x0000000084300000| Untracked 
|  50|0x0000000084400000, 0x0000000084400000, 0x0000000084500000|  0%| F|  |TAMS 0x0000000084400000, 0x0000000084400000| Untracked 
|  51|0x0000000084500000, 0x0000000084500000, 0x0000000084600000|  0%| F|  |TAMS 0x0000000084500000, 0x0000000084500000| Untracked 
|  52|0x0000000084600000, 0x0000000084600000, 0x0000000084700000|  0%| F|  |TAMS 0x0000000084600000, 0x0000000084600000| Untracked 
|  53|0x0000000084700000, 0x0000000084700000, 0x0000000084800000|  0%| F|  |TAMS 0x0000000084700000, 0x0000000084700000| Untracked 
|  54|0x0000000084800000, 0x0000000084800000, 0x0000000084900000|  0%| F|  |TAMS 0x0000000084800000, 0x0000000084800000| Untracked 
|  55|0x0000000084900000, 0x0000000084900000, 0x0000000084a00000|  0%| F|  |TAMS 0x0000000084900000, 0x0000000084900000| Untracked 
|  56|0x0000000084a00000, 0x0000000084a00000, 0x0000000084b00000|  0%| F|  |TAMS 0x0000000084a00000, 0x0000000084a00000| Untracked 
|  57|0x0000000084b00000, 0x0000000084b00000, 0x0000000084c00000|  0%| F|  |TAMS 0x0000000084b00000, 0x0000000084b00000| Untracked 
|  58|0x0000000084c00000, 0x0000000084d00000, 0x0000000084d00000|100%|HS|  |TAMS 0x0000000084c00000, 0x0000000084d00000| Complete 
|  59|0x0000000084d00000, 0x0000000084e00000, 0x0000000084e00000|100%|HC|  |TAMS 0x0000000084d00000, 0x0000000084e00000| Complete 
|  60|0x0000000084e00000, 0x0000000084e00000, 0x0000000084f00000|  0%| F|  |TAMS 0x0000000084e00000, 0x0000000084e00000| Untracked 
|  61|0x0000000084f00000, 0x0000000084f00000, 0x0000000085000000|  0%| F|  |TAMS 0x0000000084f00000, 0x0000000084f00000| Untracked 
|  62|0x0000000085000000, 0x0000000085000000, 0x0000000085100000|  0%| F|  |TAMS 0x0000000085000000, 0x0000000085000000| Untracked 
|  63|0x0000000085100000, 0x0000000085100000, 0x0000000085200000|  0%| F|  |TAMS 0x0000000085100000, 0x0000000085100000| Untracked 
|  64|0x0000000085200000, 0x0000000085200000, 0x0000000085300000|  0%| F|  |TAMS 0x0000000085200000, 0x0000000085200000| Untracked 
|  65|0x0000000085300000, 0x0000000085300000, 0x0000000085400000|  0%| F|  |TAMS 0x0000000085300000, 0x0000000085300000| Untracked 
|  66|0x0000000085400000, 0x0000000085400000, 0x0000000085500000|  0%| F|  |TAMS 0x0000000085400000, 0x0000000085400000| Untracked 
|  67|0x0000000085500000, 0x0000000085500000, 0x0000000085600000|  0%| F|  |TAMS 0x0000000085500000, 0x0000000085500000| Untracked 
|  68|0x0000000085600000, 0x0000000085600000, 0x0000000085700000|  0%| F|  |TAMS 0x0000000085600000, 0x0000000085600000| Untracked 
|  69|0x0000000085700000, 0x0000000085700000, 0x0000000085800000|  0%| F|  |TAMS 0x0000000085700000, 0x0000000085700000| Untracked 
|  70|0x0000000085800000, 0x0000000085800000, 0x0000000085900000|  0%| F|  |TAMS 0x0000000085800000, 0x0000000085800000| Untracked 
|  71|0x0000000085900000, 0x0000000085900000, 0x0000000085a00000|  0%| F|  |TAMS 0x0000000085900000, 0x0000000085900000| Untracked 
|  72|0x0000000085a00000, 0x0000000085a00000, 0x0000000085b00000|  0%| F|  |TAMS 0x0000000085a00000, 0x0000000085a00000| Untracked 
|  73|0x0000000085b00000, 0x0000000085b00000, 0x0000000085c00000|  0%| F|  |TAMS 0x0000000085b00000, 0x0000000085b00000| Untracked 
|  74|0x0000000085c00000, 0x0000000085c00000, 0x0000000085d00000|  0%| F|  |TAMS 0x0000000085c00000, 0x0000000085c00000| Untracked 
|  75|0x0000000085d00000, 0x0000000085d00000, 0x0000000085e00000|  0%| F|  |TAMS 0x0000000085d00000, 0x0000000085d00000| Untracked 
|  76|0x0000000085e00000, 0x0000000085e00000, 0x0000000085f00000|  0%| F|  |TAMS 0x0000000085e00000, 0x0000000085e00000| Untracked 
|  77|0x0000000085f00000, 0x0000000085f00000, 0x0000000086000000|  0%| F|  |TAMS 0x0000000085f00000, 0x0000000085f00000| Untracked 
|  78|0x0000000086000000, 0x0000000086000000, 0x0000000086100000|  0%| F|  |TAMS 0x0000000086000000, 0x0000000086000000| Untracked 
|  79|0x0000000086100000, 0x0000000086100000, 0x0000000086200000|  0%| F|  |TAMS 0x0000000086100000, 0x0000000086100000| Untracked 
|  80|0x0000000086200000, 0x0000000086200000, 0x0000000086300000|  0%| F|  |TAMS 0x0000000086200000, 0x0000000086200000| Untracked 
|  81|0x0000000086300000, 0x0000000086300000, 0x0000000086400000|  0%| F|  |TAMS 0x0000000086300000, 0x0000000086300000| Untracked 
|  82|0x0000000086400000, 0x0000000086400000, 0x0000000086500000|  0%| F|  |TAMS 0x0000000086400000, 0x0000000086400000| Untracked 
|  83|0x0000000086500000, 0x0000000086500000, 0x0000000086600000|  0%| F|  |TAMS 0x0000000086500000, 0x0000000086500000| Untracked 
|  84|0x0000000086600000, 0x0000000086600000, 0x0000000086700000|  0%| F|  |TAMS 0x0000000086600000, 0x0000000086600000| Untracked 
|  85|0x0000000086700000, 0x0000000086700000, 0x0000000086800000|  0%| F|  |TAMS 0x0000000086700000, 0x0000000086700000| Untracked 
|  86|0x0000000086800000, 0x0000000086800000, 0x0000000086900000|  0%| F|  |TAMS 0x0000000086800000, 0x0000000086800000| Untracked 
|  87|0x0000000086900000, 0x0000000086900000, 0x0000000086a00000|  0%| F|  |TAMS 0x0000000086900000, 0x0000000086900000| Untracked 
|  88|0x0000000086a00000, 0x0000000086a00000, 0x0000000086b00000|  0%| F|  |TAMS 0x0000000086a00000, 0x0000000086a00000| Untracked 
|  89|0x0000000086b00000, 0x0000000086b00000, 0x0000000086c00000|  0%| F|  |TAMS 0x0000000086b00000, 0x0000000086b00000| Untracked 
|  90|0x0000000086c00000, 0x0000000086c00000, 0x0000000086d00000|  0%| F|  |TAMS 0x0000000086c00000, 0x0000000086c00000| Untracked 
|  91|0x0000000086d00000, 0x0000000086d00000, 0x0000000086e00000|  0%| F|  |TAMS 0x0000000086d00000, 0x0000000086d00000| Untracked 
|  92|0x0000000086e00000, 0x0000000086e00000, 0x0000000086f00000|  0%| F|  |TAMS 0x0000000086e00000, 0x0000000086e00000| Untracked 
|  93|0x0000000086f00000, 0x0000000086f00000, 0x0000000087000000|  0%| F|  |TAMS 0x0000000086f00000, 0x0000000086f00000| Untracked 
|  94|0x0000000087000000, 0x0000000087000000, 0x0000000087100000|  0%| F|  |TAMS 0x0000000087000000, 0x0000000087000000| Untracked 
|  95|0x0000000087100000, 0x0000000087100000, 0x0000000087200000|  0%| F|  |TAMS 0x0000000087100000, 0x0000000087100000| Untracked 
|  96|0x0000000087200000, 0x0000000087200000, 0x0000000087300000|  0%| F|  |TAMS 0x0000000087200000, 0x0000000087200000| Untracked 
|  97|0x0000000087300000, 0x0000000087300000, 0x0000000087400000|  0%| F|  |TAMS 0x0000000087300000, 0x0000000087300000| Untracked 
|  98|0x0000000087400000, 0x0000000087400000, 0x0000000087500000|  0%| F|  |TAMS 0x0000000087400000, 0x0000000087400000| Untracked 
|  99|0x0000000087500000, 0x0000000087500000, 0x0000000087600000|  0%| F|  |TAMS 0x0000000087500000, 0x0000000087500000| Untracked 
| 100|0x0000000087600000, 0x0000000087600000, 0x0000000087700000|  0%| F|  |TAMS 0x0000000087600000, 0x0000000087600000| Untracked 
| 101|0x0000000087700000, 0x0000000087700000, 0x0000000087800000|  0%| F|  |TAMS 0x0000000087700000, 0x0000000087700000| Untracked 
| 102|0x0000000087800000, 0x0000000087800000, 0x0000000087900000|  0%| F|  |TAMS 0x0000000087800000, 0x0000000087800000| Untracked 
| 103|0x0000000087900000, 0x0000000087900000, 0x0000000087a00000|  0%| F|  |TAMS 0x0000000087900000, 0x0000000087900000| Untracked 
| 104|0x0000000087a00000, 0x0000000087a00000, 0x0000000087b00000|  0%| F|  |TAMS 0x0000000087a00000, 0x0000000087a00000| Untracked 
| 105|0x0000000087b00000, 0x0000000087b00000, 0x0000000087c00000|  0%| F|  |TAMS 0x0000000087b00000, 0x0000000087b00000| Untracked 
| 106|0x0000000087c00000, 0x0000000087c66d20, 0x0000000087d00000| 40%| S|CS|TAMS 0x0000000087c00000, 0x0000000087c00000| Complete 
| 107|0x0000000087d00000, 0x0000000087d00000, 0x0000000087e00000|  0%| F|  |TAMS 0x0000000087d00000, 0x0000000087d00000| Untracked 
| 108|0x0000000087e00000, 0x0000000087e00000, 0x0000000087f00000|  0%| F|  |TAMS 0x0000000087e00000, 0x0000000087e00000| Untracked 
| 109|0x0000000087f00000, 0x0000000087f00000, 0x0000000088000000|  0%| F|  |TAMS 0x0000000087f00000, 0x0000000087f00000| Untracked 
| 110|0x0000000088000000, 0x0000000088000000, 0x0000000088100000|  0%| F|  |TAMS 0x0000000088000000, 0x0000000088000000| Untracked 
| 111|0x0000000088100000, 0x0000000088100000, 0x0000000088200000|  0%| F|  |TAMS 0x0000000088100000, 0x0000000088100000| Untracked 
| 112|0x0000000088200000, 0x0000000088200000, 0x0000000088300000|  0%| F|  |TAMS 0x0000000088200000, 0x0000000088200000| Untracked 
| 113|0x0000000088300000, 0x0000000088300000, 0x0000000088400000|  0%| F|  |TAMS 0x0000000088300000, 0x0000000088300000| Untracked 
| 114|0x0000000088400000, 0x0000000088400000, 0x0000000088500000|  0%| F|  |TAMS 0x0000000088400000, 0x0000000088400000| Untracked 
| 115|0x0000000088500000, 0x0000000088500000, 0x0000000088600000|  0%| F|  |TAMS 0x0000000088500000, 0x0000000088500000| Untracked 
| 116|0x0000000088600000, 0x0000000088600000, 0x0000000088700000|  0%| F|  |TAMS 0x0000000088600000, 0x0000000088600000| Untracked 
| 117|0x0000000088700000, 0x0000000088700000, 0x0000000088800000|  0%| F|  |TAMS 0x0000000088700000, 0x0000000088700000| Untracked 
| 118|0x0000000088800000, 0x00000000888f6488, 0x0000000088900000| 96%| E|  |TAMS 0x0000000088800000, 0x0000000088800000| Complete 
| 119|0x0000000088900000, 0x0000000088a00000, 0x0000000088a00000|100%| E|CS|TAMS 0x0000000088900000, 0x0000000088900000| Complete 
| 120|0x0000000088a00000, 0x0000000088b00000, 0x0000000088b00000|100%| E|CS|TAMS 0x0000000088a00000, 0x0000000088a00000| Complete 
| 121|0x0000000088b00000, 0x0000000088c00000, 0x0000000088c00000|100%| E|CS|TAMS 0x0000000088b00000, 0x0000000088b00000| Complete 
| 122|0x0000000088c00000, 0x0000000088d00000, 0x0000000088d00000|100%| E|CS|TAMS 0x0000000088c00000, 0x0000000088c00000| Complete 
| 123|0x0000000088d00000, 0x0000000088e00000, 0x0000000088e00000|100%| E|CS|TAMS 0x0000000088d00000, 0x0000000088d00000| Complete 
| 124|0x0000000088e00000, 0x0000000088f00000, 0x0000000088f00000|100%| E|CS|TAMS 0x0000000088e00000, 0x0000000088e00000| Complete 
| 125|0x0000000088f00000, 0x0000000089000000, 0x0000000089000000|100%| E|CS|TAMS 0x0000000088f00000, 0x0000000088f00000| Complete 
| 126|0x0000000089000000, 0x0000000089100000, 0x0000000089100000|100%| E|CS|TAMS 0x0000000089000000, 0x0000000089000000| Complete 
| 127|0x0000000089100000, 0x0000000089200000, 0x0000000089200000|100%| E|CS|TAMS 0x0000000089100000, 0x0000000089100000| Complete 
| 128|0x0000000089200000, 0x0000000089300000, 0x0000000089300000|100%| E|CS|TAMS 0x0000000089200000, 0x0000000089200000| Complete 
| 129|0x0000000089300000, 0x0000000089400000, 0x0000000089400000|100%| E|CS|TAMS 0x0000000089300000, 0x0000000089300000| Complete 
| 130|0x0000000089400000, 0x0000000089500000, 0x0000000089500000|100%| E|CS|TAMS 0x0000000089400000, 0x0000000089400000| Complete 
| 131|0x0000000089500000, 0x0000000089600000, 0x0000000089600000|100%| E|CS|TAMS 0x0000000089500000, 0x0000000089500000| Complete 
| 132|0x0000000089600000, 0x0000000089700000, 0x0000000089700000|100%| E|CS|TAMS 0x0000000089600000, 0x0000000089600000| Complete 
| 133|0x0000000089700000, 0x0000000089800000, 0x0000000089800000|100%| E|CS|TAMS 0x0000000089700000, 0x0000000089700000| Complete 
| 134|0x0000000089800000, 0x0000000089900000, 0x0000000089900000|100%| E|CS|TAMS 0x0000000089800000, 0x0000000089800000| Complete 

Card table byte_map: [0x0000022377530000,0x0000022377930000] _byte_map_base: 0x0000022377127000

Marking Bits (Prev, Next): (CMBitMap*) 0x000002236023af20, (CMBitMap*) 0x000002236023af60
 Prev Bits: [0x0000022377d30000, 0x0000022379ce8000)
 Next Bits: [0x0000022379cf0000, 0x000002237bca8000)

Polling page: 0x000002235f990000

Metaspace:

Usage:
  Non-class:     35.79 MB used.
      Class:      4.45 MB used.
       Both:     40.24 MB used.

Virtual space:
  Non-class space:       64.00 MB reserved,      35.94 MB ( 56%) committed,  1 nodes.
      Class space:        1.00 GB reserved,       4.56 MB ( <1%) committed,  1 nodes.
             Both:        1.06 GB reserved,      40.50 MB (  4%) committed. 

Chunk freelists:
   Non-Class:  3.77 MB
       Class:  3.45 MB
        Both:  7.22 MB

MaxMetaspaceSize: unlimited
CompressedClassSpaceSize: 1.00 GB
Initial GC threshold: 21.00 MB
Current GC threshold: 66.88 MB
CDS: on
MetaspaceReclaimPolicy: balanced
 - commit_granule_bytes: 65536.
 - commit_granule_words: 8192.
 - virtual_space_node_default_size: 8388608.
 - enlarge_chunks_in_place: 1.
 - new_chunks_are_fully_committed: 0.
 - uncommit_free_chunks: 1.
 - use_allocation_guard: 0.


Internal statistics:

num_allocs_failed_limit: 6.
num_arena_births: 310.
num_arena_deaths: 0.
num_vsnodes_births: 2.
num_vsnodes_deaths: 0.
num_space_committed: 648.
num_space_uncommitted: 0.
num_chunks_returned_to_freelist: 6.
num_chunks_taken_from_freelist: 1025.
num_chunk_merges: 6.
num_chunk_splits: 808.
num_chunks_enlarged: 679.
num_inconsistent_stats: 0.

CodeHeap 'non-profiled nmethods': size=120000Kb used=2080Kb max_used=2080Kb free=117919Kb
 bounds [0x000002236fc00000, 0x000002236fe70000, 0x0000022377130000]
CodeHeap 'profiled nmethods': size=120000Kb used=9928Kb max_used=9928Kb free=110071Kb
 bounds [0x0000022368130000, 0x0000022368af0000, 0x000002236f660000]
CodeHeap 'non-nmethods': size=5760Kb used=1769Kb max_used=1804Kb free=3990Kb
 bounds [0x000002236f660000, 0x000002236f8d0000, 0x000002236fc00000]
 total_blobs=5741 nmethods=4618 adapters=1033
 compilation: enabled
              stopped_count=0, restarted_count=0
 full_count=0

Compilation events (20 events):
Event: 264.816 Thread 0x000002237e19e4d0 4610       3       io.grpc.netty.shaded.io.netty.channel.AbstractChannelHandlerContext::invokeHandler (28 bytes)
Event: 264.816 Thread 0x000002237e19e4d0 nmethod 4610 0x0000022368adc990 code [0x0000022368adcb40, 0x0000022368adcd18]
Event: 265.034 Thread 0x000002237e19e4d0 4611       3       java.util.Collections::unmodifiableList (51 bytes)
Event: 265.036 Thread 0x000002237e19e4d0 nmethod 4611 0x0000022368adcd90 code [0x0000022368adcfe0, 0x0000022368addb78]
Event: 265.036 Thread 0x000002237e19e4d0 4612       3       java.util.Collections$UnmodifiableList::<init> (11 bytes)
Event: 265.037 Thread 0x000002237e19e4d0 nmethod 4612 0x0000022368adde10 code [0x0000022368addfe0, 0x0000022368ade368]
Event: 265.037 Thread 0x000002237e19e4d0 4613       3       java.util.Collections$UnmodifiableRandomAccessList::<init> (6 bytes)
Event: 265.037 Thread 0x000002237e19e4d0 nmethod 4613 0x0000022368ade490 code [0x0000022368ade660, 0x0000022368adea48]
Event: 354.493 Thread 0x000002237e19e4d0 4614       3       java.util.Collections$3::hasMoreElements (10 bytes)
Event: 354.493 Thread 0x000002237e19e4d0 nmethod 4614 0x0000022368adeb90 code [0x0000022368aded40, 0x0000022368adef08]
Event: 354.493 Thread 0x000002237e19e4d0 4615       1       java.util.concurrent.CopyOnWriteArrayList::getArray (5 bytes)
Event: 354.493 Thread 0x000002237e19e4d0 nmethod 4615 0x000002236fe07e10 code [0x000002236fe07fa0, 0x000002236fe08058]
Event: 354.493 Thread 0x000002237e19e4d0 4616       3       java.util.Collections$3::nextElement (10 bytes)
Event: 354.493 Thread 0x000002237e19e4d0 nmethod 4616 0x0000022368adf010 code [0x0000022368adf1c0, 0x0000022368adf388]
Event: 354.493 Thread 0x000002237e19e4d0 4617       3       java.util.logging.LogManager::checkPermission (16 bytes)
Event: 354.494 Thread 0x000002237e19e4d0 nmethod 4617 0x0000022368adf490 code [0x0000022368adf640, 0x0000022368adf838]
Event: 354.494 Thread 0x000002237e19e4d0 4618       3       java.util.logging.Logger::updateEffectiveLevel (126 bytes)
Event: 354.494 Thread 0x000002237e19e4d0 nmethod 4618 0x0000022368adf910 code [0x0000022368adfb60, 0x0000022368ae06a8]
Event: 354.494 Thread 0x000002237e19e4d0 4619   !   3       java.util.logging.LogManager$LoggerContext::findLogger (113 bytes)
Event: 354.496 Thread 0x000002237e19e4d0 nmethod 4619 0x0000022368ae0a10 code [0x0000022368ae0cc0, 0x0000022368ae1be8]

GC Heap History (20 events):
Event: 71.119 GC heap before
{Heap before GC invocations=20 (full 0):
 garbage-first heap   total 58368K, used 26311K [0x0000000081200000, 0x0000000100000000)
  region size 1024K, 3 young (3072K), 1 survivors (1024K)
 Metaspace       used 40805K, committed 41088K, reserved 1114112K
  class space    used 4529K, committed 4672K, reserved 1048576K
}
Event: 71.121 GC heap after
{Heap after GC invocations=21 (full 0):
 garbage-first heap   total 96256K, used 23241K [0x0000000081200000, 0x0000000100000000)
  region size 1024K, 1 young (1024K), 1 survivors (1024K)
 Metaspace       used 40805K, committed 41088K, reserved 1114112K
  class space    used 4529K, committed 4672K, reserved 1048576K
}
Event: 71.459 GC heap before
{Heap before GC invocations=21 (full 0):
 garbage-first heap   total 96256K, used 57033K [0x0000000081200000, 0x0000000100000000)
  region size 1024K, 15 young (15360K), 1 survivors (1024K)
 Metaspace       used 40810K, committed 41152K, reserved 1114112K
  class space    used 4529K, committed 4672K, reserved 1048576K
}
Event: 71.460 GC heap after
{Heap after GC invocations=22 (full 0):
 garbage-first heap   total 96256K, used 41700K [0x0000000081200000, 0x0000000100000000)
  region size 1024K, 1 young (1024K), 1 survivors (1024K)
 Metaspace       used 40810K, committed 41152K, reserved 1114112K
  class space    used 4529K, committed 4672K, reserved 1048576K
}
Event: 71.476 GC heap before
{Heap before GC invocations=22 (full 0):
 garbage-first heap   total 96256K, used 44772K [0x0000000081200000, 0x0000000100000000)
  region size 1024K, 3 young (3072K), 1 survivors (1024K)
 Metaspace       used 40810K, committed 41152K, reserved 1114112K
  class space    used 4529K, committed 4672K, reserved 1048576K
}
Event: 71.477 GC heap after
{Heap after GC invocations=23 (full 0):
 garbage-first heap   total 96256K, used 23266K [0x0000000081200000, 0x0000000100000000)
  region size 1024K, 1 young (1024K), 1 survivors (1024K)
 Metaspace       used 40810K, committed 41152K, reserved 1114112K
  class space    used 4529K, committed 4672K, reserved 1048576K
}
Event: 71.805 GC heap before
{Heap before GC invocations=23 (full 0):
 garbage-first heap   total 96256K, used 57058K [0x0000000081200000, 0x0000000100000000)
  region size 1024K, 15 young (15360K), 1 survivors (1024K)
 Metaspace       used 40811K, committed 41152K, reserved 1114112K
  class space    used 4529K, committed 4672K, reserved 1048576K
}
Event: 71.806 GC heap after
{Heap after GC invocations=24 (full 0):
 garbage-first heap   total 96256K, used 41695K [0x0000000081200000, 0x0000000100000000)
  region size 1024K, 1 young (1024K), 1 survivors (1024K)
 Metaspace       used 40811K, committed 41152K, reserved 1114112K
  class space    used 4529K, committed 4672K, reserved 1048576K
}
Event: 71.856 GC heap before
{Heap before GC invocations=24 (full 0):
 garbage-first heap   total 96256K, used 44767K [0x0000000081200000, 0x0000000100000000)
  region size 1024K, 3 young (3072K), 1 survivors (1024K)
 Metaspace       used 40814K, committed 41152K, reserved 1114112K
  class space    used 4529K, committed 4672K, reserved 1048576K
}
Event: 71.857 GC heap after
{Heap after GC invocations=25 (full 0):
 garbage-first heap   total 96256K, used 23261K [0x0000000081200000, 0x0000000100000000)
  region size 1024K, 1 young (1024K), 1 survivors (1024K)
 Metaspace       used 40814K, committed 41152K, reserved 1114112K
  class space    used 4529K, committed 4672K, reserved 1048576K
}
Event: 72.157 GC heap before
{Heap before GC invocations=25 (full 0):
 garbage-first heap   total 96256K, used 56029K [0x0000000081200000, 0x0000000100000000)
  region size 1024K, 15 young (15360K), 1 survivors (1024K)
 Metaspace       used 40823K, committed 41152K, reserved 1114112K
  class space    used 4529K, committed 4672K, reserved 1048576K
}
Event: 72.159 GC heap after
{Heap after GC invocations=26 (full 0):
 garbage-first heap   total 96256K, used 41702K [0x0000000081200000, 0x0000000100000000)
  region size 1024K, 1 young (1024K), 1 survivors (1024K)
 Metaspace       used 40823K, committed 41152K, reserved 1114112K
  class space    used 4529K, committed 4672K, reserved 1048576K
}
Event: 72.208 GC heap before
{Heap before GC invocations=26 (full 0):
 garbage-first heap   total 96256K, used 44774K [0x0000000081200000, 0x0000000100000000)
  region size 1024K, 3 young (3072K), 1 survivors (1024K)
 Metaspace       used 40826K, committed 41152K, reserved 1114112K
  class space    used 4529K, committed 4672K, reserved 1048576K
}
Event: 72.210 GC heap after
{Heap after GC invocations=27 (full 0):
 garbage-first heap   total 96256K, used 23272K [0x0000000081200000, 0x0000000100000000)
  region size 1024K, 1 young (1024K), 1 survivors (1024K)
 Metaspace       used 40826K, committed 41152K, reserved 1114112K
  class space    used 4529K, committed 4672K, reserved 1048576K
}
Event: 72.705 GC heap before
{Heap before GC invocations=27 (full 0):
 garbage-first heap   total 96256K, used 57064K [0x0000000081200000, 0x0000000100000000)
  region size 1024K, 16 young (16384K), 1 survivors (1024K)
 Metaspace       used 41084K, committed 41344K, reserved 1114112K
  class space    used 4541K, committed 4672K, reserved 1048576K
}
Event: 72.708 GC heap after
{Heap after GC invocations=28 (full 0):
 garbage-first heap   total 138240K, used 37835K [0x0000000081200000, 0x0000000100000000)
  region size 1024K, 1 young (1024K), 1 survivors (1024K)
 Metaspace       used 41084K, committed 41344K, reserved 1114112K
  class space    used 4541K, committed 4672K, reserved 1048576K
}
Event: 73.073 GC heap before
{Heap before GC invocations=28 (full 0):
 garbage-first heap   total 138240K, used 78795K [0x0000000081200000, 0x0000000100000000)
  region size 1024K, 18 young (18432K), 1 survivors (1024K)
 Metaspace       used 41087K, committed 41344K, reserved 1114112K
  class space    used 4541K, committed 4672K, reserved 1048576K
}
Event: 73.075 GC heap after
{Heap after GC invocations=29 (full 0):
 garbage-first heap   total 138240K, used 21769K [0x0000000081200000, 0x0000000100000000)
  region size 1024K, 1 young (1024K), 1 survivors (1024K)
 Metaspace       used 41087K, committed 41344K, reserved 1114112K
  class space    used 4541K, committed 4672K, reserved 1048576K
}
Event: 73.724 GC heap before
{Heap before GC invocations=29 (full 0):
 garbage-first heap   total 138240K, used 89353K [0x0000000081200000, 0x0000000100000000)
  region size 1024K, 28 young (28672K), 1 survivors (1024K)
 Metaspace       used 41095K, committed 41344K, reserved 1114112K
  class space    used 4541K, committed 4672K, reserved 1048576K
}
Event: 73.726 GC heap after
{Heap after GC invocations=30 (full 0):
 garbage-first heap   total 138240K, used 21459K [0x0000000081200000, 0x0000000100000000)
  region size 1024K, 1 young (1024K), 1 survivors (1024K)
 Metaspace       used 41095K, committed 41344K, reserved 1114112K
  class space    used 4541K, committed 4672K, reserved 1048576K
}

Dll operation events (20 events):
Event: 0.012 Loaded shared library C:\Program Files\Java\jdk-19\bin\java.dll
Event: 0.025 Loaded shared library C:\Program Files\Java\jdk-19\bin\jsvml.dll
Event: 0.247 Loaded shared library C:\Program Files\Java\jdk-19\bin\zip.dll
Event: 0.251 Loaded shared library C:\Program Files\Java\jdk-19\bin\instrument.dll
Event: 0.258 Loaded shared library C:\Program Files\Java\jdk-19\bin\net.dll
Event: 0.260 Loaded shared library C:\Program Files\Java\jdk-19\bin\nio.dll
Event: 0.269 Loaded shared library C:\Program Files\Java\jdk-19\bin\zip.dll
Event: 0.512 Loaded shared library C:\Program Files\JetBrains\IntelliJ IDEA Community Edition 2022.3\bin\breakgen64.dll
Event: 0.525 Loaded shared library C:\Program Files\Java\jdk-19\bin\extnet.dll
Event: 0.535 Loaded shared library C:\Program Files\Java\jdk-19\bin\jimage.dll
Event: 0.558 Loaded shared library C:\Program Files\Java\jdk-19\bin\awt.dll
Event: 0.723 Loaded shared library C:\Program Files\Java\jdk-19\bin\freetype.dll
Event: 0.724 Loaded shared library C:\Program Files\Java\jdk-19\bin\fontmanager.dll
Event: 1.532 Loaded shared library C:\Program Files\Java\jdk-19\bin\management.dll
Event: 1.536 Loaded shared library C:\Program Files\Java\jdk-19\bin\management_ext.dll
Event: 1.609 Loaded shared library C:\Program Files\Java\jdk-19\bin\sunmscapi.dll
Event: 1.878 Loaded shared library C:\Users\neera\AppData\Local\Temp\io_grpc_netty_shaded_netty_tcnative_windows_x86_6416074165028294211219.dll
Event: 7.697 Loaded shared library D:\OpenCV\opencv\build\java\x64\opencv_java460.dll
Event: 7.715 Loaded shared library C:\Program Files\Java\jdk-19\bin\javajpeg.dll
Event: 13.775 Loaded shared library C:\Program Files\Java\jdk-19\bin\verify.dll

Deoptimization events (20 events):
Event: 72.644 Thread 0x000002237ee809c0 DEOPT PACKING pc=0x0000022368a821f3 sp=0x000000cb3a6fcca0
Event: 72.644 Thread 0x000002237ee809c0 DEOPT UNPACKING pc=0x000002236f6c7543 sp=0x000000cb3a6fc068 mode 0
Event: 73.006 Thread 0x000002237ee4a420 Uncommon trap: trap_request=0xffffffde fr.pc=0x000002236fdd61a0 relative=0x00000000000001c0
Event: 73.006 Thread 0x000002237ee4a420 Uncommon trap: reason=class_check action=maybe_recompile pc=0x000002236fdd61a0 method=sun.awt.image.ImageWatched.newInfo(Ljava/awt/Image;IIIII)V @ 13 c2
Event: 73.006 Thread 0x000002237ee4a420 DEOPT PACKING pc=0x000002236fdd61a0 sp=0x000000cb3c2fe120
Event: 73.006 Thread 0x000002237ee4a420 DEOPT UNPACKING pc=0x000002236f6c6da3 sp=0x000000cb3c2fe0f0 mode 2
Event: 73.474 Thread 0x000002237ee4a420 Uncommon trap: trap_request=0xffffffde fr.pc=0x000002236fdd61a0 relative=0x00000000000001c0
Event: 73.474 Thread 0x000002237ee4a420 Uncommon trap: reason=class_check action=maybe_recompile pc=0x000002236fdd61a0 method=sun.awt.image.ImageWatched.newInfo(Ljava/awt/Image;IIIII)V @ 13 c2
Event: 73.474 Thread 0x000002237ee4a420 DEOPT PACKING pc=0x000002236fdd61a0 sp=0x000000cb3c2fe120
Event: 73.475 Thread 0x000002237ee4a420 DEOPT UNPACKING pc=0x000002236f6c6da3 sp=0x000000cb3c2fe0f0 mode 2
Event: 75.462 Thread 0x000002237ee809c0 DEOPT PACKING pc=0x00000223685f2bd8 sp=0x000000cb3a6fd520
Event: 75.462 Thread 0x000002237ee809c0 DEOPT UNPACKING pc=0x000002236f6c7543 sp=0x000000cb3a6fca28 mode 0
Event: 75.464 Thread 0x000002237ee809c0 DEOPT PACKING pc=0x00000223685f2bd8 sp=0x000000cb3a6fd520
Event: 75.464 Thread 0x000002237ee809c0 DEOPT UNPACKING pc=0x000002236f6c7543 sp=0x000000cb3a6fca28 mode 0
Event: 75.468 Thread 0x000002237ee809c0 DEOPT PACKING pc=0x00000223685f2bd8 sp=0x000000cb3a6fd4d0
Event: 75.468 Thread 0x000002237ee809c0 DEOPT UNPACKING pc=0x000002236f6c7543 sp=0x000000cb3a6fc9d8 mode 0
Event: 75.469 Thread 0x000002237ee809c0 DEOPT PACKING pc=0x00000223685f2bd8 sp=0x000000cb3a6fd560
Event: 75.469 Thread 0x000002237ee809c0 DEOPT UNPACKING pc=0x000002236f6c7543 sp=0x000000cb3a6fca68 mode 0
Event: 90.543 Thread 0x000002237ee809c0 DEOPT PACKING pc=0x0000022368a821f3 sp=0x000000cb3a6fdf40
Event: 90.543 Thread 0x000002237ee809c0 DEOPT UNPACKING pc=0x000002236f6c7543 sp=0x000000cb3a6fd308 mode 0

Classes loaded (20 events):
Event: 69.096 Loading class java/awt/MultipleGradientPaint$ColorSpaceType
Event: 69.096 Loading class java/awt/MultipleGradientPaint$ColorSpaceType done
Event: 69.096 Loading class java/awt/LinearGradientPaintContext
Event: 69.096 Loading class java/awt/MultipleGradientPaintContext
Event: 69.096 Loading class java/awt/MultipleGradientPaintContext done
Event: 69.096 Loading class java/awt/LinearGradientPaintContext done
Event: 69.098 Loading class javax/swing/plaf/nimbus/ImageScalingHelper$PaintType
Event: 69.098 Loading class javax/swing/plaf/nimbus/ImageScalingHelper$PaintType done
Event: 69.098 Loading class javax/swing/plaf/nimbus/ImageScalingHelper
Event: 69.099 Loading class javax/swing/plaf/nimbus/ImageScalingHelper done
Event: 70.728 Loading class sun/awt/image/ByteArrayImageSource
Event: 70.728 Loading class sun/awt/image/ByteArrayImageSource done
Event: 72.561 Loading class sun/awt/SunToolkit$1
Event: 72.561 Loading class sun/awt/SunToolkit$1 done
Event: 354.491 Loading class jdk/internal/misc/Signal$1
Event: 354.491 Loading class jdk/internal/misc/Signal$1 done
Event: 354.494 Loading class java/util/WeakHashMap$KeyIterator
Event: 354.494 Loading class java/util/WeakHashMap$HashIterator
Event: 354.495 Loading class java/util/WeakHashMap$HashIterator done
Event: 354.495 Loading class java/util/WeakHashMap$KeyIterator done

Classes unloaded (0 events):
No events

Classes redefined (0 events):
No events

Internal exceptions (20 events):
Event: 2.541 Thread 0x000002237f3cbce0 Exception <a 'sun/nio/fs/WindowsException'{0x0000000082327ef0}> (0x0000000082327ef0) 
thrown [s\open\src\hotspot\share\prims\jni.cpp, line 517]
Event: 2.795 Thread 0x000002237f3cc230 Exception <a 'java/lang/NoSuchMethodError'{0x000000008225e460}: 'void java.lang.invoke.DirectMethodHandle$Holder.invokeVirtual(java.lang.Object, java.lang.Object, long)'> (0x000000008225e460) 
thrown [s\open\src\hotspot\share\interpreter\linkResolver.cpp, line 774]
Event: 2.796 Thread 0x000002237f3cc230 Exception <a 'java/lang/NoSuchMethodError'{0x000000008227c880}: 'long java.lang.invoke.DirectMethodHandle$Holder.invokeStatic(java.lang.Object, java.lang.Object, int)'> (0x000000008227c880) 
thrown [s\open\src\hotspot\share\interpreter\linkResolver.cpp, line 774]
Event: 2.799 Thread 0x000002237f3cc230 Exception <a 'java/lang/NoSuchMethodError'{0x0000000082286f98}: 'void java.lang.invoke.DelegatingMethodHandle$Holder.reinvoke_L(java.lang.Object, java.lang.Object, long)'> (0x0000000082286f98) 
thrown [s\open\src\hotspot\share\interpreter\linkResolver.cpp, line 774]
Event: 2.898 Thread 0x000002237f3cbce0 Exception <a 'java/lang/NoSuchMethodError'{0x0000000087f8b270}: 'java.lang.Object java.lang.invoke.DirectMethodHandle$Holder.invokeStatic(java.lang.Object, long, java.lang.Object)'> (0x0000000087f8b270) 
thrown [s\open\src\hotspot\share\interpreter\linkResolver.cpp, line 774]
Event: 2.898 Thread 0x000002237f3cbce0 Exception <a 'java/lang/NoSuchMethodError'{0x0000000087f8f000}: 'java.lang.Object java.lang.invoke.DirectMethodHandle$Holder.invokeStaticInit(java.lang.Object, long, java.lang.Object)'> (0x0000000087f8f000) 
thrown [s\open\src\hotspot\share\interpreter\linkResolver.cpp, line 774]
Event: 2.899 Thread 0x000002237f3cbce0 Exception <a 'java/lang/NoSuchMethodError'{0x0000000087f956f0}: 'java.lang.Object java.lang.invoke.DirectMethodHandle$Holder.newInvokeSpecial(java.lang.Object, long)'> (0x0000000087f956f0) 
thrown [s\open\src\hotspot\share\interpreter\linkResolver.cpp, line 774]
Event: 2.899 Thread 0x000002237f3cbce0 Exception <a 'java/lang/NoSuchMethodError'{0x0000000087f99d68}: 'long java.lang.invoke.DirectMethodHandle$Holder.invokeInterface(java.lang.Object, java.lang.Object)'> (0x0000000087f99d68) 
thrown [s\open\src\hotspot\share\interpreter\linkResolver.cpp, line 774]
Event: 2.900 Thread 0x000002237f3cbce0 Exception <a 'java/lang/NoSuchMethodError'{0x0000000087f9de38}: 'long java.lang.invoke.DelegatingMethodHandle$Holder.reinvoke_L(java.lang.Object, java.lang.Object)'> (0x0000000087f9de38) 
thrown [s\open\src\hotspot\share\interpreter\linkResolver.cpp, line 774]
Event: 3.741 Thread 0x000002237f3cbce0 Exception <a 'java/lang/NoSuchMethodError'{0x0000000089186940}: 'java.lang.Object java.lang.invoke.DirectMethodHandle$Holder.invokeVirtual(java.lang.Object, java.lang.Object, java.lang.Object)'> (0x0000000089186940) 
thrown [s\open\src\hotspot\share\interpreter\linkResolver.cpp, line 774]
Event: 3.754 Thread 0x000002237f3cbce0 Exception <a 'java/lang/NoSuchMethodError'{0x000000008919ca58}: 'void java.lang.invoke.Invokers$Holder.invokeExact_MT(java.lang.Object, java.lang.Object, java.lang.Object, java.lang.Object)'> (0x000000008919ca58) 
thrown [s\open\src\hotspot\share\interpreter\linkResolver.cpp, line 774]
Event: 3.776 Thread 0x000002237f3cbce0 Exception <a 'java/lang/NullPointerException'{0x00000000891daaf8}> (0x00000000891daaf8) 
thrown [s\open\src\hotspot\share\interpreter\linkResolver.cpp, line 1458]
Event: 13.785 Thread 0x000002237ee809c0 Exception <a 'java/lang/ClassNotFoundException'{0x0000000087f4e248}: java/lang/ObjectCustomizer> (0x0000000087f4e248) 
thrown [s\open\src\hotspot\share\classfile\systemDictionary.cpp, line 255]
Event: 13.788 Thread 0x000002237ee809c0 Exception <a 'java/lang/IncompatibleClassChangeError'{0x0000000087f53288}: Found class java.lang.Object, but interface was expected> (0x0000000087f53288) 
thrown [s\open\src\hotspot\share\interpreter\linkResolver.cpp, line 841]
Event: 13.792 Thread 0x000002237ee809c0 Exception <a 'java/lang/ClassNotFoundException'{0x0000000087f6f7c8}: net/miginfocom/layout/UnitValueCustomizer> (0x0000000087f6f7c8) 
thrown [s\open\src\hotspot\share\classfile\systemDictionary.cpp, line 255]
Event: 13.796 Thread 0x000002237ee809c0 Exception <a 'java/lang/ClassNotFoundException'{0x0000000087f88d38}: java/lang/ObjectCustomizer> (0x0000000087f88d38) 
thrown [s\open\src\hotspot\share\classfile\systemDictionary.cpp, line 255]
Event: 13.797 Thread 0x000002237ee809c0 Exception <a 'java/lang/ClassNotFoundException'{0x0000000087f92ed0}: net/miginfocom/layout/BoundSizeCustomizer> (0x0000000087f92ed0) 
thrown [s\open\src\hotspot\share\classfile\systemDictionary.cpp, line 255]
Event: 13.905 Thread 0x000002237ee809c0 Exception <a 'java/lang/NoSuchMethodError'{0x000000008333fe20}: 'int java.lang.invoke.DirectMethodHandle$Holder.invokeVirtual(java.lang.Object, java.lang.Object)'> (0x000000008333fe20) 
thrown [s\open\src\hotspot\share\interpreter\linkResolver.cpp, line 774]
Event: 15.453 Thread 0x000002237ee809c0 Exception <a 'java/lang/NoSuchMethodError'{0x0000000083394a40}: 'void java.lang.invoke.DirectMethodHandle$Holder.invokeVirtual(java.lang.Object, java.lang.Object, int)'> (0x0000000083394a40) 
thrown [s\open\src\hotspot\share\interpreter\linkResolver.cpp, line 774]
Event: 59.802 Thread 0x000002237ee809c0 Implicit null exception at 0x000002236fd7f65f to 0x000002236fd826c0

VM Operations (20 events):
Event: 73.075 Executing VM operation: G1TryInitiateConcMark done
Event: 73.724 Executing VM operation: G1TryInitiateConcMark
Event: 73.726 Executing VM operation: G1TryInitiateConcMark done
Event: 74.726 Executing VM operation: Cleanup
Event: 74.727 Executing VM operation: Cleanup done
Event: 75.727 Executing VM operation: Cleanup
Event: 75.727 Executing VM operation: Cleanup done
Event: 76.731 Executing VM operation: Cleanup
Event: 76.731 Executing VM operation: Cleanup done
Event: 92.872 Executing VM operation: Cleanup
Event: 92.872 Executing VM operation: Cleanup done
Event: 193.625 Executing VM operation: Cleanup
Event: 193.625 Executing VM operation: Cleanup done
Event: 199.660 Executing VM operation: Cleanup
Event: 199.660 Executing VM operation: Cleanup done
Event: 201.678 Executing VM operation: Cleanup
Event: 201.678 Executing VM operation: Cleanup done
Event: 265.176 Executing VM operation: Cleanup
Event: 265.176 Executing VM operation: Cleanup done
Event: 354.598 Executing VM operation: Exit

Events (20 events):
Event: 32.320 Thread 0x000002237ee49ed0 Thread added: 0x000002237ee49ed0
Event: 62.835 Thread 0x000002237f3cc230 Thread exited: 0x000002237f3cc230
Event: 63.288 Thread 0x000002237f3cc780 Thread exited: 0x000002237f3cc780
Event: 69.108 Thread 0x000002237ee4b410 Thread added: 0x000002237ee4b410
Event: 70.729 Thread 0x000002237ee4a420 Thread added: 0x000002237ee4a420
Event: 74.061 Thread 0x000002237ee4b410 Thread exited: 0x000002237ee4b410
Event: 79.062 Thread 0x000002237ee4a420 Thread exited: 0x000002237ee4a420
Event: 84.941 Thread 0x000002237f3cbce0 Thread exited: 0x000002237f3cbce0
Event: 264.789 Thread 0x000002237ee469b0 Thread added: 0x000002237ee469b0
Event: 325.040 Thread 0x000002237ee469b0 Thread exited: 0x000002237ee469b0
Event: 354.491 Thread 0x000002237ee4d3f0 Thread added: 0x000002237ee4d3f0
Event: 354.492 Thread 0x000002237ee49430 Thread added: 0x000002237ee49430
Event: 354.492 Thread 0x000002237ee4cea0 Thread added: 0x000002237ee4cea0
Event: 354.492 Thread 0x000002237ee4b960 Thread added: 0x000002237ee4b960
Event: 354.492 Thread 0x000002237ee4a420 Thread added: 0x000002237ee4a420
Event: 354.494 Thread 0x000002237ee4b960 Thread exited: 0x000002237ee4b960
Event: 354.495 Thread 0x000002237ee4a420 Thread exited: 0x000002237ee4a420
Event: 354.496 Thread 0x000002237ee49430 Thread exited: 0x000002237ee49430
Event: 354.500 Thread 0x000002237eca66b0 Thread exited: 0x000002237eca66b0
Event: 354.597 Thread 0x000002237ee4cea0 Thread exited: 0x000002237ee4cea0


Dynamic libraries:
0x00007ff76ce10000 - 0x00007ff76ce20000 	C:\Program Files\Java\jdk-19\bin\java.exe
0x00007ffecd5f0000 - 0x00007ffecd7e8000 	C:\WINDOWS\SYSTEM32\ntdll.dll
0x00007ffecc200000 - 0x00007ffecc2bf000 	C:\WINDOWS\System32\KERNEL32.DLL
0x00007ffecacf0000 - 0x00007ffecafc2000 	C:\WINDOWS\System32\KERNELBASE.dll
0x00007ffecb130000 - 0x00007ffecb230000 	C:\WINDOWS\System32\ucrtbase.dll
0x00007ffec4fa0000 - 0x00007ffec4fbb000 	C:\Program Files\Java\jdk-19\bin\VCRUNTIME140.dll
0x00007ffec55f0000 - 0x00007ffec5608000 	C:\Program Files\Java\jdk-19\bin\jli.dll
0x00007ffecd360000 - 0x00007ffecd40e000 	C:\WINDOWS\System32\ADVAPI32.dll
0x00007ffecbc40000 - 0x00007ffecbcde000 	C:\WINDOWS\System32\msvcrt.dll
0x00007ffecbd60000 - 0x00007ffecbdfc000 	C:\WINDOWS\System32\sechost.dll
0x00007ffecd120000 - 0x00007ffecd244000 	C:\WINDOWS\System32\RPCRT4.dll
0x00007ffeca080000 - 0x00007ffeca31a000 	C:\WINDOWS\WinSxS\amd64_microsoft.windows.common-controls_6595b64144ccf1df_6.0.19041.1110_none_60b5254171f9507e\COMCTL32.dll
0x00007ffecbf60000 - 0x00007ffecc101000 	C:\WINDOWS\System32\USER32.dll
0x00007ffecb580000 - 0x00007ffecb5a2000 	C:\WINDOWS\System32\win32u.dll
0x00007ffecbe00000 - 0x00007ffecbe2b000 	C:\WINDOWS\System32\GDI32.dll
0x00007ffecb020000 - 0x00007ffecb12f000 	C:\WINDOWS\System32\gdi32full.dll
0x00007ffecb230000 - 0x00007ffecb2cd000 	C:\WINDOWS\System32\msvcp_win.dll
0x00007ffeb9940000 - 0x00007ffeb994a000 	C:\WINDOWS\SYSTEM32\VERSION.dll
0x00007ffecc110000 - 0x00007ffecc140000 	C:\WINDOWS\System32\IMM32.DLL
0x00007ffec8b10000 - 0x00007ffec8b1c000 	C:\Program Files\Java\jdk-19\bin\vcruntime140_1.dll
0x00007ffebff70000 - 0x00007ffebfffe000 	C:\Program Files\Java\jdk-19\bin\msvcp140.dll
0x00007ffe994e0000 - 0x00007ffe9a1a0000 	C:\Program Files\Java\jdk-19\bin\server\jvm.dll
0x00007ffec8b00000 - 0x00007ffec8b09000 	C:\WINDOWS\SYSTEM32\WSOCK32.dll
0x00007ffec02b0000 - 0x00007ffec02d7000 	C:\WINDOWS\SYSTEM32\WINMM.dll
0x00007ffecc3e0000 - 0x00007ffecc44b000 	C:\WINDOWS\System32\WS2_32.dll
0x00007ffec7d70000 - 0x00007ffec7d82000 	C:\WINDOWS\SYSTEM32\kernel.appcore.dll
0x00007ffec55e0000 - 0x00007ffec55ea000 	C:\Program Files\Java\jdk-19\bin\jimage.dll
0x00007ffeca610000 - 0x00007ffeca7f4000 	C:\WINDOWS\SYSTEM32\DBGHELP.DLL
0x00007ffeca5d0000 - 0x00007ffeca605000 	C:\WINDOWS\SYSTEM32\dbgcore.DLL
0x00007ffecb5b0000 - 0x00007ffecb632000 	C:\WINDOWS\System32\bcryptPrimitives.dll
0x00007ffec4df0000 - 0x00007ffec4dfe000 	C:\Program Files\Java\jdk-19\bin\instrument.dll
0x00007ffec4ed0000 - 0x00007ffec4ef6000 	C:\Program Files\Java\jdk-19\bin\java.dll
0x00007ffebfe90000 - 0x00007ffebff67000 	C:\Program Files\Java\jdk-19\bin\jsvml.dll
0x00007ffecc9d0000 - 0x00007ffecd115000 	C:\WINDOWS\System32\SHELL32.dll
0x00007ffec8070000 - 0x00007ffec8802000 	C:\WINDOWS\SYSTEM32\windows.storage.dll
0x00007ffecc450000 - 0x00007ffecc7a5000 	C:\WINDOWS\System32\combase.dll
0x00007ffec9f60000 - 0x00007ffec9f90000 	C:\WINDOWS\SYSTEM32\Wldp.dll
0x00007ffecd250000 - 0x00007ffecd2fd000 	C:\WINDOWS\System32\SHCORE.dll
0x00007ffecc7b0000 - 0x00007ffecc805000 	C:\WINDOWS\System32\shlwapi.dll
0x00007ffecac30000 - 0x00007ffecac4f000 	C:\WINDOWS\SYSTEM32\profapi.dll
0x00007ffec4d90000 - 0x00007ffec4da8000 	C:\Program Files\Java\jdk-19\bin\zip.dll
0x00007ffec4eb0000 - 0x00007ffec4ec3000 	C:\Program Files\Java\jdk-19\bin\net.dll
0x00007ffec1300000 - 0x00007ffec140a000 	C:\WINDOWS\SYSTEM32\WINHTTP.dll
0x00007ffec9ce0000 - 0x00007ffec9d4a000 	C:\WINDOWS\system32\mswsock.dll
0x00007ffec4e00000 - 0x00007ffec4e16000 	C:\Program Files\Java\jdk-19\bin\nio.dll
0x00007ffec2e30000 - 0x00007ffec2e4a000 	C:\Program Files\JetBrains\IntelliJ IDEA Community Edition 2022.3\bin\breakgen64.dll
0x00007ffec37d0000 - 0x00007ffec37d8000 	C:\Program Files\Java\jdk-19\bin\extnet.dll
0x00007ffe9ad60000 - 0x00007ffe9aef1000 	C:\Program Files\Java\jdk-19\bin\awt.dll
0x00007ffecb640000 - 0x00007ffecb70d000 	C:\WINDOWS\System32\OLEAUT32.dll
0x00007ffec77b0000 - 0x00007ffec7840000 	C:\WINDOWS\SYSTEM32\apphelp.dll
0x00007ffec7980000 - 0x00007ffec7a1e000 	C:\WINDOWS\system32\uxtheme.dll
0x00007ffecc2c0000 - 0x00007ffecc3d4000 	C:\WINDOWS\System32\MSCTF.dll
0x00007ffecbe30000 - 0x00007ffecbf5a000 	C:\WINDOWS\System32\ole32.dll
0x00007ffec7b60000 - 0x00007ffec7b8f000 	C:\WINDOWS\system32\DWMAPI.DLL
0x00007ffeb16c0000 - 0x00007ffeb1746000 	C:\Program Files\Java\jdk-19\bin\freetype.dll
0x00007ffea8400000 - 0x00007ffea84c5000 	C:\Program Files\Java\jdk-19\bin\fontmanager.dll
0x00007ffeaa310000 - 0x00007ffeaa435000 	C:\WINDOWS\system32\opengl32.dll
0x00007ffeaa100000 - 0x00007ffeaa12c000 	C:\WINDOWS\SYSTEM32\GLU32.dll
0x00007ffec4ce0000 - 0x00007ffec4cea000 	C:\Program Files\Java\jdk-19\bin\management.dll
0x00007ffec4cd0000 - 0x00007ffec4cdb000 	C:\Program Files\Java\jdk-19\bin\management_ext.dll
0x00007ffecb730000 - 0x00007ffecb738000 	C:\WINDOWS\System32\PSAPI.DLL
0x00007ffec4bf0000 - 0x00007ffec4bfe000 	C:\Program Files\Java\jdk-19\bin\sunmscapi.dll
0x00007ffecb340000 - 0x00007ffecb496000 	C:\WINDOWS\System32\CRYPT32.dll
0x00007ffeca050000 - 0x00007ffeca077000 	C:\WINDOWS\SYSTEM32\ncrypt.dll
0x00007ffeca010000 - 0x00007ffeca04b000 	C:\WINDOWS\SYSTEM32\NTASN1.dll
0x00007ffec5040000 - 0x00007ffec5047000 	C:\WINDOWS\system32\wshunix.dll
0x00007ffeca9a0000 - 0x00007ffeca9b8000 	C:\WINDOWS\SYSTEM32\CRYPTSP.dll
0x00007ffec9680000 - 0x00007ffec96b4000 	C:\WINDOWS\system32\rsaenh.dll
0x00007ffecb4a0000 - 0x00007ffecb4c7000 	C:\WINDOWS\System32\bcrypt.dll
0x00007ffecabf0000 - 0x00007ffecac1e000 	C:\WINDOWS\SYSTEM32\USERENV.dll
0x00007ffec9ed0000 - 0x00007ffec9edc000 	C:\WINDOWS\SYSTEM32\CRYPTBASE.dll
0x00007ffec99f0000 - 0x00007ffec9a2b000 	C:\WINDOWS\SYSTEM32\IPHLPAPI.DLL
0x00007ffecd5a0000 - 0x00007ffecd5a8000 	C:\WINDOWS\System32\NSI.dll
0x00007ffec26c0000 - 0x00007ffec26d7000 	C:\WINDOWS\SYSTEM32\dhcpcsvc6.DLL
0x00007ffec2640000 - 0x00007ffec265d000 	C:\WINDOWS\SYSTEM32\dhcpcsvc.DLL
0x00007ffec9a30000 - 0x00007ffec9afb000 	C:\WINDOWS\SYSTEM32\DNSAPI.dll
0x00007ffe98c30000 - 0x00007ffe98ef8000 	C:\Users\neera\AppData\Local\Temp\io_grpc_netty_shaded_netty_tcnative_windows_x86_6416074165028294211219.dll
0x00007ffebeaf0000 - 0x00007ffebebe9000 	C:\WINDOWS\SYSTEM32\textinputframework.dll
0x00007ffec7490000 - 0x00007ffec7582000 	C:\WINDOWS\System32\CoreMessaging.dll
0x00007ffec7130000 - 0x00007ffec748e000 	C:\WINDOWS\System32\CoreUIComponents.dll
0x00007ffeca960000 - 0x00007ffeca993000 	C:\WINDOWS\SYSTEM32\ntmarta.dll
0x00007ffec5c80000 - 0x00007ffec5dd4000 	C:\WINDOWS\SYSTEM32\wintypes.dll
0x00007ffebd990000 - 0x00007ffebd99a000 	C:\Windows\System32\rasadhlp.dll
0x00007ffebf380000 - 0x00007ffebf400000 	C:\WINDOWS\System32\fwpuclnt.dll
0x00007ffe73a70000 - 0x00007ffe76ca1000 	D:\OpenCV\opencv\build\java\x64\opencv_java460.dll
0x00007ffec4760000 - 0x00007ffec491c000 	C:\WINDOWS\SYSTEM32\MFPlat.DLL
0x00007ffe7daa0000 - 0x00007ffe7db24000 	C:\WINDOWS\SYSTEM32\MF.dll
0x00007ffea60b0000 - 0x00007ffea61ba000 	C:\WINDOWS\SYSTEM32\MFReadWrite.dll
0x00007ffecafd0000 - 0x00007ffecb01e000 	C:\WINDOWS\System32\cfgmgr32.dll
0x00007ffe98350000 - 0x00007ffe987de000 	C:\WINDOWS\SYSTEM32\MFCORE.DLL
0x00007ffecab60000 - 0x00007ffecabab000 	C:\WINDOWS\SYSTEM32\powrprof.dll
0x00007ffeafa00000 - 0x00007ffeafa09000 	C:\WINDOWS\SYSTEM32\ksuser.dll
0x00007ffec45f0000 - 0x00007ffec4624000 	C:\WINDOWS\SYSTEM32\RTWorkQ.DLL
0x00007ffecab40000 - 0x00007ffecab52000 	C:\WINDOWS\SYSTEM32\UMPDC.dll
0x00007ffec2cc0000 - 0x00007ffec2cee000 	C:\Program Files\Java\jdk-19\bin\javajpeg.dll
0x00007ffec4cf0000 - 0x00007ffec4d00000 	C:\Program Files\Java\jdk-19\bin\verify.dll
0x00007ffecd410000 - 0x00007ffecd4b9000 	C:\WINDOWS\System32\clbcatq.dll
0x00007ffec3040000 - 0x00007ffec31f4000 	C:\WINDOWS\SYSTEM32\WindowsCodecs.dll
0x00007ffea7fc0000 - 0x00007ffea7ffe000 	C:\WINDOWS\system32\dataexchange.dll
0x00007ffec5f30000 - 0x00007ffec6193000 	C:\WINDOWS\system32\d3d11.dll
0x00007ffec6bc0000 - 0x00007ffec6da3000 	C:\WINDOWS\system32\dcomp.dll
0x00007ffec8f00000 - 0x00007ffec8ff3000 	C:\WINDOWS\system32\dxgi.dll
0x00007ffec38a0000 - 0x00007ffec3aa0000 	C:\WINDOWS\system32\twinapi.appcore.dll
0x00007ffec3cf0000 - 0x00007ffec3d27000 	C:\WINDOWS\SYSTEM32\CompPkgSup.DLL
0x00007ffec2760000 - 0x00007ffec27cd000 	C:\Windows\System32\FrameServerClient.dll
0x00007ffea9510000 - 0x00007ffea9577000 	C:\Windows\System32\MFSENSORGROUP.dll
0x00007ffe795e0000 - 0x00007ffe79d06000 	C:\Windows\System32\Windows.Media.dll
0x00007ffec45e0000 - 0x00007ffec45ea000 	C:\WINDOWS\SYSTEM32\AVRT.dll
0x00007ffec2140000 - 0x00007ffec2226000 	C:\Windows\System32\Windows.ApplicationModel.dll
0x00007ffec4630000 - 0x00007ffec4729000 	C:\Windows\System32\AppXDeploymentClient.dll
0x00007ffec2d60000 - 0x00007ffec2d6d000 	C:\Windows\System32\vidcap.ax
0x00007ffea0360000 - 0x00007ffea0387000 	C:\Windows\System32\kswdmcap.ax
0x00007ffe72e60000 - 0x00007ffe72fcc000 	C:\Windows\System32\MFC42.dll
0x00007ffeb1a30000 - 0x00007ffeb1b76000 	C:\Windows\System32\Windows.StateRepositoryPS.dll
0x00007ffe72cc0000 - 0x00007ffe72e60000 	C:\Program Files\Intel\Media SDK\mfx_mft_mjpgvd_64.dll
0x00007ffec5970000 - 0x00007ffec5a66000 	C:\WINDOWS\SYSTEM32\PROPSYS.dll
0x00007ffeb4f60000 - 0x00007ffeb500c000 	C:\WINDOWS\SYSTEM32\TextShaping.dll
0x00007ffebf090000 - 0x00007ffebf0cb000 	C:\WINDOWS\SYSTEM32\dxcore.dll
0x00007ffeb8c50000 - 0x00007ffeb8c6d000 	C:\Windows\System32\mfmjpegdec.dll
0x00007ffe7d6f0000 - 0x00007ffe7d81d000 	C:\Windows\System32\mfperfhelper.dll
0x00007ffe7d590000 - 0x00007ffe7d6f0000 	C:\WINDOWS\System32\msvproc.dll
0x00007ffea0340000 - 0x00007ffea035a000 	C:\WINDOWS\SYSTEM32\OpenCL.dll
0x00007ffe9d0f0000 - 0x00007ffe9d157000 	C:\WINDOWS\SYSTEM32\IntelOpenCL64.dll
0x00007ffe72af0000 - 0x00007ffe72cb2000 	C:\Program Files (x86)\Common Files\Intel\OpenCL\bin\x64\intelocl64.dll
0x00007ffe9d050000 - 0x00007ffe9d0ed000 	C:\Program Files (x86)\Common Files\Intel\OpenCL\bin\x64\task_executor64.dll
0x00007ffe78170000 - 0x00007ffe78248000 	C:\Program Files (x86)\Common Files\Intel\OpenCL\bin\x64\cpu_device64.dll
0x00007ffe72620000 - 0x00007ffe72ae1000 	C:\WINDOWS\SYSTEM32\igdrcl64.dll
0x00007ffea02f0000 - 0x00007ffea0333000 	C:\WINDOWS\SYSTEM32\igdfcl64.dll

dbghelp: loaded successfully - version: 4.0.5 - missing functions: none
symbol engine: initialized successfully - sym options: 0x614 - pdb path: .;C:\Program Files\Java\jdk-19\bin;C:\WINDOWS\SYSTEM32;C:\WINDOWS\WinSxS\amd64_microsoft.windows.common-controls_6595b64144ccf1df_6.0.19041.1110_none_60b5254171f9507e;C:\Program Files\Java\jdk-19\bin\server;C:\Program Files\JetBrains\IntelliJ IDEA Community Edition 2022.3\bin;C:\Users\neera\AppData\Local\Temp;D:\OpenCV\opencv\build\java\x64;C:\Program Files\Intel\Media SDK;C:\Program Files (x86)\Common Files\Intel\OpenCL\bin\x64

VM Arguments:
jvm_args: -Djava.library.path=D:\OpenCV\opencv\build\java\x64 -javaagent:C:\Program Files\JetBrains\IntelliJ IDEA Community Edition 2022.3\lib\idea_rt.jar=53686:C:\Program Files\JetBrains\IntelliJ IDEA Community Edition 2022.3\bin -Dfile.encoding=UTF-8 -Dsun.stdout.encoding=UTF-8 -Dsun.stderr.encoding=UTF-8 
java_command: com.raven.main.Main
java_class_path (initial): D:\swingGUITester\target\classes;C:\Users\neera\.m2\repository\com\google\firebase\firebase-admin\9.1.1\firebase-admin-9.1.1.jar;C:\Users\neera\.m2\repository\com\google\api-client\google-api-client\2.0.0\google-api-client-2.0.0.jar;C:\Users\neera\.m2\repository\com\google\oauth-client\google-oauth-client\1.34.1\google-oauth-client-1.34.1.jar;C:\Users\neera\.m2\repository\com\google\http-client\google-http-client-gson\1.42.1\google-http-client-gson-1.42.1.jar;C:\Users\neera\.m2\repository\com\google\http-client\google-http-client-apache-v2\1.42.1\google-http-client-apache-v2-1.42.1.jar;C:\Users\neera\.m2\repository\org\apache\httpcomponents\httpcore\4.4.15\httpcore-4.4.15.jar;C:\Users\neera\.m2\repository\org\apache\httpcomponents\httpclient\4.5.13\httpclient-4.5.13.jar;C:\Users\neera\.m2\repository\com\google\api-client\google-api-client-gson\2.0.0\google-api-client-gson-2.0.0.jar;C:\Users\neera\.m2\repository\com\google\http-client\google-http-client\1.42.2\google-http-client-1.42.2.jar;C:\Users\neera\.m2\repository\com\google\code\findbugs\jsr305\3.0.2\jsr305-3.0.2.jar;C:\Users\neera\.m2\repository\com\google\j2objc\j2objc-annotations\1.3\j2objc-annotations-1.3.jar;C:\Users\neera\.m2\repository\io\opencensus\opencensus-api\0.31.1\opencensus-api-0.31.1.jar;C:\Users\neera\.m2\repository\io\opencensus\opencensus-contrib-http-util\0.31.1\opencensus-contrib-http-util-0.31.1.jar;C:\Users\neera\.m2\repository\com\google\api\api-common\2.2.1\api-common-2.2.1.jar;C:\Users\neera\.m2\repository\javax\annotation\javax.annotation-api\1.3.2\javax.annotation-api-1.3.2.jar;C:\Users\neera\.m2\repository\com\google\auto\value\auto-value-annotations\1.9\auto-value-annotations-1.9.jar;C:\Users\neera\.m2\repository\com\google\auth\google-auth-library-oauth2-http\1.12.1\google-auth-library-oauth2-http-1.12.1.jar;C:\Users\neera\.m2\repository\com\google\auth\google-auth-library-credentials\1.12.1\google-auth-library-credentials-1.12.1.jar;C:\Users\neera\.m2\repository\com\google\cloud\google-cloud-storage\2.14.0\google-cloud-storage-2.14.0.jar;C:\Users\neera\.m2\repository\com\google\guava\failureaccess\1.0.1\failureaccess-1.0.1.jar;C:\Users\neera\.m2\repository\com\google\guava\listenablefuture\9999.0-empty-to-avoid-conflict-with-guava\listenablefuture-9999.0-empty-to-avoid-conflict-with-guava.jar;C:\Users\neera\.m2\repository\com\google\http-client\google-http-client-jackson2\1.42.2\google-http-client-jackson2-1.42.2.jar;C:\Users\neera\.m2\repository\com\google\apis\google-api-services-storage\v1-rev20220705-2.0.0\google-api-services-storage-v1-rev20220705-2.0.0.jar;C:\Users\neera\.m2\repository\com\google\code\gson\gson\2.9.1\gson-2.9.1.jar;C:\Users\neera\.m2\repository\com\google\cloud\google-cloud-core\2.8.22\google-cloud-core-2.8.22.jar;C:\Users\neera\.m2\repository\com\google\cloud\google-cloud-core-http\2.8.22\google-cloud-core-http-2.8.22.jar;C:\Users\neera\.m2\repository\com\google\http-client\google-http-client-appengine\1.42.2\google-http-client-appengine-1.42.2.jar;C:\Users\neera\.m2\repository\com\google\api\gax-httpjson\0.104.4\gax-httpjson-0.104.4.jar;C:\Users\neera\.m2\repository\com\google\cloud\google-cloud-core-grpc\2.8.22\google-cloud-core-grpc-2.8.22.jar;C:\Users\neera\.m2\repository\io\grpc\grpc-core\1.50.1\grpc-core-1.50.1.jar;C:\Users\neera\.m2\repository\com\google\android\annotations\4.1.1.4\annotations-4.1.1.4.jar;C:\Users\neera\.m2\repository\org\codehaus\mojo\animal-sniffer-annotations\1.22\animal-sniffer-annotations-1.22.jar;C:\Users\neera\.m2\repository\com\google\api\gax\2.19.4\gax-2.19.4.jar;C:\Users\neera\.m2\repository\com\google\api\gax-grpc\2.19.4\gax-grpc-2.19.4.jar;C:\Users\neera\.m2\repository\io\grpc\grpc-alts\1.50.1\grpc-alts-1.50.1.jar;C:\Users\neera\.m2\repository\io\grpc\grpc-grpclb\1.50.1\grpc-grpclb-1.50.1.jar;C:\Users\neera\.m2\repository\org\conscrypt\conscrypt-openjdk-uber\2.5.2\conscrypt-openjdk-uber-2.5.2.jar;C:\Users\neera\.m2\repository\io\grpc\grpc-context\1.50.1\grpc-context-1.50.1.jar;C:\Users\neera\.m2\repository\com\google\api\grpc\proto-google-iam-v1\1.6.4\proto-google-iam-v1-1.6.4.jar;C:\Users\neera\.m2\repository\com\google\protobuf\protobuf-java\3.21.8\protobuf-java-3.21.8.jar;C:\Users\neera\.m2\repository\com\google\protobuf\protobuf-java-util\3.21.8\protobuf-java-util-3.21.8.jar;C:\Users\neera\.m2\repository\com\google\api\grpc\proto-google-common-protos\2.9.6\proto-google-common-protos-2.9.6.jar;C:\Users\neera\.m2\repository\org\threeten\threetenbp\1.6.3\threetenbp-1.6.3.jar;C:\Users\neera\.m2\repository\com\google\api\grpc\proto-google-cloud-storage-v2\2.14.0-alpha\proto-google-cloud-storage-v2-2.14.0-alpha.jar;C:\Users\neera\.m2\repository\com\google\api\grpc\grpc-google-cloud-storage-v2\2.14.0-alpha\grpc-google-cloud-storage-v2-2.14.0-alpha.jar;C:\Users\neera\.m2\repository\io\grpc\grpc-protobuf\1.50.1\grpc-protobuf-1.50.1.jar;C:\Users\neera\.m2\repository\com\google\api\grpc\gapic-google-cloud-storage-v2\2.14.0-alpha\gapic-google-cloud-storage-v2-2.14.0-alpha.jar;C:\Users\neera\.m2\repository\com\fasterxml\jackson\core\jackson-core\2.13.4\jackson-core-2.13.4.jar;C:\Users\neera\.m2\repository\io\grpc\grpc-api\1.50.1\grpc-api-1.50.1.jar;C:\Users\neera\.m2\repository\io\grpc\grpc-netty-shaded\1.50.1\grpc-netty-shaded-1.50.1.jar;C:\Users\neera\.m2\repository\io\perfmark\perfmark-api\0.25.0\perfmark-api-0.25.0.jar;C:\Users\neera\.m2\repository\io\grpc\grpc-auth\1.50.1\grpc-auth-1.50.1.jar;C:\Users\neera\.m2\repository\io\grpc\grpc-stub\1.50.1\grpc-stub-1.50.1.jar;C:\Users\neera\.m2\repository\io\grpc\grpc-googleapis\1.50.1\grpc-googleapis-1.50.1.jar;C:\Users\neera\.m2\repository\org\checkerframework\checker-qual\3.26.0\checker-qual-3.26.0.jar;C:\Users\neera\.m2\repository\io\grpc\grpc-xds\1.50.1\grpc-xds-1.50.1.jar;C:\Users\neera\.m2\repository\io\opencensus\opencensus-proto\0.2.0\opencensus-proto-0.2.0.jar;C:\Users\neera\.m2\repository\io\grpc\grpc-services\1.50.1\grpc-services-1.50.1.jar;C:\Users\neera\.m2\repository\com\google\re2j\re2j\1.6\re2j-1.6.jar;C:\Users\neera\.m2\repository\com\google\api\grpc\grpc-google-iam-v1\1.6.4\grpc-google-iam-v1-1.6.4.jar;C:\Users\neera\.m2\repository\io\grpc\grpc-protobuf-lite\1.50.1\grpc-protobuf-lite-1.50.1.jar;C:\Users\neera\.m2\repository\com\google\cloud\google-cloud-firestore\3.7.0\google-cloud-firestore-3.7.0.jar;C:\Users\neera\.m2\repository\commons-logging\commons-logging\1.2\commons-logging-1.2.jar;C:\Users\neera\.m2\repository\commons-codec\commons-codec\1.15\commons-codec-1.15.jar;C:\Users\neera\.m2\repository\com\google\api\grpc\proto-google-cloud-firestore-v1\3.7.0\proto-google-cloud-firestore-v1-3.7.0.jar;C:\Users\neera\.m2\repository\com\google\cloud\proto-google-cloud-firestore-bundle-v1\3.7.0\proto-google-cloud-firestore-bundle-v1-3.7.0.jar;C:\Users\neera\.m2\repository\io\opencensus\opencensus-contrib-grpc-util\0.31.1\opencensus-contrib-grpc-util-0.31.1.jar;C:\Users\neera\.m2\repository\com\google\errorprone\error_prone_annotations\2.16\error_prone_annotations-2.16.jar;C:\Users\neera\.m2\repository\com\google\guava\guava\31.1-jre\guava-31.1-jre.jar;C:\Users\neera\.m2\repository\org\slf4j\slf4j-api\2.0.3\slf4j-api-2.0.3.jar;C:\Users\neera\.m2\repository\io\netty\netty-codec-http\4.1.84.Final\netty-codec-http-4.1.84.Final.jar;C:\Users\neera\.m2\repository\io\netty\netty-common\4.1.84.Final\netty-common-4.1.84.Final.jar;C:\Users\neera\.m2\repository\io\netty\netty-buffer\4.1.84.Final\netty-buffer-4.1.84.Final.jar;C:\Users\neera\.m2\repository\io\netty\netty-codec\4.1.84.Final\netty-codec-4.1.84.Final.jar;C:\Users\neera\.m2\repository\io\netty\netty-handler\4.1.84.Final\netty-handler-4.1.84.Final.jar;C:\Users\neera\.m2\repository\io\netty\netty-resolver\4.1.84.Final\netty-resolver-4.1.84.Final.jar;C:\Users\neera\.m2\repository\io\netty\netty-transport-native-unix-common\4.1.84.Final\netty-transport-native-unix-common-4.1.84.Final.jar;C:\Users\neera\.m2\repository\io\netty\netty-transport\4.1.84.Final\netty-transport-4.1.84.Final.jar;C:\Users\neera\.m2\repository\org\bytedeco\javacv-platform\1.3.3\javacv-platform-1.3.3.jar;C:\Users\neera\.m2\repository\org\bytedeco\javacpp\1.3.3\javacpp-1.3.3.jar;C:\Users\neera\.m2\repository\org\bytedeco\javacv\1.3.3\javacv-1.3.3.jar;C:\Users\neera\.m2\repository\org\bytedeco\javacpp-presets\opencv\3.2.0-1.3\opencv-3.2.0-1.3.jar;C:\Users\neera\.m2\repository\org\bytedeco\javacpp-presets\ffmpeg\3.2.1-1.3\ffmpeg-3.2.1-1.3.jar;C:\Users\neera\.m2\repository\org\bytedeco\javacpp-presets\flycapture\2.9.3.43-1.3\flycapture-2.9.3.43-1.3.jar;C:\Users\neera\.m2\repository\org\bytedeco\javacpp-presets\libdc1394\2.2.4-1.3\libdc1394-2.2.4-1.3.jar;C:\Users\neera\.m2\repository\org\bytedeco\javacpp-presets\libfreenect\0.5.3-1.3\libfreenect-0.5.3-1.3.jar;C:\Users\neera\.m2\repository\org\bytedeco\javacpp-presets\libfreenect2\0.2.0-1.3\libfreenect2-0.2.0-1.3.jar;C:\Users\neera\.m2\repository\org\bytedeco\javacpp-presets\librealsense\1.9.6-1.3\librealsense-1.9.6-1.3.jar;C:\Users\neera\.m2\repository\org\bytedeco\javacpp-presets\videoinput\0.200-1.3\videoinput-0.200-1.3.jar;C:\Users\neera\.m2\repository\org\bytedeco\javacpp-presets\artoolkitplus\2.3.1-1.3\artoolkitplus-2.3.1-1.3.jar;C:\Users\neera\.m2\repository\org\bytedeco\javacpp-presets\flandmark\1.07-1.3\flandmark-1.07-1.3.jar;C:\Users\neera\.m2\repository\org\bytedeco\javacpp-presets\opencv-platform\3.2.0-1.3\opencv-platform-3.2.0-1.3.jar;C:\Users\neera\.m2\repository\org\bytedeco\javacpp-presets\opencv\3.2.0-1.3\opencv-3.2.0-1.3-android-arm.jar;C:\Users\neera\.m2\repository\org\bytedeco\javacpp-presets\opencv\3.2.0-1.3\opencv-3.2.0-1.3-android-x86.jar;C:\Users\neera\.m2\repository\org\bytedeco\javacpp-presets\opencv\3.2.0-1.3\opencv-3.2.0-1.3-linux-x86.jar;C:\Users\neera\.m2\repository\org\bytedeco\javacpp-presets\opencv\3.2.0-1.3\opencv-3.2.0-1.3-linux-x86_64.jar;C:\Users\neera\.m2\repository\org\bytedeco\javacpp-presets\opencv\3.2.0-1.3\opencv-3.2.0-1.3-linux-armhf.jar;C:\Users\neera\.m2\repository\org\bytedeco\javacpp-presets\opencv\3.2.0-1.3\opencv-3.2.0-1.3-linux-ppc64le.jar;C:\Users\neera\.m2\repository\org\bytedeco\javacpp-presets\opencv\3.2.0-1.3\opencv-3.2.0-1.3-macosx-x86_64.jar;C:\Users\neera\.m2\repository\org\bytedeco\javacpp-presets\opencv\3.2.0-1.3\opencv-3.2.0-1.3-windows-x86.jar;C:\Users\neera\.m2\repository\org\bytedeco\javacpp-presets\opencv\3.2.0-1.3\opencv-3.2.0-1.3-windows-x86_64.jar;C:\Users\neera\.m2\repository\org\bytedeco\javacpp-presets\ffmpeg-platform\3.2.1-1.3\ffmpeg-platform-3.2.1-1.3.jar;C:\Users\neera\.m2\repository\org\bytedeco\javacpp-presets\ffmpeg\3.2.1-1.3\ffmpeg-3.2.1-1.3-android-arm.jar;C:\Users\neera\.m2\repository\org\bytedeco\javacpp-presets\ffmpeg\3.2.1-1.3\ffmpeg-3.2.1-1.3-android-x86.jar;C:\Users\neera\.m2\repository\org\bytedeco\javacpp-presets\ffmpeg\3.2.1-1.3\ffmpeg-3.2.1-1.3-linux-x86.jar;C:\Users\neera\.m2\repository\org\bytedeco\javacpp-presets\ffmpeg\3.2.1-1.3\ffmpeg-3.2.1-1.3-linux-x86_64.jar;C:\Users\neera\.m2\repository\org\bytedeco\javacpp-presets\ffmpeg\3.2.1-1.3\ffmpeg-3.2.1-1.3-linux-armhf.jar;C:\Users\neera\.m2\repository\org\bytedeco\javacpp-presets\ffmpeg\3.2.1-1.3\ffmpeg-3.2.1-1.3-linux-ppc64le.jar;C:\Users\neera\.m2\repository\org\bytedeco\javacpp-presets\ffmpeg\3.2.1-1.3\ffmpeg-3.2.1-1.3-macosx-x86_64.jar;C:\Users\neera\.m2\repository\org\bytedeco\javacpp-presets\ffmpeg\3.2.1-1.3\ffmpeg-3.2.1-1.3-windows-x86.jar;C:\Users\neera\.m2\repository\org\bytedeco\javacpp-presets\ffmpeg\3.2.1-1.3\ffmpeg-3.2.1-1.3-windows-x86_64.jar;C:\Users\neera\.m2\repository\org\bytedeco\javacpp-presets\flycapture-platform\2.9.3.43-1.3\flycapture-platform-2.9.3.43-1.3.jar;C:\Users\neera\.m2\repository\org\bytedeco\javacpp-presets\flycapture\2.9.3.43-1.3\flycapture-2.9.3.43-1.3-linux-x86.jar;C:\Users\neera\.m2\repository\org\bytedeco\javacpp-presets\flycapture\2.9.3.43-1.3\flycapture-2.9.3.43-1.3-linux-x86_64.jar;C:\Users\neera\.m2\repository\org\bytedeco\javacpp-presets\flycapture\2.9.3.43-1.3\flycapture-2.9.3.43-1.3-linux-armhf.jar;C:\Users\neera\.m2\repository\org\bytedeco\javacpp-presets\flycapture\2.9.3.43-1.3\flycapture-2.9.3.43-1.3-windows-x86.jar;C:\Users\neera\.m2\repository\org\bytedeco\javacpp-presets\flycapture\2.9.3.43-1.3\flycapture-2.9.3.43-1.3-windows-x86_64.jar;C:\Users\neera\.m2\repository\org\bytedeco\javacpp-presets\libdc1394-platform\2.2.4-1.3\libdc1394-platform-2.2.4-1.3.jar;C:\Users\neera\.m2\repository\org\bytedeco\javacpp-presets\libdc1394\2.2.4-1.3\libdc1394-2.2.4-1.3-linux-x86.jar;C:\Users\neera\.m2\repository\org\bytedeco\javacpp-presets\libdc1394\2.2.4-1.3\libdc1394-2.2.4-1.3-linux-x86_64.jar;C:\Users\neera\.m2\repository\org\bytedeco\javacpp-presets\libdc1394\2.2.4-1.3\libdc1394-2.2.4-1.3-linux-armhf.jar;C:\Users\neera\.m2\repository\org\bytedeco\javacpp-presets\libdc1394\2.2.4-1.3\libdc1394-2.2.4-1.3-linux-ppc64le.jar;C:\Users\neera\.m2\repository\org\bytedeco\javacpp-presets\libdc1394\2.2.4-1.3\libdc1394-2.2.4-1.3-macosx-x86_64.jar;C:\Users\neera\.m2\repository\org\bytedeco\javacpp-presets\libdc1394\2.2.4-1.3\libdc1394-2.2.4-1.3-windows-x86.jar;C:\Users\neera\.m2\repository\org\bytedeco\javacpp-presets\libdc1394\2.2.4-1.3\libdc1394-2.2.4-1.3-windows-x86_64.jar;C:\Users\neera\.m2\repository\org\bytedeco\javacpp-presets\libfreenect-platform\0.5.3-1.3\libfreenect-platform-0.5.3-1.3.jar;C:\Users\neera\.m2\repository\org\bytedeco\javacpp-presets\libfreenect\0.5.3-1.3\libfreenect-0.5.3-1.3-linux-x86.jar;C:\Users\neera\.m2\repository\org\bytedeco\javacpp-presets\libfreenect\0.5.3-1.3\libfreenect-0.5.3-1.3-linux-x86_64.jar;C:\Users\neera\.m2\repository\org\bytedeco\javacpp-presets\libfreenect\0.5.3-1.3\libfreenect-0.5.3-1.3-linux-armhf.jar;C:\Users\neera\.m2\repository\org\bytedeco\javacpp-presets\libfreenect\0.5.3-1.3\libfreenect-0.5.3-1.3-linux-ppc64le.jar;C:\Users\neera\.m2\repository\org\bytedeco\javacpp-presets\libfreenect\0.5.3-1.3\libfreenect-0.5.3-1.3-macosx-x86_64.jar;C:\Users\neera\.m2\repository\org\bytedeco\javacpp-presets\libfreenect\0.5.3-1.3\libfreenect-0.5.3-1.3-windows-x86.jar;C:\Users\neera\.m2\repository\org\bytedeco\javacpp-presets\libfreenect\0.5.3-1.3\libfreenect-0.5.3-1.3-windows-x86_64.jar;C:\Users\neera\.m2\repository\org\bytedeco\javacpp-presets\libfreenect2-platform\0.2.0-1.3\libfreenect2-platform-0.2.0-1.3.jar;C:\Users\neera\.m2\repository\org\bytedeco\javacpp-presets\libfreenect2\0.2.0-1.3\libfreenect2-0.2.0-1.3-linux-x86.jar;C:\Users\neera\.m2\repository\org\bytedeco\javacpp-presets\libfreenect2\0.2.0-1.3\libfreenect2-0.2.0-1.3-linux-x86_64.jar;C:\Users\neera\.m2\repository\org\bytedeco\javacpp-presets\librealsense-platform\1.9.6-1.3\librealsense-platform-1.9.6-1.3.jar;C:\Users\neera\.m2\repository\org\bytedeco\javacpp-presets\librealsense\1.9.6-1.3\librealsense-1.9.6-1.3-linux-x86.jar;C:\Users\neera\.m2\repository\org\bytedeco\javacpp-presets\librealsense\1.9.6-1.3\librealsense-1.9.6-1.3-linux-x86_64.jar;C:\Users\neera\.m2\repository\org\bytedeco\javacpp-presets\videoinput-platform\0.200-1.3\videoinput-platform-0.200-1.3.jar;C:\Users\neera\.m2\repository\org\bytedeco\javacpp-presets\videoinput\0.200-1.3\videoinput-0.200-1.3-windows-x86.jar;C:\Users\neera\.m2\repository\org\bytedeco\javacpp-presets\videoinput\0.200-1.3\videoinput-0.200-1.3-windows-x86_64.jar;C:\Users\neera\.m2\repository\org\bytedeco\javacpp-presets\artoolkitplus-platform\2.3.1-1.3\artoolkitplus-platform-2.3.1-1.3.jar;C:\Users\neera\.m2\repository\org\bytedeco\javacpp-presets\artoolkitplus\2.3.1-1.3\artoolkitplus-2.3.1-1.3-android-arm.jar;C:\Users\neera\.m2\repository\org\bytedeco\javacpp-presets\artoolkitplus\2.3.1-1.3\artoolkitplus-2.3.1-1.3-android-x86.jar;C:\Users\neera\.m2\repository\org\bytedeco\javacpp-presets\artoolkitplus\2.3.1-1.3\artoolkitplus-2.3.1-1.3-linux-x86.jar;C:\Users\neera\.m2\repository\org\bytedeco\javacpp-presets\artoolkitplus\2.3.1-1.3\artoolkitplus-2.3.1-1.3-linux-x86_64.jar;C:\Users\neera\.m2\repository\org\bytedeco\javacpp-presets\artoolkitplus\2.3.1-1.3\artoolkitplus-2.3.1-1.3-linux-armhf.jar;C:\Users\neera\.m2\repository\org\bytedeco\javacpp-presets\artoolkitplus\2.3.1-1.3\artoolkitplus-2.3.1-1.3-linux-ppc64le.jar;C:\Users\neera\.m2\repository\org\bytedeco\javacpp-presets\artoolkitplus\2.3.1-1.3\artoolkitplus-2.3.1-1.3-macosx-x86_64.jar;C:\Users\neera\.m2\repository\org\bytedeco\javacpp-presets\artoolkitplus\2.3.1-1.3\artoolkitplus-2.3.1-1.3-windows-x86.jar;C:\Users\neera\.m2\repository\org\bytedeco\javacpp-presets\artoolkitplus\2.3.1-1.3\artoolkitplus-2.3.1-1.3-windows-x86_64.jar;C:\Users\neera\.m2\repository\org\bytedeco\javacpp-presets\flandmark-platform\1.07-1.3\flandmark-platform-1.07-1.3.jar;C:\Users\neera\.m2\repository\org\bytedeco\javacpp-presets\flandmark\1.07-1.3\flandmark-1.07-1.3-android-arm.jar;C:\Users\neera\.m2\repository\org\bytedeco\javacpp-presets\flandmark\1.07-1.3\flandmark-1.07-1.3-android-x86.jar;C:\Users\neera\.m2\repository\org\bytedeco\javacpp-presets\flandmark\1.07-1.3\flandmark-1.07-1.3-linux-x86.jar;C:\Users\neera\.m2\repository\org\bytedeco\javacpp-presets\flandmark\1.07-1.3\flandmark-1.07-1.3-linux-x86_64.jar;C:\Users\neera\.m2\repository\org\bytedeco\javacpp-presets\flandmark\1.07-1.3\flandmark-1.07-1.3-linux-armhf.jar;C:\Users\neera\.m2\repository\org\bytedeco\javacpp-presets\flandmark\1.07-1.3\flandmark-1.07-1.3-linux-ppc64le.jar;C:\Users\neera\.m2\repository\org\bytedeco\javacpp-presets\flandmark\1.07-1.3\flandmark-1.07-1.3-macosx-x86_64.jar;C:\Users\neera\.m2\repository\org\bytedeco\javacpp-presets\flandmark\1.07-1.3\flandmark-1.07-1.3-windows-x86.jar;C:\Users\neera\.m2\repository\org\bytedeco\javacpp-presets\flandmark\1.07-1.3\flandmark-1.07-1.3-windows-x86_64.jar;C:\Users\neera\Downloads\TimingFramework-0.55.jar;C:\Users\neera\Downloads\webcam-capture-0.3.12-dist (1).zip;C:\Users\neera\Downloads\miglayout-4.0.jar;D:\OpenCV\opencv\build\java\opencv-460.jar
Launcher Type: SUN_STANDARD

[Global flags]
     intx CICompilerCount                          = 3                                         {product} {ergonomic}
     uint ConcGCThreads                            = 1                                         {product} {ergonomic}
     uint G1ConcRefinementThreads                  = 4                                         {product} {ergonomic}
   size_t G1HeapRegionSize                         = 1048576                                   {product} {ergonomic}
    uintx GCDrainStackTargetSize                   = 64                                        {product} {ergonomic}
   size_t InitialHeapSize                          = 134217728                                 {product} {ergonomic}
   size_t MarkStackSize                            = 4194304                                   {product} {ergonomic}
   size_t MaxHeapSize                              = 2128609280                                {product} {ergonomic}
   size_t MaxNewSize                               = 1277165568                                {product} {ergonomic}
   size_t MinHeapDeltaBytes                        = 1048576                                   {product} {ergonomic}
   size_t MinHeapSize                              = 8388608                                   {product} {ergonomic}
    uintx NonNMethodCodeHeapSize                   = 5832780                                {pd product} {ergonomic}
    uintx NonProfiledCodeHeapSize                  = 122912730                              {pd product} {ergonomic}
    uintx ProfiledCodeHeapSize                     = 122912730                              {pd product} {ergonomic}
    uintx ReservedCodeCacheSize                    = 251658240                              {pd product} {ergonomic}
     bool SegmentedCodeCache                       = true                                      {product} {ergonomic}
   size_t SoftMaxHeapSize                          = 2128609280                             {manageable} {ergonomic}
     bool UseCompressedClassPointers               = true                           {product lp64_product} {ergonomic}
     bool UseCompressedOops                        = true                           {product lp64_product} {ergonomic}
     bool UseG1GC                                  = true                                      {product} {ergonomic}
     bool UseLargePagesIndividualAllocation        = false                                  {pd product} {ergonomic}

Logging:
Log output configuration:
 #0: stdout all=off uptime,level,tags foldmultilines=false
 #1: stderr all=off uptime,level,tags foldmultilines=false

Environment Variables:
JAVA_HOME=C:\Program Files\Java\jdk1.8.0_202
PATH=C:\Program Files\Common Files\Oracle\Java\javapath;C:\Program Files (x86)\Common Files\Oracle\Java\javapath;C:\WINDOWS\system32;C:\WINDOWS;C:\WINDOWS\System32\Wbem;C:\WINDOWS\System32\WindowsPowerShell\v1.0\;C:\WINDOWS\System32\OpenSSH\;C:\Program Files\Git\cmd;D:\opencv\opencv\build\bin;C:\Program Files\nodejs\;C:\Users\neera\AppData\Local\Programs\Python\Python38;D:\com\googlecode\javacv\cpp\windows-x86_64;D:\OpenCV\opencv\build\java\x64;C:\Program Files\Java\jdk1.8.0_202\bin;C:\Program Files\Java\jdk-11.0.16.1\bin;C:\Program Files\Java\jdk-19\bin;C:\Program Files\Java\jre1.8.0_351\bin;;C:\Program Files\Docker\Docker\resources\bin;C:\Users\neera\.cargo\bin;C:\Program Files\Java\jdk1.8.0_202/bin;C:\Program Files\Common Files\Oracle\Java\javapath;C:\Program Files (x86)\Common Files\Oracle\Java\javapath;C:\WINDOWS\system32;C:\WINDOWS;C:\WINDOWS\System32\Wbem;C:\WINDOWS\System32\WindowsPowerShell\v1.0\;C:\WINDOWS\System32\OpenSSH\;C:\Program Files\Git\cmd;D:\opencv\opencv\build\bin;C:\Program Files\nodejs\;C:\Users\neera\AppData\Local\Programs\Python\Python38;D:\com\googlecode\javacv\cpp\windows-x86_64;D:\OpenCV\opencv\build\java\x64;C:\Program Files\Java\jdk1.8.0_202\bin;C:\Program Files\Java\jdk-11.0.16.1\bin;C:\Program Files\Java\jdk-19\bin;C:\Program Files\Java\jre1.8.0_351\bin;;C:\Program Files\Docker\Docker\resources\bin;C:\Users\neera\AppData\Local\Programs\Microsoft VS Code\bin
USERNAME=neera
OS=Windows_NT
PROCESSOR_IDENTIFIER=Intel64 Family 6 Model 69 Stepping 1, GenuineIntel
TMP=C:\Users\neera\AppData\Local\Temp
TEMP=C:\Users\neera\AppData\Local\Temp



---------------  S Y S T E M  ---------------

OS:
 Windows 10 , 64 bit Build 19041 (10.0.19041.2546)
OS uptime: 0 days 17:10 hours
Hyper-V role detected

CPU: total 4 (initial active 4) (2 cores per cpu, 2 threads per core) family 6 model 69 stepping 1 microcode 0x25, cx8, cmov, fxsr, ht, mmx, sse, sse2, sse3, ssse3, sse4.1, sse4.2, popcnt, lzcnt, tsc, tscinvbit, avx, avx2, aes, erms, clmul, bmi1, bmi2, fma, vzeroupper, clflush, hv, rdtscp

Memory: 4k page, system-wide physical 8113M (2103M free)
TotalPageFile size 11185M (AvailPageFile size 3484M)
current process WorkingSet (physical memory assigned to process): 246M, peak: 266M
current process commit charge ("private bytes"): 312M, peak: 357M

vm_info: Java HotSpot(TM) 64-Bit Server VM (19.0.1+10-21) for windows-amd64 JRE (19.0.1+10-21), built on 2022-09-14T12:45:06Z by "mach5one" with MS VC++ 17.1 (VS2022)

END.
